2018-05-21 17:18:15.220 | I | -[AppDelegate application:didFinishLaunchingWithOptions:] | [line:186] | [MESSAGE] application Did Finish Launching
2018-05-21 17:18:15.261 | I | -[AppDelegate logMataData] | [line:164] | [MESSAGE] trial ID (null)
2018-05-21 17:18:15.261 | I | -[AppDelegate logMataData] | [line:165] | [MESSAGE] trial name pro
2018-05-21 17:18:15.262 | I | -[UIDeviceHardware platformString] | [line:30] | [MESSAGE] apple device internal version code iPhone10,6
2018-05-21 17:18:15.262 | I | -[AppDelegate logMataData] | [line:166] | [MESSAGE] Device Hardware iPhone X
2018-05-21 17:18:15.262 | I | -[AppDelegate logMataData] | [line:167] | [MESSAGE] OS Version 11.3.1
2018-05-21 17:18:15.262 | I | -[AppDelegate logMataData] | [line:168] | [MESSAGE] AiView build version 2018.3
2018-05-21 17:18:15.262 | I | -[AppDelegate logMataData] | [line:169] | [MESSAGE] device language en-US
2018-05-21 17:18:15.264 | I | -[AppDelegate logMataData] | [line:170] | [MESSAGE] device UUID 31361FD4-EF01-40B6-A0AB-BE10F13DF372
2018-05-21 17:18:15.264 | I | -[AppDelegate logMataData] | [line:173] | [MESSAGE] Patient ID (null)
2018-05-21 17:18:15.266 | I | +[AIUtil hasInternetConnection] | [line:682] | [MESSAGE] has internet connnection = 1
2018-05-21 17:18:15.463 | I | -[AppDelegate applicationWillResignActive:] | [line:201] | [MESSAGE] application Will Resign Active
2018-05-21 17:18:15.968 | D | -[AiViewSwitch startApp] | [line:156] | [MESSAGE] StartApp in AiViewSwitch
2018-05-21 17:18:16.011 | I | +[AIUtil checkPermission] | [line:1128] | [MESSAGE] camera access / mic access Not Determined
2018-05-21 17:18:16.068 | I | -[LoginVC viewDidLoad] | [line:72] | [MESSAGE] LoginVC view did load
2018-05-21 17:18:16.069 | I | +[AIUtil checkWifiConnection] | [line:704] | [MESSAGE] check wifi connection = CONNECT_WIFI
2018-05-21 17:18:16.139 | I | -[AppDelegate applicationWillResignActive:] | [line:201] | [MESSAGE] application Will Resign Active
2018-05-21 17:18:17.830 | I | -[AppDelegate applicationWillResignActive:] | [line:201] | [MESSAGE] application Will Resign Active
2018-05-21 17:18:18.293 | I | -[AppDelegate applicationWillResignActive:] | [line:201] | [MESSAGE] application Will Resign Active
2018-05-21 17:18:20.542 | I | -[AppDelegate applicationWillResignActive:] | [line:201] | [MESSAGE] application Will Resign Active
2018-05-21 17:18:27.427 | I | -[AppDelegate application:didRegisterForRemoteNotificationsWithDeviceToken:] | [line:437] | [MESSAGE] Succeded to get APNS token data: <07f10ea2 dfe85528 19c21e57 27eebd7c 2503ad07 0e45d964 e12fef77 ffe8e35d>
2018-05-21 17:18:27.427 | I | -[AppDelegate application:didRegisterForRemoteNotificationsWithDeviceToken:] | [line:443] | [MESSAGE] deviceToken:  07f10ea2dfe8552819c21e5727eebd7c2503ad070e45d964e12fef77ffe8e35d
2018-05-21 17:18:47.970 | I | -[RelinkAction relinkWithUsername:code:] | [line:92] | [MESSAGE] relinkWithUsername 31361FD4-EF01-40B6-A0AB-BE10F13DF372 url /backend/backend
2018-05-21 17:18:49.540 | I | -[RelinkAction update:task_name:] | [line:152] | [MESSAGE] relink transmission task_name routing, result 9999
2018-05-21 17:18:51.004 | I | -[RelinkAction update:task_name:] | [line:152] | [MESSAGE] relink transmission task_name Relink, result 9999
2018-05-21 17:18:51.332 | I | -[RelinkAction update:task_name:] | [line:152] | [MESSAGE] relink transmission task_name kiosk_dose_check, result 9999
2018-05-21 17:18:52.771 | I | -[TransmissionProtocol update:task_name:] | [line:65] | [MESSAGE] trial_setup 9999
2018-05-21 17:18:53.195 | I | -[TransmissionProtocol update:task_name:] | [line:65] | [MESSAGE] trial_setup_serialized 9999
2018-05-21 17:18:53.736 | I | -[TransmissionProtocol update:task_name:] | [line:65] | [MESSAGE] dose_protocol_sync 9999
2018-05-21 17:18:56.970 | I | -[AINeuralNetworkConfigManager fileDownloadedWithUrl:succeeded:] | [line:265] | [MESSAGE] Neural network config download succeeded.
2018-05-21 17:19:02.992 | I | -[AINeuralNetworkConfigManager fileDownloadedWithUrl:succeeded:] | [line:270] | [MESSAGE] Neural network model download succeeded. Filename: pih-generic-20180508.mlmodel.
2018-05-21 17:19:08.171 | I | -[AINeuralNetworkConfigManager fileDownloadedWithUrl:succeeded:] | [line:270] | [MESSAGE] Neural network model download succeeded. Filename: MC_MN05_resplit.mlmodel.
2018-05-21 17:19:08.175 | I | -[AINeuralNetworkConfigManager fileDownloadedWithUrl:succeeded:] | [line:276] | [MESSAGE] model is updated on 2018-05-21 17:19:08
2018-05-21 17:19:13.553 | I | -[LoginVC handleRelinkSuccess] | [line:334] | [MESSAGE] relink success
2018-05-21 17:19:13.967 | I | -[TransmissionProtocol update:task_name:] | [line:65] | [MESSAGE] push_token_registration 9999
2018-05-21 17:19:17.282 | D | -[AiViewSwitch startApp] | [line:156] | [MESSAGE] StartApp in AiViewSwitch
2018-05-21 17:19:17.283 | I | +[AIUtil checkPermission] | [line:1131] | [MESSAGE] camera access / mic access Authorized
2018-05-21 17:19:17.337 | I | -[AiView viewDidLoad] | [line:68] | [MESSAGE] AiView view did load
2018-05-21 17:19:18.461 | I | -[MedProtocolController getNexMedFromUser:dateTime:loadData:context:] | [line:144] | [MESSAGE] currentDoseDone: 1
2018-05-21 17:19:18.469 | I | -[MedProtocolController getNexMedFromUser:dateTime:loadData:context:] | [line:165] | [MESSAGE] protocolID: 3, doseID: 0, numPillsInCurrentMed: 1, correctPillName: smarties-white, targetDate: 2018-05-21 04:00:00 +0000
2018-05-21 17:19:18.469 | I | -[AiView defineProcess:currentTime:context:] | [line:157] | [MESSAGE] allMedsWithinDoseNotFinished 1
2018-05-21 17:19:18.471 | I | -[InteruptionRecovery checkInteruptionAndProcessWithUser:inManagedObjectContext:] | [line:93] | [MESSAGE] no interruption found
2018-05-21 17:19:18.471 | I | -[AiView defineProcess:currentTime:context:] | [line:163] | [MESSAGE] ==== interuptionStatus ==== 10002
2018-05-21 17:19:18.471 | I | -[AiView defineProcess:currentTime:context:] | [line:165] | [MESSAGE] NO_INTERUPTION_FOUND
2018-05-21 17:19:18.471 | I | -[AiView defineProcess:currentTime:context:] | [line:167] | [MESSAGE] ==== go to start ====
2018-05-21 17:19:18.496 | I | -[StartPageViewController viewDidLoad] | [line:65] | [MESSAGE] view did load
2018-05-21 17:19:20.207 | I | -[AINeuralNetworkConfigManager fileDownloadedWithUrl:succeeded:] | [line:265] | [MESSAGE] Neural network config download succeeded.
