2018-05-21 16:29:37.131 | I | -[AppDelegate application:didFinishLaunchingWithOptions:] | [line:186] | [MESSAGE] application Did Finish Launching
2018-05-21 16:29:37.167 | I | -[AppDelegate logMataData] | [line:164] | [MESSAGE] trial ID (null)
2018-05-21 16:29:37.167 | I | -[AppDelegate logMataData] | [line:165] | [MESSAGE] trial name pro
2018-05-21 16:29:37.168 | I | -[UIDeviceHardware platformString] | [line:30] | [MESSAGE] apple device internal version code iPhone10,6
2018-05-21 16:29:37.168 | I | -[AppDelegate logMataData] | [line:166] | [MESSAGE] Device Hardware iPhone X
2018-05-21 16:29:37.168 | I | -[AppDelegate logMataData] | [line:167] | [MESSAGE] OS Version 11.3.1
2018-05-21 16:29:37.168 | I | -[AppDelegate logMataData] | [line:168] | [MESSAGE] AiView build version 2018.3
2018-05-21 16:29:37.168 | I | -[AppDelegate logMataData] | [line:169] | [MESSAGE] device language en-US
2018-05-21 16:29:37.170 | I | -[AppDelegate logMataData] | [line:170] | [MESSAGE] device UUID 81B9E43F-E507-47CF-832F-E501A7311F16
2018-05-21 16:29:37.170 | I | -[AppDelegate logMataData] | [line:173] | [MESSAGE] Patient ID (null)
2018-05-21 16:29:37.172 | I | +[AIUtil hasInternetConnection] | [line:682] | [MESSAGE] has internet connnection = 1
2018-05-21 16:29:37.343 | I | -[AppDelegate applicationWillResignActive:] | [line:201] | [MESSAGE] application Will Resign Active
2018-05-21 16:29:37.811 | D | -[AiViewSwitch startApp] | [line:156] | [MESSAGE] StartApp in AiViewSwitch
2018-05-21 16:29:37.853 | I | +[AIUtil checkPermission] | [line:1128] | [MESSAGE] camera access / mic access Not Determined
2018-05-21 16:29:37.922 | I | -[LoginVC viewDidLoad] | [line:72] | [MESSAGE] LoginVC view did load
2018-05-21 16:29:37.923 | I | +[AIUtil checkWifiConnection] | [line:704] | [MESSAGE] check wifi connection = CONNECT_WIFI
2018-05-21 16:29:37.994 | I | -[AppDelegate applicationWillResignActive:] | [line:201] | [MESSAGE] application Will Resign Active
2018-05-21 16:29:46.099 | I | -[AppDelegate applicationWillResignActive:] | [line:201] | [MESSAGE] application Will Resign Active
2018-05-21 16:29:46.566 | I | -[AppDelegate applicationWillResignActive:] | [line:201] | [MESSAGE] application Will Resign Active
2018-05-21 16:29:47.948 | I | -[AppDelegate applicationWillResignActive:] | [line:201] | [MESSAGE] application Will Resign Active
2018-05-21 16:29:48.580 | I | -[AppDelegate application:didRegisterForRemoteNotificationsWithDeviceToken:] | [line:437] | [MESSAGE] Succeded to get APNS token data: <38b6aed8 63d43ba0 7bc15266 b7a93c3b 7d30a1d8 dad013ea 57f3a1fd e2db438a>
2018-05-21 16:29:48.580 | I | -[AppDelegate application:didRegisterForRemoteNotificationsWithDeviceToken:] | [line:443] | [MESSAGE] deviceToken:  38b6aed863d43ba07bc15266b7a93c3b7d30a1d8dad013ea57f3a1fde2db438a
2018-05-21 16:30:11.899 | I | -[RelinkAction relinkWithUsername:code:] | [line:92] | [MESSAGE] relinkWithUsername 81B9E43F-E507-47CF-832F-E501A7311F16 url /backend/backend
2018-05-21 16:30:12.295 | I | -[RelinkAction update:task_name:] | [line:152] | [MESSAGE] relink transmission task_name routing, result 9999
2018-05-21 16:30:13.486 | I | -[RelinkAction update:task_name:] | [line:152] | [MESSAGE] relink transmission task_name Relink, result 9999
2018-05-21 16:30:15.653 | I | -[RelinkAction update:task_name:] | [line:152] | [MESSAGE] relink transmission task_name kiosk_dose_check, result 9999
2018-05-21 16:30:15.769 | I | -[TransmissionProtocol update:task_name:] | [line:64] | [MESSAGE] trial_setup 9999
2018-05-21 16:30:16.000 | I | -[TransmissionProtocol update:task_name:] | [line:64] | [MESSAGE] trial_setup_serialized 9999
2018-05-21 16:30:16.625 | I | -[TransmissionProtocol update:task_name:] | [line:64] | [MESSAGE] dose_protocol_sync 9999
2018-05-21 16:30:17.379 | I | -[LoginVC handleRelinkSuccess] | [line:334] | [MESSAGE] relink success
2018-05-21 16:30:17.523 | I | -[TransmissionProtocol update:task_name:] | [line:64] | [MESSAGE] push_token_registration 9999
2018-05-21 16:30:20.166 | D | -[AiViewSwitch startApp] | [line:156] | [MESSAGE] StartApp in AiViewSwitch
2018-05-21 16:30:20.167 | I | +[AIUtil checkPermission] | [line:1131] | [MESSAGE] camera access / mic access Authorized
2018-05-21 16:30:20.220 | I | -[AiView viewDidLoad] | [line:68] | [MESSAGE] AiView view did load
2018-05-21 16:30:20.356 | I | -[AINeuralNetworkConfigManager fileDownloadedWithUrl:succeeded:] | [line:261] | [MESSAGE] Neural network config download succeeded.
2018-05-21 16:30:21.119 | I | -[AINeuralNetworkConfigManager fileDownloadedWithUrl:succeeded:] | [line:261] | [MESSAGE] Neural network config download succeeded.
2018-05-21 16:30:21.255 | I | -[MedProtocolController getNexMedFromUser:dateTime:loadData:context:] | [line:144] | [MESSAGE] currentDoseDone: 1
2018-05-21 16:30:21.260 | I | -[MedProtocolController getNexMedFromUser:dateTime:loadData:context:] | [line:165] | [MESSAGE] protocolID: 3, doseID: 0, numPillsInCurrentMed: 1, correctPillName: smarties-white, targetDate: 2018-05-21 04:00:00 +0000
2018-05-21 16:30:21.260 | I | -[AiView defineProcess:currentTime:context:] | [line:157] | [MESSAGE] allMedsWithinDoseNotFinished 1
2018-05-21 16:30:21.261 | I | -[InteruptionRecovery checkInteruptionAndProcessWithUser:inManagedObjectContext:] | [line:93] | [MESSAGE] no interruption found
2018-05-21 16:30:21.261 | I | -[AiView defineProcess:currentTime:context:] | [line:163] | [MESSAGE] ==== interuptionStatus ==== 10002
2018-05-21 16:30:21.261 | I | -[AiView defineProcess:currentTime:context:] | [line:165] | [MESSAGE] NO_INTERUPTION_FOUND
2018-05-21 16:30:21.261 | I | -[AiView defineProcess:currentTime:context:] | [line:167] | [MESSAGE] ==== go to start ====
2018-05-21 16:30:21.277 | I | -[StartPageViewController viewDidLoad] | [line:65] | [MESSAGE] view did load
2018-05-21 16:30:29.320 | I | -[StartPageViewController onStartButtonPressed:] | [line:138] | [MESSAGE] POP_QUESTION_BEFORE_DOSING == 0
2018-05-21 16:30:29.329 | I | -[AiViewDaily viewDidLoad] | [line:52] | [MESSAGE] AiViewDaily view did load
2018-05-21 16:30:29.329 | I | -[AiViewDaily viewDidLoad] | [line:70] | [MESSAGE] Current medication name smarties-white
2018-05-21 16:30:29.329 | I | -[AiViewDaily viewDidLoad] | [line:71] | [MESSAGE] Current dosing amount 0
2018-05-21 16:30:29.329 | I | -[AiViewDaily viewDidLoad] | [line:77] | [MESSAGE] Current dosing steps 0, 1, 2, 3, 9, 
2018-05-21 16:30:29.368 | I | +[AINeuralNetworkConfigManager setCurrentMedicationName:shape:color:] | [line:93] | [MESSAGE] Set current medication name: smarties-white, shape: round, color: white.
2018-05-21 16:30:29.501 | I | -[StepsController init:uiView:steps:viewController:recordVideo:] | [line:90] | [MESSAGE] should record video flag 0
2018-05-21 16:30:29.502 | I | +[AIUtil checkPermission] | [line:1131] | [MESSAGE] camera access / mic access Authorized
2018-05-21 16:30:29.502 | I | -[CameraEngine previewAndInitRecordVideo:recordAudio:videoName:CameraEngineScenario:] | [line:110] | [MESSAGE] Starting up server
2018-05-21 16:30:30.427 | I | -[StepsController goToCamera] | [line:531] | [MESSAGE] goToCamera
2018-05-21 16:30:30.428 | I | -[StepsController defineCurrentStep] | [line:281] | [MESSAGE] defineCurrentStep 0
2018-05-21 16:30:30.448 | I | -[PhasesController defineState] | [line:223] | [MESSAGE] PhasesController defineState 0
2018-05-21 16:30:30.448 | I | -[PhasesController defineState] | [line:223] | [MESSAGE] PhasesController defineState 12
2018-05-21 16:30:30.644 | I | -[CameraEngine startCapture] | [line:187] | [MESSAGE] starting capture
2018-05-21 16:30:30.922 | I | -[PhasesController defineState] | [line:223] | [MESSAGE] PhasesController defineState 1
2018-05-21 16:30:30.970 | I | -[FlexibleAudioPlayerController playAudioWithName:] | [line:80] | [MESSAGE] playAudioWithName D_3_1_Head_in_Outline
2018-05-21 16:30:30.970 | I | -[AudioPlayer playAudioName:] | [line:38] | [MESSAGE] play audio name D_3_1_Head_in_Outline
2018-05-21 16:30:31.059 | I | -[PhasesController defineState] | [line:223] | [MESSAGE] PhasesController defineState 10
2018-05-21 16:30:31.400 | I | -[PhasesController defineState] | [line:223] | [MESSAGE] PhasesController defineState 2
2018-05-21 16:30:31.436 | I | -[PhasesController defineState] | [line:223] | [MESSAGE] PhasesController defineState 3
2018-05-21 16:30:31.527 | I | -[FlexibleAudioPlayerController playAudioBasedOnErrorState:step:] | [line:68] | [MESSAGE] playAudioBasedOnErrorState C8_9_Device_Position_Error
2018-05-21 16:30:31.527 | I | -[AudioPlayer playAudioName:] | [line:38] | [MESSAGE] play audio name C8_9_Device_Position_Error
2018-05-21 16:30:31.563 | I | -[PhasesController defineState] | [line:223] | [MESSAGE] PhasesController defineState 2
2018-05-21 16:30:31.569 | I | -[PhasesController defineState] | [line:223] | [MESSAGE] PhasesController defineState 3
2018-05-21 16:30:31.651 | I | -[FlexibleAudioPlayerController playAudioBasedOnErrorState:step:] | [line:68] | [MESSAGE] playAudioBasedOnErrorState C8_9_Device_Position_Error
2018-05-21 16:30:31.651 | I | -[AudioPlayer playAudioName:] | [line:38] | [MESSAGE] play audio name C8_9_Device_Position_Error
2018-05-21 16:30:31.691 | I | -[CameraUIView displayError:] | [line:286] | [MESSAGE] show error animation; error type 18
2018-05-21 16:30:32.537 | I | -[PhasesController defineState] | [line:223] | [MESSAGE] PhasesController defineState 2
2018-05-21 16:30:33.045 | I | -[PhasesController defineState] | [line:223] | [MESSAGE] PhasesController defineState 6
2018-05-21 16:30:33.072 | I | -[CameraUIView displayConfirm] | [line:329] | [MESSAGE] show step confirm animation
2018-05-21 16:30:33.072 | I | -[AudioPlayer playAudioWithoutFlag:] | [line:49] | [MESSAGE] play audio name confirm
2018-05-21 16:30:35.241 | I | -[PhasesController defineState] | [line:223] | [MESSAGE] PhasesController defineState 5
2018-05-21 16:30:35.242 | I | -[StepsController goToCamera] | [line:531] | [MESSAGE] goToCamera
2018-05-21 16:30:35.242 | I | -[StepsController defineCurrentStep] | [line:281] | [MESSAGE] defineCurrentStep 1
2018-05-21 16:30:35.252 | E | +[AINeuralNetworkConfigManager modelFileURLWithModelName:] | [line:126] | [MESSAGE] No model file found. Model name: pih-generic-20180508.
2018-05-21 16:30:35.252 | I | -[PhasesController defineState] | [line:223] | [MESSAGE] PhasesController defineState 0
2018-05-21 16:30:35.252 | I | -[PhasesController defineState] | [line:223] | [MESSAGE] PhasesController defineState 12
2018-05-21 16:30:35.506 | I | -[PhasesController defineState] | [line:223] | [MESSAGE] PhasesController defineState 1
2018-05-21 16:30:35.561 | I | -[FlexibleAudioPlayerController playAudioWithName:] | [line:80] | [MESSAGE] playAudioWithName D_3_10_Show_Pill_(New)
2018-05-21 16:30:35.561 | I | -[AudioPlayer playAudioName:] | [line:38] | [MESSAGE] play audio name D_3_10_Show_Pill_(New)
2018-05-21 16:30:35.597 | I | -[PhasesController defineState] | [line:223] | [MESSAGE] PhasesController defineState 10
2018-05-21 16:30:35.943 | I | -[PhasesController defineState] | [line:223] | [MESSAGE] PhasesController defineState 2
2018-05-21 16:30:37.206 | I | -[AINeuralNetworkConfigManager fileDownloadedWithUrl:succeeded:] | [line:266] | [MESSAGE] Neural network model download succeeded. Filename: pih-generic-20180508.mlmodel.
2018-05-21 16:30:42.643 | I | -[PhasesController defineState] | [line:223] | [MESSAGE] PhasesController defineState 3
2018-05-21 16:30:42.766 | I | -[FlexibleAudioPlayerController playAudioBasedOnErrorState:step:] | [line:68] | [MESSAGE] playAudioBasedOnErrorState C8_9_Device_Position_Error
2018-05-21 16:30:42.766 | I | -[AudioPlayer playAudioName:] | [line:38] | [MESSAGE] play audio name C8_9_Device_Position_Error
2018-05-21 16:30:42.805 | I | -[PhasesController defineState] | [line:223] | [MESSAGE] PhasesController defineState 2
2018-05-21 16:30:42.808 | I | -[PhasesController defineState] | [line:223] | [MESSAGE] PhasesController defineState 3
2018-05-21 16:30:42.891 | I | -[FlexibleAudioPlayerController playAudioBasedOnErrorState:step:] | [line:68] | [MESSAGE] playAudioBasedOnErrorState C8_9_Device_Position_Error
2018-05-21 16:30:42.891 | I | -[AudioPlayer playAudioName:] | [line:38] | [MESSAGE] play audio name C8_9_Device_Position_Error
2018-05-21 16:30:42.933 | I | -[CameraUIView displayError:] | [line:286] | [MESSAGE] show error animation; error type 18
