2018-05-23 01:31:33.483 | I | getPatientSchdule() | [line:54] | [MESSAGE] [API Gateway] Getting action schedules success.
2018-05-23 01:31:33.488 | I | saveActionSchedulesToFile(actionSchedules:) | [line:98] | [MESSAGE] [Action Schedules] Saving action schedules succeeded. Filename: action_schedules.
2018-05-23 01:31:33.545 | I | -[MedProtocolController getNexMedFromUser:dateTime:loadData:context:] | [line:144] | [MESSAGE] currentDoseDone: 0
2018-05-23 01:31:33.545 | I | -[AiView defineProcess:currentTime:context:] | [line:157] | [MESSAGE] allMedsWithinDoseNotFinished 0
2018-05-23 01:31:33.546 | I | saveQuestionnaireIDsToFile(trialID:) | [line:193] | [MESSAGE] [Questionnaire] Save questionn2018-05-23 01:31:33.546 | I | saveQuestionnaireIDsToFile(trialID:) | [lin2018-05-23 01:31:33.546 | I | getQuestionnaireIDs(trialID:) | [line:88] | [MESSAGE] [API Gateway] Getting questionnaire IDs succeeded. TrialID: client100prod_1525443315. Questionnaire IDs: ["client100prod_1525443315-1526514832783-06c07c52-5618-4585-9249-b783ddb6f88b", "client100prod_1525443315-1525899697730-48b05138-e9c5-4e0f-9e9e-6ffdfe32d197", "client100prod_1525443315-1526411416794-c045df71-1d1b-4346-a3c5-4d3ff4b356f3", "client100prod_1525443315-1525890381362-df4f967d-1af6-4b6d-b7e0-9514bd4e58d4", "client100prod_1525443315-1526512173040-60e1a64f-6305-4a01-86bc-44fe58931ac6", "client100prod_1525443315-1526575714597-97bea7fb-5305-4d13-b0b0-33f16c3349bf", "client100prod_1525443315-1526871500579-38d51912-358c-4c7a-a28e-f729a9af3ede"]
2018-05-23 01:31:33.568 | I | -[MedicationConfirmVC viewDidLoad] | [line:45] | [MESSAGE] MedicationConfirmVC view did load
2018-05-23 01:31:33.656 | I | getQuestionnaire(questionnaireID:) | [line:128] | [MESSAGE] [API Gateway] Getting questionnaire succeeded. Questionnaire ID: client100prod_1525443315-1526871500579-38d51912-358c-4c7a-a28e-f729a9af3ede. Name: delete.
2018-05-23 01:31:33.656 | I | getQuestionnaire(questionnaireID:) | [line:136] | [MESSAGE] [API Gateway] Questionnaire is n2018-05-23 01:31:33.656 | I | getQuestionnaire(questionnaireID:) | [line:136] | [MESSAGE] [API Gateway] Questionnaire is neither active nor daily_dose mode. Skip it. Ques2018-05-23 01:31:33.679 | I | getQuestionnaire(questionnaireID:) | [line:128] | [MESSAGE] [API Gateway] Getting questionnaire succeeded. Questionnaire ID: client100prod_1525443315-1526512173040-60e1a64f-6305-4a01-86bc-44fe58931ac6. Name: Ecological Momentary Assessment.
2018-05-23 01:31:33.683 | I | saveQuestionnaireToFile(questionnaire:) | [line:234] | [MESSAGE] [Questionnaire] Save questi2018-05-23 01:31:33.683 | I | saveQuestionnaireToFile(questionnaire:) | [line:234] | [MESSAGE] [Questionna2018-05-23 01:31:33.687 | I | getQuestionnaire(questionnaireID:) | [line:128] | [MESSAGE] [API Gateway] Getting questionnaire succeeded. Questionnaire ID: client100prod_1525443315-1526514832783-06c07c52-5618-4585-9249-b783ddb6f88b. Name: Facial2018-05-23 01:31:33.682018-05-23 01:31:33.692 | I | saveQuestionnaireToFile(questionnaire:) | [line:234] | [MESSAGE] [Questionnaire] Save questionnaire succeeded. Filename: client100prod_1525443315-1526514832783-06c07c52-5618-4585-9249-b783ddb6f88b.
2018-05-23 01:31:33.697 | I | getQuestionnaire(questionnaireID:) | [line:128] | [MESSAGE] [API Gateway] Getting questionnaire succeeded. Questionnaire ID: client100prod_1525443315-1525899697730-48b05138-e9c5-4e0f-9e9e-6ffdfe32d197. Name: VST Da2018-2018-05-23 01:31:33.703 | I | saveQuestionnaireToFile(questionnaire:) | [line:234] | [MESSAGE] [Questionnaire] Save questi2018-05-23 01:31:33.703 | I | saveQuestionnaireToFile(questionnaire:) | [line:234] | [MESSAGE] [Questionna2018-05-23 01:31:33.739 | I | getQuestionnaire(questionnaireID:) | [line:128] | [MESSAGE] [API Gateway] Getting questionna2018-05-23 01:31:33.739 | I | getQuestionnaire(questionnaireID:) | [line:128] | [MESSAGE] [API Gateway] Getting questionna2018-05-23 02018-05-23 01:31:33.745 | I | saveQuestionnaireToFile(questionnaire:) | [line:234] | [MESSAGE] [Questionnaire] Save questionnaire succeeded. Filename: client100prod_1525443315-1526575714597-97bea7fb-5305-4d13-b0b0-33f16c3349bf.
2018-05-23 01:31:33.779 | I | getQuestionnaire(questionnaireID:) | [line:128] | [MESSAGE] [API Gateway] Getting questionna2018-05-23 01:31:33.779 | I | getQuestionnaire(questionnaireID:) | [line:128] | [MESSAGE] [API Gateway] Getting questionna2018-05-23 01:32018-05-23 01:31:33.801 | I | saveQuestionnaireToFile(questionnaire:) | [line:234] | [MESSAGE] [Questionnaire] Save questionnaire succeeded. Filename: client100prod_1525443315-1526411416794-c045df71-1d1b-4346-a3c5-4d3ff4b356f3.
2018-05-23 01:31:33.865 | I | getQuestionnaire(questionnaireID:) | [line:128] | [MESSAGE] [API Gateway] Getting questionna2018-05-23 01:31:33.865 | I | getQuestionnaire(questionnaireID:) | [line:128] | [MESSAGE] [API Gateway] Getting questionna2018-05-23 01:2018-05-23 01:31:33.887 | I | saveQuestionnaireToFile(questionnaire:) | [line:234] | [MESSAGE] [Questionnaire] Save questi2018-05-23 01:31:33.887 | I | saveQuestionnaireToFile(questionnaire:) | [line:234] | [MESSAGE] [Questionna2018-05-23 01:31:34.252 | I | -[FlexibleAudioPlayerController playAudioWithName:] | [line:80] | [MESSAGE] playAudioWithNam2018-05-23 01:312018-05-23 01:31:34.252 | I | -[AudioPlayer playAudioName:] | [line:38] | [MESSAGE] play audio name conclusion_11
2018-05-23 01:31:39.160 | I | -[DigitalClockVC viewDidLoad] | [line:138] | [MESSAGE] DigitalClockVC view did load
2018-05-23 01:31:39.191 | I | -[Transmission sendAll] | [line:80] | [MESSAGE] Transmission send all
2018-05-23 01:31:39.192 | I | -[Transmission sendAll] | [line:115] | [MESSAGE] Encrypting files
2018-05-23 01:31:39.222 | I | -[DigitalClockVC constructNextActionSchedulesAndQuestionnairesIfPossible] | [line:806] | [MESSAGE] constructNextActionSchedulesAndQuestionnairesIfPossible
2018-05-23 01:31:39.242 | I | -[DigitalClockVC showScreenBasedOnStatus] | [line:358] | [MESSAGE] show screen based on stat2012018-05-23 01:31:39.242 | I | -[DigitalClockVC displayReminderView] | [line:515] | [MESSAGE] displayReminderView
2018-05-23 01:31:39.242 | I | -[DigitalClockVC showDigitalClockNormal] | [line:580] | [MESSAGE] showDigitalClockNormal
2018-05-23 01:31:39.265 | I | -[DigitalClockVC displayReminderView] | [line:515] | [MESSAGE] displayReminderView
2018-05-23 01:31:39.265 | I | -[DigitalClockVC showDigitalClockNormal] | [line:580] | [MESSAGE] showDigitalClockNormal
2018-05-23 01:31:39.273 | I | -[DigitalClockVC startPKVisitQuestionIfNecessary] | [line:721] | [MESSAGE] startPKVisitQuestionIfNecessary
2018-05-23 01:31:39.323 | I | -[DigitalClockVC showScreenBasedOnStatus] | [line:358] | [MESSAGE] show screen based on stat2012018-05-23 01:31:39.323 | I | -[DigitalClockVC displayReminderView] | [line:515] | [MESSAGE] displayReminderView
2018-05-23 01:31:39.323 | I | -[DigitalClockVC showDigitalClockNormal] | [line:580] | [MESSAGE] showDigitalClockNormal
2018-05-23 01:31:39.347 | I | -[DigitalClockVC displayReminderView] | [line:515] | [MESSAGE] displayReminderView
2018-05-23 01:31:39.347 | I | -[DigitalClockVC showDigitalClockNormal] | [line:580] | [MESSAGE] showDigitalClockNormal
2018-05-23 01:31:39.354 | I | -[DigitalClockVC startPKVisitQuestionIfNecessary] | [line:721] | [MESSAGE] startPKVisitQuest2018-05-23 01:32018-05-23 01:31:39.361 | I | -[Transmission update:task_name:] | [line:246] | [MESSAGE] Task id done: 1
2018-05-23 01:31:39.471 | I | -[Transmission update:task_name:] | [line:246] | [MESSAGE] Task id done: 2
2018-05-23 01:31:39.575 | I | -[Transmission update:task_name:] | [line:246] | [MESSAGE] Task id done: 3
2018-05-23 01:31:39.714 | I | -[Transmission update:task_name:] | [line:246] | [MESSAGE] Task id done: 4
2018-05-23 01:31:39.831 | I | -[Transmission update:task_name:] | [line:246] | [MESSAGE] Task id done: 5
2018-05-23 01:31:39.974 | I | -[Transmission update:task_name:] | [line:246] | [MESSAGE] Task id done: 6
2018-05-23 01:31:40.346 | I | -[AppDelegate applicationWillResignActive:] | [line:201] | [MESSAGE] application Will Resign2018-05-2018-05-23 01:31:40.512 | I | -[AppDelegate cleanAlertDialog] | [line:369] | [MESSAGE] clean Alert Dialog
l Resign2018-05-2018-05-23 01:31:40.512 | I | -[AppDelegate cleanAlertDialog] | [line:369] | [MESSAGE] clean Alert Dialog
l Resign Active
2018-05-23 01:31:40.512 | I | -[AppDelegate cleanAlertDialog] | [line:369] | [MESSAGE] clean Alert Dialog
