2018-05-23 00:12:20.322 | I | saveQuestionnaireIDsToFile(trialID:) | [line:193] | [MESSAGE] [Questionnaire] Save questionnaire IDs succeeded. Filename: questionnaireIDs_client100prod_1525443315.
2018-05-23 00:12:20.323 | I | getQuestionnaireIDs(trialID:) | [line:88] | [MESSAGE] [API Gateway] Getting questionnaire IDs succeeded. TrialID: client100prod_1525443315. Questionnaire IDs: ["client100prod_1525443315-1526514832783-06c07c52-5618-4585-9249-b783ddb6f88b", "client100prod_1525443315-1525899697730-48b05138-e9c5-4e0f-9e9e-6ffdfe32d197", "client100prod_1525443315-1526411416794-c045df71-1d1b-4346-a3c5-4d3ff4b356f3", "client100prod_1525443315-1525890381362-df4f967d-1af6-4b6d-b7e0-9514bd4e58d4", "client100prod_1525443315-1526512173040-60e1a64f-6305-4a01-86bc-44fe58931ac6", "client100prod_1525443315-1526575714597-97bea7fb-5305-4d13-b0b0-33f16c3349bf", "client100prod_1525443315-1526871500579-38d51912-358c-4c7a-a28e-f729a9af3ede"]
2018-05-23 00:12:20.336 | I | getPatientSchdule() | [line:54] | [MESSAGE] [API Gateway] Getting action schedules success.
2018-05-23 00:12:20.336 | I | -[DigitalClockVC constructNextActionSchedulesAndQuestionnairesIfPossible] | [line:806] | [MESSAGE] constructNextActionSchedulesAndQuestionnairesIfPossible
2018-05-23 00:12:20.368 | I | -[DigitalClockVC showScreenBasedOnStatus] | [line:358] | [MESSAGE] show screen based on status
2018-05-23 00:12:20.368 | I | -[DigitalClockVC displayReminderView] | [line:515] | [MESSAGE] displayReminderView
2018-05-23 00:12:20.368 | I | -[DigitalClockVC showDigitalClockNormal] | [line:580] | [MESSAGE] showDigitalClockNormal
2018-05-23 00:12:20.373 | I | saveActionSchedulesToFile(actionSchedules:) | [line:98] | [MESSAGE] [Action Schedules] Saving action schedules succeeded. Filename: action_schedules.
2018-05-23 00:12:20.394 | I | -[DigitalClockVC displayReminderView] | [line:515] | [MESSAGE] displayReminderView
2018-05-23 00:12:20.394 | I | -[DigitalClockVC showDigitalClockNormal] | [line:580] | [MESSAGE] showDigitalClockNormal
2018-05-23 00:12:20.400 | I | -[DigitalClockVC startPKVisitQuestionIfNecessary] | [line:721] | [MESSAGE] startPKVisitQuestionIfNecessary
2018-05-23 00:12:20.441 | I | getQuestionnaire(questionnaireID:) | [line:128] | [MESSAGE] [API Gateway] Getting questionnaire succeeded. Questionnaire ID: client100prod_1525443315-1526575714597-97bea7fb-5305-4d13-b0b0-33f16c3349bf. Name: CDX Training Set.
2018-05-23 00:12:20.447 | I | saveQuestionnaireToFile(questionnaire:) | [line:234] | [MESSAGE] [Questionnaire] Save questionnaire succeeded. Filename: client100prod_1525443315-1526575714597-97bea7fb-5305-4d13-b0b0-33f16c3349bf.
2018-05-23 00:12:20.451 | I | getQuestionnaire(questionnaireID:) | [line:128] | [MESSAGE] [API Gateway] Getting questionnaire succeeded. Questionnaire ID: client100prod_1525443315-1525899697730-48b05138-e9c5-4e0f-9e9e-6ffdfe32d197. Name: VST Day 7.
2018-05-23 00:12:20.456 | I | saveQuestionnaireToFile(questionnaire:) | [line:234] | [MESSAGE] [Questionnaire] Save questionnaire succeeded. Filename: client100prod_1525443315-1525899697730-48b05138-e9c5-4e0f-9e9e-6ffdfe32d197.
2018-05-23 00:12:20.456 | I | getQuestionnaire(questionnaireID:) | [line:128] | [MESSAGE] [API Gateway] Getting questionnaire succeeded. Questionnaire ID: client100prod_1525443315-1526871500579-38d51912-358c-4c7a-a28e-f729a9af3ede. Name: delete.
2018-05-23 00:12:20.456 | I | getQuestionnaire(questionnaireID:) | [line:136] | [MESSAGE] [API Gateway] Questionnaire is neither active nor daily_dose mode. Skip it. Questionnaire ID: Questionnaire ID: client100prod_1525443315-1526871500579-38d51912-358c-4c7a-a28e-f729a9af3ede. Name: delete
2018-05-23 00:12:20.578 | I | getQuestionnaire(questionnaireID:) | [line:128] | [MESSAGE] [API Gateway] Getting questionnaire succeeded. Questionnaire ID: client100prod_1525443315-1526512173040-60e1a64f-6305-4a01-86bc-44fe58931ac6. Name: Ecological Momentary Assessment.
2018-05-23 00:12:20.583 | I | saveQuestionnaireToFile(questionnaire:) | [line:234] | [MESSAGE] [Questionnaire] Save questionnaire succeeded. Filename: client100prod_1525443315-1526512173040-60e1a64f-6305-4a01-86bc-44fe58931ac6.
2018-05-23 00:12:20.612 | I | getQuestionnaire(questionnaireID:) | [line:128] | [MESSAGE] [API Gateway] Getting questionnaire succeeded. Questionnaire ID: client100prod_1525443315-1526411416794-c045df71-1d1b-4346-a3c5-4d3ff4b356f3. Name: VST and ANSA Day 14.
2018-05-23 00:12:20.637 | I | saveQuestionnaireToFile(questionnaire:) | [line:234] | [MESSAGE] [Questionnaire] Save questionnaire succeeded. Filename: client100prod_1525443315-1526411416794-c045df71-1d1b-4346-a3c5-4d3ff4b356f3.
2018-05-23 00:12:20.653 | I | getQuestionnaire(questionnaireID:) | [line:128] | [MESSAGE] [API Gateway] Getting questionnaire succeeded. Questionnaire ID: client100prod_1525443315-1525890381362-df4f967d-1af6-4b6d-b7e0-9514bd4e58d4. Name: VST and ANSA Day 1.
2018-05-23 00:12:20.674 | I | saveQuestionnaireToFile(questionnaire:) | [line:234] | [MESSAGE] [Questionnaire] Save questionnaire succeeded. Filename: client100prod_1525443315-1525890381362-df4f967d-1af6-4b6d-b7e0-9514bd4e58d4.
2018-05-23 00:12:20.677 | I | getQuestionnaire(questionnaireID:) | [line:128] | [MESSAGE] [API Gateway] Getting questionnaire succeeded. Questionnaire ID: client100prod_1525443315-1526514832783-06c07c52-5618-4585-9249-b783ddb6f88b. Name: Facial Expression Exercise.
2018-05-23 00:12:20.681 | I | saveQuestionnaireToFile(questionnaire:) | [line:234] | [MESSAGE] [Questionnaire] Save questionnaire succeeded. Filename: client100prod_1525443315-1526514832783-06c07c52-5618-4585-9249-b783ddb6f88b.
2018-05-23 00:12:20.681 | I | -[DigitalClockVC constructNextActionSchedulesAndQuestionnairesIfPossible] | [line:806] | [MESSAGE] constructNextActionSchedulesAndQuestionnairesIfPossible
2018-05-23 00:12:20.701 | I | -[DigitalClockVC showScreenBasedOnStatus] | [line:358] | [MESSAGE] show screen based on status
2018-05-23 00:12:20.701 | I | -[DigitalClockVC displayReminderView] | [line:515] | [MESSAGE] displayReminderView
2018-05-23 00:12:20.701 | I | -[DigitalClockVC showDigitalClockNormal] | [line:580] | [MESSAGE] showDigitalClockNormal
2018-05-23 00:12:20.722 | I | -[DigitalClockVC displayReminderView] | [line:515] | [MESSAGE] displayReminderView
2018-05-23 00:12:20.723 | I | -[DigitalClockVC showDigitalClockNormal] | [line:580] | [MESSAGE] showDigitalClockNormal
2018-05-23 00:12:20.728 | I | -[DigitalClockVC startPKVisitQuestionIfNecessary] | [line:721] | [MESSAGE] startPKVisitQuestionIfNecessary
2018-05-23 00:12:53.579 | I | -[AppDelegate applicationWillResignActive:] | [line:201] | [MESSAGE] application Will Resign Active
2018-05-23 00:12:54.547 | I | -[AppDelegate cleanAlertDialog] | [line:369] | [MESSAGE] clean Alert Dialog
2018-05-23 00:13:01.660 | I | -[AppDelegate applicationWillEnterForeground:] | [line:227] | [MESSAGE] application will enter foreground
2018-05-23 00:13:01.660 | I | -[AppDelegate logMataData] | [line:164] | [MESSAGE] trial ID client100prod_1525443315
2018-05-23 00:13:01.660 | I | -[AppDelegate logMataData] | [line:165] | [MESSAGE] trial name 100prod
2018-05-23 00:13:01.660 | I | -[UIDeviceHardware platformString] | [line:30] | [MESSAGE] apple device internal version code iPhone10,6
2018-05-23 00:13:01.660 | I | -[AppDelegate logMataData] | [line:166] | [MESSAGE] Device Hardware iPhone X
2018-05-23 00:13:01.661 | I | -[AppDelegate logMataData] | [line:167] | [MESSAGE] OS Version 11.3.1
2018-05-23 00:13:01.661 | I | -[AppDelegate logMataData] | [line:168] | [MESSAGE] AiView build version 2018.3
2018-05-23 00:13:01.661 | I | -[AppDelegate logMataData] | [line:169] | [MESSAGE] device language en-US
2018-05-23 00:13:01.662 | I | -[AppDelegate logMataData] | [line:170] | [MESSAGE] device UUID CE41411A-EF46-4F7C-AA85-EE3C7C4C4986
2018-05-23 00:13:01.662 | I | -[AppDelegate logMataData] | [line:173] | [MESSAGE] Patient ID 000000leil
2018-05-23 00:13:01.662 | I | +[AIUtil hasInternetConnection] | [line:683] | [MESSAGE] has internet connnection = 1
2018-05-23 00:13:02.232 | D | -[AiViewSwitch startApp] | [line:156] | [MESSAGE] StartApp in AiViewSwitch
2018-05-23 00:13:02.233 | I | +[AIUtil checkPermission] | [line:1132] | [MESSAGE] camera access / mic access Authorized
2018-05-23 00:13:02.300 | I | -[AiView viewDidLoad] | [line:68] | [MESSAGE] AiView view did load
2018-05-23 00:13:03.409 | I | -[MedProtocolController getNexMedFromUser:dateTime:loadData:context:] | [line:144] | [MESSAGE] currentDoseDone: 0
2018-05-23 00:13:03.409 | I | -[AiView defineProcess:currentTime:context:] | [line:157] | [MESSAGE] allMedsWithinDoseNotFinished 0
2018-05-23 00:13:03.431 | I | -[MedicationConfirmVC viewDidLoad] | [line:45] | [MESSAGE] MedicationConfirmVC view did load
