2018-05-22 11:41:05.099 | I | -[AINeuralNetworkConfigManager fileDownloadedWithUrl:succeeded:] | [line:256] | [MESSAGE] Neural network config download succeeded.
2018-05-22 11:41:05.100 | E | -[AINeuralNetworkConfigManager updateConfigWithFileURL:] | [line:247] | [MESSAGE] Parsing DNN config file failed.
2018-05-22 11:41:05.120 | E | -[AINeuralNetworkConfigManager updateConfigWithFileURL:] | [line:247] | [MESSAGE] Parsing DNN config file failed.
2018-05-22 11:41:07.646 | I | -[StartPageViewController onStartButtonPressed:] | [line:138] | [MESSAGE] POP_QUESTION_BEFORE_DOSING == 0
2018-05-22 11:41:07.663 | I | -[AiViewDaily viewDidLoad] | [line:52] | [MESSAGE] AiViewDaily view did load
2018-05-22 11:41:07.663 | I | -[AiViewDaily viewDidLoad] | [line:70] | [MESSAGE] Current medication name smarties-white
2018-05-22 11:41:07.663 | I | -[AiViewDaily viewDidLoad] | [line:71] | [MESSAGE] Current dosing amount 0
2018-05-22 11:41:07.663 | I | -[AiViewDaily viewDidLoad] | [line:77] | [MESSAGE] Current dosing steps 0, 1, 2, 3, 9, 
2018-05-22 11:41:07.730 | I | +[AINeuralNetworkConfigManager setCurrentMedicationName:shape:color:] | [line:93] | [MESSAGE] Set current medication name: smarties-white, shape: round, color: white.
2018-05-22 11:41:08.673 | I | -[StepsController init:uiView:steps:viewController:recordVideo:] | [line:90] | [MESSAGE] should record video flag 0
2018-05-22 11:41:08.678 | I | +[AIUtil checkPermission] | [line:1132] | [MESSAGE] camera access / mic access Authorized
2018-05-22 11:41:08.680 | I | -[CameraEngine previewAndInitRecordVideo:recordAudio:videoName:CameraEngineScenario:] | [line:110] | [MESSAGE] Starting up server
2018-05-22 11:41:10.069 | I | -[FlexibleVideoPlayerController playTutorialVideoOnView:step:] | [line:178] | [MESSAGE] playTutorialVideo short_version_face_identification_order_0_numpill_0_total_0
2018-05-22 11:41:33.054 | I | -[StepsController goToCamera] | [line:531] | [MESSAGE] goToCamera
2018-05-22 11:41:33.054 | I | -[StepsController defineCurrentStep] | [line:281] | [MESSAGE] defineCurrentStep 0
2018-05-22 11:41:33.121 | I | -[PhasesController defineState] | [line:223] | [MESSAGE] PhasesController defineState 0
2018-05-22 11:41:33.121 | I | -[PhasesController defineState] | [line:223] | [MESSAGE] PhasesController defineState 12
2018-05-22 11:41:33.680 | I | -[CameraEngine startCapture] | [line:187] | [MESSAGE] starting capture
2018-05-22 11:41:33.718 | I | -[FlexibleVideoPlayerController videoPlayingComplete:] | [line:193] | [MESSAGE] flex video videoPlayingComplete
2018-05-22 11:41:35.520 | I | -[PhasesController defineState] | [line:223] | [MESSAGE] PhasesController defineState 1
2018-05-22 11:41:35.664 | I | -[PhasesController defineState] | [line:223] | [MESSAGE] PhasesController defineState 10
2018-05-22 11:41:36.321 | I | -[PhasesController defineState] | [line:223] | [MESSAGE] PhasesController defineState 2
2018-05-22 11:41:36.376 | I | -[PhasesController defineState] | [line:223] | [MESSAGE] PhasesController defineState 3
2018-05-22 11:41:36.839 | I | -[FlexibleAudioPlayerController playAudioBasedOnErrorState:step:] | [line:68] | [MESSAGE] playAudioBasedOnErrorState C8_9_Device_Position_Error
2018-05-22 11:41:36.839 | I | -[AudioPlayer playAudioName:] | [line:38] | [MESSAGE] play audio name C8_9_Device_Position_Error
2018-05-22 11:41:36.909 | I | -[PhasesController defineState] | [line:223] | [MESSAGE] PhasesController defineState 2
2018-05-22 11:41:36.982 | I | -[PhasesController defineState] | [line:223] | [MESSAGE] PhasesController defineState 3
2018-05-22 11:41:37.462 | I | -[FlexibleAudioPlayerController playAudioBasedOnErrorState:step:] | [line:68] | [MESSAGE] playAudioBasedOnErrorState C8_9_Device_Position_Error
2018-05-22 11:41:37.462 | I | -[AudioPlayer playAudioName:] | [line:38] | [MESSAGE] play audio name C8_9_Device_Position_Error
2018-05-22 11:41:37.526 | I | -[CameraUIView displayError:] | [line:287] | [MESSAGE] show error animation; error type 18
2018-05-22 11:41:38.102 | I | -[PhasesController defineState] | [line:223] | [MESSAGE] PhasesController defineState 6
2018-05-22 11:41:38.217 | I | -[CameraUIView displayConfirm] | [line:330] | [MESSAGE] show step confirm animation
2018-05-22 11:41:38.218 | I | -[AudioPlayer playAudioWithoutFlag:] | [line:49] | [MESSAGE] play audio name confirm
2018-05-22 11:41:40.382 | I | -[PhasesController defineState] | [line:223] | [MESSAGE] PhasesController defineState 5
2018-05-22 11:41:40.405 | I | -[FlexibleVideoPlayerController playTutorialVideoOnView:step:] | [line:178] | [MESSAGE] playTutorialVideo full_version_pill_identification_order_0_numpill_0_total_0
2018-05-22 11:42:05.500 | I | -[StepsController goToCamera] | [line:531] | [MESSAGE] goToCamera
2018-05-22 11:42:05.500 | I | -[StepsController defineCurrentStep] | [line:281] | [MESSAGE] defineCurrentStep 1
2018-05-22 11:42:05.565 | I | -[PhasesController defineState] | [line:223] | [MESSAGE] PhasesController defineState 0
2018-05-22 11:42:05.565 | I | -[PhasesController defineState] | [line:223] | [MESSAGE] PhasesController defineState 12
2018-05-22 11:42:05.923 | I | -[FlexibleVideoPlayerController videoPlayingComplete:] | [line:193] | [MESSAGE] flex video videoPlayingComplete
2018-05-22 11:42:06.465 | I | -[PhasesController defineState] | [line:223] | [MESSAGE] PhasesController defineState 1
2018-05-22 11:42:06.550 | I | -[PhasesController defineState] | [line:223] | [MESSAGE] PhasesController defineState 10
2018-05-22 11:42:06.926 | I | -[PhasesController defineState] | [line:223] | [MESSAGE] PhasesController defineState 2
2018-05-22 11:42:06.938 | I | -[PhasesController defineState] | [line:223] | [MESSAGE] PhasesController defineState 3
2018-05-22 11:42:07.384 | I | -[FlexibleAudioPlayerController playAudioBasedOnErrorState:step:] | [line:68] | [MESSAGE] playAudioBasedOnErrorState C8_9_Device_Position_Error
2018-05-22 11:42:07.385 | I | -[AudioPlayer playAudioName:] | [line:38] | [MESSAGE] play audio name C8_9_Device_Position_Error
2018-05-22 11:42:07.413 | I | -[PhasesController defineState] | [line:223] | [MESSAGE] PhasesController defineState 2
2018-05-22 11:42:07.425 | I | -[PhasesController defineState] | [line:223] | [MESSAGE] PhasesController defineState 3
2018-05-22 11:42:07.874 | I | -[FlexibleAudioPlayerController playAudioBasedOnErrorState:step:] | [line:68] | [MESSAGE] playAudioBasedOnErrorState C8_9_Device_Position_Error
2018-05-22 11:42:07.874 | I | -[AudioPlayer playAudioName:] | [line:38] | [MESSAGE] play audio name C8_9_Device_Position_Error
2018-05-22 11:42:07.928 | I | -[CameraUIView displayError:] | [line:287] | [MESSAGE] show error animation; error type 18
2018-05-22 11:42:10.315 | I | -[PhasesController defineState] | [line:223] | [MESSAGE] PhasesController defineState 2
2018-05-22 11:42:11.442 | I | -[PhasesController defineState] | [line:223] | [MESSAGE] PhasesController defineState 3
2018-05-22 11:42:11.881 | I | -[FlexibleAudioPlayerController playAudioBasedOnErrorState:step:] | [line:68] | [MESSAGE] playAudioBasedOnErrorState C8_9_Device_Position_Error
2018-05-22 11:42:11.881 | I | -[AudioPlayer playAudioName:] | [line:38] | [MESSAGE] play audio name C8_9_Device_Position_Error
2018-05-22 11:42:11.915 | I | -[CameraUIView displayError:] | [line:287] | [MESSAGE] show error animation; error type 18
2018-05-22 11:42:13.969 | I | -[PhasesController defineState] | [line:223] | [MESSAGE] PhasesController defineState 2
2018-05-22 11:42:21.603 | I | -[PhasesController defineState] | [line:223] | [MESSAGE] PhasesController defineState 3
2018-05-22 11:42:22.048 | I | -[FlexibleAudioPlayerController playAudioBasedOnErrorState:step:] | [line:68] | [MESSAGE] playAudioBasedOnErrorState C8_9_Device_Position_Error
2018-05-22 11:42:22.051 | I | -[AudioPlayer playAudioName:] | [line:38] | [MESSAGE] play audio name C8_9_Device_Position_Error
2018-05-22 11:42:22.090 | I | -[CameraUIView displayError:] | [line:287] | [MESSAGE] show error animation; error type 18
2018-05-22 11:42:23.300 | I | -[PhasesController defineState] | [line:223] | [MESSAGE] PhasesController defineState 2
2018-05-22 11:42:25.265 | I | -[PhasesController defineState] | [line:223] | [MESSAGE] PhasesController defineState 3
2018-05-22 11:42:25.705 | I | -[FlexibleAudioPlayerController playAudioBasedOnErrorState:step:] | [line:68] | [MESSAGE] playAudioBasedOnErrorState C8_9_Device_Position_Error
2018-05-22 11:42:25.705 | I | -[AudioPlayer playAudioName:] | [line:38] | [MESSAGE] play audio name C8_9_Device_Position_Error
2018-05-22 11:42:25.737 | I | -[CameraUIView displayError:] | [line:287] | [MESSAGE] show error animation; error type 18
2018-05-22 11:42:29.999 | I | -[AppDelegate applicationWillResignActive:] | [line:201] | [MESSAGE] application Will Resign Active
