2018-05-22 11:43:11.665 | I | -[AppDelegate application:didFinishLaunchingWithOptions:] | [line:186] | [MESSAGE] application Did Finish Launching
2018-05-22 11:43:11.742 | I | -[AppDelegate logMataData] | [line:164] | [MESSAGE] trial ID (null)
2018-05-22 11:43:11.742 | I | -[AppDelegate logMataData] | [line:165] | [MESSAGE] trial name pro
2018-05-22 11:43:11.744 | I | -[UIDeviceHardware platformString] | [line:30] | [MESSAGE] apple device internal version code iPhone7,1
2018-05-22 11:43:11.744 | I | -[AppDelegate logMataData] | [line:166] | [MESSAGE] Device Hardware iPhone 6 PLUS
2018-05-22 11:43:11.744 | I | -[AppDelegate logMataData] | [line:167] | [MESSAGE] OS Version 11.3.1
2018-05-22 11:43:11.744 | I | -[AppDelegate logMataData] | [line:168] | [MESSAGE] AiView build version 2018.3
2018-05-22 11:43:11.744 | I | -[AppDelegate logMataData] | [line:169] | [MESSAGE] device language zh-Hans-US
2018-05-22 11:43:11.750 | I | -[AppDelegate logMataData] | [line:170] | [MESSAGE] device UUID A2DF23F2-6754-4503-BF7E-FC5D9B258783
2018-05-22 11:43:11.751 | I | -[AppDelegate logMataData] | [line:173] | [MESSAGE] Patient ID (null)
2018-05-22 11:43:11.757 | I | +[AIUtil hasInternetConnection] | [line:683] | [MESSAGE] has internet connnection = 1
2018-05-22 11:43:12.394 | I | -[AppDelegate applicationWillResignActive:] | [line:201] | [MESSAGE] application Will Resign Active
2018-05-22 11:43:12.803 | D | -[AiViewSwitch startApp] | [line:156] | [MESSAGE] StartApp in AiViewSwitch
2018-05-22 11:43:12.922 | I | +[AIUtil checkPermission] | [line:1129] | [MESSAGE] camera access / mic access Not Determined
2018-05-22 11:43:13.231 | I | -[LoginVC viewDidLoad] | [line:72] | [MESSAGE] LoginVC view did load
2018-05-22 11:43:13.234 | I | +[AIUtil checkWifiConnection] | [line:705] | [MESSAGE] check wifi connection = CONNECT_WIFI
2018-05-22 11:43:15.198 | I | -[AppDelegate applicationWillResignActive:] | [line:201] | [MESSAGE] application Will Resign Active
2018-05-22 11:43:15.803 | I | -[AppDelegate applicationWillResignActive:] | [line:201] | [MESSAGE] application Will Resign Active
2018-05-22 11:43:16.828 | I | -[AppDelegate applicationWillResignActive:] | [line:201] | [MESSAGE] application Will Resign Active
2018-05-22 11:43:25.313 | I | -[AppDelegate application:didRegisterForRemoteNotificationsWithDeviceToken:] | [line:437] | [MESSAGE] Succeded to get APNS token data: <206296ba dc5f55ec c8e40265 bb1acc1d ce170476 35a7047f 11a9fafc 00b3e116>
2018-05-22 11:43:25.314 | I | -[AppDelegate application:didRegisterForRemoteNotificationsWithDeviceToken:] | [line:443] | [MESSAGE] deviceToken:  206296badc5f55ecc8e40265bb1acc1dce17047635a7047f11a9fafc00b3e116
2018-05-22 11:43:32.782 | I | -[RelinkAction relinkWithUsername:code:] | [line:92] | [MESSAGE] relinkWithUsername A2DF23F2-6754-4503-BF7E-FC5D9B258783 url /backend/backend
2018-05-22 11:43:33.358 | I | -[RelinkAction update:task_name:] | [line:152] | [MESSAGE] relink transmission task_name routing, result 9999
2018-05-22 11:43:34.251 | I | -[RelinkAction update:task_name:] | [line:152] | [MESSAGE] relink transmission task_name Relink, result 9999
2018-05-22 11:43:34.455 | I | -[RelinkAction update:task_name:] | [line:152] | [MESSAGE] relink transmission task_name kiosk_dose_check, result 9999
2018-05-22 11:43:34.569 | I | -[TransmissionProtocol update:task_name:] | [line:65] | [MESSAGE] trial_setup 9999
2018-05-22 11:43:34.717 | I | -[TransmissionProtocol update:task_name:] | [line:65] | [MESSAGE] trial_setup_serialized 9999
2018-05-22 11:43:35.194 | I | -[TransmissionProtocol update:task_name:] | [line:65] | [MESSAGE] dose_protocol_sync 9999
2018-05-22 11:43:38.583 | I | -[AINeuralNetworkConfigManager fileDownloadedWithUrl:succeeded:] | [line:256] | [MESSAGE] Neural network config download succeeded.
2018-05-22 11:43:40.479 | I | -[AINeuralNetworkConfigManager fileDownloadedWithUrl:succeeded:] | [line:261] | [MESSAGE] Neural network model download succeeded. Filename: pih-generic-20180508.mlmodel.
2018-05-22 11:43:41.692 | I | -[AINeuralNetworkConfigManager fileDownloadedWithUrl:succeeded:] | [line:261] | [MESSAGE] Neural network model download succeeded. Filename: MC_MN05_resplit.mlmodel.
2018-05-22 11:43:41.697 | I | -[AINeuralNetworkConfigManager fileDownloadedWithUrl:succeeded:] | [line:267] | [MESSAGE] model is updated on 2018-05-22 11:43:41
2018-05-22 11:43:41.708 | I | -[LoginVC handleRelinkSuccess] | [line:334] | [MESSAGE] relink success
2018-05-22 11:43:42.309 | I | -[TransmissionProtocol update:task_name:] | [line:65] | [MESSAGE] push_token_registration 9999
2018-05-22 11:43:44.199 | D | -[AiViewSwitch startApp] | [line:156] | [MESSAGE] StartApp in AiViewSwitch
2018-05-22 11:43:44.203 | I | +[AIUtil checkPermission] | [line:1132] | [MESSAGE] camera access / mic access Authorized
2018-05-22 11:43:44.344 | I | -[AiView viewDidLoad] | [line:68] | [MESSAGE] AiView view did load
2018-05-22 11:43:45.563 | I | -[MedProtocolController getNexMedFromUser:dateTime:loadData:context:] | [line:144] | [MESSAGE] currentDoseDone: 1
2018-05-22 11:43:45.594 | I | -[MedProtocolController getNexMedFromUser:dateTime:loadData:context:] | [line:165] | [MESSAGE] protocolID: 3, doseID: 0, numPillsInCurrentMed: 1, correctPillName: smarties-white, targetDate: 2018-05-22 04:00:00 +0000
2018-05-22 11:43:45.594 | I | -[AiView defineProcess:currentTime:context:] | [line:157] | [MESSAGE] allMedsWithinDoseNotFinished 1
2018-05-22 11:43:45.599 | I | -[InteruptionRecovery checkInteruptionAndProcessWithUser:inManagedObjectContext:] | [line:93] | [MESSAGE] no interruption found
2018-05-22 11:43:45.599 | I | -[AiView defineProcess:currentTime:context:] | [line:163] | [MESSAGE] ==== interuptionStatus ==== 10002
2018-05-22 11:43:45.599 | I | -[AiView defineProcess:currentTime:context:] | [line:165] | [MESSAGE] NO_INTERUPTION_FOUND
2018-05-22 11:43:45.599 | I | -[AiView defineProcess:currentTime:context:] | [line:167] | [MESSAGE] ==== go to start ====
2018-05-22 11:43:45.689 | I | -[StartPageViewController viewDidLoad] | [line:65] | [MESSAGE] view did load
2018-05-22 11:43:46.078 | I | -[AINeuralNetworkConfigManager fileDownloadedWithUrl:succeeded:] | [line:256] | [MESSAGE] Neural network config download succeeded.
2018-05-22 11:43:49.009 | I | -[StartPageViewController onStartButtonPressed:] | [line:138] | [MESSAGE] POP_QUESTION_BEFORE_DOSING == 0
2018-05-22 11:43:49.020 | I | -[AiViewDaily viewDidLoad] | [line:52] | [MESSAGE] AiViewDaily view did load
2018-05-22 11:43:49.020 | I | -[AiViewDaily viewDidLoad] | [line:70] | [MESSAGE] Current medication name smarties-white
2018-05-22 11:43:49.020 | I | -[AiViewDaily viewDidLoad] | [line:71] | [MESSAGE] Current dosing amount 0
2018-05-22 11:43:49.020 | I | -[AiViewDaily viewDidLoad] | [line:77] | [MESSAGE] Current dosing steps 0, 1, 2, 3, 9, 
2018-05-22 11:43:49.086 | I | +[AINeuralNetworkConfigManager setCurrentMedicationName:shape:color:] | [line:93] | [MESSAGE] Set current medication name: smarties-white, shape: round, color: white.
2018-05-22 11:43:50.140 | I | -[StepsController init:uiView:steps:viewController:recordVideo:] | [line:90] | [MESSAGE] should record video flag 0
2018-05-22 11:43:50.151 | I | +[AIUtil checkPermission] | [line:1132] | [MESSAGE] camera access / mic access Authorized
2018-05-22 11:43:50.399 | I | -[CameraEngine previewAndInitRecordVideo:recordAudio:videoName:CameraEngineScenario:] | [line:110] | [MESSAGE] Starting up server
2018-05-22 11:43:52.108 | I | -[FlexibleVideoPlayerController playTutorialVideoOnView:step:] | [line:178] | [MESSAGE] playTutorialVideo short_version_face_identification_order_0_numpill_0_total_0
2018-05-22 11:44:15.556 | I | -[StepsController goToCamera] | [line:531] | [MESSAGE] goToCamera
2018-05-22 11:44:15.557 | I | -[StepsController defineCurrentStep] | [line:281] | [MESSAGE] defineCurrentStep 0
2018-05-22 11:44:15.660 | I | -[PhasesController defineState] | [line:223] | [MESSAGE] PhasesController defineState 0
2018-05-22 11:44:15.660 | I | -[PhasesController defineState] | [line:223] | [MESSAGE] PhasesController defineState 12
2018-05-22 11:44:16.267 | I | -[CameraEngine startCapture] | [line:187] | [MESSAGE] starting capture
2018-05-22 11:44:16.292 | I | -[FlexibleVideoPlayerController videoPlayingComplete:] | [line:193] | [MESSAGE] flex video videoPlayingComplete
2018-05-22 11:44:18.180 | I | -[PhasesController defineState] | [line:223] | [MESSAGE] PhasesController defineState 1
2018-05-22 11:44:18.468 | I | -[PhasesController defineState] | [line:223] | [MESSAGE] PhasesController defineState 6
2018-05-22 11:44:18.537 | I | -[CameraUIView displayConfirm] | [line:330] | [MESSAGE] show step confirm animation
2018-05-22 11:44:18.539 | I | -[AudioPlayer playAudioWithoutFlag:] | [line:49] | [MESSAGE] play audio name confirm
2018-05-22 11:44:20.721 | I | -[PhasesController defineState] | [line:223] | [MESSAGE] PhasesController defineState 5
2018-05-22 11:44:20.751 | I | -[FlexibleVideoPlayerController playTutorialVideoOnView:step:] | [line:178] | [MESSAGE] playTutorialVideo full_version_pill_identification_order_0_numpill_0_total_0
2018-05-22 11:44:45.913 | I | -[StepsController goToCamera] | [line:531] | [MESSAGE] goToCamera
2018-05-22 11:44:45.914 | I | -[StepsController defineCurrentStep] | [line:281] | [MESSAGE] defineCurrentStep 1
2018-05-22 11:44:47.868 | I | -[PhasesController defineState] | [line:223] | [MESSAGE] PhasesController defineState 0
2018-05-22 11:44:47.869 | I | -[PhasesController defineState] | [line:223] | [MESSAGE] PhasesController defineState 12
2018-05-22 11:44:48.282 | I | -[FlexibleVideoPlayerController videoPlayingComplete:] | [line:193] | [MESSAGE] flex video videoPlayingComplete
2018-05-22 11:44:48.900 | I | -[PhasesController defineState] | [line:223] | [MESSAGE] PhasesController defineState 1
2018-05-22 11:44:52.374 | I | -[PhasesController defineState] | [line:223] | [MESSAGE] PhasesController defineState 10
2018-05-22 11:44:52.722 | I | -[PhasesController defineState] | [line:223] | [MESSAGE] PhasesController defineState 2
2018-05-22 11:44:52.747 | I | -[PhasesController defineState] | [line:223] | [MESSAGE] PhasesController defineState 3
2018-05-22 11:44:53.148 | I | -[FlexibleAudioPlayerController playAudioBasedOnErrorState:step:] | [line:68] | [MESSAGE] playAudioBasedOnErrorState C8_9_Device_Position_Error
2018-05-22 11:44:53.148 | I | -[AudioPlayer playAudioName:] | [line:38] | [MESSAGE] play audio name C8_9_Device_Position_Error
2018-05-22 11:44:53.184 | I | -[PhasesController defineState] | [line:223] | [MESSAGE] PhasesController defineState 2
2018-05-22 11:44:53.219 | I | -[PhasesController defineState] | [line:223] | [MESSAGE] PhasesController defineState 3
2018-05-22 11:44:53.656 | I | -[FlexibleAudioPlayerController playAudioBasedOnErrorState:step:] | [line:68] | [MESSAGE] playAudioBasedOnErrorState C8_9_Device_Position_Error
2018-05-22 11:44:53.657 | I | -[AudioPlayer playAudioName:] | [line:38] | [MESSAGE] play audio name C8_9_Device_Position_Error
2018-05-22 11:44:53.719 | I | -[CameraUIView displayError:] | [line:287] | [MESSAGE] show error animation; error type 18
2018-05-22 11:44:53.771 | I | -[AIDetectorDecisionMaker decisionWithValue:] | [line:41] | [MESSAGE] Step pill_identification frame passed. 0.999966, threadhold: 0.866000. Passed frame count: 1
2018-05-22 11:44:53.799 | I | -[AIDetectorDecisionMaker decisionWithValue:] | [line:41] | [MESSAGE] Step pill_identification frame passed. 0.999669, threadhold: 0.866000. Passed frame count: 2
2018-05-22 11:44:53.826 | I | -[AIDetectorDecisionMaker decisionWithValue:] | [line:41] | [MESSAGE] Step pill_identification frame passed. 0.999908, threadhold: 0.866000. Passed frame count: 3
2018-05-22 11:44:53.826 | I | -[NNDetectorPillController onDetectorDNNCompleteWithResult:] | [line:70] | [MESSAGE] pid 0.999908
2018-05-22 11:44:53.853 | I | -[NNDetectorPillController onDetectorDNNCompleteWithResult:] | [line:70] | [MESSAGE] pid 0.999900
2018-05-22 11:44:53.868 | I | -[PhasesController defineState] | [line:223] | [MESSAGE] PhasesController defineState 6
2018-05-22 11:44:53.893 | I | -[NNDetectorPillController onDetectorDNNCompleteWithResult:] | [line:70] | [MESSAGE] pid 0.999925
2018-05-22 11:44:53.893 | I | -[CameraUIView displayConfirm] | [line:330] | [MESSAGE] show step confirm animation
2018-05-22 11:44:53.899 | I | -[AudioPlayer playAudioWithoutFlag:] | [line:49] | [MESSAGE] play audio name confirm
2018-05-22 11:44:54.396 | I | -[NNDetectorPillController onDetectorDNNCompleteWithResult:] | [line:70] | [MESSAGE] pid 0.987448
2018-05-22 11:44:54.436 | I | -[NNDetectorPillController onDetectorDNNCompleteWithResult:] | [line:70] | [MESSAGE] pid 0.999992
2018-05-22 11:44:54.465 | I | -[NNDetectorPillController onDetectorDNNCompleteWithResult:] | [line:70] | [MESSAGE] pid 0.999998
2018-05-22 11:44:54.490 | I | -[NNDetectorPillController onDetectorDNNCompleteWithResult:] | [line:70] | [MESSAGE] pid 0.999992
2018-05-22 11:44:54.514 | I | -[NNDetectorPillController onDetectorDNNCompleteWithResult:] | [line:70] | [MESSAGE] pid 0.994646
2018-05-22 11:44:54.554 | I | -[NNDetectorPillController onDetectorDNNCompleteWithResult:] | [line:70] | [MESSAGE] pid 0.605799
2018-05-22 11:44:54.579 | I | -[NNDetectorPillController onDetectorDNNCompleteWithResult:] | [line:70] | [MESSAGE] pid 0.905657
2018-05-22 11:44:54.607 | I | -[NNDetectorPillController onDetectorDNNCompleteWithResult:] | [line:70] | [MESSAGE] pid 0.844922
2018-05-22 11:44:54.643 | I | -[NNDetectorPillController onDetectorDNNCompleteWithResult:] | [line:70] | [MESSAGE] pid 0.878731
2018-05-22 11:44:54.679 | I | -[NNDetectorPillController onDetectorDNNCompleteWithResult:] | [line:70] | [MESSAGE] pid 0.919931
2018-05-22 11:44:54.710 | I | -[NNDetectorPillController onDetectorDNNCompleteWithResult:] | [line:70] | [MESSAGE] pid 0.918480
2018-05-22 11:44:54.745 | I | -[NNDetectorPillController onDetectorDNNCompleteWithResult:] | [line:70] | [MESSAGE] pid 0.618780
2018-05-22 11:44:54.788 | I | -[NNDetectorPillController onDetectorDNNCompleteWithResult:] | [line:70] | [MESSAGE] pid 0.819893
2018-05-22 11:44:54.816 | I | -[NNDetectorPillController onDetectorDNNCompleteWithResult:] | [line:70] | [MESSAGE] pid 0.758511
2018-05-22 11:44:54.844 | I | -[NNDetectorPillController onDetectorDNNCompleteWithResult:] | [line:70] | [MESSAGE] pid 0.920790
2018-05-22 11:44:54.874 | I | -[NNDetectorPillController onDetectorDNNCompleteWithResult:] | [line:70] | [MESSAGE] pid 0.025517
2018-05-22 11:44:54.915 | I | -[NNDetectorPillController onDetectorDNNCompleteWithResult:] | [line:70] | [MESSAGE] pid 0.000073
2018-05-22 11:44:54.952 | I | -[NNDetectorPillController onDetectorDNNCompleteWithResult:] | [line:70] | [MESSAGE] pid 0.000011
2018-05-22 11:44:54.980 | I | -[NNDetectorPillController onDetectorDNNCompleteWithResult:] | [line:70] | [MESSAGE] pid 0.000004
2018-05-22 11:44:55.019 | I | -[NNDetectorPillController onDetectorDNNCompleteWithResult:] | [line:70] | [MESSAGE] pid 0.000012
2018-05-22 11:44:55.049 | I | -[NNDetectorPillController onDetectorDNNCompleteWithResult:] | [line:70] | [MESSAGE] pid 0.000021
2018-05-22 11:44:55.080 | I | -[NNDetectorPillController onDetectorDNNCompleteWithResult:] | [line:70] | [MESSAGE] pid 0.000018
2018-05-22 11:44:55.109 | I | -[NNDetectorPillController onDetectorDNNCompleteWithResult:] | [line:70] | [MESSAGE] pid 0.000021
2018-05-22 11:44:55.141 | I | -[NNDetectorPillController onDetectorDNNCompleteWithResult:] | [line:70] | [MESSAGE] pid 0.000030
2018-05-22 11:44:55.175 | I | -[NNDetectorPillController onDetectorDNNCompleteWithResult:] | [line:70] | [MESSAGE] pid 0.000022
2018-05-22 11:44:55.212 | I | -[NNDetectorPillController onDetectorDNNCompleteWithResult:] | [line:70] | [MESSAGE] pid 0.000022
2018-05-22 11:44:55.240 | I | -[NNDetectorPillController onDetectorDNNCompleteWithResult:] | [line:70] | [MESSAGE] pid 0.000017
2018-05-22 11:44:55.280 | I | -[NNDetectorPillController onDetectorDNNCompleteWithResult:] | [line:70] | [MESSAGE] pid 0.000020
2018-05-22 11:44:55.312 | I | -[NNDetectorPillController onDetectorDNNCompleteWithResult:] | [line:70] | [MESSAGE] pid 0.000019
2018-05-22 11:44:55.346 | I | -[NNDetectorPillController onDetectorDNNCompleteWithResult:] | [line:70] | [MESSAGE] pid 0.000022
2018-05-22 11:44:55.379 | I | -[NNDetectorPillController onDetectorDNNCompleteWithResult:] | [line:70] | [MESSAGE] pid 0.000017
2018-05-22 11:44:55.410 | I | -[NNDetectorPillController onDetectorDNNCompleteWithResult:] | [line:70] | [MESSAGE] pid 0.000019
2018-05-22 11:44:55.447 | I | -[NNDetectorPillController onDetectorDNNCompleteWithResult:] | [line:70] | [MESSAGE] pid 0.000024
2018-05-22 11:44:55.478 | I | -[NNDetectorPillController onDetectorDNNCompleteWithResult:] | [line:70] | [MESSAGE] pid 0.000009
2018-05-22 11:44:55.513 | I | -[NNDetectorPillController onDetectorDNNCompleteWithResult:] | [line:70] | [MESSAGE] pid 0.000008
2018-05-22 11:44:55.545 | I | -[NNDetectorPillController onDetectorDNNCompleteWithResult:] | [line:70] | [MESSAGE] pid 0.000006
2018-05-22 11:44:55.579 | I | -[NNDetectorPillController onDetectorDNNCompleteWithResult:] | [line:70] | [MESSAGE] pid 0.000004
2018-05-22 11:44:55.612 | I | -[NNDetectorPillController onDetectorDNNCompleteWithResult:] | [line:70] | [MESSAGE] pid 0.000003
2018-05-22 11:44:55.646 | I | -[NNDetectorPillController onDetectorDNNCompleteWithResult:] | [line:70] | [MESSAGE] pid 0.000002
2018-05-22 11:44:55.680 | I | -[NNDetectorPillController onDetectorDNNCompleteWithResult:] | [line:70] | [MESSAGE] pid 0.000002
2018-05-22 11:44:55.713 | I | -[NNDetectorPillController onDetectorDNNCompleteWithResult:] | [line:70] | [MESSAGE] pid 0.000003
2018-05-22 11:44:55.746 | I | -[NNDetectorPillController onDetectorDNNCompleteWithResult:] | [line:70] | [MESSAGE] pid 0.000003
2018-05-22 11:44:55.779 | I | -[NNDetectorPillController onDetectorDNNCompleteWithResult:] | [line:70] | [MESSAGE] pid 0.000003
2018-05-22 11:44:55.813 | I | -[NNDetectorPillController onDetectorDNNCompleteWithResult:] | [line:70] | [MESSAGE] pid 0.000003
2018-05-22 11:44:55.846 | I | -[NNDetectorPillController onDetectorDNNCompleteWithResult:] | [line:70] | [MESSAGE] pid 0.000005
2018-05-22 11:44:55.878 | I | -[NNDetectorPillController onDetectorDNNCompleteWithResult:] | [line:70] | [MESSAGE] pid 0.000006
2018-05-22 11:44:55.912 | I | -[NNDetectorPillController onDetectorDNNCompleteWithResult:] | [line:70] | [MESSAGE] pid 0.000005
2018-05-22 11:44:55.945 | I | -[NNDetectorPillController onDetectorDNNCompleteWithResult:] | [line:70] | [MESSAGE] pid 0.000006
2018-05-22 11:44:55.980 | I | -[NNDetectorPillController onDetectorDNNCompleteWithResult:] | [line:70] | [MESSAGE] pid 0.000005
2018-05-22 11:44:56.012 | I | -[NNDetectorPillController onDetectorDNNCompleteWithResult:] | [line:70] | [MESSAGE] pid 0.000005
2018-05-22 11:44:56.051 | I | -[NNDetectorPillController onDetectorDNNCompleteWithResult:] | [line:70] | [MESSAGE] pid 0.000006
2018-05-22 11:44:56.052 | I | -[PhasesController defineState] | [line:223] | [MESSAGE] PhasesController defineState 5
2018-05-22 11:44:56.079 | I | -[FlexibleVideoPlayerController playTutorialVideoOnView:step:] | [line:178] | [MESSAGE] playTutorialVideo full_version_pill_in_mouth_order_0_numpill_0_total_0
2018-05-22 11:44:56.097 | I | -[NNDetectorPillController onDetectorDNNCompleteWithResult:] | [line:70] | [MESSAGE] pid 0.000006
2018-05-22 11:44:56.422 | I | -[NNDetectorPillController onDetectorDNNCompleteWithResult:] | [line:70] | [MESSAGE] pid 0.000004
2018-05-22 11:44:56.454 | I | -[NNDetectorPillController onDetectorDNNCompleteWithResult:] | [line:70] | [MESSAGE] pid 0.000008
2018-05-22 11:44:56.484 | I | -[NNDetectorPillController onDetectorDNNCompleteWithResult:] | [line:70] | [MESSAGE] pid 0.000008
2018-05-22 11:44:56.518 | I | -[NNDetectorPillController onDetectorDNNCompleteWithResult:] | [line:70] | [MESSAGE] pid 0.000008
2018-05-22 11:44:56.545 | I | -[NNDetectorPillController onDetectorDNNCompleteWithResult:] | [line:70] | [MESSAGE] pid 0.000007
2018-05-22 11:44:56.578 | I | -[NNDetectorPillController onDetectorDNNCompleteWithResult:] | [line:70] | [MESSAGE] pid 0.000006
2018-05-22 11:44:56.642 | I | -[NNDetectorPillController onDetectorDNNCompleteWithResult:] | [line:70] | [MESSAGE] pid 0.000004
2018-05-22 11:44:56.674 | I | -[NNDetectorPillController onDetectorDNNCompleteWithResult:] | [line:70] | [MESSAGE] pid 0.000005
2018-05-22 11:44:56.709 | I | -[NNDetectorPillController onDetectorDNNCompleteWithResult:] | [line:70] | [MESSAGE] pid 0.000003
2018-05-22 11:44:56.741 | I | -[NNDetectorPillController onDetectorDNNCompleteWithResult:] | [line:70] | [MESSAGE] pid 0.000006
2018-05-22 11:44:56.774 | I | -[NNDetectorPillController onDetectorDNNCompleteWithResult:] | [line:70] | [MESSAGE] pid 0.000014
2018-05-22 11:44:56.803 | I | -[NNDetectorPillController onDetectorDNNCompleteWithResult:] | [line:70] | [MESSAGE] pid 0.000008
2018-05-22 11:44:56.833 | I | -[NNDetectorPillController onDetectorDNNCompleteWithResult:] | [line:70] | [MESSAGE] pid 0.000003
2018-05-22 11:44:56.875 | I | -[NNDetectorPillController onDetectorDNNCompleteWithResult:] | [line:70] | [MESSAGE] pid 0.000005
2018-05-22 11:44:56.903 | I | -[NNDetectorPillController onDetectorDNNCompleteWithResult:] | [line:70] | [MESSAGE] pid 0.000009
2018-05-22 11:44:56.933 | I | -[NNDetectorPillController onDetectorDNNCompleteWithResult:] | [line:70] | [MESSAGE] pid 0.000005
2018-05-22 11:44:56.964 | I | -[NNDetectorPillController onDetectorDNNCompleteWithResult:] | [line:70] | [MESSAGE] pid 0.000002
2018-05-22 11:44:57.007 | I | -[NNDetectorPillController onDetectorDNNCompleteWithResult:] | [line:70] | [MESSAGE] pid 0.000003
2018-05-22 11:44:57.117 | I | -[NNDetectorPillController onDetectorDNNCompleteWithResult:] | [line:70] | [MESSAGE] pid 0.000003
2018-05-22 11:44:57.157 | I | -[NNDetectorPillController onDetectorDNNCompleteWithResult:] | [line:70] | [MESSAGE] pid 0.000002
2018-05-22 11:44:57.189 | I | -[NNDetectorPillController onDetectorDNNCompleteWithResult:] | [line:70] | [MESSAGE] pid 0.000004
2018-05-22 11:44:57.220 | I | -[NNDetectorPillController onDetectorDNNCompleteWithResult:] | [line:70] | [MESSAGE] pid 0.000008
2018-05-22 11:44:57.253 | I | -[NNDetectorPillController onDetectorDNNCompleteWithResult:] | [line:70] | [MESSAGE] pid 0.000002
2018-05-22 11:44:57.283 | I | -[NNDetectorPillController onDetectorDNNCompleteWithResult:] | [line:70] | [MESSAGE] pid 0.000003
2018-05-22 11:44:57.318 | I | -[NNDetectorPillController onDetectorDNNCompleteWithResult:] | [line:70] | [MESSAGE] pid 0.000002
2018-05-22 11:44:57.417 | I | -[NNDetectorPillController onDetectorDNNCompleteWithResult:] | [line:70] | [MESSAGE] pid 0.000644
2018-05-22 11:44:57.453 | I | -[NNDetectorPillController onDetectorDNNCompleteWithResult:] | [line:70] | [MESSAGE] pid 0.000059
2018-05-22 11:44:57.498 | I | -[NNDetectorPillController onDetectorDNNCompleteWithResult:] | [line:70] | [MESSAGE] pid 0.000011
2018-05-22 11:44:57.580 | I | -[AppDelegate applicationWillResignActive:] | [line:201] | [MESSAGE] application Will Resign Active
2018-05-22 11:44:59.129 | I | -[NNDetectorPillController onDetectorDNNCompleteWithResult:] | [line:70] | [MESSAGE] pid 0.000002
2018-05-22 11:44:59.177 | I | -[AppDelegate cleanAlertDialog] | [line:369] | [MESSAGE] clean Alert Dialog
2018-05-22 11:44:59.343 | I | -[AiViewDaily appGoToBackground] | [line:155] | [MESSAGE] App go to background
2018-05-22 11:44:59.344 | I | -[CameraEngine shutdown] | [line:504] | [MESSAGE] shutting down server
2018-05-22 11:45:01.181 | I | -[NNDetectorPillController onDetectorDNNCompleteWithResult:] | [line:70] | [MESSAGE] pid 0.000049
2018-05-22 11:45:01.362 | I | -[CameraEngine shutdown]_block_invoke | [line:510] | [MESSAGE] Capture completed
