2018-05-23 18:45:43.294 | I | -[AppDelegate application:didFinishLaunchingWithOptions:] | [line:186] | [MESSAGE] application Did Finish Launching
2018-05-23 18:45:43.329 | I | -[AppDelegate logMataData] | [line:164] | [MESSAGE] trial ID (null)
2018-05-23 18:45:43.329 | I | -[AppDelegate logMataData] | [line:165] | [MESSAGE] trial name pro
2018-05-23 18:45:43.330 | I | -[UIDeviceHardware platformString] | [line:30] | [MESSAGE] apple device internal version code iPhone10,6
2018-05-23 18:45:43.330 | I | -[AppDelegate logMataData] | [line:166] | [MESSAGE] Device Hardware iPhone X
2018-05-23 18:45:43.330 | I | -[AppDelegate logMataData] | [line:167] | [MESSAGE] OS Version 11.3.1
2018-05-23 18:45:43.330 | I | -[AppDelegate logMataData] | [line:168] | [MESSAGE] AiView build version 2018.3
2018-05-23 18:45:43.330 | I | -[AppDelegate logMataData] | [line:169] | [MESSAGE] device language en-US
2018-05-23 18:45:43.332 | I | -[AppDelegate logMataData] | [line:170] | [MESSAGE] device UUID 74F32306-8409-433C-9253-4B0B75B3ED29
2018-05-23 18:45:43.333 | I | -[AppDelegate logMataData] | [line:173] | [MESSAGE] Patient ID (null)
2018-05-23 18:45:43.334 | I | +[AIUtil hasInternetConnection] | [line:683] | [MESSAGE] has internet connnection = 1
2018-05-23 18:45:43.505 | I | -[AppDelegate applicationWillResignActive:] | [line:201] | [MESSAGE] application Will Resign Active
2018-05-23 18:45:44.005 | D | -[AiViewSwitch startApp] | [line:156] | [MESSAGE] StartApp in AiViewSwitch
2018-05-23 18:45:44.045 | I | +[AIUtil checkPermission] | [line:1129] | [MESSAGE] camera access / mic access Not Determined
2018-05-23 18:45:44.112 | I | -[LoginVC viewDidLoad] | [line:72] | [MESSAGE] LoginVC view did load
2018-05-23 18:45:44.113 | I | +[AIUtil checkWifiConnection] | [line:705] | [MESSAGE] check wifi connection = CONNECT_WIFI
2018-05-23 18:45:44.181 | I | -[AppDelegate applicationWillResignActive:] | [line:201] | [MESSAGE] application Will Resign Active
2018-05-23 18:46:08.955 | I | -[AppDelegate applicationWillResignActive:] | [line:201] | [MESSAGE] application Will Resign Active
2018-05-23 18:46:09.415 | I | -[AppDelegate applicationWillResignActive:] | [line:201] | [MESSAGE] application Will Resign Active
2018-05-23 18:46:10.895 | I | -[AppDelegate applicationWillResignActive:] | [line:201] | [MESSAGE] application Will Resign Active
2018-05-23 18:46:11.868 | I | -[AppDelegate application:didRegisterForRemoteNotificationsWithDeviceToken:] | [line:437] | [MESSAGE] Succeded to get APNS token data: <cea89062 3ef8d193 9f587dac 84271043 3cd396e3 28b4b3d2 7fa07ea1 13d9e2d1>
2018-05-23 18:46:11.868 | I | -[AppDelegate application:didRegisterForRemoteNotificationsWithDeviceToken:] | [line:443] | [MESSAGE] deviceToken:  cea890623ef8d1939f587dac842710433cd396e328b4b3d27fa07ea113d9e2d1
2018-05-23 18:46:21.815 | I | -[RelinkAction relinkWithUsername:code:] | [line:92] | [MESSAGE] relinkWithUsername 74F32306-8409-433C-9253-4B0B75B3ED29 url /backend/backend
2018-05-23 18:46:22.322 | I | -[RelinkAction update:task_name:] | [line:152] | [MESSAGE] relink transmission task_name routing, result 9999
2018-05-23 18:46:23.105 | I | -[RelinkAction update:task_name:] | [line:152] | [MESSAGE] relink transmission task_name Relink, result 9999
2018-05-23 18:46:23.221 | I | -[RelinkAction update:task_name:] | [line:152] | [MESSAGE] relink transmission task_name kiosk_dose_check, result 9999
2018-05-23 18:46:23.340 | I | -[TransmissionProtocol update:task_name:] | [line:65] | [MESSAGE] trial_setup 9999
2018-05-23 18:46:23.483 | I | -[TransmissionProtocol update:task_name:] | [line:65] | [MESSAGE] trial_setup_serialized 9999
2018-05-23 18:46:23.699 | I | -[TransmissionProtocol update:task_name:] | [line:65] | [MESSAGE] dose_protocol_sync 9999
2018-05-23 18:46:25.825 | E | loadUnsentQuestionnaires() | [line:475] | [MESSAGE] [Questionnaire] Loading saved questionnaire event(s) failed. Error Domain=NSCocoaErrorDomain Code=260 "The file “event” couldn’t be opened because there is no such file." UserInfo={NSURL=file:///var/mobile/Containers/Data/Application/0C0E8986-1BE8-42DE-9707-3B09A87B92DE/Documents/event, NSFilePath=/var/mobile/Containers/Data/Application/0C0E8986-1BE8-42DE-9707-3B09A87B92DE/Documents/event, NSUnderlyingError=0x1d065b120 {Error Domain=NSPOSIXErrorDomain Code=2 "No such file or directory"}}
2018-05-23 18:46:25.825 | I | sendUnsentQuestionnaires() | [line:485] | [MESSAGE] [Questionnaire] Posting saved questionnaire event(s).
2018-05-23 18:46:26.073 | I | getPatientSchdule() | [line:54] | [MESSAGE] [API Gateway] Getting action schedules success.
2018-05-23 18:46:26.090 | I | saveActionSchedulesToFile(actionSchedules:) | [line:98] | [MESSAGE] [Action Schedules] Saving action schedules succeeded. Filename: action_schedules.
2018-05-23 18:46:26.168 | I | saveQuestionnaireIDsToFile(trialID:) | [line:193] | [MESSAGE] [Questionnaire] Saving questionnaire IDs succeeded. Filename: questionnaireIDs_client100prod_1525443315.
2018-05-23 18:46:26.168 | I | getQuestionnaireIDs(trialID:) | [line:88] | [MESSAGE] [API Gateway] Getting questionnaire IDs succeeded. TrialID: client100prod_1525443315. Questionnaire IDs: ["client100prod_1525443315-1526514832783-06c07c52-5618-4585-9249-b783ddb6f88b", "client100prod_1525443315-1525899697730-48b05138-e9c5-4e0f-9e9e-6ffdfe32d197", "client100prod_1525443315-1526411416794-c045df71-1d1b-4346-a3c5-4d3ff4b356f3", "client100prod_1525443315-1525890381362-df4f967d-1af6-4b6d-b7e0-9514bd4e58d4", "client100prod_1525443315-1526512173040-60e1a64f-6305-4a01-86bc-44fe58931ac6", "client100prod_1525443315-1526575714597-97bea7fb-5305-4d13-b0b0-33f16c3349bf", "client100prod_1525443315-1526871500579-38d51912-358c-4c7a-a28e-f729a9af3ede"]
2018-05-23 18:46:26.286 | I | getQuestionnaire(questionnaireID:) | [line:128] | [MESSAGE] [API Gateway] Getting questionnaire succeeded. Questionnaire ID: client100prod_1525443315-1526871500579-38d51912-358c-4c7a-a28e-f729a9af3ede. Name: delete.
2018-05-23 18:46:26.286 | I | getQuestionnaire(questionnaireID:) | [line:136] | [MESSAGE] [API Gateway] Questionnaire is neither active nor daily_dose mode. Skip it. Questionnaire ID: Questionnaire ID: client100prod_1525443315-1526871500579-38d51912-358c-4c7a-a28e-f729a9af3ede. Name: delete
2018-05-23 18:46:26.325 | I | getQuestionnaire(questionnaireID:) | [line:128] | [MESSAGE] [API Gateway] Getting questionnaire succeeded. Questionnaire ID: client100prod_1525443315-1526514832783-06c07c52-5618-4585-9249-b783ddb6f88b. Name: Facial Expression Exercise.
2018-05-23 18:46:26.340 | I | saveQuestionnaireToFile(questionnaire:) | [line:234] | [MESSAGE] [Questionnaire] Saving questionnaire succeeded. Filename: client100prod_1525443315-1526514832783-06c07c52-5618-4585-9249-b783ddb6f88b.
2018-05-23 18:46:26.347 | I | getQuestionnaire(questionnaireID:) | [line:128] | [MESSAGE] [API Gateway] Getting questionnaire succeeded. Questionnaire ID: client100prod_1525443315-1526512173040-60e1a64f-6305-4a01-86bc-44fe58931ac6. Name: Ecological Momentary Assessment.
2018-05-23 18:46:26.355 | I | saveQuestionnaireToFile(questionnaire:) | [line:234] | [MESSAGE] [Questionnaire] Saving questionnaire succeeded. Filename: client100prod_1525443315-1526512173040-60e1a64f-6305-4a01-86bc-44fe58931ac6.
2018-05-23 18:46:26.361 | I | getQuestionnaire(questionnaireID:) | [line:128] | [MESSAGE] [API Gateway] Getting questionnaire succeeded. Questionnaire ID: client100prod_1525443315-1526575714597-97bea7fb-5305-4d13-b0b0-33f16c3349bf. Name: CDX Training Set.
2018-05-23 18:46:26.369 | I | saveQuestionnaireToFile(questionnaire:) | [line:234] | [MESSAGE] [Questionnaire] Saving questionnaire succeeded. Filename: client100prod_1525443315-1526575714597-97bea7fb-5305-4d13-b0b0-33f16c3349bf.
2018-05-23 18:46:26.408 | I | getQuestionnaire(questionnaireID:) | [line:128] | [MESSAGE] [API Gateway] Getting questionnaire succeeded. Questionnaire ID: client100prod_1525443315-1525899697730-48b05138-e9c5-4e0f-9e9e-6ffdfe32d197. Name: VST Day 7.
2018-05-23 18:46:26.417 | I | saveQuestionnaireToFile(questionnaire:) | [line:234] | [MESSAGE] [Questionnaire] Saving questionnaire succeeded. Filename: client100prod_1525443315-1525899697730-48b05138-e9c5-4e0f-9e9e-6ffdfe32d197.
2018-05-23 18:46:26.490 | I | getQuestionnaire(questionnaireID:) | [line:128] | [MESSAGE] [API Gateway] Getting questionnaire succeeded. Questionnaire ID: client100prod_1525443315-1525890381362-df4f967d-1af6-4b6d-b7e0-9514bd4e58d4. Name: VST and ANSA Day 1.
2018-05-23 18:46:26.514 | I | saveQuestionnaireToFile(questionnaire:) | [line:234] | [MESSAGE] [Questionnaire] Saving questionnaire succeeded. Filename: client100prod_1525443315-1525890381362-df4f967d-1af6-4b6d-b7e0-9514bd4e58d4.
2018-05-23 18:46:26.532 | I | getQuestionnaire(questionnaireID:) | [line:128] | [MESSAGE] [API Gateway] Getting questionnaire succeeded. Questionnaire ID: client100prod_1525443315-1526411416794-c045df71-1d1b-4346-a3c5-4d3ff4b356f3. Name: VST and ANSA Day 14.
2018-05-23 18:46:26.551 | I | saveQuestionnaireToFile(questionnaire:) | [line:234] | [MESSAGE] [Questionnaire] Saving questionnaire succeeded. Filename: client100prod_1525443315-1526411416794-c045df71-1d1b-4346-a3c5-4d3ff4b356f3.
2018-05-23 18:46:27.409 | I | -[AINeuralNetworkConfigManager fileDownloadedWithUrl:succeeded:] | [line:261] | [MESSAGE] [DNN] Downloading neural network config succeeded.
2018-05-23 18:46:28.661 | I | -[AINeuralNetworkConfigManager fileDownloadedWithUrl:succeeded:] | [line:266] | [MESSAGE] [DNN] Downloading neural network model succeeded. Filename: pih-generic-20180508.mlmodel.
2018-05-23 18:46:29.281 | I | -[AINeuralNetworkConfigManager fileDownloadedWithUrl:succeeded:] | [line:266] | [MESSAGE] [DNN] Downloading neural network model succeeded. Filename: MC_MN05_resplit.mlmodel.
2018-05-23 18:46:29.284 | I | -[AINeuralNetworkConfigManager fileDownloadedWithUrl:succeeded:] | [line:272] | [MESSAGE] [DNN] Model is updated on 2018-05-23 18:46:29
2018-05-23 18:46:29.289 | I | -[LoginVC handleRelinkSuccess] | [line:334] | [MESSAGE] relink success
2018-05-23 18:46:29.501 | I | -[TransmissionProtocol update:task_name:] | [line:65] | [MESSAGE] push_token_registration 9999
2018-05-23 18:46:57.313 | D | -[AiViewSwitch startApp] | [line:156] | [MESSAGE] StartApp in AiViewSwitch
2018-05-23 18:46:57.314 | I | +[AIUtil checkPermission] | [line:1132] | [MESSAGE] camera access / mic access Authorized
2018-05-23 18:46:57.369 | I | -[AiView viewDidLoad] | [line:68] | [MESSAGE] AiView view did load
2018-05-23 18:46:58.204 | I | -[AINeuralNetworkConfigManager fileDownloadedWithUrl:succeeded:] | [line:261] | [MESSAGE] [DNN] Downloading neural network config succeeded.
2018-05-23 18:46:58.205 | I | sendUnsentQuestionnaires() | [line:485] | [MESSAGE] [Questionnaire] Posting saved questionnaire event(s).
2018-05-23 18:46:58.320 | I | saveQuestionnaireIDsToFile(trialID:) | [line:193] | [MESSAGE] [Questionnaire] Saving questionnaire IDs succeeded. Filename: questionnaireIDs_client100prod_1525443315.
2018-05-23 18:46:58.320 | I | getQuestionnaireIDs(trialID:) | [line:88] | [MESSAGE] [API Gateway] Getting questionnaire IDs succeeded. TrialID: client100prod_1525443315. Questionnaire IDs: ["client100prod_1525443315-1526514832783-06c07c52-5618-4585-9249-b783ddb6f88b", "client100prod_1525443315-1525899697730-48b05138-e9c5-4e0f-9e9e-6ffdfe32d197", "client100prod_1525443315-1526411416794-c045df71-1d1b-4346-a3c5-4d3ff4b356f3", "client100prod_1525443315-1525890381362-df4f967d-1af6-4b6d-b7e0-9514bd4e58d4", "client100prod_1525443315-1526512173040-60e1a64f-6305-4a01-86bc-44fe58931ac6", "client100prod_1525443315-1526575714597-97bea7fb-5305-4d13-b0b0-33f16c3349bf", "client100prod_1525443315-1526871500579-38d51912-358c-4c7a-a28e-f729a9af3ede"]
2018-05-23 18:46:58.416 | I | -[MedProtocolController getNexMedFromUser:dateTime:loadData:context:] | [line:144] | [MESSAGE] currentDoseDone: 1
2018-05-23 18:46:58.421 | I | getPatientSchdule() | [line:54] | [MESSAGE] [API Gateway] Getting action schedules success.
2018-05-23 18:46:58.425 | I | -[MedProtocolController getNexMedFromUser:dateTime:loadData:context:] | [line:165] | [MESSAGE] protocolID: 3, doseID: 0, numPillsInCurrentMed: 1, correctPillName: smarties-white, targetDate: 2018-05-23 04:00:00 +0000
2018-05-23 18:46:58.425 | I | -[AiView defineProcess:currentTime:context:] | [line:157] | [MESSAGE] allMedsWithinDoseNotFinished 1
2018-05-23 18:46:58.426 | I | -[InteruptionRecovery checkInteruptionAndProcessWithUser:inManagedObjectContext:] | [line:93] | [MESSAGE] no interruption found
2018-05-23 18:46:58.426 | I | -[AiView defineProcess:currentTime:context:] | [line:163] | [MESSAGE] ==== interuptionStatus ==== 10002
2018-05-23 18:46:58.426 | I | -[AiView defineProcess:currentTime:context:] | [line:165] | [MESSAGE] NO_INTERUPTION_FOUND
2018-05-23 18:46:58.426 | I | -[AiView defineProcess:currentTime:context:] | [line:167] | [MESSAGE] ==== go to start ====
2018-05-23 18:46:58.432 | I | saveActionSchedulesToFile(actionSchedules:) | [line:98] | [MESSAGE] [Action Schedules] Saving action schedules succeeded. Filename: action_schedules.
2018-05-23 18:46:58.433 | I | getQuestionnaire(questionnaireID:) | [line:128] | [MESSAGE] [API Gateway] Getting questionnaire succeeded. Questionnaire ID: client100prod_1525443315-1526871500579-38d51912-358c-4c7a-a28e-f729a9af3ede. Name: delete.
2018-05-23 18:46:58.433 | I | getQuestionnaire(questionnaireID:) | [line:136] | [MESSAGE] [API Gateway] Questionnaire is neither active nor daily_dose mode. Skip it. Questionnaire ID: Questionnaire ID: client100prod_1525443315-1526871500579-38d51912-358c-4c7a-a28e-f729a9af3ede. Name: delete
2018-05-23 18:46:58.436 | I | getQuestionnaire(questionnaireID:) | [line:128] | [MESSAGE] [API Gateway] Getting questionnaire succeeded. Questionnaire ID: client100prod_1525443315-1526512173040-60e1a64f-6305-4a01-86bc-44fe58931ac6. Name: Ecological Momentary Assessment.
2018-05-23 18:46:58.441 | I | saveQuestionnaireToFile(questionnaire:) | [line:234] | [MESSAGE] [Questionnaire] Saving questionnaire succeeded. Filename: client100prod_1525443315-1526512173040-60e1a64f-6305-4a01-86bc-44fe58931ac6.
2018-05-23 18:46:58.447 | I | getQuestionnaire(questionnaireID:) | [line:128] | [MESSAGE] [API Gateway] Getting questionnaire succeeded. Questionnaire ID: client100prod_1525443315-1526514832783-06c07c52-5618-4585-9249-b783ddb6f88b. Name: Facial Expression Exercise.
2018-05-23 18:46:58.452 | I | -[StartPageViewController viewDidLoad] | [line:65] | [MESSAGE] view did load
2018-05-23 18:46:58.454 | I | saveQuestionnaireToFile(questionnaire:) | [line:234] | [MESSAGE] [Questionnaire] Saving questionnaire succeeded. Filename: client100prod_1525443315-1526514832783-06c07c52-5618-4585-9249-b783ddb6f88b.
2018-05-23 18:46:58.502 | I | getQuestionnaire(questionnaireID:) | [line:128] | [MESSAGE] [API Gateway] Getting questionnaire succeeded. Questionnaire ID: client100prod_1525443315-1526575714597-97bea7fb-5305-4d13-b0b0-33f16c3349bf. Name: CDX Training Set.
2018-05-23 18:46:58.507 | I | saveQuestionnaireToFile(questionnaire:) | [line:234] | [MESSAGE] [Questionnaire] Saving questionnaire succeeded. Filename: client100prod_1525443315-1526575714597-97bea7fb-5305-4d13-b0b0-33f16c3349bf.
2018-05-23 18:46:58.536 | I | getQuestionnaire(questionnaireID:) | [line:128] | [MESSAGE] [API Gateway] Getting questionnaire succeeded. Questionnaire ID: client100prod_1525443315-1525899697730-48b05138-e9c5-4e0f-9e9e-6ffdfe32d197. Name: VST Day 7.
2018-05-23 18:46:58.541 | I | saveQuestionnaireToFile(questionnaire:) | [line:234] | [MESSAGE] [Questionnaire] Saving questionnaire succeeded. Filename: client100prod_1525443315-1525899697730-48b05138-e9c5-4e0f-9e9e-6ffdfe32d197.
2018-05-23 18:46:58.557 | I | getQuestionnaire(questionnaireID:) | [line:128] | [MESSAGE] [API Gateway] Getting questionnaire succeeded. Questionnaire ID: client100prod_1525443315-1526411416794-c045df71-1d1b-4346-a3c5-4d3ff4b356f3. Name: VST and ANSA Day 14.
2018-05-23 18:46:58.577 | I | saveQuestionnaireToFile(questionnaire:) | [line:234] | [MESSAGE] [Questionnaire] Saving questionnaire succeeded. Filename: client100prod_1525443315-1526411416794-c045df71-1d1b-4346-a3c5-4d3ff4b356f3.
2018-05-23 18:46:58.605 | I | getQuestionnaire(questionnaireID:) | [line:128] | [MESSAGE] [API Gateway] Getting questionnaire succeeded. Questionnaire ID: client100prod_1525443315-1525890381362-df4f967d-1af6-4b6d-b7e0-9514bd4e58d4. Name: VST and ANSA Day 1.
2018-05-23 18:46:58.627 | I | saveQuestionnaireToFile(questionnaire:) | [line:234] | [MESSAGE] [Questionnaire] Saving questionnaire succeeded. Filename: client100prod_1525443315-1525890381362-df4f967d-1af6-4b6d-b7e0-9514bd4e58d4.
2018-05-23 18:47:03.130 | I | -[AiView viewDidLoad] | [line:68] | [MESSAGE] AiView view did load
2018-05-23 18:47:03.877 | I | -[AINeuralNetworkConfigManager fileDownloadedWithUrl:succeeded:] | [line:261] | [MESSAGE] [DNN] Downloading neural network config succeeded.
2018-05-23 18:47:03.878 | I | sendUnsentQuestionnaires() | [line:485] | [MESSAGE] [Questionnaire] Posting saved questionnaire event(s).
2018-05-23 18:47:03.991 | I | saveQuestionnaireIDsToFile(trialID:) | [line:193] | [MESSAGE] [Questionnaire] Saving questionnaire IDs succeeded. Filename: questionnaireIDs_client100prod_1525443315.
2018-05-23 18:47:03.991 | I | getQuestionnaireIDs(trialID:) | [line:88] | [MESSAGE] [API Gateway] Getting questionnaire IDs succeeded. TrialID: client100prod_1525443315. Questionnaire IDs: ["client100prod_1525443315-1526514832783-06c07c52-5618-4585-9249-b783ddb6f88b", "client100prod_1525443315-1525899697730-48b05138-e9c5-4e0f-9e9e-6ffdfe32d197", "client100prod_1525443315-1526411416794-c045df71-1d1b-4346-a3c5-4d3ff4b356f3", "client100prod_1525443315-1525890381362-df4f967d-1af6-4b6d-b7e0-9514bd4e58d4", "client100prod_1525443315-1526512173040-60e1a64f-6305-4a01-86bc-44fe58931ac6", "client100prod_1525443315-1526575714597-97bea7fb-5305-4d13-b0b0-33f16c3349bf", "client100prod_1525443315-1526871500579-38d51912-358c-4c7a-a28e-f729a9af3ede"]
2018-05-23 18:47:04.091 | I | getPatientSchdule() | [line:54] | [MESSAGE] [API Gateway] Getting action schedules success.
2018-05-23 18:47:04.103 | I | saveActionSchedulesToFile(actionSchedules:) | [line:98] | [MESSAGE] [Action Schedules] Saving action schedules succeeded. Filename: action_schedules.
2018-05-23 18:47:04.113 | I | getQuestionnaire(questionnaireID:) | [line:128] | [MESSAGE] [API Gateway] Getting questionnaire succeeded. Questionnaire ID: client100prod_1525443315-1526514832783-06c07c52-5618-4585-9249-b783ddb6f88b. Name: Facial Expression Exercise.
2018-05-23 18:47:04.121 | I | saveQuestionnaireToFile(questionnaire:) | [line:234] | [MESSAGE] [Questionnaire] Saving questionnaire succeeded. Filename: client100prod_1525443315-1526514832783-06c07c52-5618-4585-9249-b783ddb6f88b.
2018-05-23 18:47:04.124 | I | getQuestionnaire(questionnaireID:) | [line:128] | [MESSAGE] [API Gateway] Getting questionnaire succeeded. Questionnaire ID: client100prod_1525443315-1526512173040-60e1a64f-6305-4a01-86bc-44fe58931ac6. Name: Ecological Momentary Assessment.
2018-05-23 18:47:04.128 | I | saveQuestionnaireToFile(questionnaire:) | [line:234] | [MESSAGE] [Questionnaire] Saving questionnaire succeeded. Filename: client100prod_1525443315-1526512173040-60e1a64f-6305-4a01-86bc-44fe58931ac6.
2018-05-23 18:47:04.182 | I | getQuestionnaire(questionnaireID:) | [line:128] | [MESSAGE] [API Gateway] Getting questionnaire succeeded. Questionnaire ID: client100prod_1525443315-1526575714597-97bea7fb-5305-4d13-b0b0-33f16c3349bf. Name: CDX Training Set.
2018-05-23 18:47:04.190 | I | saveQuestionnaireToFile(questionnaire:) | [line:234] | [MESSAGE] [Questionnaire] Saving questionnaire succeeded. Filename: client100prod_1525443315-1526575714597-97bea7fb-5305-4d13-b0b0-33f16c3349bf.
2018-05-23 18:47:04.225 | I | -[MedProtocolController getNexMedFromUser:dateTime:loadData:context:] | [line:144] | [MESSAGE] currentDoseDone: 0
2018-05-23 18:47:04.225 | I | -[AiView defineProcess:currentTime:context:] | [line:157] | [MESSAGE] allMedsWithinDoseNotFinished 0
2018-05-23 18:47:04.247 | I | -[TransmitionViewController viewDidLoad] | [line:73] | [MESSAGE] view did load
2018-05-23 18:47:04.336 | I | getQuestionnaire(questionnaireID:) | [line:128] | [MESSAGE] [API Gateway] Getting questionnaire succeeded. Questionnaire ID: client100prod_1525443315-1525899697730-48b05138-e9c5-4e0f-9e9e-6ffdfe32d197. Name: VST Day 7.
2018-05-23 18:47:04.344 | I | saveQuestionnaireToFile(questionnaire:) | [line:234] | [MESSAGE] [Questionnaire] Saving questionnaire succeeded. Filename: client100prod_1525443315-1525899697730-48b05138-e9c5-4e0f-9e9e-6ffdfe32d197.
2018-05-23 18:47:04.345 | I | getQuestionnaire(questionnaireID:) | [line:128] | [MESSAGE] [API Gateway] Getting questionnaire succeeded. Questionnaire ID: client100prod_1525443315-1526871500579-38d51912-358c-4c7a-a28e-f729a9af3ede. Name: delete.
2018-05-23 18:47:04.345 | I | getQuestionnaire(questionnaireID:) | [line:136] | [MESSAGE] [API Gateway] Questionnaire is neither active nor daily_dose mode. Skip it. Questionnaire ID: Questionnaire ID: client100prod_1525443315-1526871500579-38d51912-358c-4c7a-a28e-f729a9af3ede. Name: delete
2018-05-23 18:47:04.461 | I | getQuestionnaire(questionnaireID:) | [line:128] | [MESSAGE] [API Gateway] Getting questionnaire succeeded. Questionnaire ID: client100prod_1525443315-1526411416794-c045df71-1d1b-4346-a3c5-4d3ff4b356f3. Name: VST and ANSA Day 14.
2018-05-23 18:47:04.487 | I | saveQuestionnaireToFile(questionnaire:) | [line:234] | [MESSAGE] [Questionnaire] Saving questionnaire succeeded. Filename: client100prod_1525443315-1526411416794-c045df71-1d1b-4346-a3c5-4d3ff4b356f3.
2018-05-23 18:47:04.506 | I | getQuestionnaire(questionnaireID:) | [line:128] | [MESSAGE] [API Gateway] Getting questionnaire succeeded. Questionnaire ID: client100prod_1525443315-1525890381362-df4f967d-1af6-4b6d-b7e0-9514bd4e58d4. Name: VST and ANSA Day 1.
2018-05-23 18:47:04.525 | I | saveQuestionnaireToFile(questionnaire:) | [line:234] | [MESSAGE] [Questionnaire] Saving questionnaire succeeded. Filename: client100prod_1525443315-1525890381362-df4f967d-1af6-4b6d-b7e0-9514bd4e58d4.
2018-05-23 18:47:06.248 | I | -[Transmission sendAll] | [line:80] | [MESSAGE] Transmission send all
2018-05-23 18:47:06.263 | I | -[Transmission sendAll] | [line:110] | [MESSAGE] Add data for transmission 1
2018-05-23 18:47:06.264 | I | -[Transmission sendAll] | [line:115] | [MESSAGE] Encrypting files
2018-05-23 18:47:06.626 | I | -[Transmission update:task_name:] | [line:219] | [MESSAGE] Transmitted successfully on user:74F32306-8409-433C-9253-4B0B75B3ED29 pill:smarties-white date:2018-05-23 04:00:00 +0000 doseID:0
2018-05-23 18:47:06.626 | I | -[Transmission update:task_name:] | [line:246] | [MESSAGE] Task id done: 1
2018-05-23 18:47:06.771 | I | -[Transmission update:task_name:] | [line:246] | [MESSAGE] Task id done: 2
2018-05-23 18:47:06.890 | I | -[Transmission update:task_name:] | [line:246] | [MESSAGE] Task id done: 3
2018-05-23 18:47:07.003 | I | -[Transmission update:task_name:] | [line:246] | [MESSAGE] Task id done: 4
2018-05-23 18:47:07.145 | I | -[Transmission update:task_name:] | [line:246] | [MESSAGE] Task id done: 5
2018-05-23 18:47:07.259 | I | -[Transmission update:task_name:] | [line:246] | [MESSAGE] Task id done: 6
2018-05-23 18:47:07.390 | I | -[Transmission update:task_name:] | [line:246] | [MESSAGE] Task id done: 7
2018-05-23 18:47:08.115 | I | -[AINeuralNetworkConfigManager fileDownloadedWithUrl:succeeded:] | [line:261] | [MESSAGE] [DNN] Downloading neural network config succeeded.
2018-05-23 18:47:08.116 | I | sendUnsentQuestionnaires() | [line:485] | [MESSAGE] [Questionnaire] Posting saved questionnaire event(s).
2018-05-23 18:47:08.128 | I | -[MedicationConfirmVC viewDidLoad] | [line:45] | [MESSAGE] MedicationConfirmVC view did load
2018-05-23 18:47:08.231 | I | saveQuestionnaireIDsToFile(trialID:) | [line:193] | [MESSAGE] [Questionnaire] Saving questionnaire IDs succeeded. Filename: questionnaireIDs_client100prod_1525443315.
2018-05-23 18:47:08.231 | I | getQuestionnaireIDs(trialID:) | [line:88] | [MESSAGE] [API Gateway] Getting questionnaire IDs succeeded. TrialID: client100prod_1525443315. Questionnaire IDs: ["client100prod_1525443315-1526514832783-06c07c52-5618-4585-9249-b783ddb6f88b", "client100prod_1525443315-1525899697730-48b05138-e9c5-4e0f-9e9e-6ffdfe32d197", "client100prod_1525443315-1526411416794-c045df71-1d1b-4346-a3c5-4d3ff4b356f3", "client100prod_1525443315-1525890381362-df4f967d-1af6-4b6d-b7e0-9514bd4e58d4", "client100prod_1525443315-1526512173040-60e1a64f-6305-4a01-86bc-44fe58931ac6", "client100prod_1525443315-1526575714597-97bea7fb-5305-4d13-b0b0-33f16c3349bf", "client100prod_1525443315-1526871500579-38d51912-358c-4c7a-a28e-f729a9af3ede"]
2018-05-23 18:47:08.294 | I | getPatientSchdule() | [line:54] | [MESSAGE] [API Gateway] Getting action schedules success.
2018-05-23 18:47:08.300 | I | saveActionSchedulesToFile(actionSchedules:) | [line:98] | [MESSAGE] [Action Schedules] Saving action schedules succeeded. Filename: action_schedules.
2018-05-23 18:47:08.335 | I | getQuestionnaire(questionnaireID:) | [line:128] | [MESSAGE] [API Gateway] Getting questionnaire succeeded. Questionnaire ID: client100prod_1525443315-1526871500579-38d51912-358c-4c7a-a28e-f729a9af3ede. Name: delete.
2018-05-23 18:47:08.335 | I | getQuestionnaire(questionnaireID:) | [line:136] | [MESSAGE] [API Gateway] Questionnaire is neither active nor daily_dose mode. Skip it. Questionnaire ID: Questionnaire ID: client100prod_1525443315-1526871500579-38d51912-358c-4c7a-a28e-f729a9af3ede. Name: delete
2018-05-23 18:47:08.345 | I | getQuestionnaire(questionnaireID:) | [line:128] | [MESSAGE] [API Gateway] Getting questionnaire succeeded. Questionnaire ID: client100prod_1525443315-1526514832783-06c07c52-5618-4585-9249-b783ddb6f88b. Name: Facial Expression Exercise.
2018-05-23 18:47:08.354 | I | saveQuestionnaireToFile(questionnaire:) | [line:234] | [MESSAGE] [Questionnaire] Saving questionnaire succeeded. Filename: client100prod_1525443315-1526514832783-06c07c52-5618-4585-9249-b783ddb6f88b.
2018-05-23 18:47:08.357 | I | getQuestionnaire(questionnaireID:) | [line:128] | [MESSAGE] [API Gateway] Getting questionnaire succeeded. Questionnaire ID: client100prod_1525443315-1526512173040-60e1a64f-6305-4a01-86bc-44fe58931ac6. Name: Ecological Momentary Assessment.
2018-05-23 18:47:08.361 | I | saveQuestionnaireToFile(questionnaire:) | [line:234] | [MESSAGE] [Questionnaire] Saving questionnaire succeeded. Filename: client100prod_1525443315-1526512173040-60e1a64f-6305-4a01-86bc-44fe58931ac6.
2018-05-23 18:47:08.395 | I | getQuestionnaire(questionnaireID:) | [line:128] | [MESSAGE] [API Gateway] Getting questionnaire succeeded. Questionnaire ID: client100prod_1525443315-1526575714597-97bea7fb-5305-4d13-b0b0-33f16c3349bf. Name: CDX Training Set.
2018-05-23 18:47:08.403 | I | saveQuestionnaireToFile(questionnaire:) | [line:234] | [MESSAGE] [Questionnaire] Saving questionnaire succeeded. Filename: client100prod_1525443315-1526575714597-97bea7fb-5305-4d13-b0b0-33f16c3349bf.
2018-05-23 18:47:08.455 | I | getQuestionnaire(questionnaireID:) | [line:128] | [MESSAGE] [API Gateway] Getting questionnaire succeeded. Questionnaire ID: client100prod_1525443315-1526411416794-c045df71-1d1b-4346-a3c5-4d3ff4b356f3. Name: VST and ANSA Day 14.
2018-05-23 18:47:08.478 | I | saveQuestionnaireToFile(questionnaire:) | [line:234] | [MESSAGE] [Questionnaire] Saving questionnaire succeeded. Filename: client100prod_1525443315-1526411416794-c045df71-1d1b-4346-a3c5-4d3ff4b356f3.
2018-05-23 18:47:08.546 | I | getQuestionnaire(questionnaireID:) | [line:128] | [MESSAGE] [API Gateway] Getting questionnaire succeeded. Questionnaire ID: client100prod_1525443315-1525890381362-df4f967d-1af6-4b6d-b7e0-9514bd4e58d4. Name: VST and ANSA Day 1.
2018-05-23 18:47:08.568 | I | saveQuestionnaireToFile(questionnaire:) | [line:234] | [MESSAGE] [Questionnaire] Saving questionnaire succeeded. Filename: client100prod_1525443315-1525890381362-df4f967d-1af6-4b6d-b7e0-9514bd4e58d4.
2018-05-23 18:47:08.572 | I | getQuestionnaire(questionnaireID:) | [line:128] | [MESSAGE] [API Gateway] Getting questionnaire succeeded. Questionnaire ID: client100prod_1525443315-1525899697730-48b05138-e9c5-4e0f-9e9e-6ffdfe32d197. Name: VST Day 7.
2018-05-23 18:47:08.576 | I | saveQuestionnaireToFile(questionnaire:) | [line:234] | [MESSAGE] [Questionnaire] Saving questionnaire succeeded. Filename: client100prod_1525443315-1525899697730-48b05138-e9c5-4e0f-9e9e-6ffdfe32d197.
2018-05-23 18:47:08.837 | I | -[FlexibleAudioPlayerController playAudioWithName:] | [line:80] | [MESSAGE] playAudioWithName conclusion_11
2018-05-23 18:47:08.837 | I | -[AudioPlayer playAudioName:] | [line:38] | [MESSAGE] play audio name conclusion_11
2018-05-23 18:47:13.734 | I | -[DigitalClockVC viewDidLoad] | [line:138] | [MESSAGE] DigitalClockVC view did load
2018-05-23 18:47:13.768 | I | -[Transmission sendAll] | [line:80] | [MESSAGE] Transmission send all
2018-05-23 18:47:13.768 | I | -[Transmission sendAll] | [line:115] | [MESSAGE] Encrypting files
2018-05-23 18:47:13.798 | I | -[DigitalClockVC constructNextActionSchedulesAndQuestionnairesIfPossible] | [line:806] | [MESSAGE] constructNextActionSchedulesAndQuestionnairesIfPossible
2018-05-23 18:47:13.827 | I | -[DigitalClockVC showScreenBasedOnStatus] | [line:358] | [MESSAGE] show screen based on status
2018-05-23 18:47:13.827 | I | -[DigitalClockVC displayReminderView] | [line:515] | [MESSAGE] displayReminderView
2018-05-23 18:47:13.827 | I | -[DigitalClockVC showDigitalClockNormal] | [line:580] | [MESSAGE] showDigitalClockNormal
2018-05-23 18:47:13.846 | I | -[DigitalClockVC displayReminderView] | [line:515] | [MESSAGE] displayReminderView
2018-05-23 18:47:13.846 | I | -[DigitalClockVC showDigitalClockNormal] | [line:580] | [MESSAGE] showDigitalClockNormal
2018-05-23 18:47:13.851 | I | -[DigitalClockVC startPKVisitQuestionIfNecessary] | [line:721] | [MESSAGE] startPKVisitQuestionIfNecessary
2018-05-23 18:47:13.898 | I | -[DigitalClockVC showScreenBasedOnStatus] | [line:358] | [MESSAGE] show screen based on status
2018-05-23 18:47:13.898 | I | -[DigitalClockVC displayReminderView] | [line:515] | [MESSAGE] displayReminderView
2018-05-23 18:47:13.898 | I | -[DigitalClockVC showDigitalClockNormal] | [line:580] | [MESSAGE] showDigitalClockNormal
2018-05-23 18:47:13.917 | I | -[DigitalClockVC displayReminderView] | [line:515] | [MESSAGE] displayReminderView
2018-05-23 18:47:13.917 | I | -[DigitalClockVC showDigitalClockNormal] | [line:580] | [MESSAGE] showDigitalClockNormal
2018-05-23 18:47:13.922 | I | -[DigitalClockVC startPKVisitQuestionIfNecessary] | [line:721] | [MESSAGE] startPKVisitQuestionIfNecessary
2018-05-23 18:47:13.927 | I | -[Transmission update:task_name:] | [line:246] | [MESSAGE] Task id done: 1
2018-05-23 18:47:14.041 | I | -[Transmission update:task_name:] | [line:246] | [MESSAGE] Task id done: 2
2018-05-23 18:47:14.153 | I | -[Transmission update:task_name:] | [line:246] | [MESSAGE] Task id done: 3
2018-05-23 18:47:14.288 | I | -[Transmission update:task_name:] | [line:246] | [MESSAGE] Task id done: 4
2018-05-23 18:47:14.408 | I | -[Transmission update:task_name:] | [line:246] | [MESSAGE] Task id done: 5
2018-05-23 18:47:14.535 | I | -[Transmission update:task_name:] | [line:246] | [MESSAGE] Task id done: 6
2018-05-23 18:47:15.360 | I | -[AINeuralNetworkConfigManager fileDownloadedWithUrl:succeeded:] | [line:261] | [MESSAGE] [DNN] Downloading neural network config succeeded.
2018-05-23 18:47:15.361 | I | sendUnsentQuestionnaires() | [line:485] | [MESSAGE] [Questionnaire] Posting saved questionnaire event(s).
2018-05-23 18:47:15.484 | I | saveQuestionnaireIDsToFile(trialID:) | [line:193] | [MESSAGE] [Questionnaire] Saving questionnaire IDs succeeded. Filename: questionnaireIDs_client100prod_1525443315.
2018-05-23 18:47:15.485 | I | getQuestionnaireIDs(trialID:) | [line:88] | [MESSAGE] [API Gateway] Getting questionnaire IDs succeeded. TrialID: client100prod_1525443315. Questionnaire IDs: ["client100prod_1525443315-1526514832783-06c07c52-5618-4585-9249-b783ddb6f88b", "client100prod_1525443315-1525899697730-48b05138-e9c5-4e0f-9e9e-6ffdfe32d197", "client100prod_1525443315-1526411416794-c045df71-1d1b-4346-a3c5-4d3ff4b356f3", "client100prod_1525443315-1525890381362-df4f967d-1af6-4b6d-b7e0-9514bd4e58d4", "client100prod_1525443315-1526512173040-60e1a64f-6305-4a01-86bc-44fe58931ac6", "client100prod_1525443315-1526575714597-97bea7fb-5305-4d13-b0b0-33f16c3349bf", "client100prod_1525443315-1526871500579-38d51912-358c-4c7a-a28e-f729a9af3ede"]
2018-05-23 18:47:15.561 | I | getPatientSchdule() | [line:54] | [MESSAGE] [API Gateway] Getting action schedules success.
2018-05-23 18:47:15.562 | I | -[DigitalClockVC constructNextActionSchedulesAndQuestionnairesIfPossible] | [line:806] | [MESSAGE] constructNextActionSchedulesAndQuestionnairesIfPossible
2018-05-23 18:47:15.613 | I | -[DigitalClockVC showScreenBasedOnStatus] | [line:358] | [MESSAGE] show screen based on status
2018-05-23 18:47:15.613 | I | -[DigitalClockVC displayReminderView] | [line:515] | [MESSAGE] displayReminderView
2018-05-23 18:47:15.613 | I | -[DigitalClockVC showDigitalClockNormal] | [line:580] | [MESSAGE] showDigitalClockNormal
2018-05-23 18:47:15.617 | I | saveActionSchedulesToFile(actionSchedules:) | [line:98] | [MESSAGE] [Action Schedules] Saving action schedules succeeded. Filename: action_schedules.
2018-05-23 18:47:15.622 | I | getQuestionnaire(questionnaireID:) | [line:128] | [MESSAGE] [API Gateway] Getting questionnaire succeeded. Questionnaire ID: client100prod_1525443315-1526514832783-06c07c52-5618-4585-9249-b783ddb6f88b. Name: Facial Expression Exercise.
2018-05-23 18:47:15.627 | I | saveQuestionnaireToFile(questionnaire:) | [line:234] | [MESSAGE] [Questionnaire] Saving questionnaire succeeded. Filename: client100prod_1525443315-1526514832783-06c07c52-5618-4585-9249-b783ddb6f88b.
2018-05-23 18:47:15.629 | I | getQuestionnaire(questionnaireID:) | [line:128] | [MESSAGE] [API Gateway] Getting questionnaire succeeded. Questionnaire ID: client100prod_1525443315-1526512173040-60e1a64f-6305-4a01-86bc-44fe58931ac6. Name: Ecological Momentary Assessment.
2018-05-23 18:47:15.633 | I | saveQuestionnaireToFile(questionnaire:) | [line:234] | [MESSAGE] [Questionnaire] Saving questionnaire succeeded. Filename: client100prod_1525443315-1526512173040-60e1a64f-6305-4a01-86bc-44fe58931ac6.
2018-05-23 18:47:15.633 | I | getQuestionnaire(questionnaireID:) | [line:128] | [MESSAGE] [API Gateway] Getting questionnaire succeeded. Questionnaire ID: client100prod_1525443315-1526871500579-38d51912-358c-4c7a-a28e-f729a9af3ede. Name: delete.
2018-05-23 18:47:15.633 | I | getQuestionnaire(questionnaireID:) | [line:136] | [MESSAGE] [API Gateway] Questionnaire is neither active nor daily_dose mode. Skip it. Questionnaire ID: Questionnaire ID: client100prod_1525443315-1526871500579-38d51912-358c-4c7a-a28e-f729a9af3ede. Name: delete
2018-05-23 18:47:15.637 | I | -[DigitalClockVC displayReminderView] | [line:515] | [MESSAGE] displayReminderView
2018-05-23 18:47:15.637 | I | -[DigitalClockVC showDigitalClockNormal] | [line:580] | [MESSAGE] showDigitalClockNormal
2018-05-23 18:47:15.642 | I | -[DigitalClockVC startPKVisitQuestionIfNecessary] | [line:721] | [MESSAGE] startPKVisitQuestionIfNecessary
2018-05-23 18:47:15.659 | I | getQuestionnaire(questionnaireID:) | [line:128] | [MESSAGE] [API Gateway] Getting questionnaire succeeded. Questionnaire ID: client100prod_1525443315-1526575714597-97bea7fb-5305-4d13-b0b0-33f16c3349bf. Name: CDX Training Set.
2018-05-23 18:47:15.664 | I | saveQuestionnaireToFile(questionnaire:) | [line:234] | [MESSAGE] [Questionnaire] Saving questionnaire succeeded. Filename: client100prod_1525443315-1526575714597-97bea7fb-5305-4d13-b0b0-33f16c3349bf.
2018-05-23 18:47:15.668 | I | getQuestionnaire(questionnaireID:) | [line:128] | [MESSAGE] [API Gateway] Getting questionnaire succeeded. Questionnaire ID: client100prod_1525443315-1525899697730-48b05138-e9c5-4e0f-9e9e-6ffdfe32d197. Name: VST Day 7.
2018-05-23 18:47:15.673 | I | saveQuestionnaireToFile(questionnaire:) | [line:234] | [MESSAGE] [Questionnaire] Saving questionnaire succeeded. Filename: client100prod_1525443315-1525899697730-48b05138-e9c5-4e0f-9e9e-6ffdfe32d197.
2018-05-23 18:47:15.703 | I | getQuestionnaire(questionnaireID:) | [line:128] | [MESSAGE] [API Gateway] Getting questionnaire succeeded. Questionnaire ID: client100prod_1525443315-1526411416794-c045df71-1d1b-4346-a3c5-4d3ff4b356f3. Name: VST and ANSA Day 14.
2018-05-23 18:47:15.724 | I | saveQuestionnaireToFile(questionnaire:) | [line:234] | [MESSAGE] [Questionnaire] Saving questionnaire succeeded. Filename: client100prod_1525443315-1526411416794-c045df71-1d1b-4346-a3c5-4d3ff4b356f3.
2018-05-23 18:47:15.946 | I | getQuestionnaire(questionnaireID:) | [line:128] | [MESSAGE] [API Gateway] Getting questionnaire succeeded. Questionnaire ID: client100prod_1525443315-1525890381362-df4f967d-1af6-4b6d-b7e0-9514bd4e58d4. Name: VST and ANSA Day 1.
2018-05-23 18:47:15.975 | I | saveQuestionnaireToFile(questionnaire:) | [line:234] | [MESSAGE] [Questionnaire] Saving questionnaire succeeded. Filename: client100prod_1525443315-1525890381362-df4f967d-1af6-4b6d-b7e0-9514bd4e58d4.
2018-05-23 18:47:15.975 | I | -[DigitalClockVC constructNextActionSchedulesAndQuestionnairesIfPossible] | [line:806] | [MESSAGE] constructNextActionSchedulesAndQuestionnairesIfPossible
2018-05-23 18:47:15.991 | I | -[DigitalClockVC showQuestionnaire] | [line:788] | [MESSAGE] showQuestionnaire
2018-05-23 18:47:17.198 | I | -[QuestionPageVC viewDidLoad] | [line:250] | [MESSAGE] Question page view did load. title: AiCure, class: QuestionPageVideoVC, answering
2018-05-23 18:47:17.198 | I | -[QuestionPageVC viewDidLoad] | [line:258] | [MESSAGE] Background recording is on.
2018-05-23 18:47:17.324 | I | -[QuestionPageVC viewDidLoad] | [line:250] | [MESSAGE] Question page view did load. title: AiCure, class: AIARViewController, reviewing
2018-05-23 18:47:17.324 | I | -[QuestionPageVC viewDidLoad] | [line:283] | [MESSAGE] Background recording is off.
2018-05-23 18:47:17.344 | I | -[AIARViewController viewDidLoad] | [line:82] | [MESSAGE] AIARViewController viewDidLoad finished.
2018-05-23 18:47:17.603 | I | -[DigitalClockVC showScreenBasedOnStatus] | [line:358] | [MESSAGE] show screen based on status
2018-05-23 18:47:17.603 | I | -[DigitalClockVC displayReminderView] | [line:515] | [MESSAGE] displayReminderView
2018-05-23 18:47:17.603 | I | -[DigitalClockVC showDigitalClockNormal] | [line:580] | [MESSAGE] showDigitalClockNormal
2018-05-23 18:47:17.625 | I | -[DigitalClockVC displayReminderView] | [line:515] | [MESSAGE] displayReminderView
2018-05-23 18:47:17.625 | I | -[DigitalClockVC showDigitalClockNormal] | [line:580] | [MESSAGE] showDigitalClockNormal
2018-05-23 18:47:17.631 | I | -[DigitalClockVC startPKVisitQuestionIfNecessary] | [line:721] | [MESSAGE] startPKVisitQuestionIfNecessary
2018-05-23 18:47:20.491 | I | -[QuestionPageVC audioPlayerDidFinishPlaying:successfully:] | [line:692] | [MESSAGE] Audio playback finished. Played URL file:///var/mobile/Containers/Data/Application/0C0E8986-1BE8-42DE-9707-3B09A87B92DE/Library/Application%20Support/questionnaire/assets/a3a365b9-0a8d-4688-b771-41b11cb4b1b0_83.mp3. Successfully? 1
2018-05-23 18:47:20.492 | I | -[QuestionPageVC startSpeechDetection] | [line:905] | [MESSAGE] [Speech Detection] Start speech detector.
2018-05-23 18:47:20.493 | I | -[QuestionPageVC resumeSpeechDetection] | [line:914] | [MESSAGE] [Speech Detection] Resume speech detector.
2018-05-23 18:47:20.493 | I | -[SpeechDetector activateDetection] | [line:68] | [MESSAGE] Speech Detector activate
2018-05-23 18:47:20.494 | I | -[QuestionPageVC startTimerOfNoResponse1] | [line:996] | [MESSAGE] [Audio prompt] Start counting 8.000000 seconds. No response 1.
2018-05-23 18:47:28.494 | I | -[QuestionPageVC pauseSpeechDetection] | [line:921] | [MESSAGE] [Speech Detection] Pause speech detector.
2018-05-23 18:47:28.494 | I | -[SpeechDetector deactivateDetection] | [line:84] | [MESSAGE] Speech Detector deactivate
2018-05-23 18:47:28.587 | I | -[QuestionPageVC startTimerOfNoResponse1]_block_invoke | [line:994] | [MESSAGE] [Audio prompt] Playing no response 1.
2018-05-23 18:47:30.846 | I | -[QuestionPageVC audioPlayerDidFinishPlaying:successfully:] | [line:692] | [MESSAGE] Audio playback finished. Played URL file:///var/containers/Bundle/Application/2245DF07-B008-407E-AC90-825023E2D15C/AiView.app/IMA.prompt.not%20speaking.1.mp3. Successfully? 1
2018-05-23 18:47:30.847 | I | -[QuestionPageVC resumeSpeechDetection] | [line:914] | [MESSAGE] [Speech Detection] Resume speech detector.
2018-05-23 18:47:30.847 | I | -[SpeechDetector activateDetection] | [line:68] | [MESSAGE] Speech Detector activate
2018-05-23 18:47:30.847 | I | -[QuestionPageVC startTimerOfNoResponse2] | [line:1013] | [MESSAGE] [Audio prompt] Start counting 4.000000 seconds. No response 2.
2018-05-23 18:47:34.848 | I | -[QuestionPageVC pauseSpeechDetection] | [line:921] | [MESSAGE] [Speech Detection] Pause speech detector.
2018-05-23 18:47:34.848 | I | -[SpeechDetector deactivateDetection] | [line:84] | [MESSAGE] Speech Detector deactivate
2018-05-23 18:47:34.940 | I | -[QuestionPageVC startTimerOfNoResponse2]_block_invoke | [line:1011] | [MESSAGE] [Audio prompt] Playing no response 2.
2018-05-23 18:47:37.629 | I | -[QuestionPageVC audioPlayerDidFinishPlaying:successfully:] | [line:692] | [MESSAGE] Audio playback finished. Played URL file:///var/containers/Bundle/Application/2245DF07-B008-407E-AC90-825023E2D15C/AiView.app/IMA.prompt.not%20speaking.2.mp3. Successfully? 1
2018-05-23 18:47:37.629 | I | -[QuestionPageVC resumeSpeechDetection] | [line:914] | [MESSAGE] [Speech Detection] Resume speech detector.
2018-05-23 18:47:37.629 | I | -[SpeechDetector activateDetection] | [line:68] | [MESSAGE] Speech Detector activate
2018-05-23 18:48:11.139 | I | -[SpeechDetector pocketsphinxDidDetectSpeech] | [line:148] | [MESSAGE] Speech Detector checkOverallBegin
2018-05-23 18:48:11.140 | I | -[QuestionPageVC startTimerOfAnswerTooLong] | [line:1067] | [MESSAGE] [Audio prompt] Start counting 180.000000 seconds. Answer too long.
2018-05-23 18:48:11.140 | I | -[QuestionPageVC startTimerOfMinimumRequired] | [line:1081] | [MESSAGE] [Audio prompt] Start counting 10.000000 seconds. Minumum required.
2018-05-23 18:48:27.101 | I | -[SpeechDetector repeatChecking] | [line:121] | [MESSAGE] Speech Detector onSpeechEndOverall
2018-05-23 18:48:31.343 | I | -[SpeechDetector pocketsphinxDidDetectSpeech] | [line:148] | [MESSAGE] Speech Detector checkOverallBegin
2018-05-23 18:48:31.343 | I | -[QuestionPageVC startTimerOfAnswerTooLong] | [line:1067] | [MESSAGE] [Audio prompt] Start counting 164.038154 seconds. Answer too long.
2018-05-23 18:48:31.343 | I | -[QuestionPageVC startTimerOfMinimumRequired] | [line:1081] | [MESSAGE] [Audio prompt] Start counting 0.000000 seconds. Minumum required.
2018-05-23 18:48:35.704 | I | -[SpeechDetector repeatChecking] | [line:121] | [MESSAGE] Speech Detector onSpeechEndOverall
2018-05-23 18:49:25.344 | I | -[SpeechDetector pocketsphinxDidDetectSpeech] | [line:148] | [MESSAGE] Speech Detector checkOverallBegin
2018-05-23 18:49:25.344 | I | -[QuestionPageVC startTimerOfAnswerTooLong] | [line:1067] | [MESSAGE] [Audio prompt] Start counting 159.676610 seconds. Answer too long.
2018-05-23 18:49:25.344 | I | -[QuestionPageVC startTimerOfMinimumRequired] | [line:1081] | [MESSAGE] [Audio prompt] Start counting 0.000000 seconds. Minumum required.
2018-05-23 18:49:29.703 | I | -[SpeechDetector repeatChecking] | [line:121] | [MESSAGE] Speech Detector onSpeechEndOverall
2018-05-23 18:54:24.082 | I | -[SpeechDetector pocketsphinxDidDetectSpeech] | [line:148] | [MESSAGE] Speech Detector checkOverallBegin
2018-05-23 18:54:24.083 | I | -[QuestionPageVC startTimerOfAnswerTooLong] | [line:1067] | [MESSAGE] [Audio prompt] Start counting 155.317207 seconds. Answer too long.
2018-05-23 18:54:24.083 | I | -[QuestionPageVC startTimerOfMinimumRequired] | [line:1081] | [MESSAGE] [Audio prompt] Start counting 0.000000 seconds. Minumum required.
2018-05-23 18:54:27.502 | I | -[SpeechDetector repeatChecking] | [line:121] | [MESSAGE] Speech Detector onSpeechEndOverall
2018-05-23 18:57:59.581 | I | -[SpeechDetector pocketsphinxDidDetectSpeech] | [line:148] | [MESSAGE] Speech Detector checkOverallBegin
2018-05-23 18:57:59.581 | I | -[QuestionPageVC startTimerOfAnswerTooLong] | [line:1067] | [MESSAGE] [Audio prompt] Start counting 151.897403 seconds. Answer too long.
2018-05-23 18:57:59.582 | I | -[QuestionPageVC startTimerOfMinimumRequired] | [line:1081] | [MESSAGE] [Audio prompt] Start counting 0.000000 seconds. Minumum required.
2018-05-23 18:58:03.302 | I | -[SpeechDetector repeatChecking] | [line:121] | [MESSAGE] Speech Detector onSpeechEndOverall
2018-05-23 18:58:35.061 | I | -[SpeechDetector pocketsphinxDidDetectSpeech] | [line:148] | [MESSAGE] Speech Detector checkOverallBegin
2018-05-23 18:58:35.062 | I | -[QuestionPageVC startTimerOfAnswerTooLong] | [line:1067] | [MESSAGE] [Audio prompt] Start counting 148.177048 seconds. Answer too long.
2018-05-23 18:58:35.062 | I | -[QuestionPageVC startTimerOfMinimumRequired] | [line:1081] | [MESSAGE] [Audio prompt] Start counting 0.000000 seconds. Minumum required.
2018-05-23 18:58:38.702 | I | -[SpeechDetector repeatChecking] | [line:121] | [MESSAGE] Speech Detector onSpeechEndOverall
2018-05-23 18:58:42.143 | I | -[AppDelegate applicationWillResignActive:] | [line:201] | [MESSAGE] application Will Resign Active
2018-05-23 18:58:42.258 | I | -[AIARViewController cancelRecording] | [line:118] | [MESSAGE] ARSession recording cancelled.
