2018-05-23 19:02:17.882 | I | -[AppDelegate application:didFinishLaunchingWithOptions:] | [line:186] | [MESSAGE] application Did Finish Launching
2018-05-23 19:02:17.924 | I | -[AppDelegate logMataData] | [line:164] | [MESSAGE] trial ID client100prod_1525443315
2018-05-23 19:02:17.924 | I | -[AppDelegate logMataData] | [line:165] | [MESSAGE] trial name pro
2018-05-23 19:02:17.925 | I | -[UIDeviceHardware platformString] | [line:30] | [MESSAGE] apple device internal version code iPhone10,6
2018-05-23 19:02:17.925 | I | -[AppDelegate logMataData] | [line:166] | [MESSAGE] Device Hardware iPhone X
2018-05-23 19:02:17.925 | I | -[AppDelegate logMataData] | [line:167] | [MESSAGE] OS Version 11.3.1
2018-05-23 19:02:17.925 | I | -[AppDelegate logMataData] | [line:168] | [MESSAGE] AiView build version 2018.3
2018-05-23 19:02:17.925 | I | -[AppDelegate logMataData] | [line:169] | [MESSAGE] device language en-US
2018-05-23 19:02:17.927 | I | -[AppDelegate logMataData] | [line:170] | [MESSAGE] device UUID 74F32306-8409-433C-9253-4B0B75B3ED29
2018-05-23 19:02:17.927 | I | -[AppDelegate logMataData] | [line:173] | [MESSAGE] Patient ID (null)
2018-05-23 19:02:17.929 | I | +[AIUtil hasInternetConnection] | [line:683] | [MESSAGE] has internet connnection = 1
2018-05-23 19:02:18.043 | I | -[AppDelegate application:didRegisterForRemoteNotificationsWithDeviceToken:] | [line:437] | [MESSAGE] Succeded to get APNS token data: <cea89062 3ef8d193 9f587dac 84271043 3cd396e3 28b4b3d2 7fa07ea1 13d9e2d1>
2018-05-23 19:02:18.043 | I | -[AppDelegate application:didRegisterForRemoteNotificationsWithDeviceToken:] | [line:443] | [MESSAGE] deviceToken:  cea890623ef8d1939f587dac842710433cd396e328b4b3d27fa07ea113d9e2d1
2018-05-23 19:02:18.555 | D | -[AiViewSwitch startApp] | [line:156] | [MESSAGE] StartApp in AiViewSwitch
2018-05-23 19:02:18.590 | I | +[AIUtil checkPermission] | [line:1132] | [MESSAGE] camera access / mic access Authorized
2018-05-23 19:02:18.636 | I | -[AiView viewDidLoad] | [line:68] | [MESSAGE] AiView view did load
2018-05-23 19:02:20.339 | I | -[AINeuralNetworkConfigManager fileDownloadedWithUrl:succeeded:] | [line:261] | [MESSAGE] [DNN] Downloading neural network config succeeded.
2018-05-23 19:02:20.341 | I | -[MedProtocolController getNexMedFromUser:dateTime:loadData:context:] | [line:144] | [MESSAGE] currentDoseDone: 0
2018-05-23 19:02:20.342 | I | -[AiView defineProcess:currentTime:context:] | [line:157] | [MESSAGE] allMedsWithinDoseNotFinished 0
2018-05-23 19:02:20.347 | E | loadUnsentQuestionnaires() | [line:475] | [MESSAGE] [Questionnaire] Loading saved questionnaire event(s) failed. Error Domain=NSCocoaErrorDomain Code=260 "The file “event” couldn’t be opened because there is no such file." UserInfo={NSURL=file:///var/mobile/Containers/Data/Application/0421E7D4-ADB6-43D1-B02E-92D7AE573C8E/Documents/event, NSFilePath=/var/mobile/Containers/Data/Application/0421E7D4-ADB6-43D1-B02E-92D7AE573C8E/Documents/event, NSUnderlyingError=0x1d06512e0 {Error Domain=NSPOSIXErrorDomain Code=2 "No such file or directory"}}
2018-05-23 19:02:20.347 | I | sendUnsentQuestionnaires() | [line:485] | [MESSAGE] [Questionnaire] Posting saved questionnaire event(s).
2018-05-23 19:02:20.367 | I | -[MedicationConfirmVC viewDidLoad] | [line:45] | [MESSAGE] MedicationConfirmVC view did load
2018-05-23 19:02:20.582 | I | saveQuestionnaireIDsToFile(trialID:) | [line:193] | [MESSAGE] [Questionnaire] Saving questionnaire IDs succeeded. Filename: questionnaireIDs_client100prod_1525443315.
2018-05-23 19:02:20.582 | I | getQuestionnaireIDs(trialID:) | [line:88] | [MESSAGE] [API Gateway] Getting questionnaire IDs succeeded. TrialID: client100prod_1525443315. Questionnaire IDs: ["client100prod_1525443315-1526514832783-06c07c52-5618-4585-9249-b783ddb6f88b", "client100prod_1525443315-1525899697730-48b05138-e9c5-4e0f-9e9e-6ffdfe32d197", "client100prod_1525443315-1526411416794-c045df71-1d1b-4346-a3c5-4d3ff4b356f3", "client100prod_1525443315-1525890381362-df4f967d-1af6-4b6d-b7e0-9514bd4e58d4", "client100prod_1525443315-1526512173040-60e1a64f-6305-4a01-86bc-44fe58931ac6", "client100prod_1525443315-1526575714597-97bea7fb-5305-4d13-b0b0-33f16c3349bf", "client100prod_1525443315-1526871500579-38d51912-358c-4c7a-a28e-f729a9af3ede"]
2018-05-23 19:02:20.700 | I | getQuestionnaire(questionnaireID:) | [line:128] | [MESSAGE] [API Gateway] Getting questionnaire succeeded. Questionnaire ID: client100prod_1525443315-1526871500579-38d51912-358c-4c7a-a28e-f729a9af3ede. Name: delete.
2018-05-23 19:02:20.701 | I | getQuestionnaire(questionnaireID:) | [line:136] | [MESSAGE] [API Gateway] Questionnaire is neither active nor daily_dose mode. Skip it. Questionnaire ID: Questionnaire ID: client100prod_1525443315-1526871500579-38d51912-358c-4c7a-a28e-f729a9af3ede. Name: delete
2018-05-23 19:02:20.721 | I | getQuestionnaire(questionnaireID:) | [line:128] | [MESSAGE] [API Gateway] Getting questionnaire succeeded. Questionnaire ID: client100prod_1525443315-1526514832783-06c07c52-5618-4585-9249-b783ddb6f88b. Name: Facial Expression Exercise.
2018-05-23 19:02:20.737 | I | saveQuestionnaireToFile(questionnaire:) | [line:234] | [MESSAGE] [Questionnaire] Saving questionnaire succeeded. Filename: client100prod_1525443315-1526514832783-06c07c52-5618-4585-9249-b783ddb6f88b.
2018-05-23 19:02:20.766 | I | getQuestionnaire(questionnaireID:) | [line:128] | [MESSAGE] [API Gateway] Getting questionnaire succeeded. Questionnaire ID: client100prod_1525443315-1525890381362-df4f967d-1af6-4b6d-b7e0-9514bd4e58d4. Name: VST and ANSA Day 1.
2018-05-23 19:02:20.792 | I | saveQuestionnaireToFile(questionnaire:) | [line:234] | [MESSAGE] [Questionnaire] Saving questionnaire succeeded. Filename: client100prod_1525443315-1525890381362-df4f967d-1af6-4b6d-b7e0-9514bd4e58d4.
2018-05-23 19:02:20.796 | I | getQuestionnaire(questionnaireID:) | [line:128] | [MESSAGE] [API Gateway] Getting questionnaire succeeded. Questionnaire ID: client100prod_1525443315-1526575714597-97bea7fb-5305-4d13-b0b0-33f16c3349bf. Name: CDX Training Set.
2018-05-23 19:02:20.801 | I | saveQuestionnaireToFile(questionnaire:) | [line:234] | [MESSAGE] [Questionnaire] Saving questionnaire succeeded. Filename: client100prod_1525443315-1526575714597-97bea7fb-5305-4d13-b0b0-33f16c3349bf.
2018-05-23 19:02:20.820 | I | getPatientSchdule() | [line:54] | [MESSAGE] [API Gateway] Getting action schedules success.
2018-05-23 19:02:20.823 | I | saveActionSchedulesToFile(actionSchedules:) | [line:98] | [MESSAGE] [Action Schedules] Saving action schedules succeeded. Filename: action_schedules.
2018-05-23 19:02:20.837 | I | getQuestionnaire(questionnaireID:) | [line:128] | [MESSAGE] [API Gateway] Getting questionnaire succeeded. Questionnaire ID: client100prod_1525443315-1526512173040-60e1a64f-6305-4a01-86bc-44fe58931ac6. Name: Ecological Momentary Assessment.
2018-05-23 19:02:20.840 | I | saveQuestionnaireToFile(questionnaire:) | [line:234] | [MESSAGE] [Questionnaire] Saving questionnaire succeeded. Filename: client100prod_1525443315-1526512173040-60e1a64f-6305-4a01-86bc-44fe58931ac6.
2018-05-23 19:02:20.881 | I | getQuestionnaire(questionnaireID:) | [line:128] | [MESSAGE] [API Gateway] Getting questionnaire succeeded. Questionnaire ID: client100prod_1525443315-1526411416794-c045df71-1d1b-4346-a3c5-4d3ff4b356f3. Name: VST and ANSA Day 14.
2018-05-23 19:02:20.904 | I | saveQuestionnaireToFile(questionnaire:) | [line:234] | [MESSAGE] [Questionnaire] Saving questionnaire succeeded. Filename: client100prod_1525443315-1526411416794-c045df71-1d1b-4346-a3c5-4d3ff4b356f3.
2018-05-23 19:02:20.920 | I | getQuestionnaire(questionnaireID:) | [line:128] | [MESSAGE] [API Gateway] Getting questionnaire succeeded. Questionnaire ID: client100prod_1525443315-1525899697730-48b05138-e9c5-4e0f-9e9e-6ffdfe32d197. Name: VST Day 7.
2018-05-23 19:02:20.926 | I | saveQuestionnaireToFile(questionnaire:) | [line:234] | [MESSAGE] [Questionnaire] Saving questionnaire succeeded. Filename: client100prod_1525443315-1525899697730-48b05138-e9c5-4e0f-9e9e-6ffdfe32d197.
2018-05-23 19:02:21.105 | I | -[FlexibleAudioPlayerController playAudioWithName:] | [line:80] | [MESSAGE] playAudioWithName conclusion_11
2018-05-23 19:02:21.105 | I | -[AudioPlayer playAudioName:] | [line:38] | [MESSAGE] play audio name conclusion_11
2018-05-23 19:02:26.013 | I | -[DigitalClockVC viewDidLoad] | [line:138] | [MESSAGE] DigitalClockVC view did load
2018-05-23 19:02:26.059 | I | -[Transmission sendAll] | [line:80] | [MESSAGE] Transmission send all
2018-05-23 19:02:26.060 | I | -[Transmission sendAll] | [line:115] | [MESSAGE] Encrypting files
2018-05-23 19:02:26.099 | I | -[DigitalClockVC constructNextActionSchedulesAndQuestionnairesIfPossible] | [line:806] | [MESSAGE] constructNextActionSchedulesAndQuestionnairesIfPossible
2018-05-23 19:02:26.130 | I | -[DigitalClockVC showScreenBasedOnStatus] | [line:358] | [MESSAGE] show screen based on status
2018-05-23 19:02:26.130 | I | -[DigitalClockVC displayReminderView] | [line:515] | [MESSAGE] displayReminderView
2018-05-23 19:02:26.130 | I | -[DigitalClockVC showDigitalClockNormal] | [line:580] | [MESSAGE] showDigitalClockNormal
2018-05-23 19:02:26.151 | I | -[DigitalClockVC displayReminderView] | [line:515] | [MESSAGE] displayReminderView
2018-05-23 19:02:26.151 | I | -[DigitalClockVC showDigitalClockNormal] | [line:580] | [MESSAGE] showDigitalClockNormal
2018-05-23 19:02:26.157 | I | -[DigitalClockVC startPKVisitQuestionIfNecessary] | [line:721] | [MESSAGE] startPKVisitQuestionIfNecessary
2018-05-23 19:02:26.210 | I | -[DigitalClockVC showScreenBasedOnStatus] | [line:358] | [MESSAGE] show screen based on status
2018-05-23 19:02:26.210 | I | -[DigitalClockVC displayReminderView] | [line:515] | [MESSAGE] displayReminderView
2018-05-23 19:02:26.211 | I | -[DigitalClockVC showDigitalClockNormal] | [line:580] | [MESSAGE] showDigitalClockNormal
2018-05-23 19:02:26.232 | I | -[DigitalClockVC displayReminderView] | [line:515] | [MESSAGE] displayReminderView
2018-05-23 19:02:26.232 | I | -[DigitalClockVC showDigitalClockNormal] | [line:580] | [MESSAGE] showDigitalClockNormal
2018-05-23 19:02:26.238 | I | -[DigitalClockVC startPKVisitQuestionIfNecessary] | [line:721] | [MESSAGE] startPKVisitQuestionIfNecessary
2018-05-23 19:02:26.242 | I | -[Transmission update:task_name:] | [line:246] | [MESSAGE] Task id done: 1
2018-05-23 19:02:26.346 | I | -[Transmission update:task_name:] | [line:246] | [MESSAGE] Task id done: 2
2018-05-23 19:02:26.441 | I | -[Transmission update:task_name:] | [line:246] | [MESSAGE] Task id done: 3
2018-05-23 19:02:26.568 | I | -[Transmission update:task_name:] | [line:246] | [MESSAGE] Task id done: 4
2018-05-23 19:02:26.675 | I | -[Transmission update:task_name:] | [line:246] | [MESSAGE] Task id done: 5
2018-05-23 19:02:26.800 | I | -[Transmission update:task_name:] | [line:246] | [MESSAGE] Task id done: 6
2018-05-23 19:02:27.559 | I | -[AINeuralNetworkConfigManager fileDownloadedWithUrl:succeeded:] | [line:261] | [MESSAGE] [DNN] Downloading neural network config succeeded.
2018-05-23 19:02:27.560 | I | sendUnsentQuestionnaires() | [line:485] | [MESSAGE] [Questionnaire] Posting saved questionnaire event(s).
2018-05-23 19:02:27.749 | I | saveQuestionnaireIDsToFile(trialID:) | [line:193] | [MESSAGE] [Questionnaire] Saving questionnaire IDs succeeded. Filename: questionnaireIDs_client100prod_1525443315.
2018-05-23 19:02:27.750 | I | getQuestionnaireIDs(trialID:) | [line:88] | [MESSAGE] [API Gateway] Getting questionnaire IDs succeeded. TrialID: client100prod_1525443315. Questionnaire IDs: ["client100prod_1525443315-1526514832783-06c07c52-5618-4585-9249-b783ddb6f88b", "client100prod_1525443315-1525899697730-48b05138-e9c5-4e0f-9e9e-6ffdfe32d197", "client100prod_1525443315-1526411416794-c045df71-1d1b-4346-a3c5-4d3ff4b356f3", "client100prod_1525443315-1525890381362-df4f967d-1af6-4b6d-b7e0-9514bd4e58d4", "client100prod_1525443315-1526512173040-60e1a64f-6305-4a01-86bc-44fe58931ac6", "client100prod_1525443315-1526575714597-97bea7fb-5305-4d13-b0b0-33f16c3349bf", "client100prod_1525443315-1526871500579-38d51912-358c-4c7a-a28e-f729a9af3ede"]
2018-05-23 19:02:27.788 | I | getPatientSchdule() | [line:54] | [MESSAGE] [API Gateway] Getting action schedules success.
2018-05-23 19:02:27.789 | I | -[DigitalClockVC constructNextActionSchedulesAndQuestionnairesIfPossible] | [line:806] | [MESSAGE] constructNextActionSchedulesAndQuestionnairesIfPossible
2018-05-23 19:02:27.837 | I | -[DigitalClockVC showScreenBasedOnStatus] | [line:358] | [MESSAGE] show screen based on status
2018-05-23 19:02:27.837 | I | -[DigitalClockVC displayReminderView] | [line:515] | [MESSAGE] displayReminderView
2018-05-23 19:02:27.838 | I | -[DigitalClockVC showDigitalClockNormal] | [line:580] | [MESSAGE] showDigitalClockNormal
2018-05-23 19:02:27.842 | I | saveActionSchedulesToFile(actionSchedules:) | [line:98] | [MESSAGE] [Action Schedules] Saving action schedules succeeded. Filename: action_schedules.
2018-05-23 19:02:27.861 | I | -[DigitalClockVC displayReminderView] | [line:515] | [MESSAGE] displayReminderView
2018-05-23 19:02:27.861 | I | -[DigitalClockVC showDigitalClockNormal] | [line:580] | [MESSAGE] showDigitalClockNormal
2018-05-23 19:02:27.867 | I | -[DigitalClockVC startPKVisitQuestionIfNecessary] | [line:721] | [MESSAGE] startPKVisitQuestionIfNecessary
2018-05-23 19:02:27.868 | I | getQuestionnaire(questionnaireID:) | [line:128] | [MESSAGE] [API Gateway] Getting questionnaire succeeded. Questionnaire ID: client100prod_1525443315-1526514832783-06c07c52-5618-4585-9249-b783ddb6f88b. Name: Facial Expression Exercise.
2018-05-23 19:02:27.874 | I | saveQuestionnaireToFile(questionnaire:) | [line:234] | [MESSAGE] [Questionnaire] Saving questionnaire succeeded. Filename: client100prod_1525443315-1526514832783-06c07c52-5618-4585-9249-b783ddb6f88b.
2018-05-23 19:02:27.876 | I | getQuestionnaire(questionnaireID:) | [line:128] | [MESSAGE] [API Gateway] Getting questionnaire succeeded. Questionnaire ID: client100prod_1525443315-1526512173040-60e1a64f-6305-4a01-86bc-44fe58931ac6. Name: Ecological Momentary Assessment.
2018-05-23 19:02:27.878 | I | saveQuestionnaireToFile(questionnaire:) | [line:234] | [MESSAGE] [Questionnaire] Saving questionnaire succeeded. Filename: client100prod_1525443315-1526512173040-60e1a64f-6305-4a01-86bc-44fe58931ac6.
2018-05-23 19:02:27.882 | I | getQuestionnaire(questionnaireID:) | [line:128] | [MESSAGE] [API Gateway] Getting questionnaire succeeded. Questionnaire ID: client100prod_1525443315-1525899697730-48b05138-e9c5-4e0f-9e9e-6ffdfe32d197. Name: VST Day 7.
2018-05-23 19:02:27.887 | I | saveQuestionnaireToFile(questionnaire:) | [line:234] | [MESSAGE] [Questionnaire] Saving questionnaire succeeded. Filename: client100prod_1525443315-1525899697730-48b05138-e9c5-4e0f-9e9e-6ffdfe32d197.
2018-05-23 19:02:27.887 | I | getQuestionnaire(questionnaireID:) | [line:128] | [MESSAGE] [API Gateway] Getting questionnaire succeeded. Questionnaire ID: client100prod_1525443315-1526871500579-38d51912-358c-4c7a-a28e-f729a9af3ede. Name: delete.
2018-05-23 19:02:27.887 | I | getQuestionnaire(questionnaireID:) | [line:136] | [MESSAGE] [API Gateway] Questionnaire is neither active nor daily_dose mode. Skip it. Questionnaire ID: Questionnaire ID: client100prod_1525443315-1526871500579-38d51912-358c-4c7a-a28e-f729a9af3ede. Name: delete
2018-05-23 19:02:27.950 | I | getQuestionnaire(questionnaireID:) | [line:128] | [MESSAGE] [API Gateway] Getting questionnaire succeeded. Questionnaire ID: client100prod_1525443315-1526575714597-97bea7fb-5305-4d13-b0b0-33f16c3349bf. Name: CDX Training Set.
2018-05-23 19:02:27.956 | I | saveQuestionnaireToFile(questionnaire:) | [line:234] | [MESSAGE] [Questionnaire] Saving questionnaire succeeded. Filename: client100prod_1525443315-1526575714597-97bea7fb-5305-4d13-b0b0-33f16c3349bf.
2018-05-23 19:02:27.998 | I | getQuestionnaire(questionnaireID:) | [line:128] | [MESSAGE] [API Gateway] Getting questionnaire succeeded. Questionnaire ID: client100prod_1525443315-1526411416794-c045df71-1d1b-4346-a3c5-4d3ff4b356f3. Name: VST and ANSA Day 14.
2018-05-23 19:02:28.020 | I | saveQuestionnaireToFile(questionnaire:) | [line:234] | [MESSAGE] [Questionnaire] Saving questionnaire succeeded. Filename: client100prod_1525443315-1526411416794-c045df71-1d1b-4346-a3c5-4d3ff4b356f3.
2018-05-23 19:02:28.065 | I | getQuestionnaire(questionnaireID:) | [line:128] | [MESSAGE] [API Gateway] Getting questionnaire succeeded. Questionnaire ID: client100prod_1525443315-1525890381362-df4f967d-1af6-4b6d-b7e0-9514bd4e58d4. Name: VST and ANSA Day 1.
2018-05-23 19:02:28.087 | I | saveQuestionnaireToFile(questionnaire:) | [line:234] | [MESSAGE] [Questionnaire] Saving questionnaire succeeded. Filename: client100prod_1525443315-1525890381362-df4f967d-1af6-4b6d-b7e0-9514bd4e58d4.
2018-05-23 19:02:28.087 | I | -[DigitalClockVC constructNextActionSchedulesAndQuestionnairesIfPossible] | [line:806] | [MESSAGE] constructNextActionSchedulesAndQuestionnairesIfPossible
2018-05-23 19:02:28.109 | I | -[DigitalClockVC showScreenBasedOnStatus] | [line:358] | [MESSAGE] show screen based on status
2018-05-23 19:02:28.110 | I | -[DigitalClockVC displayReminderView] | [line:515] | [MESSAGE] displayReminderView
2018-05-23 19:02:28.110 | I | -[DigitalClockVC showDigitalClockNormal] | [line:580] | [MESSAGE] showDigitalClockNormal
2018-05-23 19:02:28.129 | I | -[DigitalClockVC displayReminderView] | [line:515] | [MESSAGE] displayReminderView
2018-05-23 19:02:28.129 | I | -[DigitalClockVC showDigitalClockNormal] | [line:580] | [MESSAGE] showDigitalClockNormal
2018-05-23 19:02:28.134 | I | -[DigitalClockVC startPKVisitQuestionIfNecessary] | [line:721] | [MESSAGE] startPKVisitQuestionIfNecessary
2018-05-23 19:02:30.386 | I | -[DigitalClockVC showQuestionnaire] | [line:788] | [MESSAGE] showQuestionnaire
2018-05-23 19:02:31.684 | I | -[QuestionPageVC viewDidLoad] | [line:250] | [MESSAGE] Question page view did load. title: AiCure, class: QuestionPageVideoVC, answering
2018-05-23 19:02:31.684 | I | -[QuestionPageVC viewDidLoad] | [line:258] | [MESSAGE] Background recording is on.
2018-05-23 19:02:31.769 | I | -[QuestionPageVC viewDidLoad] | [line:250] | [MESSAGE] Question page view did load. title: AiCure, class: AIARViewController, reviewing
2018-05-23 19:02:31.770 | I | -[QuestionPageVC viewDidLoad] | [line:283] | [MESSAGE] Background recording is off.
2018-05-23 19:02:31.786 | I | -[AIARViewController viewDidLoad] | [line:82] | [MESSAGE] AIARViewController viewDidLoad finished.
2018-05-23 19:02:34.905 | I | -[QuestionPageVC audioPlayerDidFinishPlaying:successfully:] | [line:692] | [MESSAGE] Audio playback finished. Played URL file:///var/mobile/Containers/Data/Application/0421E7D4-ADB6-43D1-B02E-92D7AE573C8E/Library/Application%20Support/questionnaire/assets/a3a365b9-0a8d-4688-b771-41b11cb4b1b0_83.mp3. Successfully? 1
2018-05-23 19:02:34.906 | I | -[QuestionPageVC startSpeechDetection] | [line:905] | [MESSAGE] [Speech Detection] Start speech detector.
2018-05-23 19:02:34.906 | I | -[QuestionPageVC resumeSpeechDetection] | [line:914] | [MESSAGE] [Speech Detection] Resume speech detector.
2018-05-23 19:02:34.906 | I | -[SpeechDetector activateDetection] | [line:68] | [MESSAGE] Speech Detector activate
2018-05-23 19:02:34.906 | I | -[QuestionPageVC startTimerOfNoResponse1] | [line:996] | [MESSAGE] [Audio prompt] Start counting 8.000000 seconds. No response 1.
2018-05-23 19:02:42.906 | I | -[QuestionPageVC pauseSpeechDetection] | [line:921] | [MESSAGE] [Speech Detection] Pause speech detector.
2018-05-23 19:02:42.906 | I | -[SpeechDetector deactivateDetection] | [line:84] | [MESSAGE] Speech Detector deactivate
2018-05-23 19:02:43.005 | I | -[QuestionPageVC startTimerOfNoResponse1]_block_invoke | [line:994] | [MESSAGE] [Audio prompt] Playing no response 1.
2018-05-23 19:02:45.267 | I | -[QuestionPageVC audioPlayerDidFinishPlaying:successfully:] | [line:692] | [MESSAGE] Audio playback finished. Played URL file:///var/containers/Bundle/Application/2F0467DA-32B9-4ED0-89A4-E22288CF37EB/AiView.app/IMA.prompt.not%20speaking.1.mp3. Successfully? 1
2018-05-23 19:02:45.268 | I | -[QuestionPageVC resumeSpeechDetection] | [line:914] | [MESSAGE] [Speech Detection] Resume speech detector.
2018-05-23 19:02:45.268 | I | -[SpeechDetector activateDetection] | [line:68] | [MESSAGE] Speech Detector activate
2018-05-23 19:02:45.268 | I | -[QuestionPageVC startTimerOfNoResponse2] | [line:1013] | [MESSAGE] [Audio prompt] Start counting 4.000000 seconds. No response 2.
2018-05-23 19:02:49.269 | I | -[QuestionPageVC pauseSpeechDetection] | [line:921] | [MESSAGE] [Speech Detection] Pause speech detector.
2018-05-23 19:02:49.270 | I | -[SpeechDetector deactivateDetection] | [line:84] | [MESSAGE] Speech Detector deactivate
2018-05-23 19:02:49.366 | I | -[QuestionPageVC startTimerOfNoResponse2]_block_invoke | [line:1011] | [MESSAGE] [Audio prompt] Playing no response 2.
2018-05-23 19:03:00.198 | I | -[QuestionPageVC audioPlayerDidFinishPlaying:successfully:] | [line:692] | [MESSAGE] Audio playback finished. Played URL file:///var/containers/Bundle/Application/2F0467DA-32B9-4ED0-89A4-E22288CF37EB/AiView.app/IMA.prompt.not%20speaking.2.mp3. Successfully? 1
2018-05-23 19:03:00.199 | I | -[QuestionPageVC resumeSpeechDetection] | [line:914] | [MESSAGE] [Speech Detection] Resume speech detector.
2018-05-23 19:03:00.199 | I | -[SpeechDetector activateDetection] | [line:68] | [MESSAGE] Speech Detector activate
2018-05-23 19:03:45.530 | I | -[SpeechDetector pocketsphinxDidDetectSpeech] | [line:148] | [MESSAGE] Speech Detector checkOverallBegin
2018-05-23 19:03:45.530 | I | -[QuestionPageVC startTimerOfAnswerTooLong] | [line:1067] | [MESSAGE] [Audio prompt] Start counting 180.000000 seconds. Answer too long.
2018-05-23 19:03:45.530 | I | -[QuestionPageVC startTimerOfMinimumRequired] | [line:1081] | [MESSAGE] [Audio prompt] Start counting 10.000000 seconds. Minumum required.
2018-05-23 19:03:49.106 | I | -[SpeechDetector repeatChecking] | [line:121] | [MESSAGE] Speech Detector onSpeechEndOverall
2018-05-23 19:03:49.107 | I | -[QuestionPageVC startTimerOfShortResponse1] | [line:1032] | [MESSAGE] [Audio prompt] Start counting 4.000000 seconds. Short response 1.
2018-05-23 19:03:53.114 | I | -[QuestionPageVC pauseSpeechDetection] | [line:921] | [MESSAGE] [Speech Detection] Pause speech detector.
2018-05-23 19:03:53.114 | I | -[SpeechDetector deactivateDetection] | [line:84] | [MESSAGE] Speech Detector deactivate
2018-05-23 19:03:53.223 | I | -[QuestionPageVC startTimerOfShortResponse1]_block_invoke | [line:1030] | [MESSAGE] [Audio prompt] Playing short response 1.
2018-05-23 19:03:55.037 | I | -[QuestionPageVC audioPlayerDidFinishPlaying:successfully:] | [line:692] | [MESSAGE] Audio playback finished. Played URL file:///var/containers/Bundle/Application/2F0467DA-32B9-4ED0-89A4-E22288CF37EB/AiView.app/IMA.prompt.not%20enough.1.mp3. Successfully? 1
2018-05-23 19:03:55.037 | I | -[QuestionPageVC resumeSpeechDetection] | [line:914] | [MESSAGE] [Speech Detection] Resume speech detector.
2018-05-23 19:03:55.037 | I | -[SpeechDetector activateDetection] | [line:68] | [MESSAGE] Speech Detector activate
2018-05-23 19:03:55.037 | I | -[QuestionPageVC startTimerOfShortResponse2] | [line:1050] | [MESSAGE] [Audio prompt] Start counting 4.000000 seconds. Short response 2.
2018-05-23 19:03:57.852 | I | -[SpeechDetector pocketsphinxDidDetectSpeech] | [line:148] | [MESSAGE] Speech Detector checkOverallBegin
2018-05-23 19:03:57.853 | I | -[QuestionPageVC startTimerOfAnswerTooLong] | [line:1067] | [MESSAGE] [Audio prompt] Start counting 176.423773 seconds. Answer too long.
2018-05-23 19:03:57.853 | I | -[QuestionPageVC startTimerOfMinimumRequired] | [line:1081] | [MESSAGE] [Audio prompt] Start counting 6.423773 seconds. Minumum required.
2018-05-23 19:04:02.106 | I | -[SpeechDetector repeatChecking] | [line:121] | [MESSAGE] Speech Detector onSpeechEndOverall
2018-05-23 19:04:02.106 | I | -[QuestionPageVC startTimerOfShortResponse2] | [line:1050] | [MESSAGE] [Audio prompt] Start counting 4.000000 seconds. Short response 2.
2018-05-23 19:04:06.111 | I | -[QuestionPageVC pauseSpeechDetection] | [line:921] | [MESSAGE] [Speech Detection] Pause speech detector.
2018-05-23 19:04:06.111 | I | -[SpeechDetector deactivateDetection] | [line:84] | [MESSAGE] Speech Detector deactivate
2018-05-23 19:04:06.197 | I | -[QuestionPageVC startTimerOfShortResponse2]_block_invoke | [line:1048] | [MESSAGE] [Audio prompt] Playing short response 2.
2018-05-23 19:04:08.269 | I | -[QuestionPageVC audioPlayerDidFinishPlaying:successfully:] | [line:692] | [MESSAGE] Audio playback finished. Played URL file:///var/containers/Bundle/Application/2F0467DA-32B9-4ED0-89A4-E22288CF37EB/AiView.app/IMA.prompt.not%20enough.2.mp3. Successfully? 1
2018-05-23 19:04:08.270 | I | -[QuestionPageVC resumeSpeechDetection] | [line:914] | [MESSAGE] [Speech Detection] Resume speech detector.
2018-05-23 19:04:08.270 | I | -[SpeechDetector activateDetection] | [line:68] | [MESSAGE] Speech Detector activate
2018-05-23 19:04:09.860 | I | -[SpeechDetector pocketsphinxDidDetectSpeech] | [line:148] | [MESSAGE] Speech Detector checkOverallBegin
2018-05-23 19:04:09.860 | I | -[QuestionPageVC startTimerOfAnswerTooLong] | [line:1067] | [MESSAGE] [Audio prompt] Start counting 172.170591 seconds. Answer too long.
2018-05-23 19:04:09.860 | I | -[QuestionPageVC startTimerOfMinimumRequired] | [line:1081] | [MESSAGE] [Audio prompt] Start counting 2.170591 seconds. Minumum required.
2018-05-23 19:04:13.306 | I | -[SpeechDetector repeatChecking] | [line:121] | [MESSAGE] Speech Detector onSpeechEndOverall
2018-05-23 19:04:52.031 | I | -[SpeechDetector pocketsphinxDidDetectSpeech] | [line:148] | [MESSAGE] Speech Detector checkOverallBegin
2018-05-23 19:04:52.031 | I | -[QuestionPageVC startTimerOfAnswerTooLong] | [line:1067] | [MESSAGE] [Audio prompt] Start counting 168.724397 seconds. Answer too long.
2018-05-23 19:04:52.031 | I | -[QuestionPageVC startTimerOfMinimumRequired] | [line:1081] | [MESSAGE] [Audio prompt] Start counting 0.000000 seconds. Minumum required.
2018-05-23 19:04:55.510 | I | -[SpeechDetector repeatChecking] | [line:121] | [MESSAGE] Speech Detector onSpeechEndOverall
2018-05-23 19:05:06.160 | I | -[SpeechDetector pocketsphinxDidDetectSpeech] | [line:148] | [MESSAGE] Speech Detector checkOverallBegin
2018-05-23 19:05:06.160 | I | -[QuestionPageVC startTimerOfAnswerTooLong] | [line:1067] | [MESSAGE] [Audio prompt] Start counting 165.245120 seconds. Answer too long.
2018-05-23 19:05:06.161 | I | -[QuestionPageVC startTimerOfMinimumRequired] | [line:1081] | [MESSAGE] [Audio prompt] Start counting 0.000000 seconds. Minumum required.
2018-05-23 19:05:09.705 | I | -[SpeechDetector repeatChecking] | [line:121] | [MESSAGE] Speech Detector onSpeechEndOverall
2018-05-23 19:05:11.831 | I | -[SpeechDetector pocketsphinxDidDetectSpeech] | [line:148] | [MESSAGE] Speech Detector checkOverallBegin
2018-05-23 19:05:11.831 | I | -[QuestionPageVC startTimerOfAnswerTooLong] | [line:1067] | [MESSAGE] [Audio prompt] Start counting 161.699966 seconds. Answer too long.
2018-05-23 19:05:11.832 | I | -[QuestionPageVC startTimerOfMinimumRequired] | [line:1081] | [MESSAGE] [Audio prompt] Start counting 0.000000 seconds. Minumum required.
2018-05-23 19:05:15.912 | I | -[SpeechDetector repeatChecking] | [line:121] | [MESSAGE] Speech Detector onSpeechEndOverall
2018-05-23 19:05:19.411 | I | -[SpeechDetector pocketsphinxDidDetectSpeech] | [line:148] | [MESSAGE] Speech Detector checkOverallBegin
2018-05-23 19:05:19.412 | I | -[QuestionPageVC startTimerOfAnswerTooLong] | [line:1067] | [MESSAGE] [Audio prompt] Start counting 157.619364 seconds. Answer too long.
2018-05-23 19:05:19.412 | I | -[QuestionPageVC startTimerOfMinimumRequired] | [line:1081] | [MESSAGE] [Audio prompt] Start counting 0.000000 seconds. Minumum required.
2018-05-23 19:05:25.706 | I | -[SpeechDetector repeatChecking] | [line:121] | [MESSAGE] Speech Detector onSpeechEndOverall
2018-05-23 19:05:39.551 | I | -[SpeechDetector pocketsphinxDidDetectSpeech] | [line:148] | [MESSAGE] Speech Detector checkOverallBegin
2018-05-23 19:05:39.551 | I | -[QuestionPageVC startTimerOfAnswerTooLong] | [line:1067] | [MESSAGE] [Audio prompt] Start counting 151.325170 seconds. Answer too long.
2018-05-23 19:05:39.551 | I | -[QuestionPageVC startTimerOfMinimumRequired] | [line:1081] | [MESSAGE] [Audio prompt] Start counting 0.000000 seconds. Minumum required.
2018-05-23 19:05:43.508 | I | -[SpeechDetector repeatChecking] | [line:121] | [MESSAGE] Speech Detector onSpeechEndOverall
2018-05-23 19:05:45.151 | I | -[SpeechDetector pocketsphinxDidDetectSpeech] | [line:148] | [MESSAGE] Speech Detector checkOverallBegin
2018-05-23 19:05:45.151 | I | -[QuestionPageVC startTimerOfAnswerTooLong] | [line:1067] | [MESSAGE] [Audio prompt] Start counting 147.367678 seconds. Answer too long.
2018-05-23 19:05:45.151 | I | -[QuestionPageVC startTimerOfMinimumRequired] | [line:1081] | [MESSAGE] [Audio prompt] Start counting 0.000000 seconds. Minumum required.
2018-05-23 19:05:48.505 | I | -[SpeechDetector repeatChecking] | [line:121] | [MESSAGE] Speech Detector onSpeechEndOverall
2018-05-23 19:06:29.768 | I | -[SpeechDetector pocketsphinxDidDetectSpeech] | [line:148] | [MESSAGE] Speech Detector checkOverallBegin
2018-05-23 19:06:29.768 | I | -[QuestionPageVC startTimerOfAnswerTooLong] | [line:1067] | [MESSAGE] [Audio prompt] Start counting 144.013393 seconds. Answer too long.
2018-05-23 19:06:29.768 | I | -[QuestionPageVC startTimerOfMinimumRequired] | [line:1081] | [MESSAGE] [Audio prompt] Start counting 0.000000 seconds. Minumum required.
2018-05-23 19:06:35.109 | I | -[SpeechDetector repeatChecking] | [line:121] | [MESSAGE] Speech Detector onSpeechEndOverall
2018-05-23 19:07:28.770 | I | -[SpeechDetector pocketsphinxDidDetectSpeech] | [line:148] | [MESSAGE] Speech Detector checkOverallBegin
2018-05-23 19:07:28.770 | I | -[QuestionPageVC startTimerOfAnswerTooLong] | [line:1067] | [MESSAGE] [Audio prompt] Start counting 138.672296 seconds. Answer too long.
2018-05-23 19:07:28.770 | I | -[QuestionPageVC startTimerOfMinimumRequired] | [line:1081] | [MESSAGE] [Audio prompt] Start counting 0.000000 seconds. Minumum required.
2018-05-23 19:07:32.505 | I | -[SpeechDetector repeatChecking] | [line:121] | [MESSAGE] Speech Detector onSpeechEndOverall
2018-05-23 19:07:51.690 | I | -[SpeechDetector pocketsphinxDidDetectSpeech] | [line:148] | [MESSAGE] Speech Detector checkOverallBegin
2018-05-23 19:07:51.690 | I | -[QuestionPageVC startTimerOfAnswerTooLong] | [line:1067] | [MESSAGE] [Audio prompt] Start counting 134.937258 seconds. Answer too long.
2018-05-23 19:07:51.690 | I | -[QuestionPageVC startTimerOfMinimumRequired] | [line:1081] | [MESSAGE] [Audio prompt] Start counting 0.000000 seconds. Minumum required.
2018-05-23 19:07:55.559 | I | -[SpeechDetector repeatChecking] | [line:121] | [MESSAGE] Speech Detector onSpeechEndOverall
2018-05-23 19:08:16.864 | I | -[SpeechDetector pocketsphinxDidDetectSpeech] | [line:148] | [MESSAGE] Speech Detector checkOverallBegin
2018-05-23 19:08:16.864 | I | -[QuestionPageVC startTimerOfAnswerTooLong] | [line:1067] | [MESSAGE] [Audio prompt] Start counting 131.068467 seconds. Answer too long.
2018-05-23 19:08:16.864 | I | -[QuestionPageVC startTimerOfMinimumRequired] | [line:1081] | [MESSAGE] [Audio prompt] Start counting 0.000000 seconds. Minumum required.
2018-05-23 19:08:21.323 | I | -[SpeechDetector repeatChecking] | [line:121] | [MESSAGE] Speech Detector onSpeechEndOverall
2018-05-23 19:08:43.529 | I | -[SpeechDetector pocketsphinxDidDetectSpeech] | [line:148] | [MESSAGE] Speech Detector checkOverallBegin
2018-05-23 19:08:43.529 | I | -[QuestionPageVC startTimerOfAnswerTooLong] | [line:1067] | [MESSAGE] [Audio prompt] Start counting 126.609522 seconds. Answer too long.
2018-05-23 19:08:43.529 | I | -[QuestionPageVC startTimerOfMinimumRequired] | [line:1081] | [MESSAGE] [Audio prompt] Start counting 0.000000 seconds. Minumum required.
2018-05-23 19:08:47.362 | I | -[SpeechDetector repeatChecking] | [line:121] | [MESSAGE] Speech Detector onSpeechEndOverall
