2018-05-21 10:16:14.631 | I | -[AppDelegate applicationWillEnterForeground:] | [line:227] | [MESSAGE] application will enter foreground
2018-05-21 10:16:14.632 | I | -[AppDelegate logMataData] | [line:164] | [MESSAGE] trial ID 0prod1499883450
2018-05-21 10:16:14.632 | I | -[AppDelegate logMataData] | [line:165] | [MESSAGE] trial name 0prod
2018-05-21 10:16:14.633 | I | -[UIDeviceHardware platformString] | [line:30] | [MESSAGE] apple device internal version code iPhone7,1
2018-05-21 10:16:14.633 | I | -[AppDelegate logMataData] | [line:166] | [MESSAGE] Device Hardware iPhone 6 PLUS
2018-05-21 10:16:14.633 | I | -[AppDelegate logMataData] | [line:167] | [MESSAGE] OS Version 11.3.1
2018-05-21 10:16:14.633 | I | -[AppDelegate logMataData] | [line:168] | [MESSAGE] AiView build version 2018.3
2018-05-21 10:16:14.633 | I | -[AppDelegate logMataData] | [line:169] | [MESSAGE] device language zh-Hans-US
2018-05-21 10:16:14.635 | I | -[AppDelegate logMataData] | [line:170] | [MESSAGE] device UUID FF259990-6104-4966-B64B-F2ABFD5E60A5
2018-05-21 10:16:14.636 | I | -[AppDelegate logMataData] | [line:173] | [MESSAGE] Patient ID 1840000ghd
2018-05-21 10:16:14.636 | I | +[AIUtil hasInternetConnection] | [line:683] | [MESSAGE] has internet connnection = 1
2018-05-21 10:16:15.197 | D | -[AiViewSwitch startApp] | [line:156] | [MESSAGE] StartApp in AiViewSwitch
2018-05-21 10:16:15.202 | I | +[AIUtil checkPermission] | [line:1132] | [MESSAGE] camera access / mic access Authorized
2018-05-21 10:16:15.507 | I | -[AiView viewDidLoad] | [line:68] | [MESSAGE] AiView view did load
2018-05-21 10:16:16.688 | I | -[MedProtocolController getNexMedFromUser:dateTime:loadData:context:] | [line:144] | [MESSAGE] currentDoseDone: 1
2018-05-21 10:16:16.713 | I | -[MedProtocolController getNexMedFromUser:dateTime:loadData:context:] | [line:165] | [MESSAGE] protocolID: 5, doseID: 0, numPillsInCurrentMed: 1, correctPillName: ctn, targetDate: 2018-05-21 04:00:00 +0000
2018-05-21 10:16:16.713 | I | -[AiView defineProcess:currentTime:context:] | [line:157] | [MESSAGE] allMedsWithinDoseNotFinished 1
2018-05-21 10:16:16.720 | I | -[InteruptionRecovery checkInteruptionAndProcessWithUser:inManagedObjectContext:] | [line:93] | [MESSAGE] no interruption found
2018-05-21 10:16:16.720 | I | -[AiView defineProcess:currentTime:context:] | [line:163] | [MESSAGE] ==== interuptionStatus ==== 10002
2018-05-21 10:16:16.720 | I | -[AiView defineProcess:currentTime:context:] | [line:165] | [MESSAGE] NO_INTERUPTION_FOUND
2018-05-21 10:16:16.720 | I | -[AiView defineProcess:currentTime:context:] | [line:167] | [MESSAGE] ==== go to start ====
2018-05-21 10:16:16.829 | I | -[StartPageViewController viewDidLoad] | [line:65] | [MESSAGE] view did load
2018-05-21 10:16:18.191 | I | -[StartPageViewController onStartButtonPressed:] | [line:138] | [MESSAGE] POP_QUESTION_BEFORE_DOSING == 1
2018-05-21 10:16:18.238 | I | -[AINeuralNetworkConfigManager fileDownloadedWithUrl:succeeded:] | [line:249] | [MESSAGE] Neural network config download succeeded.
2018-05-21 10:16:19.589 | I | -[AiViewDaily viewDidLoad] | [line:52] | [MESSAGE] AiViewDaily view did load
2018-05-21 10:16:19.589 | I | -[AiViewDaily viewDidLoad] | [line:70] | [MESSAGE] Current medication name (null)
2018-05-21 10:16:19.589 | I | -[AiViewDaily viewDidLoad] | [line:71] | [MESSAGE] Current dosing amount 50
2018-05-21 10:16:19.589 | I | -[AiViewDaily viewDidLoad] | [line:77] | [MESSAGE] Current dosing steps 0, 1, 2, 3, 9, 
2018-05-21 10:16:19.621 | I | +[AINeuralNetworkConfigManager setCurrentMedicationName:shape:color:] | [line:94] | [MESSAGE] Set current medication name: (null), shape: round, color: (null).
2018-05-21 10:16:20.139 | I | -[StepsController init:uiView:steps:viewController:recordVideo:] | [line:90] | [MESSAGE] should record video flag 0
2018-05-21 10:16:20.141 | I | +[AIUtil checkPermission] | [line:1132] | [MESSAGE] camera access / mic access Authorized
2018-05-21 10:16:20.143 | I | -[CameraEngine previewAndInitRecordVideo:recordAudio:videoName:CameraEngineScenario:] | [line:110] | [MESSAGE] Starting up server
2018-05-21 10:16:20.990 | I | -[StepsController goToCamera] | [line:531] | [MESSAGE] goToCamera
2018-05-21 10:16:20.991 | I | -[StepsController defineCurrentStep] | [line:281] | [MESSAGE] defineCurrentStep 0
2018-05-21 10:16:21.011 | I | -[PhasesController defineState] | [line:223] | [MESSAGE] PhasesController defineState 0
2018-05-21 10:16:21.011 | I | -[PhasesController defineState] | [line:223] | [MESSAGE] PhasesController defineState 12
2018-05-21 10:16:21.083 | I | -[CameraUIView displayPreInstruction:] | [line:185] | [MESSAGE] show pre instruction animation
2018-05-21 10:16:21.083 | I | -[CameraEngine startCapture] | [line:187] | [MESSAGE] starting capture
2018-05-21 10:16:26.092 | I | -[PhasesController defineState] | [line:223] | [MESSAGE] PhasesController defineState 1
2018-05-21 10:16:26.190 | I | -[FlexibleAudioPlayerController playAudioWithName:] | [line:80] | [MESSAGE] playAudioWithName D_3_1_Head_in_Outline
2018-05-21 10:16:26.190 | I | -[AudioPlayer playAudioName:] | [line:38] | [MESSAGE] play audio name D_3_1_Head_in_Outline
2018-05-21 10:16:26.289 | I | -[PhasesController defineState] | [line:223] | [MESSAGE] PhasesController defineState 6
2018-05-21 10:16:26.343 | I | -[CameraUIView displayConfirm] | [line:329] | [MESSAGE] show step confirm animation
2018-05-21 10:16:26.343 | I | -[AudioPlayer playAudioWithoutFlag:] | [line:49] | [MESSAGE] play audio name confirm
2018-05-21 10:16:28.498 | I | -[PhasesController defineState] | [line:223] | [MESSAGE] PhasesController defineState 5
2018-05-21 10:16:28.498 | I | -[StepsController goToCamera] | [line:531] | [MESSAGE] goToCamera
2018-05-21 10:16:28.498 | I | -[StepsController defineCurrentStep] | [line:281] | [MESSAGE] defineCurrentStep 1
