2018-05-21 15:19:47.087 | I | -[AINeuralNetworkConfigManager fileDownloadedWithUrl:succeeded:] | [line:254] | [MESSAGE] Neural network config download succeeded.
2018-05-21 15:19:47.089 | I | -[Transmission sendAll] | [line:80] | [MESSAGE] Transmission send all
2018-05-21 15:19:47.098 | I | -[Transmission sendAll] | [line:115] | [MESSAGE] Encrypting files
2018-05-21 15:19:47.260 | E | -[Transmission update:task_name:] | [line:239] | [MESSAGE] Task File_upload failed
2018-05-21 15:19:47.261 | I | -[Transmission update:task_name:] | [line:246] | [MESSAGE] Task id done: 1
2018-05-21 15:19:47.383 | E | -[Transmission update:task_name:] | [line:239] | [MESSAGE] Task File_upload failed
2018-05-21 15:19:47.384 | I | -[Transmission update:task_name:] | [line:246] | [MESSAGE] Task id done: 2
2018-05-21 15:19:47.482 | E | -[Transmission update:task_name:] | [line:239] | [MESSAGE] Task Update_device_version failed
2018-05-21 15:19:47.484 | I | -[Transmission update:task_name:] | [line:246] | [MESSAGE] Task id done: 3
2018-05-21 15:19:47.584 | E | -[Transmission update:task_name:] | [line:239] | [MESSAGE] Task pk_clinic_visit_only failed
2018-05-21 15:19:47.585 | I | -[Transmission update:task_name:] | [line:246] | [MESSAGE] Task id done: 4
2018-05-21 15:19:47.684 | E | -[Transmission update:task_name:] | [line:239] | [MESSAGE] Task push_token_registration failed
2018-05-21 15:19:47.686 | I | -[Transmission update:task_name:] | [line:246] | [MESSAGE] Task id done: 5
2018-05-21 15:19:47.786 | E | -[Transmission update:task_name:] | [line:239] | [MESSAGE] Task kiosk_dose_check failed
2018-05-21 15:19:47.787 | I | -[Transmission update:task_name:] | [line:246] | [MESSAGE] Task id done: 6
2018-05-21 15:19:48.011 | E | -[Transmission update:task_name:] | [line:239] | [MESSAGE] Task questionnaire_sync failed
2018-05-21 15:19:48.013 | I | -[Transmission update:task_name:] | [line:246] | [MESSAGE] Task id done: 7
2018-05-21 15:19:48.130 | E | -[Transmission update:task_name:] | [line:239] | [MESSAGE] Task reimbursement_sync failed
2018-05-21 15:19:48.132 | I | -[Transmission update:task_name:] | [line:246] | [MESSAGE] Task id done: 8
2018-05-21 15:19:48.134 | E | -[Transmission update:task_name:] | [line:239] | [MESSAGE] Task pause_resume_report failed
2018-05-21 15:19:48.135 | I | -[Transmission update:task_name:] | [line:246] | [MESSAGE] Task id done: 9
2018-05-21 15:19:48.236 | E | -[Transmission update:task_name:] | [line:239] | [MESSAGE] Task side_effects_report failed
2018-05-21 15:19:48.238 | I | -[Transmission update:task_name:] | [line:246] | [MESSAGE] Task id done: 10
2018-05-21 15:19:48.338 | E | -[Transmission update:task_name:] | [line:239] | [MESSAGE] Task Dose_miss_time_report failed
2018-05-21 15:19:49.125 | I | -[AINeuralNetworkConfigManager fileDownloadedWithUrl:succeeded:] | [line:254] | [MESSAGE] Neural network config download succeeded.
2018-05-21 15:19:49.174 | I | -[MedicationConfirmVC viewDidLoad] | [line:45] | [MESSAGE] MedicationConfirmVC view did load
2018-05-21 15:19:50.091 | I | -[FlexibleAudioPlayerController playAudioWithName:] | [line:80] | [MESSAGE] playAudioWithName conclusion_11
2018-05-21 15:19:50.091 | I | -[AudioPlayer playAudioName:] | [line:38] | [MESSAGE] play audio name conclusion_11
2018-05-21 15:19:54.952 | I | -[DigitalClockVC viewDidLoad] | [line:138] | [MESSAGE] DigitalClockVC view did load
2018-05-21 15:19:55.042 | I | -[Transmission sendAll] | [line:80] | [MESSAGE] Transmission send all
2018-05-21 15:19:55.044 | I | -[Transmission sendAll] | [line:115] | [MESSAGE] Encrypting files
2018-05-21 15:19:55.266 | I | -[DigitalClockVC constructNextActionSchedulesAndQuestionnairesIfPossible] | [line:806] | [MESSAGE] constructNextActionSchedulesAndQuestionnairesIfPossible
2018-05-21 15:19:55.267 | I | -[DigitalClockVC constructNextActionSchedulesAndQuestionnairesIfPossible] | [line:815] | [MESSAGE] No questionnaire or action schedule found.
2018-05-21 15:19:55.267 | I | -[DigitalClockVC showScreenBasedOnStatus] | [line:358] | [MESSAGE] show screen based on status
2018-05-21 15:19:55.267 | I | -[DigitalClockVC displayReminderView] | [line:515] | [MESSAGE] displayReminderView
2018-05-21 15:19:55.267 | I | -[DigitalClockVC showDigitalClockNormal] | [line:580] | [MESSAGE] showDigitalClockNormal
2018-05-21 15:19:55.327 | I | -[DigitalClockVC displayReminderView] | [line:515] | [MESSAGE] displayReminderView
2018-05-21 15:19:55.328 | I | -[DigitalClockVC showDigitalClockNormal] | [line:580] | [MESSAGE] showDigitalClockNormal
2018-05-21 15:19:55.336 | I | -[DigitalClockVC startPKVisitQuestionIfNecessary] | [line:721] | [MESSAGE] startPKVisitQuestionIfNecessary
2018-05-21 15:19:55.502 | E | -[Transmission update:task_name:] | [line:239] | [MESSAGE] Task File_upload failed
2018-05-21 15:19:55.504 | I | -[Transmission update:task_name:] | [line:246] | [MESSAGE] Task id done: 1
2018-05-21 15:19:55.660 | E | -[Transmission update:task_name:] | [line:239] | [MESSAGE] Task File_upload failed
2018-05-21 15:19:55.664 | I | -[Transmission update:task_name:] | [line:246] | [MESSAGE] Task id done: 2
2018-05-21 15:19:55.905 | E | -[Transmission update:task_name:] | [line:239] | [MESSAGE] Task Update_device_version failed
2018-05-21 15:19:55.906 | I | -[Transmission update:task_name:] | [line:246] | [MESSAGE] Task id done: 3
2018-05-21 15:19:56.006 | E | -[Transmission update:task_name:] | [line:239] | [MESSAGE] Task pk_clinic_visit_only failed
2018-05-21 15:19:56.008 | I | -[Transmission update:task_name:] | [line:246] | [MESSAGE] Task id done: 4
2018-05-21 15:19:56.104 | E | -[Transmission update:task_name:] | [line:239] | [MESSAGE] Task push_token_registration failed
2018-05-21 15:19:56.105 | I | -[Transmission update:task_name:] | [line:246] | [MESSAGE] Task id done: 5
2018-05-21 15:19:56.204 | E | -[Transmission update:task_name:] | [line:239] | [MESSAGE] Task kiosk_dose_check failed
2018-05-21 15:19:56.205 | I | -[Transmission update:task_name:] | [line:246] | [MESSAGE] Task id done: 6
2018-05-21 15:19:56.309 | E | -[Transmission update:task_name:] | [line:239] | [MESSAGE] Task questionnaire_sync failed
2018-05-21 15:19:56.311 | I | -[Transmission update:task_name:] | [line:246] | [MESSAGE] Task id done: 7
2018-05-21 15:19:56.409 | E | -[Transmission update:task_name:] | [line:239] | [MESSAGE] Task reimbursement_sync failed
2018-05-21 15:19:56.410 | I | -[Transmission update:task_name:] | [line:246] | [MESSAGE] Task id done: 8
2018-05-21 15:19:56.412 | E | -[Transmission update:task_name:] | [line:239] | [MESSAGE] Task pause_resume_report failed
2018-05-21 15:19:56.413 | I | -[Transmission update:task_name:] | [line:246] | [MESSAGE] Task id done: 9
2018-05-21 15:19:56.515 | E | -[Transmission update:task_name:] | [line:239] | [MESSAGE] Task side_effects_report failed
2018-05-21 15:19:56.517 | I | -[Transmission update:task_name:] | [line:246] | [MESSAGE] Task id done: 10
2018-05-21 15:19:56.617 | E | -[Transmission update:task_name:] | [line:239] | [MESSAGE] Task Dose_miss_time_report failed
