2018-05-21 15:22:18.686 | I | -[AINeuralNetworkConfigManager fileDownloadedWithUrl:succeeded:] | [line:254] | [MESSAGE] Neural network config download succeeded.
2018-05-21 15:22:22.549 | I | -[AppDelegate applicationWillResignActive:] | [line:201] | [MESSAGE] application Will Resign Active
2018-05-21 15:22:23.205 | I | -[AppDelegate cleanAlertDialog] | [line:369] | [MESSAGE] clean Alert Dialog
2018-05-21 15:22:23.632 | I | -[AppDelegate applicationWillEnterForeground:] | [line:227] | [MESSAGE] application will enter foreground
2018-05-21 15:22:23.633 | I | -[AppDelegate logMataData] | [line:164] | [MESSAGE] trial ID 0prod1499883450
2018-05-21 15:22:23.645 | I | -[AppDelegate logMataData] | [line:165] | [MESSAGE] trial name 0prod
2018-05-21 15:22:23.645 | I | -[UIDeviceHardware platformString] | [line:30] | [MESSAGE] apple device internal version code iPhone7,1
2018-05-21 15:22:23.645 | I | -[AppDelegate logMataData] | [line:166] | [MESSAGE] Device Hardware iPhone 6 PLUS
2018-05-21 15:22:23.645 | I | -[AppDelegate logMataData] | [line:167] | [MESSAGE] OS Version 11.3.1
2018-05-21 15:22:23.645 | I | -[AppDelegate logMataData] | [line:168] | [MESSAGE] AiView build version 2018.3
2018-05-21 15:22:23.645 | I | -[AppDelegate logMataData] | [line:169] | [MESSAGE] device language zh-Hans-US
2018-05-21 15:22:23.664 | I | -[AppDelegate logMataData] | [line:170] | [MESSAGE] device UUID 5305CE3E-727D-4D36-B2C6-897DAAC6F72F
2018-05-21 15:22:23.665 | I | -[AppDelegate logMataData] | [line:173] | [MESSAGE] Patient ID 1840000ghd
2018-05-21 15:22:23.665 | I | +[AIUtil hasInternetConnection] | [line:683] | [MESSAGE] has internet connnection = 1
2018-05-21 15:22:24.280 | D | -[AiViewSwitch startApp] | [line:156] | [MESSAGE] StartApp in AiViewSwitch
2018-05-21 15:22:24.281 | I | +[AIUtil checkPermission] | [line:1132] | [MESSAGE] camera access / mic access Authorized
2018-05-21 15:22:24.502 | I | -[AiView viewDidLoad] | [line:68] | [MESSAGE] AiView view did load
2018-05-21 15:22:25.098 | E | -[Transmission update:task_name:] | [line:239] | [MESSAGE] Task Dose_miss_time_report failed
2018-05-21 15:22:25.615 | I | -[MedProtocolController getNexMedFromUser:dateTime:loadData:context:] | [line:144] | [MESSAGE] currentDoseDone: 0
2018-05-21 15:22:25.615 | I | -[AiView defineProcess:currentTime:context:] | [line:157] | [MESSAGE] allMedsWithinDoseNotFinished 0
2018-05-21 15:22:25.644 | I | -[TransmitionViewController viewDidLoad] | [line:73] | [MESSAGE] view did load
