2018-05-21 15:29:05.712 | E | -[Transmission update:task_name:] | [line:239] | [MESSAGE] Task File_upload failed
2018-05-21 15:29:05.730 | I | -[Transmission update:task_name:] | [line:246] | [MESSAGE] Task id done: 1
2018-05-21 15:29:05.980 | E | -[Transmission update:task_name:] | [line:239] | [MESSAGE] Task File_upload failed
2018-05-21 15:29:05.984 | I | -[Transmission update:task_name:] | [line:246] | [MESSAGE] Task id done: 2
2018-05-21 15:29:06.111 | E | -[Transmission update:task_name:] | [line:239] | [MESSAGE] Task Update_device_version failed
2018-05-21 15:29:06.123 | I | -[Transmission update:task_name:] | [line:246] | [MESSAGE] Task id done: 3
2018-05-21 15:29:06.229 | E | -[Transmission update:task_name:] | [line:239] | [MESSAGE] Task pk_clinic_visit_only failed
2018-05-21 15:29:06.240 | I | -[Transmission update:task_name:] | [line:246] | [MESSAGE] Task id done: 4
2018-05-21 15:29:06.344 | E | -[Transmission update:task_name:] | [line:239] | [MESSAGE] Task push_token_registration failed
2018-05-21 15:29:06.351 | I | -[Transmission update:task_name:] | [line:246] | [MESSAGE] Task id done: 5
2018-05-21 15:29:06.454 | E | -[Transmission update:task_name:] | [line:239] | [MESSAGE] Task kiosk_dose_check failed
2018-05-21 15:29:06.466 | I | -[Transmission update:task_name:] | [line:246] | [MESSAGE] Task id done: 6
2018-05-21 15:29:06.732 | E | -[Transmission update:task_name:] | [line:239] | [MESSAGE] Task questionnaire_sync failed
2018-05-21 15:29:06.734 | I | -[Transmission update:task_name:] | [line:246] | [MESSAGE] Task id done: 7
2018-05-21 15:29:06.849 | E | -[Transmission update:task_name:] | [line:239] | [MESSAGE] Task reimbursement_sync failed
2018-05-21 15:29:06.852 | I | -[Transmission update:task_name:] | [line:246] | [MESSAGE] Task id done: 8
2018-05-21 15:29:06.854 | E | -[Transmission update:task_name:] | [line:239] | [MESSAGE] Task pause_resume_report failed
2018-05-21 15:29:06.857 | I | -[Transmission update:task_name:] | [line:246] | [MESSAGE] Task id done: 9
2018-05-21 15:29:06.987 | E | -[Transmission update:task_name:] | [line:239] | [MESSAGE] Task side_effects_report failed
2018-05-21 15:29:06.990 | I | -[Transmission update:task_name:] | [line:246] | [MESSAGE] Task id done: 10
2018-05-21 15:29:07.092 | E | -[Transmission update:task_name:] | [line:239] | [MESSAGE] Task Dose_miss_time_report failed
2018-05-21 15:29:08.001 | I | -[AINeuralNetworkConfigManager fileDownloadedWithUrl:succeeded:] | [line:254] | [MESSAGE] Neural network config download succeeded.
2018-05-21 15:29:08.393 | I | -[MedicationConfirmVC viewDidLoad] | [line:45] | [MESSAGE] MedicationConfirmVC view did load
2018-05-21 15:30:03.028 | I | -[FlexibleAudioPlayerController playAudioWithName:] | [line:80] | [MESSAGE] playAudioWithName conclusion_11
2018-05-21 15:30:03.029 | I | -[AudioPlayer playAudioName:] | [line:38] | [MESSAGE] play audio name conclusion_11
2018-05-21 15:30:07.898 | I | -[DigitalClockVC viewDidLoad] | [line:138] | [MESSAGE] DigitalClockVC view did load
2018-05-21 15:30:10.561 | I | -[Transmission sendAll] | [line:80] | [MESSAGE] Transmission send all
2018-05-21 15:30:10.571 | I | -[Transmission sendAll] | [line:115] | [MESSAGE] Encrypting files
2018-05-21 15:30:10.825 | I | -[DigitalClockVC constructNextActionSchedulesAndQuestionnairesIfPossible] | [line:806] | [MESSAGE] constructNextActionSchedulesAndQuestionnairesIfPossible
2018-05-21 15:30:10.825 | I | -[DigitalClockVC constructNextActionSchedulesAndQuestionnairesIfPossible] | [line:815] | [MESSAGE] No questionnaire or action schedule found.
2018-05-21 15:30:10.825 | I | -[DigitalClockVC showScreenBasedOnStatus] | [line:358] | [MESSAGE] show screen based on status
2018-05-21 15:30:10.825 | I | -[DigitalClockVC displayReminderView] | [line:515] | [MESSAGE] displayReminderView
2018-05-21 15:30:10.825 | I | -[DigitalClockVC showDigitalClockNormal] | [line:580] | [MESSAGE] showDigitalClockNormal
2018-05-21 15:31:36.284 | I | -[DigitalClockVC displayReminderView] | [line:515] | [MESSAGE] displayReminderView
2018-05-21 15:31:36.284 | I | -[DigitalClockVC showDigitalClockNormal] | [line:580] | [MESSAGE] showDigitalClockNormal
2018-05-21 15:31:36.308 | I | -[DigitalClockVC startPKVisitQuestionIfNecessary] | [line:721] | [MESSAGE] startPKVisitQuestionIfNecessary
2018-05-21 15:31:36.574 | E | -[Transmission update:task_name:] | [line:239] | [MESSAGE] Task File_upload failed
2018-05-21 15:31:36.582 | I | -[Transmission update:task_name:] | [line:246] | [MESSAGE] Task id done: 1
2018-05-21 15:31:37.437 | E | -[Transmission update:task_name:] | [line:239] | [MESSAGE] Task File_upload failed
2018-05-21 15:31:37.445 | I | -[Transmission update:task_name:] | [line:246] | [MESSAGE] Task id done: 2
2018-05-21 15:31:37.554 | E | -[Transmission update:task_name:] | [line:239] | [MESSAGE] Task Update_device_version failed
2018-05-21 15:31:37.576 | I | -[Transmission update:task_name:] | [line:246] | [MESSAGE] Task id done: 3
2018-05-21 15:31:37.687 | E | -[Transmission update:task_name:] | [line:239] | [MESSAGE] Task pk_clinic_visit_only failed
2018-05-21 15:31:37.705 | I | -[Transmission update:task_name:] | [line:246] | [MESSAGE] Task id done: 4
2018-05-21 15:31:37.815 | E | -[Transmission update:task_name:] | [line:239] | [MESSAGE] Task push_token_registration failed
2018-05-21 15:31:37.834 | I | -[Transmission update:task_name:] | [line:246] | [MESSAGE] Task id done: 5
2018-05-21 15:31:37.943 | E | -[Transmission update:task_name:] | [line:239] | [MESSAGE] Task kiosk_dose_check failed
2018-05-21 15:31:37.955 | I | -[Transmission update:task_name:] | [line:246] | [MESSAGE] Task id done: 6
2018-05-21 15:31:38.108 | E | -[Transmission update:task_name:] | [line:239] | [MESSAGE] Task questionnaire_sync failed
2018-05-21 15:31:38.118 | I | -[Transmission update:task_name:] | [line:246] | [MESSAGE] Task id done: 7
2018-05-21 15:31:38.228 | E | -[Transmission update:task_name:] | [line:239] | [MESSAGE] Task reimbursement_sync failed
2018-05-21 15:31:38.236 | I | -[Transmission update:task_name:] | [line:246] | [MESSAGE] Task id done: 8
2018-05-21 15:31:38.238 | E | -[Transmission update:task_name:] | [line:239] | [MESSAGE] Task pause_resume_report failed
2018-05-21 15:31:38.267 | I | -[Transmission update:task_name:] | [line:246] | [MESSAGE] Task id done: 9
2018-05-21 15:31:38.386 | E | -[Transmission update:task_name:] | [line:239] | [MESSAGE] Task side_effects_report failed
2018-05-21 15:31:38.404 | I | -[Transmission update:task_name:] | [line:246] | [MESSAGE] Task id done: 10
2018-05-21 15:31:38.512 | E | -[Transmission update:task_name:] | [line:239] | [MESSAGE] Task Dose_miss_time_report failed
