{
   "speechDetectionLog":{
      "isActive":false,
      "isTalking_smooth":true,
      "SpeechDetectionRecords":[
         {
            "timeInSec":0.0,
            "type":"start_detection"
         },
         {
            "timeInSec":0.02,
            "type":"deactivated"
         },
         {
            "timeInSec":1.536,
            "type":"activated"
         },
         {
            "timeInSec":3.629,
            "type":"begin_raw"
         },
         {
            "timeInSec":3.629,
            "type":"begin_smooth"
         },
         {
            "timeInSec":3.629,
            "type":"begin_overall"
         },
         {
            "timeInSec":3.658,
            "type":"begin_raw"
         },
         {
            "timeInSec":3.723,
            "type":"begin_raw"
         },
         {
            "timeInSec":3.813,
            "type":"begin_raw"
         },
         {
            "timeInSec":3.856,
            "type":"begin_raw"
         },
         {
            "timeInSec":3.93,
            "type":"begin_raw"
         },
         {
            "timeInSec":4.03,
            "type":"begin_raw"
         },
         {
            "timeInSec":4.059,
            "type":"begin_raw"
         },
         {
            "timeInSec":4.125,
            "type":"begin_raw"
         },
         {
            "timeInSec":4.214,
            "type":"begin_raw"
         },
         {
            "timeInSec":4.258,
            "type":"begin_raw"
         },
         {
            "timeInSec":4.324,
            "type":"begin_raw"
         },
         {
            "timeInSec":4.425,
            "type":"begin_raw"
         },
         {
            "timeInSec":4.459,
            "type":"begin_raw"
         },
         {
            "timeInSec":4.527,
            "type":"begin_raw"
         },
         {
            "timeInSec":4.617,
            "type":"begin_raw"
         },
         {
            "timeInSec":4.658,
            "type":"begin_raw"
         },
         {
            "timeInSec":4.727,
            "type":"begin_raw"
         },
         {
            "timeInSec":4.825,
            "type":"begin_raw"
         },
         {
            "timeInSec":4.86,
            "type":"begin_raw"
         },
         {
            "timeInSec":4.926,
            "type":"begin_raw"
         },
         {
            "timeInSec":5.034,
            "type":"begin_raw"
         },
         {
            "timeInSec":5.059,
            "type":"begin_raw"
         },
         {
            "timeInSec":5.126,
            "type":"begin_raw"
         },
         {
            "timeInSec":5.225,
            "type":"begin_raw"
         },
         {
            "timeInSec":5.26,
            "type":"begin_raw"
         },
         {
            "timeInSec":5.332,
            "type":"begin_raw"
         },
         {
            "timeInSec":5.414,
            "type":"begin_raw"
         },
         {
            "timeInSec":5.458,
            "type":"begin_raw"
         },
         {
            "timeInSec":5.527,
            "type":"begin_raw"
         },
         {
            "timeInSec":5.632,
            "type":"begin_raw"
         },
         {
            "timeInSec":5.66,
            "type":"begin_raw"
         },
         {
            "timeInSec":5.729,
            "type":"begin_raw"
         },
         {
            "timeInSec":5.828,
            "type":"begin_raw"
         },
         {
            "timeInSec":5.861,
            "type":"begin_raw"
         },
         {
            "timeInSec":5.929,
            "type":"begin_raw"
         },
         {
            "timeInSec":6.026,
            "type":"begin_raw"
         },
         {
            "timeInSec":6.06,
            "type":"begin_raw"
         },
         {
            "timeInSec":6.128,
            "type":"begin_raw"
         },
         {
            "timeInSec":6.231,
            "type":"begin_raw"
         },
         {
            "timeInSec":6.26,
            "type":"begin_raw"
         },
         {
            "timeInSec":6.33,
            "type":"begin_raw"
         },
         {
            "timeInSec":6.417,
            "type":"begin_raw"
         },
         {
            "timeInSec":6.459,
            "type":"begin_raw"
         },
         {
            "timeInSec":6.526,
            "type":"begin_raw"
         },
         {
            "timeInSec":6.626,
            "type":"begin_raw"
         },
         {
            "timeInSec":6.661,
            "type":"begin_raw"
         },
         {
            "timeInSec":6.727,
            "type":"begin_raw"
         },
         {
            "timeInSec":6.827,
            "type":"begin_raw"
         },
         {
            "timeInSec":6.861,
            "type":"begin_raw"
         },
         {
            "timeInSec":6.961,
            "type":"begin_raw"
         },
         {
            "timeInSec":6.994,
            "type":"begin_raw"
         },
         {
            "timeInSec":7.08,
            "type":"begin_raw"
         },
         {
            "timeInSec":7.128,
            "type":"begin_raw"
         },
         {
            "timeInSec":7.219,
            "type":"begin_raw"
         },
         {
            "timeInSec":7.261,
            "type":"begin_raw"
         },
         {
            "timeInSec":7.359,
            "type":"begin_raw"
         },
         {
            "timeInSec":7.394,
            "type":"begin_raw"
         },
         {
            "timeInSec":7.495,
            "type":"begin_raw"
         },
         {
            "timeInSec":7.529,
            "type":"begin_raw"
         },
         {
            "timeInSec":7.617,
            "type":"begin_raw"
         },
         {
            "timeInSec":7.661,
            "type":"begin_raw"
         },
         {
            "timeInSec":7.748,
            "type":"begin_raw"
         },
         {
            "timeInSec":7.795,
            "type":"begin_raw"
         },
         {
            "timeInSec":7.896,
            "type":"begin_raw"
         },
         {
            "timeInSec":7.929,
            "type":"begin_raw"
         },
         {
            "timeInSec":8.027,
            "type":"begin_raw"
         },
         {
            "timeInSec":8.062,
            "type":"begin_raw"
         },
         {
            "timeInSec":8.156,
            "type":"begin_raw"
         },
         {
            "timeInSec":8.195,
            "type":"begin_raw"
         },
         {
            "timeInSec":8.289,
            "type":"begin_raw"
         },
         {
            "timeInSec":8.33,
            "type":"begin_raw"
         },
         {
            "timeInSec":8.42,
            "type":"begin_raw"
         },
         {
            "timeInSec":8.463,
            "type":"begin_raw"
         },
         {
            "timeInSec":8.561,
            "type":"begin_raw"
         },
         {
            "timeInSec":8.596,
            "type":"begin_raw"
         },
         {
            "timeInSec":8.696,
            "type":"begin_raw"
         },
         {
            "timeInSec":8.73,
            "type":"begin_raw"
         },
         {
            "timeInSec":8.828,
            "type":"begin_raw"
         },
         {
            "timeInSec":8.863,
            "type":"begin_raw"
         },
         {
            "timeInSec":8.96,
            "type":"begin_raw"
         },
         {
            "timeInSec":8.996,
            "type":"begin_raw"
         },
         {
            "timeInSec":9.097,
            "type":"begin_raw"
         },
         {
            "timeInSec":9.132,
            "type":"begin_raw"
         },
         {
            "timeInSec":9.229,
            "type":"begin_raw"
         },
         {
            "timeInSec":9.265,
            "type":"begin_raw"
         },
         {
            "timeInSec":9.364,
            "type":"begin_raw"
         },
         {
            "timeInSec":9.397,
            "type":"begin_raw"
         },
         {
            "timeInSec":9.465,
            "type":"begin_raw"
         },
         {
            "timeInSec":9.565,
            "type":"begin_raw"
         },
         {
            "timeInSec":9.599,
            "type":"begin_raw"
         },
         {
            "timeInSec":9.686,
            "type":"begin_raw"
         },
         {
            "timeInSec":9.73,
            "type":"begin_raw"
         },
         {
            "timeInSec":9.828,
            "type":"begin_raw"
         },
         {
            "timeInSec":9.864,
            "type":"begin_raw"
         },
         {
            "timeInSec":9.966,
            "type":"begin_raw"
         },
         {
            "timeInSec":9.99,
            "type":"begin_raw"
         },
         {
            "timeInSec":10.048,
            "type":"begin_raw"
         },
         {
            "timeInSec":10.144,
            "type":"begin_raw"
         },
         {
            "timeInSec":10.169,
            "type":"begin_raw"
         },
         {
            "timeInSec":10.223,
            "type":"begin_raw"
         },
         {
            "timeInSec":10.318,
            "type":"begin_raw"
         },
         {
            "timeInSec":10.339,
            "type":"end_raw"
         },
         {
            "timeInSec":10.63,
            "type":"begin_raw"
         },
         {
            "timeInSec":10.722,
            "type":"begin_raw"
         },
         {
            "timeInSec":10.747,
            "type":"begin_raw"
         },
         {
            "timeInSec":10.806,
            "type":"begin_raw"
         },
         {
            "timeInSec":10.898,
            "type":"begin_raw"
         },
         {
            "timeInSec":10.923,
            "type":"begin_raw"
         },
         {
            "timeInSec":10.982,
            "type":"begin_raw"
         },
         {
            "timeInSec":11.071,
            "type":"begin_raw"
         },
         {
            "timeInSec":11.096,
            "type":"begin_raw"
         },
         {
            "timeInSec":11.154,
            "type":"begin_raw"
         },
         {
            "timeInSec":11.237,
            "type":"begin_raw"
         },
         {
            "timeInSec":11.272,
            "type":"begin_raw"
         },
         {
            "timeInSec":11.332,
            "type":"begin_raw"
         },
         {
            "timeInSec":11.415,
            "type":"begin_raw"
         },
         {
            "timeInSec":11.446,
            "type":"begin_raw"
         },
         {
            "timeInSec":11.505,
            "type":"begin_raw"
         },
         {
            "timeInSec":11.602,
            "type":"begin_raw"
         },
         {
            "timeInSec":11.623,
            "type":"begin_raw"
         },
         {
            "timeInSec":11.681,
            "type":"begin_raw"
         },
         {
            "timeInSec":11.77,
            "type":"begin_raw"
         },
         {
            "timeInSec":11.796,
            "type":"begin_raw"
         },
         {
            "timeInSec":11.855,
            "type":"begin_raw"
         },
         {
            "timeInSec":11.945,
            "type":"begin_raw"
         },
         {
            "timeInSec":11.966,
            "type":"begin_raw"
         },
         {
            "timeInSec":12.013,
            "type":"begin_raw"
         },
         {
            "timeInSec":12.094,
            "type":"begin_raw"
         },
         {
            "timeInSec":12.114,
            "type":"begin_raw"
         },
         {
            "timeInSec":12.163,
            "type":"begin_raw"
         },
         {
            "timeInSec":12.245,
            "type":"begin_raw"
         },
         {
            "timeInSec":12.263,
            "type":"begin_raw"
         },
         {
            "timeInSec":12.313,
            "type":"begin_raw"
         },
         {
            "timeInSec":12.394,
            "type":"begin_raw"
         },
         {
            "timeInSec":12.414,
            "type":"begin_raw"
         },
         {
            "timeInSec":12.463,
            "type":"begin_raw"
         },
         {
            "timeInSec":12.533,
            "type":"begin_raw"
         },
         {
            "timeInSec":12.564,
            "type":"end_raw"
         },
         {
            "timeInSec":12.864,
            "type":"begin_raw"
         },
         {
            "timeInSec":12.914,
            "type":"begin_raw"
         },
         {
            "timeInSec":13.002,
            "type":"begin_raw"
         },
         {
            "timeInSec":13.016,
            "type":"begin_raw"
         },
         {
            "timeInSec":13.064,
            "type":"begin_raw"
         },
         {
            "timeInSec":13.144,
            "type":"end_raw"
         },
         {
            "timeInSec":13.216,
            "type":"begin_raw"
         },
         {
            "timeInSec":13.301,
            "type":"begin_raw"
         },
         {
            "timeInSec":13.316,
            "type":"begin_raw"
         },
         {
            "timeInSec":13.365,
            "type":"begin_raw"
         },
         {
            "timeInSec":13.441,
            "type":"begin_raw"
         },
         {
            "timeInSec":13.465,
            "type":"begin_raw"
         },
         {
            "timeInSec":13.515,
            "type":"begin_raw"
         },
         {
            "timeInSec":13.6,
            "type":"begin_raw"
         },
         {
            "timeInSec":13.616,
            "type":"begin_raw"
         },
         {
            "timeInSec":13.666,
            "type":"begin_raw"
         },
         {
            "timeInSec":13.755,
            "type":"begin_raw"
         },
         {
            "timeInSec":13.769,
            "type":"begin_raw"
         },
         {
            "timeInSec":13.816,
            "type":"begin_raw"
         },
         {
            "timeInSec":13.909,
            "type":"begin_raw"
         },
         {
            "timeInSec":13.933,
            "type":"begin_raw"
         },
         {
            "timeInSec":13.991,
            "type":"begin_raw"
         },
         {
            "timeInSec":14.08,
            "type":"begin_raw"
         },
         {
            "timeInSec":14.108,
            "type":"begin_raw"
         },
         {
            "timeInSec":14.165,
            "type":"begin_raw"
         },
         {
            "timeInSec":14.249,
            "type":"begin_raw"
         },
         {
            "timeInSec":14.282,
            "type":"begin_raw"
         },
         {
            "timeInSec":14.342,
            "type":"begin_raw"
         },
         {
            "timeInSec":14.427,
            "type":"begin_raw"
         },
         {
            "timeInSec":14.457,
            "type":"begin_raw"
         },
         {
            "timeInSec":14.515,
            "type":"begin_raw"
         },
         {
            "timeInSec":14.595,
            "type":"begin_raw"
         },
         {
            "timeInSec":14.632,
            "type":"begin_raw"
         },
         {
            "timeInSec":14.691,
            "type":"begin_raw"
         },
         {
            "timeInSec":14.791,
            "type":"begin_raw"
         },
         {
            "timeInSec":14.81,
            "type":"begin_raw"
         },
         {
            "timeInSec":14.863,
            "type":"begin_raw"
         },
         {
            "timeInSec":14.962,
            "type":"begin_raw"
         },
         {
            "timeInSec":14.982,
            "type":"begin_raw"
         },
         {
            "timeInSec":15.039,
            "type":"begin_raw"
         },
         {
            "timeInSec":15.129,
            "type":"begin_raw"
         },
         {
            "timeInSec":15.157,
            "type":"begin_raw"
         },
         {
            "timeInSec":15.214,
            "type":"begin_raw"
         },
         {
            "timeInSec":15.292,
            "type":"begin_raw"
         },
         {
            "timeInSec":15.331,
            "type":"begin_raw"
         },
         {
            "timeInSec":15.389,
            "type":"begin_raw"
         },
         {
            "timeInSec":15.485,
            "type":"begin_raw"
         },
         {
            "timeInSec":15.506,
            "type":"begin_raw"
         },
         {
            "timeInSec":15.568,
            "type":"begin_raw"
         },
         {
            "timeInSec":15.659,
            "type":"begin_raw"
         },
         {
            "timeInSec":15.683,
            "type":"begin_raw"
         },
         {
            "timeInSec":15.741,
            "type":"begin_raw"
         },
         {
            "timeInSec":15.829,
            "type":"begin_raw"
         },
         {
            "timeInSec":15.857,
            "type":"begin_raw"
         },
         {
            "timeInSec":15.914,
            "type":"begin_raw"
         },
         {
            "timeInSec":16.003,
            "type":"begin_raw"
         },
         {
            "timeInSec":16.032,
            "type":"begin_raw"
         },
         {
            "timeInSec":16.091,
            "type":"begin_raw"
         },
         {
            "timeInSec":16.184,
            "type":"end_raw"
         },
         {
            "timeInSec":16.642,
            "type":"begin_raw"
         },
         {
            "timeInSec":16.673,
            "type":"begin_raw"
         },
         {
            "timeInSec":16.73,
            "type":"begin_raw"
         },
         {
            "timeInSec":16.819,
            "type":"begin_raw"
         },
         {
            "timeInSec":16.846,
            "type":"begin_raw"
         },
         {
            "timeInSec":16.908,
            "type":"begin_raw"
         },
         {
            "timeInSec":17.003,
            "type":"begin_raw"
         },
         {
            "timeInSec":17.022,
            "type":"begin_raw"
         },
         {
            "timeInSec":17.081,
            "type":"begin_raw"
         },
         {
            "timeInSec":17.176,
            "type":"begin_raw"
         },
         {
            "timeInSec":17.197,
            "type":"begin_raw"
         },
         {
            "timeInSec":17.256,
            "type":"begin_raw"
         },
         {
            "timeInSec":17.35,
            "type":"begin_raw"
         },
         {
            "timeInSec":17.363,
            "type":"begin_raw"
         },
         {
            "timeInSec":17.414,
            "type":"begin_raw"
         },
         {
            "timeInSec":17.504,
            "type":"begin_raw"
         },
         {
            "timeInSec":17.516,
            "type":"begin_raw"
         },
         {
            "timeInSec":17.565,
            "type":"begin_raw"
         },
         {
            "timeInSec":17.641,
            "type":"begin_raw"
         },
         {
            "timeInSec":17.665,
            "type":"begin_raw"
         },
         {
            "timeInSec":17.714,
            "type":"begin_raw"
         },
         {
            "timeInSec":17.798,
            "type":"begin_raw"
         },
         {
            "timeInSec":17.815,
            "type":"begin_raw"
         },
         {
            "timeInSec":17.864,
            "type":"begin_raw"
         },
         {
            "timeInSec":17.933,
            "type":"begin_raw"
         },
         {
            "timeInSec":17.964,
            "type":"begin_raw"
         },
         {
            "timeInSec":18.015,
            "type":"begin_raw"
         },
         {
            "timeInSec":18.106,
            "type":"begin_raw"
         },
         {
            "timeInSec":18.116,
            "type":"begin_raw"
         },
         {
            "timeInSec":18.165,
            "type":"begin_raw"
         },
         {
            "timeInSec":18.233,
            "type":"begin_raw"
         },
         {
            "timeInSec":18.264,
            "type":"begin_raw"
         },
         {
            "timeInSec":18.315,
            "type":"begin_raw"
         },
         {
            "timeInSec":18.403,
            "type":"begin_raw"
         },
         {
            "timeInSec":18.416,
            "type":"begin_raw"
         },
         {
            "timeInSec":18.465,
            "type":"begin_raw"
         },
         {
            "timeInSec":18.544,
            "type":"begin_raw"
         },
         {
            "timeInSec":18.565,
            "type":"begin_raw"
         },
         {
            "timeInSec":18.616,
            "type":"begin_raw"
         },
         {
            "timeInSec":18.703,
            "type":"begin_raw"
         },
         {
            "timeInSec":18.716,
            "type":"begin_raw"
         },
         {
            "timeInSec":18.765,
            "type":"begin_raw"
         },
         {
            "timeInSec":18.845,
            "type":"begin_raw"
         },
         {
            "timeInSec":18.866,
            "type":"begin_raw"
         },
         {
            "timeInSec":18.916,
            "type":"begin_raw"
         },
         {
            "timeInSec":18.998,
            "type":"begin_raw"
         },
         {
            "timeInSec":19.016,
            "type":"begin_raw"
         },
         {
            "timeInSec":19.067,
            "type":"begin_raw"
         },
         {
            "timeInSec":19.152,
            "type":"begin_raw"
         },
         {
            "timeInSec":19.167,
            "type":"begin_raw"
         },
         {
            "timeInSec":19.218,
            "type":"begin_raw"
         },
         {
            "timeInSec":19.292,
            "type":"begin_raw"
         },
         {
            "timeInSec":19.318,
            "type":"begin_raw"
         },
         {
            "timeInSec":19.368,
            "type":"begin_raw"
         },
         {
            "timeInSec":19.448,
            "type":"begin_raw"
         },
         {
            "timeInSec":19.475,
            "type":"begin_raw"
         },
         {
            "timeInSec":19.535,
            "type":"begin_raw"
         },
         {
            "timeInSec":19.63,
            "type":"begin_raw"
         },
         {
            "timeInSec":19.652,
            "type":"begin_raw"
         },
         {
            "timeInSec":19.708,
            "type":"begin_raw"
         },
         {
            "timeInSec":19.797,
            "type":"begin_raw"
         },
         {
            "timeInSec":19.825,
            "type":"end_raw"
         },
         {
            "timeInSec":20.058,
            "type":"begin_raw"
         },
         {
            "timeInSec":20.153,
            "type":"begin_raw"
         },
         {
            "timeInSec":20.176,
            "type":"begin_raw"
         },
         {
            "timeInSec":20.233,
            "type":"begin_raw"
         },
         {
            "timeInSec":20.31,
            "type":"begin_raw"
         },
         {
            "timeInSec":20.35,
            "type":"begin_raw"
         },
         {
            "timeInSec":20.431,
            "type":"begin_raw"
         },
         {
            "timeInSec":20.466,
            "type":"begin_raw"
         },
         {
            "timeInSec":20.559,
            "type":"begin_raw"
         },
         {
            "timeInSec":20.583,
            "type":"begin_raw"
         },
         {
            "timeInSec":20.642,
            "type":"begin_raw"
         },
         {
            "timeInSec":20.748,
            "type":"begin_raw"
         },
         {
            "timeInSec":20.76,
            "type":"begin_raw"
         },
         {
            "timeInSec":20.815,
            "type":"begin_raw"
         },
         {
            "timeInSec":20.907,
            "type":"begin_raw"
         },
         {
            "timeInSec":20.934,
            "type":"begin_raw"
         },
         {
            "timeInSec":20.992,
            "type":"begin_raw"
         },
         {
            "timeInSec":21.08,
            "type":"begin_raw"
         },
         {
            "timeInSec":21.108,
            "type":"begin_raw"
         },
         {
            "timeInSec":21.167,
            "type":"begin_raw"
         },
         {
            "timeInSec":21.245,
            "type":"begin_raw"
         },
         {
            "timeInSec":21.282,
            "type":"begin_raw"
         },
         {
            "timeInSec":21.362,
            "type":"begin_raw"
         },
         {
            "timeInSec":21.4,
            "type":"begin_raw"
         },
         {
            "timeInSec":21.481,
            "type":"begin_raw"
         },
         {
            "timeInSec":21.515,
            "type":"begin_raw"
         },
         {
            "timeInSec":21.574,
            "type":"begin_raw"
         },
         {
            "timeInSec":21.667,
            "type":"begin_raw"
         },
         {
            "timeInSec":21.691,
            "type":"begin_raw"
         },
         {
            "timeInSec":21.749,
            "type":"begin_raw"
         },
         {
            "timeInSec":21.826,
            "type":"begin_raw"
         },
         {
            "timeInSec":21.865,
            "type":"begin_raw"
         },
         {
            "timeInSec":21.949,
            "type":"begin_raw"
         },
         {
            "timeInSec":21.98,
            "type":"begin_raw"
         },
         {
            "timeInSec":22.04,
            "type":"begin_raw"
         },
         {
            "timeInSec":22.109,
            "type":"begin_raw"
         },
         {
            "timeInSec":22.154,
            "type":"begin_raw"
         },
         {
            "timeInSec":22.251,
            "type":"begin_raw"
         },
         {
            "timeInSec":22.273,
            "type":"begin_raw"
         },
         {
            "timeInSec":22.332,
            "type":"begin_raw"
         },
         {
            "timeInSec":22.423,
            "type":"begin_raw"
         },
         {
            "timeInSec":22.449,
            "type":"begin_raw"
         },
         {
            "timeInSec":22.503,
            "type":"begin_raw"
         },
         {
            "timeInSec":22.569,
            "type":"begin_raw"
         },
         {
            "timeInSec":22.618,
            "type":"begin_raw"
         },
         {
            "timeInSec":22.695,
            "type":"begin_raw"
         },
         {
            "timeInSec":22.737,
            "type":"end_raw"
         },
         {
            "timeInSec":22.913,
            "type":"deactivated"
         },
         {
            "timeInSec":22.913,
            "type":"end_overall"
         },
         {
            "timeInSec":22.925,
            "type":"end_smooth"
         },
         {
            "timeInSec":22.925,
            "type":"stop_detection"
         }
      ],
      "startTime":"2018-05-30T10:37:57-0400",
      "startTimestamp":1527691077832
   }
}