2018-05-21 11:32:51.285 | I | -[AppDelegate application:didFinishLaunchingWithOptions:] | [line:186] | [MESSAGE] application Did Finish Launching
2018-05-21 11:32:51.355 | I | -[AppDelegate logMataData] | [line:164] | [MESSAGE] trial ID (null)
2018-05-21 11:32:51.355 | I | -[AppDelegate logMataData] | [line:165] | [MESSAGE] trial name pro
2018-05-21 11:32:51.356 | I | -[UIDeviceHardware platformString] | [line:30] | [MESSAGE] apple device internal version code iPhone7,1
2018-05-21 11:32:51.356 | I | -[AppDelegate logMataData] | [line:166] | [MESSAGE] Device Hardware iPhone 6 PLUS
2018-05-21 11:32:51.356 | I | -[AppDelegate logMataData] | [line:167] | [MESSAGE] OS Version 11.3.1
2018-05-21 11:32:51.356 | I | -[AppDelegate logMataData] | [line:168] | [MESSAGE] AiView build version 2018.3
2018-05-21 11:32:51.356 | I | -[AppDelegate logMataData] | [line:169] | [MESSAGE] device language en-US
2018-05-21 11:32:51.363 | I | -[AppDelegate logMataData] | [line:170] | [MESSAGE] device UUID 21C42E32-E759-441C-BCE6-DD7C88654B9D
2018-05-21 11:32:51.364 | I | -[AppDelegate logMataData] | [line:173] | [MESSAGE] Patient ID (null)
2018-05-21 11:32:51.370 | I | +[AIUtil hasInternetConnection] | [line:683] | [MESSAGE] has internet connnection = 1
2018-05-21 11:32:52.153 | I | -[AppDelegate applicationWillResignActive:] | [line:201] | [MESSAGE] application Will Resign Active
2018-05-21 11:32:52.486 | D | -[AiViewSwitch startApp] | [line:156] | [MESSAGE] StartApp in AiViewSwitch
2018-05-21 11:32:52.587 | I | +[AIUtil checkPermission] | [line:1129] | [MESSAGE] camera access / mic access Not Determined
2018-05-21 11:32:52.870 | I | -[LoginVC viewDidLoad] | [line:72] | [MESSAGE] LoginVC view did load
2018-05-21 11:32:52.876 | I | +[AIUtil checkWifiConnection] | [line:705] | [MESSAGE] check wifi connection = CONNECT_WIFI
2018-05-21 11:32:56.523 | I | -[AppDelegate applicationWillResignActive:] | [line:201] | [MESSAGE] application Will Resign Active
2018-05-21 11:32:57.074 | I | -[AppDelegate applicationWillResignActive:] | [line:201] | [MESSAGE] application Will Resign Active
2018-05-21 11:32:58.309 | I | -[AppDelegate applicationWillResignActive:] | [line:201] | [MESSAGE] application Will Resign Active
2018-05-21 11:33:00.763 | I | -[AppDelegate application:didRegisterForRemoteNotificationsWithDeviceToken:] | [line:437] | [MESSAGE] Succeded to get APNS token data: <2d91b5dd 071b1978 7b6aabdb d4b58e7b 9eafe998 f8b62d08 839780b3 e3943ec2>
2018-05-21 11:33:00.763 | I | -[AppDelegate application:didRegisterForRemoteNotificationsWithDeviceToken:] | [line:443] | [MESSAGE] deviceToken:  2d91b5dd071b19787b6aabdbd4b58e7b9eafe998f8b62d08839780b3e3943ec2
2018-05-21 11:33:25.138 | I | -[RelinkAction relinkWithUsername:code:] | [line:92] | [MESSAGE] relinkWithUsername 21C42E32-E759-441C-BCE6-DD7C88654B9D url /backend/backend
2018-05-21 11:33:25.656 | I | -[RelinkAction update:task_name:] | [line:152] | [MESSAGE] relink transmission task_name routing, result 9999
2018-05-21 11:33:26.972 | I | -[RelinkAction update:task_name:] | [line:152] | [MESSAGE] relink transmission task_name Relink, result 9999
2018-05-21 11:33:27.250 | I | -[RelinkAction update:task_name:] | [line:152] | [MESSAGE] relink transmission task_name kiosk_dose_check, result 9999
2018-05-21 11:33:27.378 | I | -[TransmissionProtocol update:task_name:] | [line:64] | [MESSAGE] trial_setup 9999
2018-05-21 11:33:27.556 | I | -[TransmissionProtocol update:task_name:] | [line:64] | [MESSAGE] trial_setup_serialized 9999
2018-05-21 11:33:27.909 | I | -[TransmissionProtocol update:task_name:] | [line:64] | [MESSAGE] dose_protocol_sync 9999
2018-05-21 11:33:28.736 | I | -[LoginVC handleRelinkSuccess] | [line:334] | [MESSAGE] relink success
2018-05-21 11:33:28.985 | I | -[TransmissionProtocol update:task_name:] | [line:64] | [MESSAGE] push_token_registration 9999
2018-05-21 11:33:31.325 | D | -[AiViewSwitch startApp] | [line:156] | [MESSAGE] StartApp in AiViewSwitch
2018-05-21 11:33:31.326 | I | +[AIUtil checkPermission] | [line:1132] | [MESSAGE] camera access / mic access Authorized
2018-05-21 11:33:31.506 | I | -[AiView viewDidLoad] | [line:68] | [MESSAGE] AiView view did load
2018-05-21 11:33:31.691 | I | -[AINeuralNetworkConfigManager fileDownloadedWithUrl:succeeded:] | [line:249] | [MESSAGE] Neural network config download succeeded.
2018-05-21 11:33:49.802 | I | -[MedProtocolController getNexMedFromUser:dateTime:loadData:context:] | [line:144] | [MESSAGE] currentDoseDone: 1
2018-05-21 11:33:49.836 | I | -[MedProtocolController getNexMedFromUser:dateTime:loadData:context:] | [line:165] | [MESSAGE] protocolID: 3, doseID: 0, numPillsInCurrentMed: 1, correctPillName: smarties-white, targetDate: 2018-05-21 04:00:00 +0000
2018-05-21 11:33:49.836 | I | -[AiView defineProcess:currentTime:context:] | [line:157] | [MESSAGE] allMedsWithinDoseNotFinished 1
2018-05-21 11:33:49.841 | I | -[InteruptionRecovery checkInteruptionAndProcessWithUser:inManagedObjectContext:] | [line:93] | [MESSAGE] no interruption found
2018-05-21 11:33:49.841 | I | -[AiView defineProcess:currentTime:context:] | [line:163] | [MESSAGE] ==== interuptionStatus ==== 10002
2018-05-21 11:33:49.842 | I | -[AiView defineProcess:currentTime:context:] | [line:165] | [MESSAGE] NO_INTERUPTION_FOUND
2018-05-21 11:33:49.842 | I | -[AiView defineProcess:currentTime:context:] | [line:167] | [MESSAGE] ==== go to start ====
2018-05-21 11:33:50.185 | I | -[StartPageViewController viewDidLoad] | [line:65] | [MESSAGE] view did load
2018-05-21 11:33:51.358 | I | -[AINeuralNetworkConfigManager fileDownloadedWithUrl:succeeded:] | [line:249] | [MESSAGE] Neural network config download succeeded.
2018-05-21 11:34:05.618 | I | -[AINeuralNetworkConfigManager fileDownloadedWithUrl:succeeded:] | [line:254] | [MESSAGE] Neural network model download succeeded. Filename: pih-generic-20180508.mlmodel.
2018-05-21 11:34:05.750 | I | -[AINeuralNetworkConfigManager fileDownloadedWithUrl:succeeded:] | [line:254] | [MESSAGE] Neural network model download succeeded. Filename: MC_MN05_resplit.mlmodel.
2018-05-21 11:34:05.755 | I | -[AINeuralNetworkConfigManager fileDownloadedWithUrl:succeeded:] | [line:260] | [MESSAGE] model is updated on 2018-05-21 11:34:05
2018-05-21 11:34:05.788 | I | -[AINeuralNetworkConfigManager fileDownloadedWithUrl:succeeded:] | [line:254] | [MESSAGE] Neural network model download succeeded. Filename: pih-generic-20180508.mlmodel.
2018-05-21 11:34:05.791 | I | -[AINeuralNetworkConfigManager fileDownloadedWithUrl:succeeded:] | [line:260] | [MESSAGE] model is updated on 2018-05-21 11:34:05
2018-05-21 11:34:06.048 | I | -[AINeuralNetworkConfigManager fileDownloadedWithUrl:succeeded:] | [line:254] | [MESSAGE] Neural network model download succeeded. Filename: MC_MN05_resplit.mlmodel.
2018-05-21 11:34:06.053 | I | -[AINeuralNetworkConfigManager fileDownloadedWithUrl:succeeded:] | [line:260] | [MESSAGE] model is updated on 2018-05-21 11:34:06
2018-05-21 11:34:09.392 | I | -[StartPageViewController onStartButtonPressed:] | [line:138] | [MESSAGE] POP_QUESTION_BEFORE_DOSING == 0
2018-05-21 11:34:09.409 | I | -[AiViewDaily viewDidLoad] | [line:52] | [MESSAGE] AiViewDaily view did load
2018-05-21 11:34:09.409 | I | -[AiViewDaily viewDidLoad] | [line:70] | [MESSAGE] Current medication name smarties-white
2018-05-21 11:34:09.409 | I | -[AiViewDaily viewDidLoad] | [line:71] | [MESSAGE] Current dosing amount 0
2018-05-21 11:34:09.410 | I | -[AiViewDaily viewDidLoad] | [line:77] | [MESSAGE] Current dosing steps 0, 1, 2, 3, 9, 
2018-05-21 11:34:09.483 | I | +[AINeuralNetworkConfigManager setCurrentMedicationName:shape:color:] | [line:94] | [MESSAGE] Set current medication name: smarties-white, shape: round, color: white.
2018-05-21 11:34:10.414 | I | -[StepsController init:uiView:steps:viewController:recordVideo:] | [line:90] | [MESSAGE] should record video flag 0
2018-05-21 11:34:10.419 | I | +[AIUtil checkPermission] | [line:1132] | [MESSAGE] camera access / mic access Authorized
2018-05-21 11:34:10.422 | I | -[CameraEngine previewAndInitRecordVideo:recordAudio:videoName:CameraEngineScenario:] | [line:110] | [MESSAGE] Starting up server
2018-05-21 11:34:12.054 | I | -[StepsController goToCamera] | [line:531] | [MESSAGE] goToCamera
2018-05-21 11:34:12.081 | I | -[StepsController defineCurrentStep] | [line:281] | [MESSAGE] defineCurrentStep 0
2018-05-21 11:34:12.128 | I | -[PhasesController defineState] | [line:223] | [MESSAGE] PhasesController defineState 0
2018-05-21 11:34:12.128 | I | -[PhasesController defineState] | [line:223] | [MESSAGE] PhasesController defineState 12
2018-05-21 11:34:13.227 | I | -[CameraEngine startCapture] | [line:187] | [MESSAGE] starting capture
2018-05-21 11:34:15.130 | I | -[PhasesController defineState] | [line:223] | [MESSAGE] PhasesController defineState 1
2018-05-21 11:34:15.309 | I | -[PhasesController defineState] | [line:223] | [MESSAGE] PhasesController defineState 6
2018-05-21 11:34:15.384 | I | -[CameraUIView displayConfirm] | [line:329] | [MESSAGE] show step confirm animation
2018-05-21 11:34:15.384 | I | -[AudioPlayer playAudioWithoutFlag:] | [line:49] | [MESSAGE] play audio name confirm
2018-05-21 11:34:17.566 | I | -[PhasesController defineState] | [line:223] | [MESSAGE] PhasesController defineState 5
2018-05-21 11:34:17.572 | I | -[StepsController goToCamera] | [line:531] | [MESSAGE] goToCamera
2018-05-21 11:34:17.574 | I | -[StepsController defineCurrentStep] | [line:281] | [MESSAGE] defineCurrentStep 1
2018-05-21 11:34:19.236 | I | -[PhasesController defineState] | [line:223] | [MESSAGE] PhasesController defineState 0
2018-05-21 11:34:19.236 | I | -[PhasesController defineState] | [line:223] | [MESSAGE] PhasesController defineState 12
2018-05-21 11:34:20.380 | I | -[PhasesController defineState] | [line:223] | [MESSAGE] PhasesController defineState 1
2018-05-21 11:34:24.564 | I | -[PhasesController defineState] | [line:223] | [MESSAGE] PhasesController defineState 10
2018-05-21 11:34:24.912 | I | -[PhasesController defineState] | [line:223] | [MESSAGE] PhasesController defineState 2
2018-05-21 11:34:24.940 | I | -[PhasesController defineState] | [line:223] | [MESSAGE] PhasesController defineState 3
2018-05-21 11:34:25.573 | I | -[FlexibleAudioPlayerController playAudioBasedOnErrorState:step:] | [line:68] | [MESSAGE] playAudioBasedOnErrorState C8_9_Device_Position_Error
2018-05-21 11:34:25.573 | I | -[AudioPlayer playAudioName:] | [line:38] | [MESSAGE] play audio name C8_9_Device_Position_Error
2018-05-21 11:34:25.610 | I | -[PhasesController defineState] | [line:223] | [MESSAGE] PhasesController defineState 2
2018-05-21 11:34:25.653 | I | -[PhasesController defineState] | [line:223] | [MESSAGE] PhasesController defineState 3
2018-05-21 11:34:26.151 | I | -[FlexibleAudioPlayerController playAudioBasedOnErrorState:step:] | [line:68] | [MESSAGE] playAudioBasedOnErrorState C8_9_Device_Position_Error
2018-05-21 11:34:26.153 | I | -[AudioPlayer playAudioName:] | [line:38] | [MESSAGE] play audio name C8_9_Device_Position_Error
2018-05-21 11:34:26.190 | I | -[CameraUIView displayError:] | [line:286] | [MESSAGE] show error animation; error type 18
2018-05-21 11:34:36.094 | I | -[AIDetectorDecisionMaker decisionWithValue:] | [line:41] | [MESSAGE] Step pill_identification frame passed. 0.978672, threadhold: 0.866000. Passed frame count: 1
2018-05-21 11:34:36.141 | I | -[AIDetectorDecisionMaker decisionWithValue:] | [line:41] | [MESSAGE] Step pill_identification frame passed. 0.977110, threadhold: 0.866000. Passed frame count: 2
2018-05-21 11:34:36.292 | I | -[PhasesController defineState] | [line:223] | [MESSAGE] PhasesController defineState 2
2018-05-21 11:34:36.666 | I | -[AIDetectorDecisionMaker decisionWithValue:] | [line:41] | [MESSAGE] Step pill_identification frame passed. 0.881207, threadhold: 0.866000. Passed frame count: 3
2018-05-21 11:34:36.666 | I | -[NNDetectorPillController onDetectorDNNCompleteWithResult:] | [line:70] | [MESSAGE] pid 0.881207
2018-05-21 11:34:36.700 | I | -[PhasesController defineState] | [line:223] | [MESSAGE] PhasesController defineState 6
2018-05-21 11:34:36.743 | I | -[NNDetectorPillController onDetectorDNNCompleteWithResult:] | [line:70] | [MESSAGE] pid 0.242923
2018-05-21 11:34:36.745 | I | -[CameraUIView displayConfirm] | [line:329] | [MESSAGE] show step confirm animation
2018-05-21 11:34:36.751 | I | -[AudioPlayer playAudioWithoutFlag:] | [line:49] | [MESSAGE] play audio name confirm
2018-05-21 11:34:37.485 | I | -[NNDetectorPillController onDetectorDNNCompleteWithResult:] | [line:70] | [MESSAGE] pid 0.995345
2018-05-21 11:34:37.538 | I | -[NNDetectorPillController onDetectorDNNCompleteWithResult:] | [line:70] | [MESSAGE] pid 0.000132
2018-05-21 11:34:37.576 | I | -[NNDetectorPillController onDetectorDNNCompleteWithResult:] | [line:70] | [MESSAGE] pid 0.000075
2018-05-21 11:34:37.609 | I | -[NNDetectorPillController onDetectorDNNCompleteWithResult:] | [line:70] | [MESSAGE] pid 0.000141
2018-05-21 11:34:37.673 | I | -[NNDetectorPillController onDetectorDNNCompleteWithResult:] | [line:70] | [MESSAGE] pid 0.000059
2018-05-21 11:34:37.704 | I | -[NNDetectorPillController onDetectorDNNCompleteWithResult:] | [line:70] | [MESSAGE] pid 0.000160
2018-05-21 11:34:37.755 | I | -[NNDetectorPillController onDetectorDNNCompleteWithResult:] | [line:70] | [MESSAGE] pid 0.000181
2018-05-21 11:34:37.801 | I | -[NNDetectorPillController onDetectorDNNCompleteWithResult:] | [line:70] | [MESSAGE] pid 0.000768
2018-05-21 11:34:37.830 | I | -[NNDetectorPillController onDetectorDNNCompleteWithResult:] | [line:70] | [MESSAGE] pid 0.000145
2018-05-21 11:34:37.876 | I | -[NNDetectorPillController onDetectorDNNCompleteWithResult:] | [line:70] | [MESSAGE] pid 0.000220
2018-05-21 11:34:37.906 | I | -[NNDetectorPillController onDetectorDNNCompleteWithResult:] | [line:70] | [MESSAGE] pid 0.000236
2018-05-21 11:34:37.940 | I | -[NNDetectorPillController onDetectorDNNCompleteWithResult:] | [line:70] | [MESSAGE] pid 0.000102
2018-05-21 11:34:37.966 | I | -[NNDetectorPillController onDetectorDNNCompleteWithResult:] | [line:70] | [MESSAGE] pid 0.000117
2018-05-21 11:34:37.993 | I | -[NNDetectorPillController onDetectorDNNCompleteWithResult:] | [line:70] | [MESSAGE] pid 0.000251
2018-05-21 11:34:38.044 | I | -[NNDetectorPillController onDetectorDNNCompleteWithResult:] | [line:70] | [MESSAGE] pid 0.000139
2018-05-21 11:34:38.075 | I | -[NNDetectorPillController onDetectorDNNCompleteWithResult:] | [line:70] | [MESSAGE] pid 0.000186
2018-05-21 11:34:38.105 | I | -[NNDetectorPillController onDetectorDNNCompleteWithResult:] | [line:70] | [MESSAGE] pid 0.000303
2018-05-21 11:34:38.130 | I | -[NNDetectorPillController onDetectorDNNCompleteWithResult:] | [line:70] | [MESSAGE] pid 0.000172
2018-05-21 11:34:38.161 | I | -[NNDetectorPillController onDetectorDNNCompleteWithResult:] | [line:70] | [MESSAGE] pid 0.000162
2018-05-21 11:34:38.204 | I | -[NNDetectorPillController onDetectorDNNCompleteWithResult:] | [line:70] | [MESSAGE] pid 0.000138
2018-05-21 11:34:38.232 | I | -[NNDetectorPillController onDetectorDNNCompleteWithResult:] | [line:70] | [MESSAGE] pid 0.000277
2018-05-21 11:34:38.262 | I | -[NNDetectorPillController onDetectorDNNCompleteWithResult:] | [line:70] | [MESSAGE] pid 0.000093
2018-05-21 11:34:38.293 | I | -[NNDetectorPillController onDetectorDNNCompleteWithResult:] | [line:70] | [MESSAGE] pid 0.000397
2018-05-21 11:34:38.328 | I | -[NNDetectorPillController onDetectorDNNCompleteWithResult:] | [line:70] | [MESSAGE] pid 0.001206
2018-05-21 11:34:38.362 | I | -[NNDetectorPillController onDetectorDNNCompleteWithResult:] | [line:70] | [MESSAGE] pid 0.002083
2018-05-21 11:34:38.394 | I | -[NNDetectorPillController onDetectorDNNCompleteWithResult:] | [line:70] | [MESSAGE] pid 0.004453
2018-05-21 11:34:38.427 | I | -[NNDetectorPillController onDetectorDNNCompleteWithResult:] | [line:70] | [MESSAGE] pid 0.003686
2018-05-21 11:34:38.462 | I | -[NNDetectorPillController onDetectorDNNCompleteWithResult:] | [line:70] | [MESSAGE] pid 0.003709
2018-05-21 11:34:38.509 | I | -[NNDetectorPillController onDetectorDNNCompleteWithResult:] | [line:70] | [MESSAGE] pid 0.003828
2018-05-21 11:34:38.536 | I | -[NNDetectorPillController onDetectorDNNCompleteWithResult:] | [line:70] | [MESSAGE] pid 0.003213
2018-05-21 11:34:38.563 | I | -[NNDetectorPillController onDetectorDNNCompleteWithResult:] | [line:70] | [MESSAGE] pid 0.001639
2018-05-21 11:34:38.593 | I | -[NNDetectorPillController onDetectorDNNCompleteWithResult:] | [line:70] | [MESSAGE] pid 0.001556
2018-05-21 11:34:38.632 | I | -[NNDetectorPillController onDetectorDNNCompleteWithResult:] | [line:70] | [MESSAGE] pid 0.001586
2018-05-21 11:34:38.662 | I | -[NNDetectorPillController onDetectorDNNCompleteWithResult:] | [line:70] | [MESSAGE] pid 0.001825
2018-05-21 11:34:38.693 | I | -[NNDetectorPillController onDetectorDNNCompleteWithResult:] | [line:70] | [MESSAGE] pid 0.001655
2018-05-21 11:34:38.728 | I | -[NNDetectorPillController onDetectorDNNCompleteWithResult:] | [line:70] | [MESSAGE] pid 0.002677
2018-05-21 11:34:38.759 | I | -[NNDetectorPillController onDetectorDNNCompleteWithResult:] | [line:70] | [MESSAGE] pid 0.002657
2018-05-21 11:34:38.795 | I | -[NNDetectorPillController onDetectorDNNCompleteWithResult:] | [line:70] | [MESSAGE] pid 0.001159
2018-05-21 11:34:38.826 | I | -[NNDetectorPillController onDetectorDNNCompleteWithResult:] | [line:70] | [MESSAGE] pid 0.000364
2018-05-21 11:34:38.862 | I | -[NNDetectorPillController onDetectorDNNCompleteWithResult:] | [line:70] | [MESSAGE] pid 0.000262
2018-05-21 11:34:38.893 | I | -[NNDetectorPillController onDetectorDNNCompleteWithResult:] | [line:70] | [MESSAGE] pid 0.000942
2018-05-21 11:34:38.928 | I | -[NNDetectorPillController onDetectorDNNCompleteWithResult:] | [line:70] | [MESSAGE] pid 0.000789
2018-05-21 11:34:38.928 | I | -[PhasesController defineState] | [line:223] | [MESSAGE] PhasesController defineState 5
2018-05-21 11:34:38.932 | I | -[StepsController goToCamera] | [line:531] | [MESSAGE] goToCamera
2018-05-21 11:34:38.932 | I | -[StepsController defineCurrentStep] | [line:281] | [MESSAGE] defineCurrentStep 2
2018-05-21 11:34:39.861 | I | -[PhasesController defineState] | [line:223] | [MESSAGE] PhasesController defineState 0
2018-05-21 11:34:39.861 | I | -[PhasesController defineState] | [line:223] | [MESSAGE] PhasesController defineState 12
2018-05-21 11:34:40.766 | I | -[NNDetectorPillController onDetectorDNNCompleteWithResult:] | [line:70] | [MESSAGE] pid 0.000714
2018-05-21 11:34:40.829 | I | -[PhasesController defineState] | [line:223] | [MESSAGE] PhasesController defineState 1
2018-05-21 11:34:40.928 | I | -[PhasesController defineState] | [line:223] | [MESSAGE] PhasesController defineState 10
2018-05-21 11:34:41.310 | I | -[PhasesController defineState] | [line:223] | [MESSAGE] PhasesController defineState 2
2018-05-21 11:34:41.340 | I | -[PhasesController defineState] | [line:223] | [MESSAGE] PhasesController defineState 3
2018-05-21 11:34:41.798 | I | -[FlexibleAudioPlayerController playAudioBasedOnErrorState:step:] | [line:68] | [MESSAGE] playAudioBasedOnErrorState C8_9_Device_Position_Error
2018-05-21 11:34:41.798 | I | -[AudioPlayer playAudioName:] | [line:38] | [MESSAGE] play audio name C8_9_Device_Position_Error
2018-05-21 11:34:41.840 | I | -[PhasesController defineState] | [line:223] | [MESSAGE] PhasesController defineState 2
2018-05-21 11:34:41.914 | I | -[PhasesController defineState] | [line:223] | [MESSAGE] PhasesController defineState 3
2018-05-21 11:34:42.468 | I | -[FlexibleAudioPlayerController playAudioBasedOnErrorState:step:] | [line:68] | [MESSAGE] playAudioBasedOnErrorState C8_9_Device_Position_Error
2018-05-21 11:34:42.468 | I | -[AudioPlayer playAudioName:] | [line:38] | [MESSAGE] play audio name C8_9_Device_Position_Error
2018-05-21 11:34:42.538 | I | -[CameraUIView displayError:] | [line:286] | [MESSAGE] show error animation; error type 18
