2018-06-05 16:10:22.999 | I | -[DigitalClockVC displayReminderView] | [line:515] | [MESSAGE] displayReminderView
2018-06-05 16:10:23.000 | I | -[DigitalClockVC showDigitalClockNormal] | [line:580] | [MESSAGE] showDigitalClockNormal
2018-06-05 16:10:23.075 | I | getQuestionnaire(questionnaireID:) | [line:128] | [MESSAGE] [API Gateway] Getting questionnaire succeeded. Questionnaire ID: client100prod_1525443315-1526411416794-c045df71-1d1b-4346-a3c5-4d3ff4b356f3. Name: VST and ANSA Day 14.
2018-06-05 16:10:23.090 | I | -[DigitalClockVC displayReminderView] | [line:515] | [MESSAGE] displayReminderView
2018-06-05 16:10:23.090 | I | -[DigitalClockVC showDigitalClockNormal] | [line:580] | [MESSAGE] showDigitalClockNormal
2018-06-05 16:10:23.123 | I | -[DigitalClockVC startPKVisitQuestionIfNecessary] | [line:721] | [MESSAGE] startPKVisitQuestionIfNecessary
2018-06-05 16:10:23.165 | I | -[DigitalClockVC showQuestionnaire] | [line:788] | [MESSAGE] showQuestionnaire
2018-06-05 16:10:23.299 | I | saveQuestionnaireToFile(questionnaire:) | [line:234] | [MESSAGE] [Questionnaire] Save questionnaire succeeded. Filename: client100prod_1525443315-1526411416794-c045df71-1d1b-4346-a3c5-4d3ff4b356f3.
2018-06-05 16:10:23.299 | I | -[DigitalClockVC constructNextActionSchedulesAndQuestionnairesIfPossible] | [line:806] | [MESSAGE] constructNextActionSchedulesAndQuestionnairesIfPossible
2018-06-05 16:10:23.818 | I | -[QuestionPageVC viewDidLoad] | [line:250] | [MESSAGE] Question page view did load. title: AiCure, class: AIQuestionPageTextInstructionViewController, answering
2018-06-05 16:10:23.819 | I | -[QuestionPageVC viewDidLoad] | [line:258] | [MESSAGE] Background recording is on.
2018-06-05 16:10:23.824 | I | -[AIFaceRecognitionCameraViewController viewDidLoad] | [line:43] | [MESSAGE] AIFaceRecognitionCameraViewController view did load
2018-06-05 16:10:23.824 | I | -[QuestionPageVC viewDidLoad] | [line:250] | [MESSAGE] Question page view did load. title: AiCure, class: AIFaceRecognitionCameraViewController, reviewing
2018-06-05 16:10:23.824 | I | -[QuestionPageVC viewDidLoad] | [line:283] | [MESSAGE] Background recording is off.
2018-06-05 16:10:24.542 | I | -[DigitalClockVC showScreenBasedOnStatus] | [line:358] | [MESSAGE] show screen based on status
2018-06-05 16:10:24.542 | I | -[DigitalClockVC displayReminderView] | [line:515] | [MESSAGE] displayReminderView
2018-06-05 16:10:24.542 | I | -[DigitalClockVC showDigitalClockNormal] | [line:580] | [MESSAGE] showDigitalClockNormal
2018-06-05 16:10:24.672 | I | -[DigitalClockVC displayReminderView] | [line:515] | [MESSAGE] displayReminderView
2018-06-05 16:10:24.672 | I | -[DigitalClockVC showDigitalClockNormal] | [line:580] | [MESSAGE] showDigitalClockNormal
2018-06-05 16:10:24.702 | I | -[DigitalClockVC startPKVisitQuestionIfNecessary] | [line:721] | [MESSAGE] startPKVisitQuestionIfNecessary
2018-06-05 16:10:25.223 | I | +[AINeuralNetworkConfigManager setCurrentMedicationName:shape:color:] | [line:93] | [MESSAGE] Set current medication name: , shape: (null), color: (null).
2018-06-05 16:10:25.319 | I | -[CameraEngine previewAndInitRecordVideo:recordAudio:videoName:CameraEngineScenario:] | [line:110] | [MESSAGE] Starting up server
2018-06-05 16:10:26.164 | I | -[StepsController goToCamera] | [line:531] | [MESSAGE] goToCamera
2018-06-05 16:10:26.166 | I | -[PhasesController defineState] | [line:223] | [MESSAGE] PhasesController defineState 2
2018-06-05 16:10:26.166 | I | -[CameraEngine startCapture] | [line:187] | [MESSAGE] starting capture
2018-06-05 16:10:31.907 | I | -[QuestionPageVC audioPlayerDidFinishPlaying:successfully:] | [line:692] | [MESSAGE] Audio playback finished. Played URL file:///var/mobile/Containers/Data/Application/263DF61B-42A2-4179-97CD-5BD0FF575BF3/Library/Application%20Support/questionnaire/assets/6169607e-0269-4db7-b7b3-29b0d2977162_227.mp3. Successfully? 1
2018-06-05 16:10:32.479 | I | -[AIFaceRecognitionCameraViewController stopRecording] | [line:103] | [MESSAGE] AIFaceRecognitionCameraViewController stop recording
2018-06-05 16:10:32.480 | I | -[CameraEngine shutdown] | [line:504] | [MESSAGE] shutting down server
2018-06-05 16:10:32.856 | I | -[CameraEngine shutdown]_block_invoke | [line:510] | [MESSAGE] Capture completed
2018-06-05 16:10:33.487 | I | -[QuestionPageVC viewDidLoad] | [line:250] | [MESSAGE] Question page view did load. title: AiCure, class: AIQuestionPageTextInstructionViewController, answering
2018-06-05 16:10:33.506 | I | -[QuestionPageVC viewDidLoad] | [line:258] | [MESSAGE] Background recording is on.
2018-06-05 16:10:33.524 | I | -[AIFaceRecognitionCameraViewController viewDidLoad] | [line:43] | [MESSAGE] AIFaceRecognitionCameraViewController view did load
2018-06-05 16:10:33.527 | I | -[QuestionPageVC viewDidLoad] | [line:250] | [MESSAGE] Question page view did load. title: AiCure, class: AIFaceRecognitionCameraViewController, reviewing
2018-06-05 16:10:33.529 | I | -[QuestionPageVC viewDidLoad] | [line:283] | [MESSAGE] Background recording is off.
2018-06-05 16:10:34.397 | I | +[AINeuralNetworkConfigManager setCurrentMedicationName:shape:color:] | [line:93] | [MESSAGE] Set current medication name: , shape: (null), color: (null).
2018-06-05 16:10:34.505 | I | -[CameraEngine previewAndInitRecordVideo:recordAudio:videoName:CameraEngineScenario:] | [line:110] | [MESSAGE] Starting up server
2018-06-05 16:10:34.899 | I | -[StepsController goToCamera] | [line:531] | [MESSAGE] goToCamera
2018-06-05 16:10:34.902 | I | -[PhasesController defineState] | [line:223] | [MESSAGE] PhasesController defineState 2
2018-06-05 16:10:34.902 | I | -[CameraEngine startCapture] | [line:187] | [MESSAGE] starting capture
2018-06-05 16:10:42.577 | I | -[QuestionPageVC audioPlayerDidFinishPlaying:successfully:] | [line:692] | [MESSAGE] Audio playback finished. Played URL file:///var/mobile/Containers/Data/Application/263DF61B-42A2-4179-97CD-5BD0FF575BF3/Library/Application%20Support/questionnaire/assets/67a97f58-5104-4e7b-85c3-91a78068b6aa_228.mp3. Successfully? 1
2018-06-05 16:10:43.139 | I | -[AIFaceRecognitionCameraViewController stopRecording] | [line:103] | [MESSAGE] AIFaceRecognitionCameraViewController stop recording
2018-06-05 16:10:43.139 | I | -[CameraEngine shutdown] | [line:504] | [MESSAGE] shutting down server
2018-06-05 16:10:43.311 | I | -[CameraEngine shutdown]_block_invoke | [line:510] | [MESSAGE] Capture completed
2018-06-05 16:10:43.894 | I | -[QuestionPageVC viewDidLoad] | [line:250] | [MESSAGE] Question page view did load. title: AiCure, class: AIQuestionPageTextInstructionViewController, answering
2018-06-05 16:10:43.901 | I | -[QuestionPageVC viewDidLoad] | [line:258] | [MESSAGE] Background recording is on.
2018-06-05 16:10:43.907 | I | -[AIFaceRecognitionCameraViewController viewDidLoad] | [line:43] | [MESSAGE] AIFaceRecognitionCameraViewController view did load
2018-06-05 16:10:43.908 | I | -[QuestionPageVC viewDidLoad] | [line:250] | [MESSAGE] Question page view did load. title: AiCure, class: AIFaceRecognitionCameraViewController, reviewing
2018-06-05 16:10:43.909 | I | -[QuestionPageVC viewDidLoad] | [line:283] | [MESSAGE] Background recording is off.
2018-06-05 16:10:44.624 | I | +[AINeuralNetworkConfigManager setCurrentMedicationName:shape:color:] | [line:93] | [MESSAGE] Set current medication name: , shape: (null), color: (null).
2018-06-05 16:10:44.720 | I | -[CameraEngine previewAndInitRecordVideo:recordAudio:videoName:CameraEngineScenario:] | [line:110] | [MESSAGE] Starting up server
2018-06-05 16:10:45.102 | I | -[StepsController goToCamera] | [line:531] | [MESSAGE] goToCamera
2018-06-05 16:10:45.120 | I | -[PhasesController defineState] | [line:223] | [MESSAGE] PhasesController defineState 2
2018-06-05 16:10:45.124 | I | -[CameraEngine startCapture] | [line:187] | [MESSAGE] starting capture
2018-06-05 16:10:48.665 | I | -[QuestionPageVC audioPlayerDidFinishPlaying:successfully:] | [line:692] | [MESSAGE] Audio playback finished. Played URL file:///var/mobile/Containers/Data/Application/263DF61B-42A2-4179-97CD-5BD0FF575BF3/Library/Application%20Support/questionnaire/assets/ee781f4b-fd0a-48ce-9930-17a12625ae94_229.mp3. Successfully? 1
2018-06-05 16:10:49.687 | I | -[AIFaceRecognitionCameraViewController stopRecording] | [line:103] | [MESSAGE] AIFaceRecognitionCameraViewController stop recording
2018-06-05 16:10:49.687 | I | -[CameraEngine shutdown] | [line:504] | [MESSAGE] shutting down server
2018-06-05 16:10:49.909 | I | -[CameraEngine shutdown]_block_invoke | [line:510] | [MESSAGE] Capture completed
2018-06-05 16:10:50.395 | I | -[QuestionPageVC viewDidLoad] | [line:250] | [MESSAGE] Question page view did load. title: AiCure, class: AIQuestionPageTextInstructionViewController, answering
2018-06-05 16:10:50.403 | I | -[QuestionPageVC viewDidLoad] | [line:258] | [MESSAGE] Background recording is on.
2018-06-05 16:10:50.416 | I | -[AIFaceRecognitionCameraViewController viewDidLoad] | [line:43] | [MESSAGE] AIFaceRecognitionCameraViewController view did load
2018-06-05 16:10:50.419 | I | -[QuestionPageVC viewDidLoad] | [line:250] | [MESSAGE] Question page view did load. title: AiCure, class: AIFaceRecognitionCameraViewController, reviewing
2018-06-05 16:10:50.422 | I | -[QuestionPageVC viewDidLoad] | [line:283] | [MESSAGE] Background recording is off.
2018-06-05 16:10:51.130 | I | +[AINeuralNetworkConfigManager setCurrentMedicationName:shape:color:] | [line:93] | [MESSAGE] Set current medication name: , shape: (null), color: (null).
2018-06-05 16:10:51.243 | I | -[CameraEngine previewAndInitRecordVideo:recordAudio:videoName:CameraEngineScenario:] | [line:110] | [MESSAGE] Starting up server
2018-06-05 16:10:51.642 | I | -[StepsController goToCamera] | [line:531] | [MESSAGE] goToCamera
2018-06-05 16:10:51.642 | I | -[PhasesController defineState] | [line:223] | [MESSAGE] PhasesController defineState 2
2018-06-05 16:10:51.642 | I | -[CameraEngine startCapture] | [line:187] | [MESSAGE] starting capture
2018-06-05 16:10:58.930 | I | -[QuestionPageVC audioPlayerDidFinishPlaying:successfully:] | [line:692] | [MESSAGE] Audio playback finished. Played URL file:///var/mobile/Containers/Data/Application/263DF61B-42A2-4179-97CD-5BD0FF575BF3/Library/Application%20Support/questionnaire/assets/bdb67e5c-1b9a-4593-8b57-dc8051e63665_230.mp3. Successfully? 1
2018-06-05 16:11:02.789 | I | -[AIFaceRecognitionCameraViewController stopRecording] | [line:103] | [MESSAGE] AIFaceRecognitionCameraViewController stop recording
2018-06-05 16:11:02.790 | I | -[CameraEngine shutdown] | [line:504] | [MESSAGE] shutting down server
2018-06-05 16:11:03.218 | I | -[CameraEngine shutdown]_block_invoke | [line:510] | [MESSAGE] Capture completed
2018-06-05 16:11:04.696 | I | -[QuestionPageVC viewDidLoad] | [line:250] | [MESSAGE] Question page view did load. title: AiCure, class: AIQuestionPageTextInstructionViewController, answering
2018-06-05 16:11:04.708 | I | -[QuestionPageVC viewDidLoad] | [line:258] | [MESSAGE] Background recording is on.
2018-06-05 16:11:04.727 | I | -[AIFaceRecognitionCameraViewController viewDidLoad] | [line:43] | [MESSAGE] AIFaceRecognitionCameraViewController view did load
2018-06-05 16:11:04.736 | I | -[QuestionPageVC viewDidLoad] | [line:250] | [MESSAGE] Question page view did load. title: AiCure, class: AIFaceRecognitionCameraViewController, reviewing
2018-06-05 16:11:04.741 | I | -[QuestionPageVC viewDidLoad] | [line:283] | [MESSAGE] Background recording is off.
2018-06-05 16:11:06.243 | I | +[AINeuralNetworkConfigManager setCurrentMedicationName:shape:color:] | [line:93] | [MESSAGE] Set current medication name: , shape: (null), color: (null).
2018-06-05 16:11:06.515 | I | -[CameraEngine previewAndInitRecordVideo:recordAudio:videoName:CameraEngineScenario:] | [line:110] | [MESSAGE] Starting up server
2018-06-05 16:11:07.175 | I | -[StepsController goToCamera] | [line:531] | [MESSAGE] goToCamera
2018-06-05 16:11:07.182 | I | -[PhasesController defineState] | [line:223] | [MESSAGE] PhasesController defineState 2
2018-06-05 16:11:07.183 | I | -[CameraEngine startCapture] | [line:187] | [MESSAGE] starting capture
2018-06-05 16:11:15.394 | I | -[QuestionPageVC audioPlayerDidFinishPlaying:successfully:] | [line:692] | [MESSAGE] Audio playback finished. Played URL file:///var/mobile/Containers/Data/Application/263DF61B-42A2-4179-97CD-5BD0FF575BF3/Library/Application%20Support/questionnaire/assets/7f4971db-78bd-420b-96be-bf86e20680ea_231.mp3. Successfully? 1
2018-06-05 16:11:16.047 | I | -[AIFaceRecognitionCameraViewController stopRecording] | [line:103] | [MESSAGE] AIFaceRecognitionCameraViewController stop recording
2018-06-05 16:11:16.047 | I | -[CameraEngine shutdown] | [line:504] | [MESSAGE] shutting down server
2018-06-05 16:11:16.331 | I | -[CameraEngine shutdown]_block_invoke | [line:510] | [MESSAGE] Capture completed
2018-06-05 16:11:17.093 | I | -[QuestionPageVC viewDidLoad] | [line:250] | [MESSAGE] Question page view did load. title: AiCure, class: AIQuestionPageTextInstructionViewController, answering
2018-06-05 16:11:17.096 | I | -[QuestionPageVC viewDidLoad] | [line:258] | [MESSAGE] Background recording is on.
2018-06-05 16:11:17.107 | I | -[AIFaceRecognitionCameraViewController viewDidLoad] | [line:43] | [MESSAGE] AIFaceRecognitionCameraViewController view did load
2018-06-05 16:11:17.107 | I | -[QuestionPageVC viewDidLoad] | [line:250] | [MESSAGE] Question page view did load. title: AiCure, class: AIFaceRecognitionCameraViewController, reviewing
2018-06-05 16:11:17.110 | I | -[QuestionPageVC viewDidLoad] | [line:283] | [MESSAGE] Background recording is off.
2018-06-05 16:11:17.865 | I | +[AINeuralNetworkConfigManager setCurrentMedicationName:shape:color:] | [line:93] | [MESSAGE] Set current medication name: , shape: (null), color: (null).
2018-06-05 16:11:17.976 | I | -[CameraEngine previewAndInitRecordVideo:recordAudio:videoName:CameraEngineScenario:] | [line:110] | [MESSAGE] Starting up server
2018-06-05 16:11:18.410 | I | -[StepsController goToCamera] | [line:531] | [MESSAGE] goToCamera
2018-06-05 16:11:18.410 | I | -[PhasesController defineState] | [line:223] | [MESSAGE] PhasesController defineState 2
2018-06-05 16:11:18.410 | I | -[CameraEngine startCapture] | [line:187] | [MESSAGE] starting capture
2018-06-05 16:11:26.891 | I | -[QuestionPageVC audioPlayerDidFinishPlaying:successfully:] | [line:692] | [MESSAGE] Audio playback finished. Played URL file:///var/mobile/Containers/Data/Application/263DF61B-42A2-4179-97CD-5BD0FF575BF3/Library/Application%20Support/questionnaire/assets/f604187f-1e38-435f-b0ef-8fafea3d54de_231.mp3. Successfully? 1
2018-06-05 16:11:28.505 | I | -[AIFaceRecognitionCameraViewController stopRecording] | [line:103] | [MESSAGE] AIFaceRecognitionCameraViewController stop recording
2018-06-05 16:11:28.505 | I | -[CameraEngine shutdown] | [line:504] | [MESSAGE] shutting down server
2018-06-05 16:11:28.774 | I | -[CameraEngine shutdown]_block_invoke | [line:510] | [MESSAGE] Capture completed
2018-06-05 16:11:30.162 | I | -[QuestionPageVC viewDidLoad] | [line:250] | [MESSAGE] Question page view did load. title: AiCure, class: QuestionPageVideoVC, answering
2018-06-05 16:11:30.171 | I | -[QuestionPageVC viewDidLoad] | [line:258] | [MESSAGE] Background recording is on.
2018-06-05 16:11:30.185 | I | -[AIFaceRecognitionCameraViewController viewDidLoad] | [line:43] | [MESSAGE] AIFaceRecognitionCameraViewController view did load
2018-06-05 16:11:30.191 | I | -[QuestionPageVC viewDidLoad] | [line:250] | [MESSAGE] Question page view did load. title: AiCure, class: AIFaceRecognitionCameraViewController, reviewing
2018-06-05 16:11:30.194 | I | -[QuestionPageVC viewDidLoad] | [line:283] | [MESSAGE] Background recording is off.
2018-06-05 16:11:31.775 | I | +[AINeuralNetworkConfigManager setCurrentMedicationName:shape:color:] | [line:93] | [MESSAGE] Set current medication name: , shape: (null), color: (null).
2018-06-05 16:11:32.037 | I | -[CameraEngine previewAndInitRecordVideo:recordAudio:videoName:CameraEngineScenario:] | [line:110] | [MESSAGE] Starting up server
2018-06-05 16:11:32.554 | I | -[StepsController goToCamera] | [line:531] | [MESSAGE] goToCamera
2018-06-05 16:11:32.560 | I | -[PhasesController defineState] | [line:223] | [MESSAGE] PhasesController defineState 2
2018-06-05 16:11:32.560 | I | -[CameraEngine startCapture] | [line:187] | [MESSAGE] starting capture
2018-06-05 16:11:35.234 | I | -[QuestionPageVC audioPlayerDidFinishPlaying:successfully:] | [line:692] | [MESSAGE] Audio playback finished. Played URL file:///var/mobile/Containers/Data/Application/263DF61B-42A2-4179-97CD-5BD0FF575BF3/Library/Application%20Support/questionnaire/assets/fee6530e-5f8b-40f7-83c9-e2f4b29f23e9_233.mp3. Successfully? 1
2018-06-05 16:11:35.238 | I | -[QuestionPageVC startSpeechDetection] | [line:905] | [MESSAGE] [Speech Detection] Start speech detector.
2018-06-05 16:11:35.252 | I | -[QuestionPageVC resumeSpeechDetection] | [line:914] | [MESSAGE] [Speech Detection] Resume speech detector.
2018-06-05 16:11:35.252 | I | -[SpeechDetector activateDetection] | [line:68] | [MESSAGE] Speech Detector activate
2018-06-05 16:11:35.252 | I | -[QuestionPageVC startTimerOfNoResponse1] | [line:996] | [MESSAGE] [Audio prompt] Start counting 8.000000 seconds. No response 1.
2018-06-05 16:11:36.589 | I | -[SpeechDetector pocketsphinxDidDetectSpeech] | [line:148] | [MESSAGE] Speech Detector checkOverallBegin
2018-06-05 16:11:36.590 | I | -[QuestionPageVC startTimerOfAnswerTooLong] | [line:1067] | [MESSAGE] [Audio prompt] Start counting 180.000000 seconds. Answer too long.
2018-06-05 16:11:36.590 | I | -[QuestionPageVC startTimerOfMinimumRequired] | [line:1081] | [MESSAGE] [Audio prompt] Start counting 10.000000 seconds. Minumum required.
2018-06-05 16:11:47.280 | I | -[QuestionPageVC stopSpeechDetection] | [line:928] | [MESSAGE] [Speech Detection] Stop speech detector.
2018-06-05 16:11:47.329 | I | -[AIFaceRecognitionCameraViewController stopRecording] | [line:103] | [MESSAGE] AIFaceRecognitionCameraViewController stop recording
2018-06-05 16:11:47.330 | I | -[CameraEngine shutdown] | [line:504] | [MESSAGE] shutting down server
2018-06-05 16:11:47.549 | I | -[CameraEngine shutdown]_block_invoke | [line:510] | [MESSAGE] Capture completed
2018-06-05 16:11:48.240 | I | -[QuestionPageVC viewDidLoad] | [line:250] | [MESSAGE] Question page view did load. title: AiCure, class: QuestionPageVideoVC, answering
2018-06-05 16:11:48.240 | I | -[QuestionPageVC viewDidLoad] | [line:258] | [MESSAGE] Background recording is on.
2018-06-05 16:11:48.257 | I | -[AIFaceRecognitionCameraViewController viewDidLoad] | [line:43] | [MESSAGE] AIFaceRecognitionCameraViewController view did load
2018-06-05 16:11:48.259 | I | -[QuestionPageVC viewDidLoad] | [line:250] | [MESSAGE] Question page view did load. title: AiCure, class: AIFaceRecognitionCameraViewController, reviewing
2018-06-05 16:11:48.264 | I | -[QuestionPageVC viewDidLoad] | [line:283] | [MESSAGE] Background recording is off.
2018-06-05 16:11:48.541 | I | -[SpeechDetector pocketsphinxDidDetectSpeech] | [line:148] | [MESSAGE] Speech Detector checkOverallBegin
2018-06-05 16:11:48.546 | I | -[QuestionPageVC startTimerOfAnswerTooLong] | [line:1067] | [MESSAGE] [Audio prompt] Start counting 180.000000 seconds. Answer too long.
2018-06-05 16:11:48.550 | I | -[QuestionPageVC startTimerOfMinimumRequired] | [line:1081] | [MESSAGE] [Audio prompt] Start counting 10.000000 seconds. Minumum required.
2018-06-05 16:11:49.145 | I | +[AINeuralNetworkConfigManager setCurrentMedicationName:shape:color:] | [line:93] | [MESSAGE] Set current medication name: , shape: (null), color: (null).
2018-06-05 16:11:49.298 | I | -[CameraEngine previewAndInitRecordVideo:recordAudio:videoName:CameraEngineScenario:] | [line:110] | [MESSAGE] Starting up server
2018-06-05 16:11:49.719 | I | -[StepsController goToCamera] | [line:531] | [MESSAGE] goToCamera
2018-06-05 16:11:49.719 | I | -[PhasesController defineState] | [line:223] | [MESSAGE] PhasesController defineState 2
2018-06-05 16:11:49.720 | I | -[CameraEngine startCapture] | [line:187] | [MESSAGE] starting capture
2018-06-05 16:11:51.949 | I | -[QuestionPageVC audioPlayerDidFinishPlaying:successfully:] | [line:692] | [MESSAGE] Audio playback finished. Played URL file:///var/mobile/Containers/Data/Application/263DF61B-42A2-4179-97CD-5BD0FF575BF3/Library/Application%20Support/questionnaire/assets/f01b13c4-89b0-41c9-a232-a78229360a49_234.mp3. Successfully? 1
2018-06-05 16:11:51.950 | I | -[QuestionPageVC startSpeechDetection] | [line:905] | [MESSAGE] [Speech Detection] Start speech detector.
2018-06-05 16:11:51.951 | I | -[QuestionPageVC resumeSpeechDetection] | [line:914] | [MESSAGE] [Speech Detection] Resume speech detector.
2018-06-05 16:11:51.951 | I | -[SpeechDetector activateDetection] | [line:68] | [MESSAGE] Speech Detector activate
2018-06-05 16:11:51.951 | I | -[QuestionPageVC startTimerOfShortResponse1] | [line:1032] | [MESSAGE] [Audio prompt] Start counting 4.000000 seconds. Short response 1.
2018-06-05 16:11:52.328 | I | -[SpeechDetector pocketsphinxDidDetectSpeech] | [line:148] | [MESSAGE] Speech Detector checkOverallBegin
2018-06-05 16:11:52.329 | I | -[QuestionPageVC startTimerOfAnswerTooLong] | [line:1067] | [MESSAGE] [Audio prompt] Start counting 180.000000 seconds. Answer too long.
2018-06-05 16:11:52.329 | I | -[QuestionPageVC startTimerOfMinimumRequired] | [line:1081] | [MESSAGE] [Audio prompt] Start counting 10.000000 seconds. Minumum required.
2018-06-05 16:12:03.432 | I | -[QuestionPageVC stopSpeechDetection] | [line:928] | [MESSAGE] [Speech Detection] Stop speech detector.
2018-06-05 16:12:03.564 | I | -[AIFaceRecognitionCameraViewController stopRecording] | [line:103] | [MESSAGE] AIFaceRecognitionCameraViewController stop recording
2018-06-05 16:12:03.571 | I | -[CameraEngine shutdown] | [line:504] | [MESSAGE] shutting down server
2018-06-05 16:12:03.944 | I | -[CameraEngine shutdown]_block_invoke | [line:510] | [MESSAGE] Capture completed
2018-06-05 16:12:04.636 | I | -[QuestionPageVC viewDidLoad] | [line:250] | [MESSAGE] Question page view did load. title: AiCure, class: QuestionPageVideoVC, answering
2018-06-05 16:12:04.642 | I | -[QuestionPageVC viewDidLoad] | [line:258] | [MESSAGE] Background recording is on.
2018-06-05 16:12:04.648 | I | -[AIFaceRecognitionCameraViewController viewDidLoad] | [line:43] | [MESSAGE] AIFaceRecognitionCameraViewController view did load
2018-06-05 16:12:04.648 | I | -[QuestionPageVC viewDidLoad] | [line:250] | [MESSAGE] Question page view did load. title: AiCure, class: AIFaceRecognitionCameraViewController, reviewing
2018-06-05 16:12:04.648 | I | -[QuestionPageVC viewDidLoad] | [line:283] | [MESSAGE] Background recording is off.
2018-06-05 16:12:04.901 | I | -[SpeechDetector pocketsphinxDidDetectSpeech] | [line:148] | [MESSAGE] Speech Detector checkOverallBegin
2018-06-05 16:12:04.904 | I | -[QuestionPageVC startTimerOfAnswerTooLong] | [line:1067] | [MESSAGE] [Audio prompt] Start counting 180.000000 seconds. Answer too long.
2018-06-05 16:12:04.904 | I | -[QuestionPageVC startTimerOfMinimumRequired] | [line:1081] | [MESSAGE] [Audio prompt] Start counting 10.000000 seconds. Minumum required.
2018-06-05 16:12:05.498 | I | +[AINeuralNetworkConfigManager setCurrentMedicationName:shape:color:] | [line:93] | [MESSAGE] Set current medication name: , shape: (null), color: (null).
2018-06-05 16:12:05.620 | I | -[CameraEngine previewAndInitRecordVideo:recordAudio:videoName:CameraEngineScenario:] | [line:110] | [MESSAGE] Starting up server
2018-06-05 16:12:06.060 | I | -[StepsController goToCamera] | [line:531] | [MESSAGE] goToCamera
2018-06-05 16:12:06.061 | I | -[PhasesController defineState] | [line:223] | [MESSAGE] PhasesController defineState 2
2018-06-05 16:12:06.061 | I | -[CameraEngine startCapture] | [line:187] | [MESSAGE] starting capture
2018-06-05 16:12:08.803 | I | -[QuestionPageVC audioPlayerDidFinishPlaying:successfully:] | [line:692] | [MESSAGE] Audio playback finished. Played URL file:///var/mobile/Containers/Data/Application/263DF61B-42A2-4179-97CD-5BD0FF575BF3/Library/Application%20Support/questionnaire/assets/d4f73f3b-7a72-4597-9a48-293eb7f764f4_235.mp3. Successfully? 1
2018-06-05 16:12:08.804 | I | -[QuestionPageVC startSpeechDetection] | [line:905] | [MESSAGE] [Speech Detection] Start speech detector.
2018-06-05 16:12:08.805 | I | -[QuestionPageVC resumeSpeechDetection] | [line:914] | [MESSAGE] [Speech Detection] Resume speech detector.
2018-06-05 16:12:08.805 | I | -[SpeechDetector activateDetection] | [line:68] | [MESSAGE] Speech Detector activate
2018-06-05 16:12:08.805 | I | -[QuestionPageVC startTimerOfShortResponse1] | [line:1032] | [MESSAGE] [Audio prompt] Start counting 4.000000 seconds. Short response 1.
2018-06-05 16:12:10.250 | I | -[SpeechDetector pocketsphinxDidDetectSpeech] | [line:148] | [MESSAGE] Speech Detector checkOverallBegin
2018-06-05 16:12:10.250 | I | -[QuestionPageVC startTimerOfAnswerTooLong] | [line:1067] | [MESSAGE] [Audio prompt] Start counting 180.000000 seconds. Answer too long.
2018-06-05 16:12:10.251 | I | -[QuestionPageVC startTimerOfMinimumRequired] | [line:1081] | [MESSAGE] [Audio prompt] Start counting 10.000000 seconds. Minumum required.
2018-06-05 16:12:21.024 | I | -[QuestionPageVC stopSpeechDetection] | [line:928] | [MESSAGE] [Speech Detection] Stop speech detector.
2018-06-05 16:12:21.078 | I | -[AIFaceRecognitionCameraViewController stopRecording] | [line:103] | [MESSAGE] AIFaceRecognitionCameraViewController stop recording
2018-06-05 16:12:21.079 | I | -[CameraEngine shutdown] | [line:504] | [MESSAGE] shutting down server
2018-06-05 16:12:21.285 | I | -[CameraEngine shutdown]_block_invoke | [line:510] | [MESSAGE] Capture completed
2018-06-05 16:12:21.940 | I | -[QuestionPageVC viewDidLoad] | [line:250] | [MESSAGE] Question page view did load. title: AiCure, class: QuestionPageVideoVC, answering
2018-06-05 16:12:21.946 | I | -[QuestionPageVC viewDidLoad] | [line:258] | [MESSAGE] Background recording is on.
2018-06-05 16:12:21.954 | I | -[AIFaceRecognitionCameraViewController viewDidLoad] | [line:43] | [MESSAGE] AIFaceRecognitionCameraViewController view did load
2018-06-05 16:12:21.956 | I | -[QuestionPageVC viewDidLoad] | [line:250] | [MESSAGE] Question page view did load. title: AiCure, class: AIFaceRecognitionCameraViewController, reviewing
2018-06-05 16:12:21.958 | I | -[QuestionPageVC viewDidLoad] | [line:283] | [MESSAGE] Background recording is off.
2018-06-05 16:12:22.149 | I | -[SpeechDetector pocketsphinxDidDetectSpeech] | [line:148] | [MESSAGE] Speech Detector checkOverallBegin
2018-06-05 16:12:22.150 | I | -[QuestionPageVC startTimerOfAnswerTooLong] | [line:1067] | [MESSAGE] [Audio prompt] Start counting 180.000000 seconds. Answer too long.
2018-06-05 16:12:22.150 | I | -[QuestionPageVC startTimerOfMinimumRequired] | [line:1081] | [MESSAGE] [Audio prompt] Start counting 10.000000 seconds. Minumum required.
2018-06-05 16:12:22.758 | I | +[AINeuralNetworkConfigManager setCurrentMedicationName:shape:color:] | [line:93] | [MESSAGE] Set current medication name: , shape: (null), color: (null).
2018-06-05 16:12:22.904 | I | -[CameraEngine previewAndInitRecordVideo:recordAudio:videoName:CameraEngineScenario:] | [line:110] | [MESSAGE] Starting up server
2018-06-05 16:12:23.371 | I | -[StepsController goToCamera] | [line:531] | [MESSAGE] goToCamera
2018-06-05 16:12:23.383 | I | -[PhasesController defineState] | [line:223] | [MESSAGE] PhasesController defineState 2
2018-06-05 16:12:23.383 | I | -[CameraEngine startCapture] | [line:187] | [MESSAGE] starting capture
2018-06-05 16:12:28.684 | I | -[QuestionPageVC audioPlayerDidFinishPlaying:successfully:] | [line:692] | [MESSAGE] Audio playback finished. Played URL file:///var/mobile/Containers/Data/Application/263DF61B-42A2-4179-97CD-5BD0FF575BF3/Library/Application%20Support/questionnaire/assets/ea075e1d-7459-41c8-973c-bb39784a684d_236.mp3. Successfully? 1
2018-06-05 16:12:28.686 | I | -[QuestionPageVC startSpeechDetection] | [line:905] | [MESSAGE] [Speech Detection] Start speech detector.
2018-06-05 16:12:28.687 | I | -[QuestionPageVC resumeSpeechDetection] | [line:914] | [MESSAGE] [Speech Detection] Resume speech detector.
2018-06-05 16:12:28.688 | I | -[SpeechDetector activateDetection] | [line:68] | [MESSAGE] Speech Detector activate
2018-06-05 16:12:28.689 | I | -[QuestionPageVC startTimerOfShortResponse1] | [line:1032] | [MESSAGE] [Audio prompt] Start counting 4.000000 seconds. Short response 1.
2018-06-05 16:12:30.189 | I | -[SpeechDetector pocketsphinxDidDetectSpeech] | [line:148] | [MESSAGE] Speech Detector checkOverallBegin
2018-06-05 16:12:30.189 | I | -[QuestionPageVC startTimerOfAnswerTooLong] | [line:1067] | [MESSAGE] [Audio prompt] Start counting 180.000000 seconds. Answer too long.
2018-06-05 16:12:30.189 | I | -[QuestionPageVC startTimerOfMinimumRequired] | [line:1081] | [MESSAGE] [Audio prompt] Start counting 10.000000 seconds. Minumum required.
2018-06-05 16:12:40.924 | I | -[QuestionPageVC stopSpeechDetection] | [line:928] | [MESSAGE] [Speech Detection] Stop speech detector.
2018-06-05 16:12:40.970 | I | -[AIFaceRecognitionCameraViewController stopRecording] | [line:103] | [MESSAGE] AIFaceRecognitionCameraViewController stop recording
2018-06-05 16:12:40.971 | I | -[CameraEngine shutdown] | [line:504] | [MESSAGE] shutting down server
2018-06-05 16:12:41.265 | I | -[CameraEngine shutdown]_block_invoke | [line:510] | [MESSAGE] Capture completed
2018-06-05 16:12:41.841 | I | -[QuestionPageVC viewDidLoad] | [line:250] | [MESSAGE] Question page view did load. title: AiCure, class: QuestionPageListVC, answering
2018-06-05 16:12:41.847 | I | -[QuestionPageVC viewDidLoad] | [line:258] | [MESSAGE] Background recording is on.
2018-06-05 16:12:41.857 | I | -[AIFaceRecognitionCameraViewController viewDidLoad] | [line:43] | [MESSAGE] AIFaceRecognitionCameraViewController view did load
2018-06-05 16:12:41.857 | I | -[QuestionPageVC viewDidLoad] | [line:250] | [MESSAGE] Question page view did load. title: AiCure, class: AIFaceRecognitionCameraViewController, reviewing
2018-06-05 16:12:41.857 | I | -[QuestionPageVC viewDidLoad] | [line:283] | [MESSAGE] Background recording is off.
2018-06-05 16:12:42.274 | I | -[SpeechDetector pocketsphinxDidDetectSpeech] | [line:148] | [MESSAGE] Speech Detector checkOverallBegin
2018-06-05 16:12:42.874 | I | +[AINeuralNetworkConfigManager setCurrentMedicationName:shape:color:] | [line:93] | [MESSAGE] Set current medication name: , shape: (null), color: (null).
2018-06-05 16:12:42.971 | I | -[CameraEngine previewAndInitRecordVideo:recordAudio:videoName:CameraEngineScenario:] | [line:110] | [MESSAGE] Starting up server
2018-06-05 16:12:43.429 | I | -[StepsController goToCamera] | [line:531] | [MESSAGE] goToCamera
2018-06-05 16:12:43.430 | I | -[PhasesController defineState] | [line:223] | [MESSAGE] PhasesController defineState 2
2018-06-05 16:12:43.430 | I | -[CameraEngine startCapture] | [line:187] | [MESSAGE] starting capture
2018-06-05 16:12:45.734 | I | -[AIFaceRecognitionCameraViewController stopRecording] | [line:103] | [MESSAGE] AIFaceRecognitionCameraViewController stop recording
2018-06-05 16:12:45.734 | I | -[CameraEngine shutdown] | [line:504] | [MESSAGE] shutting down server
2018-06-05 16:12:45.860 | I | -[CameraEngine shutdown]_block_invoke | [line:510] | [MESSAGE] Capture completed
2018-06-05 16:12:46.359 | I | -[QuestionPageVC viewDidLoad] | [line:250] | [MESSAGE] Question page view did load. title: AiCure, class: QuestionPageListVC, answering
2018-06-05 16:12:46.363 | I | -[QuestionPageVC viewDidLoad] | [line:258] | [MESSAGE] Background recording is on.
2018-06-05 16:12:46.380 | I | -[AIFaceRecognitionCameraViewController viewDidLoad] | [line:43] | [MESSAGE] AIFaceRecognitionCameraViewController view did load
2018-06-05 16:12:46.382 | I | -[QuestionPageVC viewDidLoad] | [line:250] | [MESSAGE] Question page view did load. title: AiCure, class: AIFaceRecognitionCameraViewController, reviewing
2018-06-05 16:12:46.383 | I | -[QuestionPageVC viewDidLoad] | [line:283] | [MESSAGE] Background recording is off.
2018-06-05 16:12:47.338 | I | +[AINeuralNetworkConfigManager setCurrentMedicationName:shape:color:] | [line:93] | [MESSAGE] Set current medication name: , shape: (null), color: (null).
2018-06-05 16:12:47.431 | I | -[CameraEngine previewAndInitRecordVideo:recordAudio:videoName:CameraEngineScenario:] | [line:110] | [MESSAGE] Starting up server
2018-06-05 16:12:47.847 | I | -[StepsController goToCamera] | [line:531] | [MESSAGE] goToCamera
2018-06-05 16:12:47.847 | I | -[PhasesController defineState] | [line:223] | [MESSAGE] PhasesController defineState 2
2018-06-05 16:12:47.847 | I | -[CameraEngine startCapture] | [line:187] | [MESSAGE] starting capture
2018-06-05 16:12:53.314 | I | -[QuestionPageVC audioPlayerDidFinishPlaying:successfully:] | [line:692] | [MESSAGE] Audio playback finished. Played URL file:///var/mobile/Containers/Data/Application/263DF61B-42A2-4179-97CD-5BD0FF575BF3/Library/Application%20Support/questionnaire/assets/3d97ec59-c0de-4c25-b10b-a5f436ac369f_238.mp3. Successfully? 1
2018-06-05 16:12:53.891 | I | -[AIFaceRecognitionCameraViewController stopRecording] | [line:103] | [MESSAGE] AIFaceRecognitionCameraViewController stop recording
2018-06-05 16:12:53.891 | I | -[CameraEngine shutdown] | [line:504] | [MESSAGE] shutting down server
2018-06-05 16:12:54.077 | I | -[CameraEngine shutdown]_block_invoke | [line:510] | [MESSAGE] Capture completed
2018-06-05 16:12:54.652 | I | -[QuestionPageVC viewDidLoad] | [line:250] | [MESSAGE] Question page view did load. title: AiCure, class: AIQuestionPageTextInstructionViewController, answering
2018-06-05 16:12:54.654 | I | -[QuestionPageVC viewDidLoad] | [line:258] | [MESSAGE] Background recording is on.
2018-06-05 16:12:54.670 | I | -[AIFaceRecognitionCameraViewController viewDidLoad] | [line:43] | [MESSAGE] AIFaceRecognitionCameraViewController view did load
2018-06-05 16:12:54.671 | I | -[QuestionPageVC viewDidLoad] | [line:250] | [MESSAGE] Question page view did load. title: AiCure, class: AIFaceRecognitionCameraViewController, reviewing
2018-06-05 16:12:54.674 | I | -[QuestionPageVC viewDidLoad] | [line:283] | [MESSAGE] Background recording is off.
2018-06-05 16:12:55.418 | I | +[AINeuralNetworkConfigManager setCurrentMedicationName:shape:color:] | [line:93] | [MESSAGE] Set current medication name: , shape: (null), color: (null).
2018-06-05 16:12:55.528 | I | -[CameraEngine previewAndInitRecordVideo:recordAudio:videoName:CameraEngineScenario:] | [line:110] | [MESSAGE] Starting up server
2018-06-05 16:12:55.950 | I | -[StepsController goToCamera] | [line:531] | [MESSAGE] goToCamera
2018-06-05 16:12:55.950 | I | -[PhasesController defineState] | [line:223] | [MESSAGE] PhasesController defineState 2
2018-06-05 16:12:55.951 | I | -[CameraEngine startCapture] | [line:187] | [MESSAGE] starting capture
2018-06-05 16:12:59.468 | I | -[QuestionPageVC audioPlayerDidFinishPlaying:successfully:] | [line:692] | [MESSAGE] Audio playback finished. Played URL file:///var/mobile/Containers/Data/Application/263DF61B-42A2-4179-97CD-5BD0FF575BF3/Library/Application%20Support/questionnaire/assets/9d54cb33-2e56-4f05-b5b8-362486fa081f_239.mp3. Successfully? 1
2018-06-05 16:13:00.655 | I | -[AIFaceRecognitionCameraViewController stopRecording] | [line:103] | [MESSAGE] AIFaceRecognitionCameraViewController stop recording
2018-06-05 16:13:00.655 | I | -[CameraEngine shutdown] | [line:504] | [MESSAGE] shutting down server
2018-06-05 16:13:00.822 | I | -[CameraEngine shutdown]_block_invoke | [line:510] | [MESSAGE] Capture completed
2018-06-05 16:13:01.772 | I | -[QuestionPageVC viewDidLoad] | [line:250] | [MESSAGE] Question page view did load. title: AiCure, class: QuestionPageVideoVC, answering
2018-06-05 16:13:01.775 | I | -[QuestionPageVC viewDidLoad] | [line:258] | [MESSAGE] Background recording is on.
2018-06-05 16:13:01.790 | I | -[AIFaceRecognitionCameraViewController viewDidLoad] | [line:43] | [MESSAGE] AIFaceRecognitionCameraViewController view did load
2018-06-05 16:13:01.792 | I | -[QuestionPageVC viewDidLoad] | [line:250] | [MESSAGE] Question page view did load. title: AiCure, class: AIFaceRecognitionCameraViewController, reviewing
2018-06-05 16:13:01.793 | I | -[QuestionPageVC viewDidLoad] | [line:283] | [MESSAGE] Background recording is off.
2018-06-05 16:13:02.737 | I | +[AINeuralNetworkConfigManager setCurrentMedicationName:shape:color:] | [line:93] | [MESSAGE] Set current medication name: , shape: (null), color: (null).
2018-06-05 16:13:02.836 | I | -[CameraEngine previewAndInitRecordVideo:recordAudio:videoName:CameraEngineScenario:] | [line:110] | [MESSAGE] Starting up server
2018-06-05 16:13:03.296 | I | -[StepsController goToCamera] | [line:531] | [MESSAGE] goToCamera
2018-06-05 16:13:03.297 | I | -[PhasesController defineState] | [line:223] | [MESSAGE] PhasesController defineState 2
2018-06-05 16:13:03.304 | I | -[CameraEngine startCapture] | [line:187] | [MESSAGE] starting capture
2018-06-05 16:13:04.047 | I | -[QuestionPageVC audioPlayerDidFinishPlaying:successfully:] | [line:692] | [MESSAGE] Audio playback finished. Played URL file:///var/mobile/Containers/Data/Application/263DF61B-42A2-4179-97CD-5BD0FF575BF3/Library/Application%20Support/questionnaire/assets/c29c6ced-2c86-4c6c-a0aa-a83243c5976f_240.mp3. Successfully? 1
2018-06-05 16:13:04.048 | I | -[QuestionPageVC startSpeechDetection] | [line:905] | [MESSAGE] [Speech Detection] Start speech detector.
2018-06-05 16:13:04.050 | I | -[QuestionPageVC resumeSpeechDetection] | [line:914] | [MESSAGE] [Speech Detection] Resume speech detector.
2018-06-05 16:13:04.050 | I | -[SpeechDetector activateDetection] | [line:68] | [MESSAGE] Speech Detector activate
2018-06-05 16:13:04.050 | I | -[QuestionPageVC startTimerOfNoResponse1] | [line:996] | [MESSAGE] [Audio prompt] Start counting 8.000000 seconds. No response 1.
2018-06-05 16:13:04.427 | I | -[SpeechDetector pocketsphinxDidDetectSpeech] | [line:148] | [MESSAGE] Speech Detector checkOverallBegin
2018-06-05 16:13:04.427 | I | -[QuestionPageVC startTimerOfAnswerTooLong] | [line:1067] | [MESSAGE] [Audio prompt] Start counting 180.000000 seconds. Answer too long.
2018-06-05 16:13:04.427 | I | -[QuestionPageVC startTimerOfMinimumRequired] | [line:1081] | [MESSAGE] [Audio prompt] Start counting 10.000000 seconds. Minumum required.
2018-06-05 16:13:07.657 | I | -[SpeechDetector repeatChecking] | [line:121] | [MESSAGE] Speech Detector onSpeechEndOverall
2018-06-05 16:13:07.658 | I | -[QuestionPageVC startTimerOfShortResponse1] | [line:1032] | [MESSAGE] [Audio prompt] Start counting 4.000000 seconds. Short response 1.
2018-06-05 16:13:09.547 | I | -[SpeechDetector pocketsphinxDidDetectSpeech] | [line:148] | [MESSAGE] Speech Detector checkOverallBegin
2018-06-05 16:13:09.548 | I | -[QuestionPageVC startTimerOfAnswerTooLong] | [line:1067] | [MESSAGE] [Audio prompt] Start counting 176.769461 seconds. Answer too long.
2018-06-05 16:13:09.548 | I | -[QuestionPageVC startTimerOfMinimumRequired] | [line:1081] | [MESSAGE] [Audio prompt] Start counting 6.769461 seconds. Minumum required.
2018-06-05 16:13:13.446 | I | -[SpeechDetector repeatChecking] | [line:121] | [MESSAGE] Speech Detector onSpeechEndOverall
2018-06-05 16:13:13.446 | I | -[QuestionPageVC startTimerOfShortResponse1] | [line:1032] | [MESSAGE] [Audio prompt] Start counting 4.000000 seconds. Short response 1.
2018-06-05 16:13:17.444 | I | -[QuestionPageVC pauseSpeechDetection] | [line:921] | [MESSAGE] [Speech Detection] Pause speech detector.
2018-06-05 16:13:17.445 | I | -[SpeechDetector deactivateDetection] | [line:84] | [MESSAGE] Speech Detector deactivate
2018-06-05 16:13:17.530 | I | -[QuestionPageVC startTimerOfShortResponse1]_block_invoke | [line:1030] | [MESSAGE] [Audio prompt] Playing short response 1.
2018-06-05 16:13:19.383 | I | -[QuestionPageVC audioPlayerDidFinishPlaying:successfully:] | [line:692] | [MESSAGE] Audio playback finished. Played URL file:///var/containers/Bundle/Application/C4567B71-E73C-4C35-A2B5-547C61F2407E/AiView.app/IMA.prompt.not%20enough.1.mp3. Successfully? 1
2018-06-05 16:13:19.384 | I | -[QuestionPageVC resumeSpeechDetection] | [line:914] | [MESSAGE] [Speech Detection] Resume speech detector.
2018-06-05 16:13:19.384 | I | -[SpeechDetector activateDetection] | [line:68] | [MESSAGE] Speech Detector activate
2018-06-05 16:13:19.384 | I | -[QuestionPageVC startTimerOfShortResponse2] | [line:1050] | [MESSAGE] [Audio prompt] Start counting 4.000000 seconds. Short response 2.
2018-06-05 16:13:23.387 | I | -[QuestionPageVC pauseSpeechDetection] | [line:921] | [MESSAGE] [Speech Detection] Pause speech detector.
2018-06-05 16:13:23.387 | I | -[SpeechDetector deactivateDetection] | [line:84] | [MESSAGE] Speech Detector deactivate
2018-06-05 16:13:23.451 | I | -[QuestionPageVC startTimerOfShortResponse2]_block_invoke | [line:1048] | [MESSAGE] [Audio prompt] Playing short response 2.
2018-06-05 16:13:25.536 | I | -[QuestionPageVC audioPlayerDidFinishPlaying:successfully:] | [line:692] | [MESSAGE] Audio playback finished. Played URL file:///var/containers/Bundle/Application/C4567B71-E73C-4C35-A2B5-547C61F2407E/AiView.app/IMA.prompt.not%20enough.2.mp3. Successfully? 1
2018-06-05 16:13:25.537 | I | -[QuestionPageVC resumeSpeechDetection] | [line:914] | [MESSAGE] [Speech Detection] Resume speech detector.
2018-06-05 16:13:25.537 | I | -[SpeechDetector activateDetection] | [line:68] | [MESSAGE] Speech Detector activate
2018-06-05 16:13:29.765 | I | -[SpeechDetector pocketsphinxDidDetectSpeech] | [line:148] | [MESSAGE] Speech Detector checkOverallBegin
2018-06-05 16:13:29.765 | I | -[QuestionPageVC startTimerOfAnswerTooLong] | [line:1067] | [MESSAGE] [Audio prompt] Start counting 172.871066 seconds. Answer too long.
2018-06-05 16:13:29.765 | I | -[QuestionPageVC startTimerOfMinimumRequired] | [line:1081] | [MESSAGE] [Audio prompt] Start counting 2.871066 seconds. Minumum required.
2018-06-05 16:13:33.542 | I | -[QuestionPageVC stopSpeechDetection] | [line:928] | [MESSAGE] [Speech Detection] Stop speech detector.
2018-06-05 16:13:33.580 | I | -[AIFaceRecognitionCameraViewController stopRecording] | [line:103] | [MESSAGE] AIFaceRecognitionCameraViewController stop recording
2018-06-05 16:13:33.581 | I | -[CameraEngine shutdown] | [line:504] | [MESSAGE] shutting down server
2018-06-05 16:13:33.949 | I | -[CameraEngine shutdown]_block_invoke | [line:510] | [MESSAGE] Capture completed
2018-06-05 16:13:35.407 | I | -[QuestionPageVC viewDidLoad] | [line:250] | [MESSAGE] Question page view did load. title: AiCure, class: AIQuestionPageTextInstructionViewController, answering
2018-06-05 16:13:35.414 | I | -[QuestionPageVC viewDidLoad] | [line:258] | [MESSAGE] Background recording is on.
2018-06-05 16:13:35.424 | I | -[AIFaceRecognitionCameraViewController viewDidLoad] | [line:43] | [MESSAGE] AIFaceRecognitionCameraViewController view did load
2018-06-05 16:13:35.424 | I | -[QuestionPageVC viewDidLoad] | [line:250] | [MESSAGE] Question page view did load. title: AiCure, class: AIFaceRecognitionCameraViewController, reviewing
2018-06-05 16:13:35.428 | I | -[QuestionPageVC viewDidLoad] | [line:283] | [MESSAGE] Background recording is off.
2018-06-05 16:13:35.973 | I | -[SpeechDetector pocketsphinxDidDetectSpeech] | [line:148] | [MESSAGE] Speech Detector checkOverallBegin
2018-06-05 16:13:36.558 | I | +[AINeuralNetworkConfigManager setCurrentMedicationName:shape:color:] | [line:93] | [MESSAGE] Set current medication name: , shape: (null), color: (null).
2018-06-05 16:13:36.752 | I | -[CameraEngine previewAndInitRecordVideo:recordAudio:videoName:CameraEngineScenario:] | [line:110] | [MESSAGE] Starting up server
2018-06-05 16:13:37.285 | I | -[StepsController goToCamera] | [line:531] | [MESSAGE] goToCamera
2018-06-05 16:13:37.289 | I | -[PhasesController defineState] | [line:223] | [MESSAGE] PhasesController defineState 2
2018-06-05 16:13:37.289 | I | -[CameraEngine startCapture] | [line:187] | [MESSAGE] starting capture
2018-06-05 16:13:40.790 | I | -[QuestionPageVC audioPlayerDidFinishPlaying:successfully:] | [line:692] | [MESSAGE] Audio playback finished. Played URL file:///var/mobile/Containers/Data/Application/263DF61B-42A2-4179-97CD-5BD0FF575BF3/Library/Application%20Support/questionnaire/assets/02854e5e-71ff-463e-ab12-52c639971bde_241.mp3. Successfully? 1
2018-06-05 16:13:44.519 | I | -[AIFaceRecognitionCameraViewController stopRecording] | [line:103] | [MESSAGE] AIFaceRecognitionCameraViewController stop recording
2018-06-05 16:13:44.519 | I | -[CameraEngine shutdown] | [line:504] | [MESSAGE] shutting down server
2018-06-05 16:13:44.763 | I | -[CameraEngine shutdown]_block_invoke | [line:510] | [MESSAGE] Capture completed
2018-06-05 16:13:45.490 | I | -[QuestionPageVC viewDidLoad] | [line:250] | [MESSAGE] Question page view did load. title: AiCure, class: AIQuestionPageTextInstructionViewController, answering
2018-06-05 16:13:45.494 | I | -[QuestionPageVC viewDidLoad] | [line:258] | [MESSAGE] Background recording is on.
2018-06-05 16:13:45.510 | I | -[AIFaceRecognitionCameraViewController viewDidLoad] | [line:43] | [MESSAGE] AIFaceRecognitionCameraViewController view did load
2018-06-05 16:13:45.512 | I | -[QuestionPageVC viewDidLoad] | [line:250] | [MESSAGE] Question page view did load. title: AiCure, class: AIFaceRecognitionCameraViewController, reviewing
2018-06-05 16:13:45.514 | I | -[QuestionPageVC viewDidLoad] | [line:283] | [MESSAGE] Background recording is off.
2018-06-05 16:13:46.255 | I | +[AINeuralNetworkConfigManager setCurrentMedicationName:shape:color:] | [line:93] | [MESSAGE] Set current medication name: , shape: (null), color: (null).
2018-06-05 16:13:46.341 | I | -[CameraEngine previewAndInitRecordVideo:recordAudio:videoName:CameraEngineScenario:] | [line:110] | [MESSAGE] Starting up server
2018-06-05 16:13:46.782 | I | -[StepsController goToCamera] | [line:531] | [MESSAGE] goToCamera
2018-06-05 16:13:46.783 | I | -[PhasesController defineState] | [line:223] | [MESSAGE] PhasesController defineState 2
2018-06-05 16:13:46.783 | I | -[CameraEngine startCapture] | [line:187] | [MESSAGE] starting capture
2018-06-05 16:13:52.977 | I | -[QuestionPageVC audioPlayerDidFinishPlaying:successfully:] | [line:692] | [MESSAGE] Audio playback finished. Played URL file:///var/mobile/Containers/Data/Application/263DF61B-42A2-4179-97CD-5BD0FF575BF3/Library/Application%20Support/questionnaire/assets/ed9d8e67-8f57-4642-a395-b1d9c039f8e4_242.mp3. Successfully? 1
2018-06-05 16:13:55.052 | I | -[AIFaceRecognitionCameraViewController stopRecording] | [line:103] | [MESSAGE] AIFaceRecognitionCameraViewController stop recording
2018-06-05 16:13:55.052 | I | -[CameraEngine shutdown] | [line:504] | [MESSAGE] shutting down server
2018-06-05 16:13:55.188 | I | -[CameraEngine shutdown]_block_invoke | [line:510] | [MESSAGE] Capture completed
2018-06-05 16:13:56.137 | I | post(questionsAnswerArray:questionnaireID:scheduleID:scheduleStartDate:) | [line:393] | [MESSAGE] [API Gateway] Post questionnaire success.
2018-06-05 16:13:56.881 | D | -[AiViewSwitch startApp] | [line:156] | [MESSAGE] StartApp in AiViewSwitch
2018-06-05 16:13:56.884 | I | +[AIUtil checkPermission] | [line:1132] | [MESSAGE] camera access / mic access Authorized
2018-06-05 16:13:57.165 | I | -[AiView viewDidLoad] | [line:68] | [MESSAGE] AiView view did load
2018-06-05 16:13:58.012 | E | -[Transmission update:task_name:] | [line:239] | [MESSAGE] Task Dose_miss_time_report failed
2018-06-05 16:13:58.299 | I | -[MedProtocolController getNexMedFromUser:dateTime:loadData:context:] | [line:144] | [MESSAGE] currentDoseDone: 0
2018-06-05 16:13:58.299 | I | -[AiView defineProcess:currentTime:context:] | [line:157] | [MESSAGE] allMedsWithinDoseNotFinished 0
2018-06-05 16:13:58.496 | I | -[MedicationConfirmVC viewDidLoad] | [line:45] | [MESSAGE] MedicationConfirmVC view did load
2018-06-05 16:13:59.175 | I | -[FlexibleAudioPlayerController playAudioWithName:] | [line:80] | [MESSAGE] playAudioWithName conclusion_11
2018-06-05 16:13:59.175 | I | -[AudioPlayer playAudioName:] | [line:38] | [MESSAGE] play audio name conclusion_11
2018-06-05 16:14:01.746 | I | -[AINeuralNetworkConfigManager fileDownloadedWithUrl:succeeded:] | [line:261] | [MESSAGE] [DNN] Downloading neural network config succeeded.
2018-06-05 16:14:01.756 | E | sendUnsentQuestionnaires() | [line:485] | [MESSAGE] [Questionnaire] Send unsent questionnaire failed. Error Domain=NSCocoaErrorDomain Code=260 "The file “event” couldn’t be opened because there is no such file." UserInfo={NSURL=file:///var/mobile/Containers/Data/Application/263DF61B-42A2-4179-97CD-5BD0FF575BF3/Documents/event, NSFilePath=/var/mobile/Containers/Data/Application/263DF61B-42A2-4179-97CD-5BD0FF575BF3/Documents/event, NSUnderlyingError=0x12c48e510 {Error Domain=NSPOSIXErrorDomain Code=2 "No such file or directory"}}
2018-06-05 16:14:01.991 | I | saveQuestionnaireIDsToFile(trialID:) | [line:193] | [MESSAGE] [Questionnaire] Save questionnaire IDs succeeded. Filename: questionnaireIDs_client100prod_1525443315.
2018-06-05 16:14:01.999 | I | getQuestionnaireIDs(trialID:) | [line:88] | [MESSAGE] [API Gateway] Getting questionnaire IDs succeeded. TrialID: client100prod_1525443315. Questionnaire IDs: ["client100prod_1525443315-1525899697730-48b05138-e9c5-4e0f-9e9e-6ffdfe32d197", "client100prod_1525443315-1527710676533-4f646284-ab1d-46f5-b721-759eb008008c", "client100prod_1525443315-1526411416794-c045df71-1d1b-4346-a3c5-4d3ff4b356f3", "client100prod_1525443315-1525890381362-df4f967d-1af6-4b6d-b7e0-9514bd4e58d4", "client100prod_1525443315-1526512173040-60e1a64f-6305-4a01-86bc-44fe58931ac6", "client100prod_1525443315-1526575714597-97bea7fb-5305-4d13-b0b0-33f16c3349bf", "client100prod_1525443315-1526871500579-38d51912-358c-4c7a-a28e-f729a9af3ede"]
2018-06-05 16:14:02.041 | I | getPatientSchdule() | [line:54] | [MESSAGE] [API Gateway] Getting action schedules success.
2018-06-05 16:14:02.099 | I | saveActionSchedulesToFile(actionSchedules:) | [line:98] | [MESSAGE] [Action Schedules] Saving action schedules succeeded. Filename: action_schedules.
2018-06-05 16:14:02.329 | I | getQuestionnaire(questionnaireID:) | [line:128] | [MESSAGE] [API Gateway] Getting questionnaire succeeded. Questionnaire ID: client100prod_1525443315-1527710676533-4f646284-ab1d-46f5-b721-759eb008008c. Name: Facial Expression Exercise R2.
2018-06-05 16:14:02.528 | I | saveQuestionnaireToFile(questionnaire:) | [line:234] | [MESSAGE] [Questionnaire] Save questionnaire succeeded. Filename: client100prod_1525443315-1527710676533-4f646284-ab1d-46f5-b721-759eb008008c.
2018-06-05 16:14:03.080 | I | getQuestionnaire(questionnaireID:) | [line:128] | [MESSAGE] [API Gateway] Getting questionnaire succeeded. Questionnaire ID: client100prod_1525443315-1526411416794-c045df71-1d1b-4346-a3c5-4d3ff4b356f3. Name: VST and ANSA Day 14.
2018-06-05 16:14:03.796 | I | saveQuestionnaireToFile(questionnaire:) | [line:234] | [MESSAGE] [Questionnaire] Save questionnaire succeeded. Filename: client100prod_1525443315-1526411416794-c045df71-1d1b-4346-a3c5-4d3ff4b356f3.
2018-06-05 16:14:03.888 | I | getQuestionnaire(questionnaireID:) | [line:128] | [MESSAGE] [API Gateway] Getting questionnaire succeeded. Questionnaire ID: client100prod_1525443315-1526871500579-38d51912-358c-4c7a-a28e-f729a9af3ede. Name: delete.
2018-06-05 16:14:03.888 | I | getQuestionnaire(questionnaireID:) | [line:136] | [MESSAGE] [API Gateway] Questionnaire is neither active nor daily_dose mode. Skip it. Questionnaire ID: Questionnaire ID: client100prod_1525443315-1526871500579-38d51912-358c-4c7a-a28e-f729a9af3ede. Name: delete
2018-06-05 16:14:03.905 | I | getQuestionnaire(questionnaireID:) | [line:128] | [MESSAGE] [API Gateway] Getting questionnaire succeeded. Questionnaire ID: client100prod_1525443315-1526575714597-97bea7fb-5305-4d13-b0b0-33f16c3349bf. Name: CDX Training Set.
2018-06-05 16:14:03.947 | I | saveQuestionnaireToFile(questionnaire:) | [line:234] | [MESSAGE] [Questionnaire] Save questionnaire succeeded. Filename: client100prod_1525443315-1526575714597-97bea7fb-5305-4d13-b0b0-33f16c3349bf.
2018-06-05 16:14:04.169 | I | -[DigitalClockVC viewDidLoad] | [line:138] | [MESSAGE] DigitalClockVC view did load
2018-06-05 16:14:04.218 | I | -[Transmission sendAll] | [line:80] | [MESSAGE] Transmission send all
2018-06-05 16:14:04.235 | I | -[Transmission sendAll] | [line:115] | [MESSAGE] Encrypting files
2018-06-05 16:14:04.642 | I | -[DigitalClockVC constructNextActionSchedulesAndQuestionnairesIfPossible] | [line:806] | [MESSAGE] constructNextActionSchedulesAndQuestionnairesIfPossible
2018-06-05 16:14:04.793 | I | -[DigitalClockVC showScreenBasedOnStatus] | [line:358] | [MESSAGE] show screen based on status
2018-06-05 16:14:04.795 | I | -[DigitalClockVC displayReminderView] | [line:515] | [MESSAGE] displayReminderView
2018-06-05 16:14:04.798 | I | -[DigitalClockVC showDigitalClockNormal] | [line:580] | [MESSAGE] showDigitalClockNormal
2018-06-05 16:14:05.115 | I | -[DigitalClockVC displayReminderView] | [line:515] | [MESSAGE] displayReminderView
2018-06-05 16:14:05.117 | I | -[DigitalClockVC showDigitalClockNormal] | [line:580] | [MESSAGE] showDigitalClockNormal
2018-06-05 16:14:05.236 | I | -[DigitalClockVC startPKVisitQuestionIfNecessary] | [line:721] | [MESSAGE] startPKVisitQuestionIfNecessary
2018-06-05 16:14:05.332 | I | getQuestionnaire(questionnaireID:) | [line:128] | [MESSAGE] [API Gateway] Getting questionnaire succeeded. Questionnaire ID: client100prod_1525443315-1525890381362-df4f967d-1af6-4b6d-b7e0-9514bd4e58d4. Name: VST and ANSA Day 1.
2018-06-05 16:14:05.659 | I | -[DigitalClockVC showScreenBasedOnStatus] | [line:358] | [MESSAGE] show screen based on status
2018-06-05 16:14:05.659 | I | -[DigitalClockVC displayReminderView] | [line:515] | [MESSAGE] displayReminderView
2018-06-05 16:14:05.662 | I | -[DigitalClockVC showDigitalClockNormal] | [line:580] | [MESSAGE] showDigitalClockNormal
2018-06-05 16:14:05.939 | I | -[DigitalClockVC displayReminderView] | [line:515] | [MESSAGE] displayReminderView
2018-06-05 16:14:05.942 | I | -[DigitalClockVC showDigitalClockNormal] | [line:580] | [MESSAGE] showDigitalClockNormal
2018-06-05 16:14:05.989 | I | -[DigitalClockVC startPKVisitQuestionIfNecessary] | [line:721] | [MESSAGE] startPKVisitQuestionIfNecessary
2018-06-05 16:14:06.003 | I | saveQuestionnaireToFile(questionnaire:) | [line:234] | [MESSAGE] [Questionnaire] Save questionnaire succeeded. Filename: client100prod_1525443315-1525890381362-df4f967d-1af6-4b6d-b7e0-9514bd4e58d4.
2018-06-05 16:14:06.023 | I | -[Transmission update:task_name:] | [line:246] | [MESSAGE] Task id done: 1
2018-06-05 16:14:06.064 | I | getQuestionnaire(questionnaireID:) | [line:128] | [MESSAGE] [API Gateway] Getting questionnaire succeeded. Questionnaire ID: client100prod_1525443315-1525899697730-48b05138-e9c5-4e0f-9e9e-6ffdfe32d197. Name: VST Day 7.
2018-06-05 16:14:06.120 | I | saveQuestionnaireToFile(questionnaire:) | [line:234] | [MESSAGE] [Questionnaire] Save questionnaire succeeded. Filename: client100prod_1525443315-1525899697730-48b05138-e9c5-4e0f-9e9e-6ffdfe32d197.
2018-06-05 16:14:06.164 | I | getQuestionnaire(questionnaireID:) | [line:128] | [MESSAGE] [API Gateway] Getting questionnaire succeeded. Questionnaire ID: client100prod_1525443315-1526512173040-60e1a64f-6305-4a01-86bc-44fe58931ac6. Name: Ecological Momentary Assessment.
2018-06-05 16:14:06.261 | I | saveQuestionnaireToFile(questionnaire:) | [line:234] | [MESSAGE] [Questionnaire] Save questionnaire succeeded. Filename: client100prod_1525443315-1526512173040-60e1a64f-6305-4a01-86bc-44fe58931ac6.
2018-06-05 16:14:06.261 | I | -[DigitalClockVC constructNextActionSchedulesAndQuestionnairesIfPossible] | [line:806] | [MESSAGE] constructNextActionSchedulesAndQuestionnairesIfPossible
2018-06-05 16:14:06.262 | I | -[Transmission update:task_name:] | [line:246] | [MESSAGE] Task id done: 2
2018-06-05 16:14:06.454 | I | -[Transmission update:task_name:] | [line:246] | [MESSAGE] Task id done: 3
2018-06-05 16:14:06.630 | I | -[Transmission update:task_name:] | [line:246] | [MESSAGE] Task id done: 4
2018-06-05 16:14:06.643 | I | -[DigitalClockVC showScreenBasedOnStatus] | [line:358] | [MESSAGE] show screen based on status
2018-06-05 16:14:06.643 | I | -[DigitalClockVC displayReminderView] | [line:515] | [MESSAGE] displayReminderView
2018-06-05 16:14:06.643 | I | -[DigitalClockVC showDigitalClockNormal] | [line:580] | [MESSAGE] showDigitalClockNormal
2018-06-05 16:14:06.745 | I | -[DigitalClockVC displayReminderView] | [line:515] | [MESSAGE] displayReminderView
2018-06-05 16:14:06.745 | I | -[DigitalClockVC showDigitalClockNormal] | [line:580] | [MESSAGE] showDigitalClockNormal
2018-06-05 16:14:06.784 | I | -[DigitalClockVC startPKVisitQuestionIfNecessary] | [line:721] | [MESSAGE] startPKVisitQuestionIfNecessary
2018-06-05 16:14:06.817 | I | -[Transmission update:task_name:] | [line:246] | [MESSAGE] Task id done: 5
2018-06-05 16:14:07.042 | I | -[Transmission update:task_name:] | [line:246] | [MESSAGE] Task id done: 6
2018-06-05 16:14:07.212 | E | -[Transmission update:task_name:] | [line:239] | [MESSAGE] Task Dose_miss_time_report failed
