2018-05-24 11:29:05.362 | I | -[AppDelegate application:didFinishLaunchingWithOptions:] | [line:186] | [MESSAGE] application Did Finish Launching
2018-05-24 11:29:05.405 | I | -[AppDelegate logMataData] | [line:164] | [MESSAGE] trial ID (null)
2018-05-24 11:29:05.406 | I | -[AppDelegate logMataData] | [line:165] | [MESSAGE] trial name pro
2018-05-24 11:29:05.407 | I | -[UIDeviceHardware platformString] | [line:30] | [MESSAGE] apple device internal version code iPhone6,1
2018-05-24 11:29:05.407 | I | -[AppDelegate logMataData] | [line:166] | [MESSAGE] Device Hardware iPhone 5,5S
2018-05-24 11:29:05.407 | I | -[AppDelegate logMataData] | [line:167] | [MESSAGE] OS Version 10.3.3
2018-05-24 11:29:05.407 | I | -[AppDelegate logMataData] | [line:168] | [MESSAGE] AiView build version 2018.3
2018-05-24 11:29:05.407 | I | -[AppDelegate logMataData] | [line:169] | [MESSAGE] device language en-US
2018-05-24 11:29:05.412 | I | -[AppDelegate logMataData] | [line:170] | [MESSAGE] device UUID C4D56F20-C694-474C-862E-7EF33233379E
2018-05-24 11:29:05.413 | I | -[AppDelegate logMataData] | [line:173] | [MESSAGE] Patient ID (null)
2018-05-24 11:29:05.417 | I | +[AIUtil hasInternetConnection] | [line:683] | [MESSAGE] has internet connnection = 1
2018-05-24 11:29:06.165 | I | -[AppDelegate applicationWillResignActive:] | [line:201] | [MESSAGE] application Will Resign Active
2018-05-24 11:29:06.191 | D | -[AiViewSwitch startApp] | [line:156] | [MESSAGE] StartApp in AiViewSwitch
2018-05-24 11:29:06.220 | I | +[AIUtil checkPermission] | [line:1129] | [MESSAGE] camera access / mic access Not Determined
2018-05-24 11:29:06.403 | I | -[LoginVC viewDidLoad] | [line:72] | [MESSAGE] LoginVC view did load
2018-05-24 11:29:06.405 | I | +[AIUtil checkWifiConnection] | [line:705] | [MESSAGE] check wifi connection = CONNECT_WIFI
2018-05-24 11:29:06.663 | I | -[AppDelegate applicationWillResignActive:] | [line:201] | [MESSAGE] application Will Resign Active
2018-05-24 11:29:07.668 | I | -[AppDelegate applicationWillResignActive:] | [line:201] | [MESSAGE] application Will Resign Active
2018-05-24 11:29:08.194 | I | -[AppDelegate applicationWillResignActive:] | [line:201] | [MESSAGE] application Will Resign Active
2018-05-24 11:29:09.302 | I | -[AppDelegate applicationWillResignActive:] | [line:201] | [MESSAGE] application Will Resign Active
2018-05-24 11:29:10.189 | I | -[AppDelegate application:didRegisterForRemoteNotificationsWithDeviceToken:] | [line:437] | [MESSAGE] Succeded to get APNS token data: <630d5d13 f4066f9f f939b680 1c8b3104 571ee661 f00deed7 5b67968d 6afcc642>
2018-05-24 11:29:10.189 | I | -[AppDelegate application:didRegisterForRemoteNotificationsWithDeviceToken:] | [line:443] | [MESSAGE] deviceToken:  630d5d13f4066f9ff939b6801c8b3104571ee661f00deed75b67968d6afcc642
2018-05-24 11:29:16.858 | I | -[RelinkAction relinkWithUsername:code:] | [line:92] | [MESSAGE] relinkWithUsername C4D56F20-C694-474C-862E-7EF33233379E url /backend/backend
2018-05-24 11:29:17.639 | I | -[RelinkAction update:task_name:] | [line:152] | [MESSAGE] relink transmission task_name routing, result 9999
2018-05-24 11:29:18.438 | I | -[RelinkAction update:task_name:] | [line:152] | [MESSAGE] relink transmission task_name Relink, result 9999
2018-05-24 11:29:18.692 | I | -[RelinkAction update:task_name:] | [line:152] | [MESSAGE] relink transmission task_name kiosk_dose_check, result 9999
2018-05-24 11:29:18.824 | I | -[TransmissionProtocol update:task_name:] | [line:65] | [MESSAGE] trial_setup 9999
2018-05-24 11:29:18.968 | I | -[TransmissionProtocol update:task_name:] | [line:65] | [MESSAGE] trial_setup_serialized 9999
2018-05-24 11:29:19.296 | I | -[TransmissionProtocol update:task_name:] | [line:65] | [MESSAGE] dose_protocol_sync 9999
2018-05-24 11:29:21.602 | E | loadUnsentQuestionnaires() | [line:475] | [MESSAGE] [Questionnaire] Loading saved questionnaire event(s) failed. Error Domain=NSCocoaErrorDomain Code=260 "The file “event” couldn’t be opened because there is no such file." UserInfo={NSURL=file:///var/mobile/Containers/Data/Application/74BE87BB-753B-4A4D-B0DC-888436621CFC/Documents/event, NSFilePath=/var/mobile/Containers/Data/Application/74BE87BB-753B-4A4D-B0DC-888436621CFC/Documents/event, NSUnderlyingError=0x174640930 {Error Domain=NSPOSIXErrorDomain Code=2 "No such file or directory"}}
2018-05-24 11:29:21.605 | I | sendUnsentQuestionnaires() | [line:485] | [MESSAGE] [Questionnaire] Posting saved questionnaire event(s).
2018-05-24 11:29:21.940 | I | saveQuestionnaireIDsToFile(trialID:) | [line:193] | [MESSAGE] [Questionnaire] Saving questionnaire IDs succeeded. Filename: questionnaireIDs_client100prod_1525443315.
2018-05-24 11:29:21.941 | I | getQuestionnaireIDs(trialID:) | [line:88] | [MESSAGE] [API Gateway] Getting questionnaire IDs succeeded. TrialID: client100prod_1525443315. Questionnaire IDs: ["client100prod_1525443315-1526514832783-06c07c52-5618-4585-9249-b783ddb6f88b", "client100prod_1525443315-1525899697730-48b05138-e9c5-4e0f-9e9e-6ffdfe32d197", "client100prod_1525443315-1526411416794-c045df71-1d1b-4346-a3c5-4d3ff4b356f3", "client100prod_1525443315-1525890381362-df4f967d-1af6-4b6d-b7e0-9514bd4e58d4", "client100prod_1525443315-1526512173040-60e1a64f-6305-4a01-86bc-44fe58931ac6", "client100prod_1525443315-1526575714597-97bea7fb-5305-4d13-b0b0-33f16c3349bf", "client100prod_1525443315-1526871500579-38d51912-358c-4c7a-a28e-f729a9af3ede"]
2018-05-24 11:29:21.992 | I | getPatientSchdule() | [line:54] | [MESSAGE] [API Gateway] Getting action schedules success.
2018-05-24 11:29:22.014 | I | saveActionSchedulesToFile(actionSchedules:) | [line:98] | [MESSAGE] [Action Schedules] Saving action schedules succeeded. Filename: action_schedules.
2018-05-24 11:29:22.060 | I | getQuestionnaire(questionnaireID:) | [line:128] | [MESSAGE] [API Gateway] Getting questionnaire succeeded. Questionnaire ID: client100prod_1525443315-1526514832783-06c07c52-5618-4585-9249-b783ddb6f88b. Name: Facial Expression Exercise.
2018-05-24 11:29:22.085 | I | saveQuestionnaireToFile(questionnaire:) | [line:234] | [MESSAGE] [Questionnaire] Saving questionnaire succeeded. Filename: client100prod_1525443315-1526514832783-06c07c52-5618-4585-9249-b783ddb6f88b.
2018-05-24 11:29:22.087 | I | getQuestionnaire(questionnaireID:) | [line:128] | [MESSAGE] [API Gateway] Getting questionnaire succeeded. Questionnaire ID: client100prod_1525443315-1526871500579-38d51912-358c-4c7a-a28e-f729a9af3ede. Name: delete.
2018-05-24 11:29:22.087 | I | getQuestionnaire(questionnaireID:) | [line:136] | [MESSAGE] [API Gateway] Questionnaire is neither active nor daily_dose mode. Skip it. Questionnaire ID: Questionnaire ID: client100prod_1525443315-1526871500579-38d51912-358c-4c7a-a28e-f729a9af3ede. Name: delete
2018-05-24 11:29:22.280 | I | getQuestionnaire(questionnaireID:) | [line:128] | [MESSAGE] [API Gateway] Getting questionnaire succeeded. Questionnaire ID: client100prod_1525443315-1526575714597-97bea7fb-5305-4d13-b0b0-33f16c3349bf. Name: CDX Training Set.
2018-05-24 11:29:22.316 | I | -[AINeuralNetworkConfigManager fileDownloadedWithUrl:succeeded:] | [line:261] | [MESSAGE] [DNN] Downloading neural network config succeeded.
2018-05-24 11:29:22.323 | I | saveQuestionnaireToFile(questionnaire:) | [line:234] | [MESSAGE] [Questionnaire] Saving questionnaire succeeded. Filename: client100prod_1525443315-1526575714597-97bea7fb-5305-4d13-b0b0-33f16c3349bf.
2018-05-24 11:29:22.335 | I | getQuestionnaire(questionnaireID:) | [line:128] | [MESSAGE] [API Gateway] Getting questionnaire succeeded. Questionnaire ID: client100prod_1525443315-1526512173040-60e1a64f-6305-4a01-86bc-44fe58931ac6. Name: Ecological Momentary Assessment.
2018-05-24 11:29:22.355 | I | saveQuestionnaireToFile(questionnaire:) | [line:234] | [MESSAGE] [Questionnaire] Saving questionnaire succeeded. Filename: client100prod_1525443315-1526512173040-60e1a64f-6305-4a01-86bc-44fe58931ac6.
2018-05-24 11:29:22.370 | I | getQuestionnaire(questionnaireID:) | [line:128] | [MESSAGE] [API Gateway] Getting questionnaire succeeded. Questionnaire ID: client100prod_1525443315-1525899697730-48b05138-e9c5-4e0f-9e9e-6ffdfe32d197. Name: VST Day 7.
2018-05-24 11:29:22.400 | I | saveQuestionnaireToFile(questionnaire:) | [line:234] | [MESSAGE] [Questionnaire] Saving questionnaire succeeded. Filename: client100prod_1525443315-1525899697730-48b05138-e9c5-4e0f-9e9e-6ffdfe32d197.
2018-05-24 11:29:22.473 | I | getQuestionnaire(questionnaireID:) | [line:128] | [MESSAGE] [API Gateway] Getting questionnaire succeeded. Questionnaire ID: client100prod_1525443315-1526411416794-c045df71-1d1b-4346-a3c5-4d3ff4b356f3. Name: VST and ANSA Day 14.
2018-05-24 11:29:22.569 | I | saveQuestionnaireToFile(questionnaire:) | [line:234] | [MESSAGE] [Questionnaire] Saving questionnaire succeeded. Filename: client100prod_1525443315-1526411416794-c045df71-1d1b-4346-a3c5-4d3ff4b356f3.
2018-05-24 11:29:22.638 | I | getQuestionnaire(questionnaireID:) | [line:128] | [MESSAGE] [API Gateway] Getting questionnaire succeeded. Questionnaire ID: client100prod_1525443315-1525890381362-df4f967d-1af6-4b6d-b7e0-9514bd4e58d4. Name: VST and ANSA Day 1.
2018-05-24 11:29:22.730 | I | saveQuestionnaireToFile(questionnaire:) | [line:234] | [MESSAGE] [Questionnaire] Saving questionnaire succeeded. Filename: client100prod_1525443315-1525890381362-df4f967d-1af6-4b6d-b7e0-9514bd4e58d4.
2018-05-24 11:29:26.917 | I | -[AINeuralNetworkConfigManager fileDownloadedWithUrl:succeeded:] | [line:266] | [MESSAGE] [DNN] Downloading neural network model succeeded. Filename: pih-generic-20180508.mlmodel.
2018-05-24 11:29:28.616 | I | -[AINeuralNetworkConfigManager fileDownloadedWithUrl:succeeded:] | [line:266] | [MESSAGE] [DNN] Downloading neural network model succeeded. Filename: MC_MN05_resplit.mlmodel.
2018-05-24 11:29:28.623 | I | -[AINeuralNetworkConfigManager fileDownloadedWithUrl:succeeded:] | [line:272] | [MESSAGE] [DNN] Model is updated on 2018-05-24 11:29:28
2018-05-24 11:29:28.638 | I | -[LoginVC handleRelinkSuccess] | [line:334] | [MESSAGE] relink success
2018-05-24 11:29:28.859 | I | -[TransmissionProtocol update:task_name:] | [line:65] | [MESSAGE] push_token_registration 9999
2018-05-24 11:29:33.058 | D | -[AiViewSwitch startApp] | [line:156] | [MESSAGE] StartApp in AiViewSwitch
2018-05-24 11:29:33.060 | I | +[AIUtil checkPermission] | [line:1132] | [MESSAGE] camera access / mic access Authorized
2018-05-24 11:29:33.294 | I | -[AiView viewDidLoad] | [line:68] | [MESSAGE] AiView view did load
2018-05-24 11:29:34.443 | I | -[MedProtocolController getNexMedFromUser:dateTime:loadData:context:] | [line:144] | [MESSAGE] currentDoseDone: 1
2018-05-24 11:29:34.463 | I | -[MedProtocolController getNexMedFromUser:dateTime:loadData:context:] | [line:165] | [MESSAGE] protocolID: 3, doseID: 0, numPillsInCurrentMed: 1, correctPillName: smarties-white, targetDate: 2018-05-24 04:00:00 +0000
2018-05-24 11:29:34.463 | I | -[AiView defineProcess:currentTime:context:] | [line:157] | [MESSAGE] allMedsWithinDoseNotFinished 1
2018-05-24 11:29:34.466 | I | -[InteruptionRecovery checkInteruptionAndProcessWithUser:inManagedObjectContext:] | [line:93] | [MESSAGE] no interruption found
2018-05-24 11:29:34.466 | I | -[AiView defineProcess:currentTime:context:] | [line:163] | [MESSAGE] ==== interuptionStatus ==== 10002
2018-05-24 11:29:34.466 | I | -[AiView defineProcess:currentTime:context:] | [line:165] | [MESSAGE] NO_INTERUPTION_FOUND
2018-05-24 11:29:34.466 | I | -[AiView defineProcess:currentTime:context:] | [line:167] | [MESSAGE] ==== go to start ====
2018-05-24 11:29:34.515 | I | -[StartPageViewController viewDidLoad] | [line:65] | [MESSAGE] view did load
2018-05-24 11:29:34.635 | I | -[AINeuralNetworkConfigManager fileDownloadedWithUrl:succeeded:] | [line:261] | [MESSAGE] [DNN] Downloading neural network config succeeded.
2018-05-24 11:29:34.656 | I | sendUnsentQuestionnaires() | [line:485] | [MESSAGE] [Questionnaire] Posting saved questionnaire event(s).
2018-05-24 11:29:34.880 | I | saveQuestionnaireIDsToFile(trialID:) | [line:193] | [MESSAGE] [Questionnaire] Saving questionnaire IDs succeeded. Filename: questionnaireIDs_client100prod_1525443315.
2018-05-24 11:29:34.882 | I | getQuestionnaireIDs(trialID:) | [line:88] | [MESSAGE] [API Gateway] Getting questionnaire IDs succeeded. TrialID: client100prod_1525443315. Questionnaire IDs: ["client100prod_1525443315-1526514832783-06c07c52-5618-4585-9249-b783ddb6f88b", "client100prod_1525443315-1525899697730-48b05138-e9c5-4e0f-9e9e-6ffdfe32d197", "client100prod_1525443315-1526411416794-c045df71-1d1b-4346-a3c5-4d3ff4b356f3", "client100prod_1525443315-1525890381362-df4f967d-1af6-4b6d-b7e0-9514bd4e58d4", "client100prod_1525443315-1526512173040-60e1a64f-6305-4a01-86bc-44fe58931ac6", "client100prod_1525443315-1526575714597-97bea7fb-5305-4d13-b0b0-33f16c3349bf", "client100prod_1525443315-1526871500579-38d51912-358c-4c7a-a28e-f729a9af3ede"]
2018-05-24 11:29:34.977 | I | getPatientSchdule() | [line:54] | [MESSAGE] [API Gateway] Getting action schedules success.
2018-05-24 11:29:35.003 | I | saveActionSchedulesToFile(actionSchedules:) | [line:98] | [MESSAGE] [Action Schedules] Saving action schedules succeeded. Filename: action_schedules.
2018-05-24 11:29:35.110 | I | getQuestionnaire(questionnaireID:) | [line:128] | [MESSAGE] [API Gateway] Getting questionnaire succeeded. Questionnaire ID: client100prod_1525443315-1526514832783-06c07c52-5618-4585-9249-b783ddb6f88b. Name: Facial Expression Exercise.
2018-05-24 11:29:35.129 | I | saveQuestionnaireToFile(questionnaire:) | [line:234] | [MESSAGE] [Questionnaire] Saving questionnaire succeeded. Filename: client100prod_1525443315-1526514832783-06c07c52-5618-4585-9249-b783ddb6f88b.
2018-05-24 11:29:35.133 | I | getQuestionnaire(questionnaireID:) | [line:128] | [MESSAGE] [API Gateway] Getting questionnaire succeeded. Questionnaire ID: client100prod_1525443315-1526871500579-38d51912-358c-4c7a-a28e-f729a9af3ede. Name: delete.
2018-05-24 11:29:35.133 | I | getQuestionnaire(questionnaireID:) | [line:136] | [MESSAGE] [API Gateway] Questionnaire is neither active nor daily_dose mode. Skip it. Questionnaire ID: Questionnaire ID: client100prod_1525443315-1526871500579-38d51912-358c-4c7a-a28e-f729a9af3ede. Name: delete
2018-05-24 11:29:35.140 | I | getQuestionnaire(questionnaireID:) | [line:128] | [MESSAGE] [API Gateway] Getting questionnaire succeeded. Questionnaire ID: client100prod_1525443315-1526512173040-60e1a64f-6305-4a01-86bc-44fe58931ac6. Name: Ecological Momentary Assessment.
2018-05-24 11:29:35.157 | I | saveQuestionnaireToFile(questionnaire:) | [line:234] | [MESSAGE] [Questionnaire] Saving questionnaire succeeded. Filename: client100prod_1525443315-1526512173040-60e1a64f-6305-4a01-86bc-44fe58931ac6.
2018-05-24 11:29:35.195 | I | getQuestionnaire(questionnaireID:) | [line:128] | [MESSAGE] [API Gateway] Getting questionnaire succeeded. Questionnaire ID: client100prod_1525443315-1525899697730-48b05138-e9c5-4e0f-9e9e-6ffdfe32d197. Name: VST Day 7.
2018-05-24 11:29:35.247 | I | saveQuestionnaireToFile(questionnaire:) | [line:234] | [MESSAGE] [Questionnaire] Saving questionnaire succeeded. Filename: client100prod_1525443315-1525899697730-48b05138-e9c5-4e0f-9e9e-6ffdfe32d197.
2018-05-24 11:29:35.268 | I | getQuestionnaire(questionnaireID:) | [line:128] | [MESSAGE] [API Gateway] Getting questionnaire succeeded. Questionnaire ID: client100prod_1525443315-1526575714597-97bea7fb-5305-4d13-b0b0-33f16c3349bf. Name: CDX Training Set.
2018-05-24 11:29:35.293 | I | saveQuestionnaireToFile(questionnaire:) | [line:234] | [MESSAGE] [Questionnaire] Saving questionnaire succeeded. Filename: client100prod_1525443315-1526575714597-97bea7fb-5305-4d13-b0b0-33f16c3349bf.
2018-05-24 11:29:35.356 | I | getQuestionnaire(questionnaireID:) | [line:128] | [MESSAGE] [API Gateway] Getting questionnaire succeeded. Questionnaire ID: client100prod_1525443315-1525890381362-df4f967d-1af6-4b6d-b7e0-9514bd4e58d4. Name: VST and ANSA Day 1.
2018-05-24 11:29:35.442 | I | saveQuestionnaireToFile(questionnaire:) | [line:234] | [MESSAGE] [Questionnaire] Saving questionnaire succeeded. Filename: client100prod_1525443315-1525890381362-df4f967d-1af6-4b6d-b7e0-9514bd4e58d4.
2018-05-24 11:29:35.521 | I | getQuestionnaire(questionnaireID:) | [line:128] | [MESSAGE] [API Gateway] Getting questionnaire succeeded. Questionnaire ID: client100prod_1525443315-1526411416794-c045df71-1d1b-4346-a3c5-4d3ff4b356f3. Name: VST and ANSA Day 14.
2018-05-24 11:29:35.635 | I | -[StartPageViewController onStartButtonPressed:] | [line:138] | [MESSAGE] POP_QUESTION_BEFORE_DOSING == 0
2018-05-24 11:29:35.645 | I | -[AiViewDaily viewDidLoad] | [line:52] | [MESSAGE] AiViewDaily view did load
2018-05-24 11:29:35.645 | I | -[AiViewDaily viewDidLoad] | [line:70] | [MESSAGE] Current medication name smarties-white
2018-05-24 11:29:35.645 | I | -[AiViewDaily viewDidLoad] | [line:71] | [MESSAGE] Current dosing amount 0
2018-05-24 11:29:35.645 | I | -[AiViewDaily viewDidLoad] | [line:77] | [MESSAGE] Current dosing steps 0, 1, 2, 3, 9, 
2018-05-24 11:29:35.656 | I | saveQuestionnaireToFile(questionnaire:) | [line:234] | [MESSAGE] [Questionnaire] Saving questionnaire succeeded. Filename: client100prod_1525443315-1526411416794-c045df71-1d1b-4346-a3c5-4d3ff4b356f3.
2018-05-24 11:29:35.679 | I | +[AINeuralNetworkConfigManager setCurrentMedicationName:shape:color:] | [line:93] | [MESSAGE] Set current medication name: smarties-white, shape: round, color: white.
2018-05-24 11:29:36.336 | I | -[StepsController init:uiView:steps:viewController:recordVideo:] | [line:90] | [MESSAGE] should record video flag 0
2018-05-24 11:29:36.340 | I | +[AIUtil checkPermission] | [line:1132] | [MESSAGE] camera access / mic access Authorized
2018-05-24 11:29:36.342 | I | -[CameraEngine previewAndInitRecordVideo:recordAudio:videoName:CameraEngineScenario:] | [line:110] | [MESSAGE] Starting up server
2018-05-24 11:29:37.164 | I | -[FlexibleVideoPlayerController playTutorialVideoOnView:step:] | [line:178] | [MESSAGE] playTutorialVideo short_version_face_identification_order_0_numpill_0_total_0
2018-05-24 11:29:59.983 | I | -[StepsController goToCamera] | [line:531] | [MESSAGE] goToCamera
2018-05-24 11:29:59.984 | I | -[StepsController defineCurrentStep] | [line:281] | [MESSAGE] defineCurrentStep 0
2018-05-24 11:30:00.063 | I | -[PhasesController defineState] | [line:223] | [MESSAGE] PhasesController defineState 0
2018-05-24 11:30:00.064 | I | -[PhasesController defineState] | [line:223] | [MESSAGE] PhasesController defineState 12
2018-05-24 11:30:00.481 | I | -[CameraUIView displayPreInstruction:] | [line:186] | [MESSAGE] show pre instruction animation
2018-05-24 11:30:00.481 | I | -[CameraEngine startCapture] | [line:187] | [MESSAGE] starting capture
2018-05-24 11:30:08.365 | I | -[FlexibleVideoPlayerController videoPlayingComplete:] | [line:193] | [MESSAGE] flex video videoPlayingComplete
2018-05-24 11:30:08.377 | I | -[PhasesController defineState] | [line:223] | [MESSAGE] PhasesController defineState 1
2018-05-24 11:30:09.057 | I | -[PhasesController defineState] | [line:223] | [MESSAGE] PhasesController defineState 10
2018-05-24 11:30:09.384 | I | -[PhasesController defineState] | [line:223] | [MESSAGE] PhasesController defineState 2
2018-05-24 11:30:09.414 | I | -[PhasesController defineState] | [line:223] | [MESSAGE] PhasesController defineState 3
2018-05-24 11:30:09.662 | I | -[FlexibleAudioPlayerController playAudioBasedOnErrorState:step:] | [line:68] | [MESSAGE] playAudioBasedOnErrorState C8_9_Device_Position_Error
2018-05-24 11:30:09.662 | I | -[AudioPlayer playAudioName:] | [line:38] | [MESSAGE] play audio name C8_9_Device_Position_Error
2018-05-24 11:30:09.702 | I | -[PhasesController defineState] | [line:223] | [MESSAGE] PhasesController defineState 2
2018-05-24 11:30:09.949 | I | -[PhasesController defineState] | [line:223] | [MESSAGE] PhasesController defineState 6
2018-05-24 11:30:09.978 | I | -[CameraUIView displayConfirm] | [line:330] | [MESSAGE] show step confirm animation
2018-05-24 11:30:09.978 | I | -[AudioPlayer playAudioWithoutFlag:] | [line:49] | [MESSAGE] play audio name confirm
2018-05-24 11:30:12.159 | I | -[PhasesController defineState] | [line:223] | [MESSAGE] PhasesController defineState 5
2018-05-24 11:30:12.178 | I | -[FlexibleVideoPlayerController playTutorialVideoOnView:step:] | [line:178] | [MESSAGE] playTutorialVideo full_version_pill_identification_order_0_numpill_0_total_0
2018-05-24 11:30:37.182 | I | -[StepsController goToCamera] | [line:531] | [MESSAGE] goToCamera
2018-05-24 11:30:37.182 | I | -[StepsController defineCurrentStep] | [line:281] | [MESSAGE] defineCurrentStep 1
2018-05-24 11:30:37.215 | I | -[PhasesController defineState] | [line:223] | [MESSAGE] PhasesController defineState 0
2018-05-24 11:30:37.216 | I | -[PhasesController defineState] | [line:223] | [MESSAGE] PhasesController defineState 12
2018-05-24 11:30:37.417 | I | -[FlexibleVideoPlayerController videoPlayingComplete:] | [line:193] | [MESSAGE] flex video videoPlayingComplete
2018-05-24 11:30:37.715 | I | -[PhasesController defineState] | [line:223] | [MESSAGE] PhasesController defineState 1
