2018-05-20 10:48:13.982 | I | -[MedicationConfirmVC viewDidLoad] | [line:45] | [MESSAGE] MedicationConfirmVC view did load
2018-05-20 10:48:14.538 | I | -[FlexibleAudioPlayerController playAudioWithName:] | [line:80] | [MESSAGE] playAudioWithName conclusion_11
2018-05-20 10:48:14.538 | I | -[AudioPlayer playAudioName:] | [line:38] | [MESSAGE] play audio name conclusion_11
2018-05-20 10:48:19.563 | I | -[DigitalClockVC viewDidLoad] | [line:138] | [MESSAGE] DigitalClockVC view did load
2018-05-20 10:48:19.584 | I | -[Transmission sendAll] | [line:80] | [MESSAGE] Transmission send all
2018-05-20 10:48:19.585 | I | -[Transmission sendAll] | [line:115] | [MESSAGE] Encrypting files
2018-05-20 10:48:19.621 | I | -[DigitalClockVC constructNextActionSchedulesAndQuestionnairesIfPossible] | [line:806] | [MES2018-05-20 10:48:19.621 | I | -[DigitalClockVC constructNextAc2018-05-20 10:48:19.647 | I | -[DigitalClockVC showScreenBasedOnStatus] | [line:358] | [MESSAGE] show screen based on status
2018-05-20 10:48:19.647 | I | -[DigitalClockVC displayReminderView] | [line:515] | [MESSAGE] displayReminderView
2018-05-20 10:48:19.647 | I | -[DigitalClockVC showDigitalClockNormal] | [line:580] | [MESSAGE] showDigitalClockNormal
2018-05-20 10:48:19.669 | I | -[DigitalClockVC displayReminderView] | [line:515] | [MESSAGE] displayReminderView
2018-05-20 10:48:19.669 | I | -[DigitalClockVC showDigitalClockNormal] | [line:580] | [MESSAGE] showDigitalClockNormal
2018-05-20 10:48:19.676 | I | -[DigitalClockVC startPKVisitQuestionIfNecessary] | [line:721] | [MESSAGE] startPKVisitQuestionIfNecessary
2018-05-20 10:48:19.733 | I | -[DigitalClockVC showScreenBasedOnStatus] | [line:358] | [MESSAGE] show screen based on status
2018-05-20 10:48:19.733 | I | -[DigitalClockVC displayReminderView] | [line:515] | [MESSAGE] displayReminderView
2018-05-20 10:48:19.733 | I | -[DigitalClockVC showDigitalClockNormal] | [line:580] | [MESSAGE] showDigitalClockNormal
2018-05-20 10:48:19.756 | I | -[DigitalClockVC displayReminderView] | [line:515] | [MESSAGE] displayReminderView
2018-05-20 10:48:19.756 | I | -[DigitalClockVC showDigitalClockNormal] | [line:580] | [MESSAGE] showDigitalClockNormal
2018-05-20 10:48:19.763 | I | -[DigitalClockVC startPKVisitQuestionIfNecessary] | [line:721] | [MESSAGE] startPKVisitQuesti2018-05-20 10:2018-05-20 10:48:19.768 | I | -[Transmission update:task_name:] | [line:246] | [MESSAGE] Task id done: 1
2018-05-20 10:48:19.878 | I | -[Transmission update:task_name:] | [line:246] | [MESSAGE] Task id done: 2
2018-05-20 10:48:20.074 | I | -[Transmission update:task_name:] | [line:246] | [MESSAGE] Task id done: 3
2018-05-20 10:48:20.203 | I | -[Transmission update:task_name:] | [line:246] | [MESSAGE] Task id done: 4
2018-05-20 10:48:20.329 | I | -[Transmission update:task_name:] | [line:246] | [MESSAGE] Task id done: 5
2018-05-20 10:48:20.454 | I | -[Transmission update:task_name:] | [line:246] | [MESSAGE] Task id done: 6
2018-05-20 10:48:20.593 | E | -[Transmission update:task_name:] | [line:239] | [MESSAGE] Task Dose_miss_time_report failed
2018-05-20 10:48:21.172 | I | -[AINeuralNetworkConfigManager fileDownloadedWithUrl:succeeded:] | [line:249] | [MESSAGE] Neu2018-05-20 10:48:21.172 | I | -[AINeura2018-05-20 10:48:21.366 | I | -[DigitalClockVC constructNextActionSchedulesAndQuestionnairesIfPossible] | [line:806] | [MES2018-05-20 10:48:21.366 | I | -[DigitalClockVC constructNextAc2018-05-20 10:48:21.416 | I | -[DigitalClockVC showScreenBasedOnStatus] | [line:358] | [MESSAGE] show screen based on statu202018-05-20 10:48:21.416 | I | -[DigitalClockVC displayReminderView] | [line:515] | [MESSAGE] displayReminderView
2018-05-20 10:48:21.416 | I | -[DigitalClockVC showDigitalClockNormal] | [line:580] | [MESSAGE] showDigitalClockNormal
2018-05-20 10:48:21.446 | I | -[DigitalClockVC displayReminderView] | [line:515] | [MESSAGE] displayReminderView
2018-05-20 10:48:21.446 | I | -[DigitalClockVC showDigitalClockNormal] | [line:580] | [MESSAGE] showDigitalClockNormal
2018-05-20 10:48:21.453 | I | -[DigitalClockVC startPKVisitQuestionIfNecessary] | [line:721] | [MESSAGE] startPKVisitQuestionIfNecessary
2018-05-20 10:48:21.623 | I | -[DigitalClockVC constructNextActionSchedulesAndQuestionnairesIfPossible] | [line:806] | [MESSAGE] constructNextActionSchedulesAndQuestionnairesIfPossible
2018-05-20 10:48:21.646 | I | -[DigitalClockVC showScreenBasedOnStatus] | [line:358] | [MESSAGE] show screen based on status
2018-05-20 10:48:21.646 | I | -[DigitalClockVC displayReminderView] | [line:515] | [MESSAGE] displayReminderView
2018-05-20 10:48:21.647 | I | -[DigitalClockVC showDigitalClockNormal] | [line:580] | [MESSAGE] showDigitalClockNormal
2018-05-20 10:48:21.671 | I | -[DigitalClockVC displayReminderView] | [line:515] | [MESSAGE] displayReminderView
2018-05-20 10:48:21.671 | I | -[DigitalClockVC showDigitalClockNormal] | [line:580] | [MESSAGE] showDigitalClockNormal
2018-05-20 10:48:21.678 | I | -[DigitalClockVC startPKVisitQuestionIfNecessary] | [line:721] | [MESSAGE] startPKVisitQuestionIfNecessary
2018-05-20 10:48:23.974 | I | -[DigitalClockVC showQuestionnaire] | [line:788] | [MESSAGE] showQuestionnaire
2018-05-20 10:48:25.177 | I | -[QuestionPageVC viewDidLoad] | [line:250] | [MESSAGE] Question page view did load. title: Ai2018-05-20 10:48:25.177 | I | -[QuestionPageVC viewDidLoad] | [line:2018-05-20 10:48:25.177 | I | -[QuestionPageVC viewDidLoad] | [line:258] | [MESSAGE] Background recording is on.
2018-05-20 10:48:25.216 | I | -[QuestionPageVC viewDidLoad] | [line:250] | [MESSAGE] Question page view did load. title: AiCure, class: AIARViewController, reviewing
2018-05-20 10:48:25.216 | I | -[QuestionPageVC viewDidLoad] | [line:283] | [MESSAGE] Background recording is off.
2018-05-20 10:48:34.707 | I | -[QuestionPageVC viewDidLoad] | [line:250] | [MESSAGE] Question page view did load. title: AiCure, class: AIQuestionPageTextInstructionViewController, answering
2018-05-20 10:48:34.707 | I | -[QuestionPageVC viewDidLoad] | [line:258] | [MESSAGE] Background recording is on.
2018-05-20 10:48:34.709 | I | -[QuestionPageVC viewDidLoad] | [line:250] | [MESSAGE] Question page view did load. title: Ai2018-05-20 10:48:34.709 | I | -[QuestionPag2018-05-20 10:48:34.709 | I | -[QuestionPageVC viewDidLoad] | [line:283] | [MESSAGE] Background recording is off.
2018-05-20 10:49:06.060 | I | -[QuestionPageVC viewDidLoad] | [line:250] | [MESSAGE] Question page view did load. title: AiCure, class: AIQuestionPageTextInstructionViewController, answering
2018-05-20 10:49:06.060 | I | -[QuestionPageVC viewDidLoad] | [line:258] | [MESSAGE] Background recording is on.
2018-05-20 10:49:06.062 | I | -[QuestionPageVC viewDidLoad] | [line:250] | [MESSAGE] Question page view did load. title: Ai2018-05-20 10:49:06.062 | I | -[QuestionPag2018-05-20 10:49:06.062 | I | -[QuestionPageVC viewDidLoad] | [line:283] | [MESSAGE] Background recording is off.
2018-05-20 10:49:15.732 | I | -[QuestionPageVC viewDidLoad] | [line:250] | [MESSAGE] Question page view did load. title: Ai2018-05-20 10:49:15.732 | I | -[QuestionPageVC viewDidLoad] | [line:2018-05-20 10:49:15.732 | I | -[QuestionPageVC viewDidLoad] | [line:258] | [MESSAGE] Background recording is on.
2018-05-20 10:49:15.734 | I | -[QuestionPageVC viewDidLoad] | [line:250] | [MESSAGE] Question page view did load. title: AiCure, class: AIARViewController, reviewing
2018-05-20 10:49:15.734 | I | -[QuestionPageVC viewDidLoad] | [line:283] | [MESSAGE] Background recording is off.
2018-05-20 10:49:26.771 | I | -[QuestionPageVC viewDidLoad] | [line:250] | [MESSAGE] Question page view did load. title: AiCure, class: AIQuestionPageTextInstructionViewController, answering
2018-05-20 10:49:26.771 | I | -[QuestionPageVC viewDidLoad] | [line:258] | [MESSAGE] Background recording is on.
2018-05-20 10:49:26.773 | I | -[QuestionPageVC viewDidLoad] | [line:250] | [MESSAGE] Question page view did load. title: Ai2018-05-20 10:49:26.773 | I | -[QuestionPag2018-05-20 10:49:26.773 | I | -[QuestionPageVC viewDidLoad] | [line:283] | [MESSAGE] Background recording is off.
2018-05-20 10:49:38.588 | I | -[QuestionPageVC viewDidLoad] | [line:250] | [MESSAGE] Question page view did load. title: AiCure, class: AIQuestionPageTextInstructionViewController, answering
2018-05-20 10:49:38.588 | I | -[QuestionPageVC viewDidLoad] | [line:258] | [MESSAGE] Background recording is on.
2018-05-20 10:49:38.589 | I | -[QuestionPageVC viewDidLoad] | [line:250] | [MESSAGE] Question page view did load. title: AiCure, class: AIARViewController, reviewing
2018-05-20 10:49:38.589 | I | -[QuestionPageVC viewDidLoad] | [line:283] | [MESSAGE] Background recording is off.
2018-05-20 10:49:50.257 | I | -[QuestionPageVC viewDidLoad] | [line:250] | [MESSAGE] Question page view did load. title: Ai2018-05-20 10:49:50.257 | I | -[QuestionPage2018-05-20 10:49:50.257 | I | -[QuestionPageVC viewDidLoad] | [line:258] | [MESSAGE] Background recording is on.
2018-05-20 10:49:50.258 | I | -[QuestionPageVC viewDidLoad] | [line:250] | [MESSAGE] Question page view did load. title: AiCure, class: AIARViewController, reviewing
2018-05-20 10:49:50.258 | I | -[QuestionPageVC viewDidLoad] | [line:283] | [MESSAGE] Background recording is off.
2018-05-20 10:49:54.501 | I | -[SpeechDetector activateDetection] | [line:68] | [MESSAGE] Speech Detector activate
2018-05-20 10:49:57.869 | I | -[SpeechDetector pocketsphinxDidDetectSpeech] | [line:148] | [MESSAGE] Speech Detector checkOverallBegin
2018-05-20 10:50:09.098 | I | -[SpeechDetector repeatChecking] | [line:121] | [MESSAGE] Speech Detector onSpeechEndOverall
2018-05-20 10:50:15.829 | I | -[SpeechDetector pocketsphinxDidDetectSpeech] | [line:148] | [MESSAGE] Speech Detector checkOverallBegin
2018-05-20 10:50:19.505 | I | -[SpeechDetector repeatChecking] | [line:121] | [MESSAGE] Speech Detector onSpeechEndOverall
2018-05-20 10:50:26.589 | I | -[SpeechDetector pocketsphinxDidDetectSpeech] | [line:148] | [MESSAGE] Speech Detector checkO2018-05-20 12018-05-20 10:50:31.186 | I | -[QuestionPageVC viewDidLoad] | [line:250] | [MESSAGE] Question page view did load. title: Ai2018-05-20 10:50:31.186 | I | -[QuestionPage2018-05-20 10:50:31.186 | I | -[QuestionPageVC viewDidLoad] | [line:258] | [MESSAGE] Background recording is on.
2018-05-20 10:50:31.189 | I | -[QuestionPageVC viewDidLoad] | [line:250] | [MESSAGE] Question page view did load. title: AiCure, class: AIARViewController, reviewing
2018-05-20 10:50:31.189 | I | -[QuestionPageVC viewDidLoad] | [line:283] | [MESSAGE] Background recording is off.
2018-05-20 10:50:32.209 | I | -[SpeechDetector pocketsphinxDidDetectSpeech] | [line:148] | [MESSAGE] Speech Detector checkOverallBegin
2018-05-20 10:50:34.784 | I | -[SpeechDetector activateDetection] | [line:68] | [MESSAGE] Speech Detector activate
2018-05-20 10:50:35.169 | I | -[SpeechDetector pocketsphinxDidDetectSpeech] | [line:148] | [MESSAGE] Speech Detector checkOverallBegin
2018-05-20 10:50:38.585 | I | -[SpeechDetector repeatChecking] | [line:121] | [MESSAGE] Speech Detector onSpeechEndOverall
2018-05-20 10:50:42.586 | I | -[SpeechDetector deactivateDetection] | [line:84] | [MESSAGE] Speech Detector deactivate
2018-05-20 10:50:44.512 | I | -[SpeechDetector activateDetection] | [line:68] | [MESSAGE] Speech Detector activate
2018-05-20 10:50:47.126 | I | -[SpeechDetector pocketsphinxDidDetectSpeech] | [line:148] | [MESSAGE] Speech Detector checkOverallBegin
2018-05-20 10:50:48.513 | I | -[SpeechDetector deactivateDetection] | [line:84] | [MESSAGE] Speech Detector deactivate
2018-05-20 10:50:48.530 | I | -[SpeechDetector deactivateDetection] | [line:94] | [MESSAGE] Speech Detector onSpeechEndOverall
2018-05-20 10:50:50.690 | I | -[SpeechDetector activateDetection] | [line:68] | [MESSAGE] Speech Detector activate
2018-05-20 10:50:50.690 | I | -[SpeechDetector activateDetection] | [line:76] | [MESSAGE] Speech Detector onSpeechBeginOver20182018-05-20 10:50:51.185 | I | -[SpeechDetector repeatChecking] | [line:121] | [MESSAGE] Speech Detector onSpeechEndOverall
2018-05-20 10:50:52.530 | I | -[SpeechDetector deactivateDetection] | [line:84] | [MESSAGE] Speech Detector deactivate
2018-05-20 10:50:54.633 | I | -[SpeechDetector activateDetection] | [line:68] | [MESSAGE] Speech Detector activate
2018-05-20 10:51:00.844 | I | -[SpeechDetector pocketsphinxDidDetectSpeech] | [line:148] | [MESSAGE] Speech Detector checkO2018-05-20 12018-05-20 10:51:04.582 | I | -[SpeechDetector repeatChecking] | [line:121] | [MESSAGE] Speech Detector onSpeechEndOverall
2018-05-20 10:51:15.821 | I | -[SpeechDetector pocketsphinxDidDetectSpeech] | [line:148] | [MESSAGE] Speech Detector checkOverallBegin
2018-05-20 10:51:26.651 | I | -[QuestionPageVC viewDidLoad] | [line:250] | [MESSAGE] Question page view did load. title: AiCure, class: QuestionPageVideoVC, answering
2018-05-20 10:51:26.651 | I | -[QuestionPageVC viewDidLoad] | [line:258] | [MESSAGE] Background recording is on.
2018-05-20 10:51:26.653 | I | -[QuestionPageVC viewDidLoad] | [line:250] | [MESSAGE] Question page view did load. title: Ai2018-05-20 10:51:26.653 | I | -[QuestionPag2018-05-20 10:51:26.653 | I | -[QuestionPageVC viewDidLoad] | [line:283] | [MESSAGE] Background recording is off.
2018-05-20 10:51:26.812 | I | -[SpeechDetector pocketsphinxDidDetectSpeech] | [line:148] | [MESSAGE] Speech Detector checkOverallBegin
2018-05-20 10:51:30.732 | I | -[SpeechDetector activateDetection] | [line:68] | [MESSAGE] Speech Detector activate
2018-05-20 10:51:31.120 | I | -[SpeechDetector pocketsphinxDidDetectSpeech] | [line:148] | [MESSAGE] Speech Detector checkOverallBegin
2018-05-20 10:51:34.533 | I | -[SpeechDetector repeatChecking] | [line:121] | [MESSAGE] Speech Detector onSpeechEndOverall
2018-05-20 10:51:36.320 | I | -[SpeechDetector pocketsphinxDidDetectSpeech] | [line:148] | [MESSAGE] Speech Detector checkO2018-05-20 12018-05-20 10:51:38.534 | I | -[SpeechDetector deactivateDetection] | [line:84] | [MESSAGE] Speech Detector deactivate
2018-05-20 10:51:38.540 | I | -[SpeechDetector deactivateDetection] | [line:94] | [MESSAGE] Speech Detector onSpeechEndOverall
2018-05-20 10:51:40.447 | I | -[SpeechDetector activateDetection] | [line:68] | [MESSAGE] Speech Detector activate
2018-05-20 10:51:40.447 | I | -[SpeechDetector activateDetection] | [line:76] | [MESSAGE] Speech Detector onSpeechBeginOverall
2018-05-20 10:51:40.944 | I | -[SpeechDetector repeatChecking] | [line:121] | [MESSAGE] Speech Detector onSpeechEndOverall
2018-05-20 10:51:41.379 | I | -[SpeechDetector pocketsphinxDidDetectSpeech] | [line:148] | [MESSAGE] Speech Detector checkOverallBegin
2018-05-20 10:51:44.946 | I | -[SpeechDetector deactivateDetection] | [line:84] | [MESSAGE] Speech Detector deactivate
2018-05-20 10:51:44.969 | I | -[SpeechDetector deactivateDetection] | [line:94] | [MESSAGE] Speech Detector onSpeechEndOverall
2018-05-20 10:51:47.117 | I | -[SpeechDetector activateDetection] | [line:68] | [MESSAGE] Speech Detector activate
2018-05-20 10:51:48.978 | I | -[SpeechDetector deactivateDetection] | [line:84] | [MESSAGE] Speech Detector deactivate
2018-05-20 10:51:51.085 | I | -[SpeechDetector activateDetection] | [line:68] | [MESSAGE] Speech Detector activate
2018-05-20 10:51:52.391 | I | -[SpeechDetector pocketsphinxDidDetectSpeech] | [line:148] | [MESSAGE] Speech Detector checkO2018-05-20 12018-05-20 10:51:55.199 | I | -[QuestionPageVC viewDidLoad] | [line:250] | [MESSAGE] Question page view did load. title: AiCure, class: QuestionPageVideoVC, answering
2018-05-20 10:51:55.199 | I | -[QuestionPageVC viewDidLoad] | [line:258] | [MESSAGE] Background recording is on.
2018-05-20 10:51:55.200 | I | -[QuestionPageVC viewDidLoad] | [line:250] | [MESSAGE] Question page view did load. title: Ai2018-05-20 10:51:55.200 | I | -[QuestionPag2018-05-20 10:51:55.200 | I | -[QuestionPageVC viewDidLoad] | [line:283] | [MESSAGE] Background recording is off.
2018-05-20 10:51:56.170 | I | -[SpeechDetector pocketsphinxDidDetectSpeech] | [line:148] | [MESSAGE] Speech Detector checkO2018-05-20 12018-05-20 10:52:01.887 | I | -[SpeechDetector activateDetection] | [line:68] | [MESSAGE] Speech Detector activate
2018-05-20 10:52:02.276 | I | -[SpeechDetector pocketsphinxDidDetectSpeech] | [line:148] | [MESSAGE] Speech Detector checkOverallBegin
2018-05-20 10:52:05.888 | I | -[SpeechDetector deactivateDetection] | [line:84] | [MESSAGE] Speech Detector deactivate
2018-05-20 10:52:05.890 | I | -[SpeechDetector deactivateDetection] | [line:94] | [MESSAGE] Speech Detector onSpeechEndOverall
2018-05-20 10:52:07.780 | I | -[SpeechDetector activateDetection] | [line:68] | [MESSAGE] Speech Detector activate
2018-05-20 10:52:11.781 | I | -[SpeechDetector deactivateDetection] | [line:84] | [MESSAGE] Speech Detector deactivate
2018-05-20 10:52:13.947 | I | -[SpeechDetector activateDetection] | [line:68] | [MESSAGE] Speech Detector activate
2018-05-20 10:52:15.408 | I | -[SpeechDetector pocketsphinxDidDetectSpeech] | [line:148] | [MESSAGE] Speech Detector checkOverallBegin
2018-05-20 10:52:30.688 | I | -[SpeechDetector repeatChecking] | [line:121] | [MESSAGE] Speech Detector onSpeechEndOverall
2018-05-20 10:52:34.814 | I | -[QuestionPageVC viewDidLoad] | [line:250] | [MESSAGE] Question page view did load. title: AiCure, class: QuestionPageListVC, answering
2018-05-20 10:52:34.814 | I | -[QuestionPageVC viewDidLoad] | [line:258] | [MESSAGE] Background recording is on.
2018-05-20 10:52:34.815 | I | -[QuestionPageVC viewDidLoad] | [line:250] | [MESSAGE] Question page view did load. title: Ai2018-05-20 10:52:34.815 | I | -[QuestionPag2018-05-20 10:52:34.815 | I | -[QuestionPageVC viewDidLoad] | [line:283] | [MESSAGE] Background recording is off.
2018-05-20 10:52:36.902 | I | -[SpeechDetector pocketsphinxDidDetectSpeech] | [line:148] | [MESSAGE] Speech Detector checkOverallBegin
2018-05-20 10:52:41.843 | I | -[QuestionPageVC viewDidLoad] | [line:250] | [MESSAGE] Question page view did load. title: AiCure, class: QuestionPageListVC, answering
2018-05-20 10:52:41.843 | I | -[QuestionPageVC viewDidLoad] | [line:258] | [MESSAGE] Background recording is on.
2018-05-20 10:52:41.844 | I | -[QuestionPageVC viewDidLoad] | [line:250] | [MESSAGE] Question page view did load. title: Ai2018-05-20 10:52:41.844 | I | -[QuestionPag2018-05-20 10:52:41.844 | I | -[QuestionPageVC viewDidLoad] | [line:283] | [MESSAGE] Background recording is off.
2018-05-20 10:52:50.625 | I | -[QuestionPageVC viewDidLoad] | [line:250] | [MESSAGE] Question page view did load. title: AiCure, class: AIQuestionPageTextInstructionViewController, answering
2018-05-20 10:52:50.625 | I | -[QuestionPageVC viewDidLoad] | [line:258] | [MESSAGE] Background recording is on.
2018-05-20 10:52:50.626 | I | -[QuestionPageVC viewDidLoad] | [line:250] | [MESSAGE] Question page view did load. title: AiCure, class: AIARViewController, reviewing
2018-05-20 10:52:50.626 | I | -[QuestionPageVC viewDidLoad] | [line:283] | [MESSAGE] Background recording is off.
2018-05-20 10:53:05.286 | I | -[QuestionPageVC viewDidLoad] | [line:250] | [MESSAGE] Question page view did load. title: AiCure, class: QuestionPageVideoVC, answering
2018-05-20 10:53:05.286 | I | -[QuestionPageVC viewDidLoad] | [line:258] | [MESSAGE] Background recording is on.
2018-05-20 10:53:05.287 | I | -[QuestionPageVC viewDidLoad] | [line:250] | [MESSAGE] Question page view did load. title: Ai2018-05-20 10:53:05.287 | I | -[QuestionPag2018-05-20 10:53:05.287 | I | -[QuestionPageVC viewDidLoad] | [line:283] | [MESSAGE] Background recording is off.
2018-05-20 10:53:07.352 | I | -[SpeechDetector activateDetection] | [line:68] | [MESSAGE] Speech Detector activate
2018-05-20 10:53:07.741 | I | -[SpeechDetector pocketsphinxDidDetectSpeech] | [line:148] | [MESSAGE] Speech Detector checkO2018-05-20 12018-05-20 10:53:12.362 | I | -[SpeechDetector repeatChecking] | [line:121] | [MESSAGE] Speech Detector onSpeechEndOverall
2018-05-20 10:53:15.001 | I | -[SpeechDetector pocketsphinxDidDetectSpeech] | [line:148] | [MESSAGE] Speech Detector checkO2018-05-20 12018-05-20 10:53:16.362 | I | -[SpeechDetector deactivateDetection] | [line:84] | [MESSAGE] Speech Detector deactivate
2018-05-20 10:53:16.390 | I | -[SpeechDetector deactivateDetection] | [line:94] | [MESSAGE] Speech Detector onSpeechEndOverall
2018-05-20 10:53:18.299 | I | -[SpeechDetector activateDetection] | [line:68] | [MESSAGE] Speech Detector activate
2018-05-20 10:53:18.299 | I | -[SpeechDetector activateDetection] | [line:76] | [MESSAGE] Speech Detector onSpeechBeginOverall
2018-05-20 10:53:22.300 | I | -[SpeechDetector deactivateDetection] | [line:84] | [MESSAGE] Speech Detector deactivate
2018-05-20 10:53:22.307 | I | -[SpeechDetector deactivateDetection] | [line:94] | [MESSAGE] Speech Detector onSpeechEndOver20182018-05-20 10:53:24.462 | I | -[SpeechDetector activateDetection] | [line:68] | [MESSAGE] Speech Detector activate
2018-05-20 10:53:24.462 | I | -[SpeechDetector activateDetection] | [line:76] | [MESSAGE] Speech Detector onSpeechBeginOverall
2018-05-20 10:53:35.560 | I | -[SpeechDetector repeatChecking] | [line:121] | [MESSAGE] Speech Detector onSpeechEndOverall
2018-05-20 10:53:37.877 | I | -[SpeechDetector pocketsphinxDidDetectSpeech] | [line:148] | [MESSAGE] Speech Detector checkO2018-05-20 12018-05-20 10:53:42.353 | I | -[SpeechDetector repeatChecking] | [line:121] | [MESSAGE] Speech Detector onSpeechEndOverall
2018-05-20 10:53:43.954 | I | -[QuestionPageVC viewDidLoad] | [line:250] | [MESSAGE] Question page view did load. title: AiCure, class: AIQuestionPageTextInstructionViewController, answering
2018-05-20 10:53:43.954 | I | -[QuestionPageVC viewDidLoad] | [line:258] | [MESSAGE] Background recording is on.
2018-05-20 10:53:43.955 | I | -[QuestionPageVC viewDidLoad] | [line:250] | [MESSAGE] Question page view did load. title: Ai2018-05-20 10:53:43.955 | I | -[QuestionPag2018-05-20 10:53:43.955 | I | -[QuestionPageVC viewDidLoad] | [line:283] | [MESSAGE] Background recording is off.
2018-05-20 10:53:44.957 | I | -[SpeechDetector pocketsphinxDidDetectSpeech] | [line:148] | [MESSAGE] Speech Detector checkOverallBegin
2018-05-20 10:53:50.994 | I | -[QuestionPageVC viewDidLoad] | [line:250] | [MESSAGE] Question page view did load. title: AiCure, class: AIQuestionPageTextInstructionViewController, answering
2018-05-20 10:53:50.995 | I | -[QuestionPageVC viewDidLoad] | [line:258] | [MESSAGE] Background recording is on.
2018-05-20 10:53:50.996 | I | -[QuestionPageVC viewDidLoad] | [line:250] | [MESSAGE] Question page view did load. title: Ai2018-05-20 10:53:50.996 | I | -[QuestionPag2018-05-20 10:53:50.996 | I | -[QuestionPageVC viewDidLoad] | [line:283] | [MESSAGE] Background recording is off.
2018-05-20 10:54:01.543 | D | -[AiViewSwitch startApp] | [line:156] | [MESSAGE] StartApp in AiViewSwitch
2018-05-20 10:54:01.543 | I | +[AIUtil checkPermission] | [line:1132] | [MESSAGE] camera access / mic access Authorized
2018-05-20 10:54:01.730 | I | -[AiView viewDidLoad] | [line:68] | [MESSAGE] AiView view did load
2018-05-20 10:54:02.214 | E | -[Transmission update:task_name:] | [line:239] | [MESSAGE] Task Dose_miss_time_report failed
2018-05-20 10:54:02.857 | I | -[MedProtocolController getNexMedFromUser:dateTime:loadData:context:] | [line:144] | [MESSAGE] currentDoseDone: 0
2018-05-20 10:54:02.857 | I | -[AiView defineProcess:currentTime:context:] | [line:157] | [MESSAGE] allMedsWithinDoseNotFin2018-05-2018-05-20 10:54:02.907 | I | -[MedicationConfirmVC viewDidLoad] | [line:45] | [MESSAGE] MedicationConfirmVC view did load
2018-05-20 10:54:02.907 | I | -[MedicationConfirmVC viewDidLoad] | [line:45] | [MESSAGE] MedicationConfirmVC view did load
