2018-05-23 16:14:51.293 | I | -[AIARViewController cancelRecording] | [line:118] | [MESSAGE] ARSession recording cancelled.
2018-05-23 16:16:25.308 | I | -[AIARViewController cancelRecording] | [line:118] | [MESSAGE] ARSession recording cancelled.
2018-05-23 16:16:25.334 | I | -[AIARViewController finishRecording] | [line:256] | [MESSAGE] ARSession recording finished.
2018-05-23 16:16:25.352 | I | -[DigitalClockVC constructNextActionSchedulesAndQuestionnairesIfPossible] | [line:806] | [MESS2018-05-23 16:16:25.352 | I | -[DigitalClockVC constructNextA2018-05-23 16:16:25.399 | I | -[DigitalClockVC showScreenBasedOnStatus] | [line:358] | [MESSAGE] show screen based on status22018-05-23 16:16:25.399 | I | -[DigitalClockVC displayReminderView] | [line:515] | [MESSAGE] displayReminderView
2018-05-23 16:16:25.399 | I | -[DigitalClockVC showDigitalClockNormal] | [line:580] | [MESSAGE] showDigitalClockNormal
2018-05-23 16:16:25.456 | I | -[DigitalClockVC displayReminderView] | [line:515] | [MESSAGE] displayReminderView
2018-05-23 16:16:25.456 | I | -[DigitalClockVC showDigitalClockNormal] | [line:580] | [MESSAGE] showDigitalClockNormal
2018-05-23 16:16:25.490 | I | -[DigitalClockVC startPKVisitQuestionIfNecessary] | [line:721] | [MESSAGE] startPKVisitQuestio2018-05-23 162018-05-23 16:16:25.593 | I | -[DigitalClockVC showScreenBasedOnStatus] | [line:358] | [MESSAGE] show screen based on status22018-05-23 16:16:25.593 | I | -[DigitalClockVC displayReminderView] | [line:515] | [MESSAGE] displayReminderView
2018-05-23 16:16:25.593 | I | -[DigitalClockVC showDigitalClockNormal] | [line:580] | [MESSAGE] showDigitalClockNormal
2018-05-23 16:16:25.653 | I | -[DigitalClockVC displayReminderView] | [line:515] | [MESSAGE] displayReminderView
2018-05-23 16:16:25.653 | I | -[DigitalClockVC showDigitalClockNormal] | [line:580] | [MESSAGE] showDigitalClockNormal
2018-05-23 16:16:25.686 | I | -[DigitalClockVC startPKVisitQuestionIfNecessary] | [line:721] | [MESSAGE] startPKVisitQuestio2018-05-23 162018-05-23 16:16:27.331 | I | -[DigitalClockVC showQuestionnaire] | [line:788] | [MESSAGE] showQuestionnaire
2018-05-23 16:16:28.447 | I | -[QuestionPageVC viewDidLoad] | [line:250] | [MESSAGE] Question page view did load. title: AiC2018-05-23 16:16:28.447 | I | -[QuestionPageVC viewDidLoad] | [line2018-05-23 16:16:28.448 | I | -[QuestionPageVC viewDidLoad] | [line:258] | [MESSAGE] Background recording is on.
2018-05-23 16:16:28.451 | I | -[QuestionPageVC viewDidLoad] | [line:250] | [MESSAGE] Question page view did load. title: AiC2018-05-23 16:16:28.451 | I | -[QuestionPa2018-05-23 16:16:28.451 | I | -[QuestionPageVC viewDidLoad] | [line:283] | [MESSAGE] Background recording is off.
2018-05-23 16:16:28.472 | I | -[AIARViewController viewDidLoad] | [line:82] | [MESSAGE] AIARViewController viewDidLoad finis2018-2018-05-23 16:16:35.938 | I | -[QuestionPageVC audioPlayerDidFinishPlaying:successfully:] | [line:692] | [MESSAGE] Audio pla2018-05-23 16:16:35.938 | I | -[QuestionPageVC audioPlayerDidFinishPlaying:successfully:] | [line:692] | [MESSAGE] Audio pla2018-05-23 16:16:35.938 | I | -[QuestionPageVC audioPlayerDidFinishPlaying:successfully:] | [line:692018-05-23 16:16:35.939 | I | -[QuestionPageVC audioPlayerDidFinishPlaying:successfully:] | [line:692] | [MESSAGE] Audio pla2018-05-23 16:16:35.939 | I | -[QuestionPageVC audioPlayerDidFinishPlaying:successfully:] | [line:692] | [MESSAGE] Audio playback finished. Played URL file:///var/mobile/Containers/Data/Application/060EAE0E-3932-4E5D-9369-4B2018-05-23 16:20:40.834 | I | -[AIARViewController finishRecording] | [line:256] | [MESSAGE] ARSession recording finished.
2018-05-23 16:20:41.928 | I | -[QuestionPageVC viewDidLoad] | [line:250] | [MESSAGE] Question page view did load. title: AiC2018-05-23 16:20:41.928 | I | -[QuestionPageVC viewDidLoad] | [line2018-05-23 16:20:41.928 | I | -[QuestionPageVC viewDidLoad] | [line:258] | [MESSAGE] Background recording is on.
2018-05-23 16:20:41.931 | I | -[QuestionPageVC viewDidLoad] | [line:250] | [MESSAGE] Question page view did load. title: AiC2018-05-23 16:20:41.931 | I | -[QuestionPa2018-05-23 16:20:41.931 | I | -[QuestionPageVC viewDidLoad] | [line:283] | [MESSAGE] Background recording is off.
2018-05-23 16:20:41.949 | I | -[AIARViewController viewDidLoad] | [line:82] | [MESSAGE] AIARViewController viewDidLoad finis2018-2018-05-23 16:20:44.623 | I | -[AIARViewController cancelRecording] | [line:118] | [MESSAGE] ARSession recording cancelled.
2018-05-23 16:20:44.641 | I | -[AIARViewController finishRecording] | [line:256] | [MESSAGE] ARSession recording finished.
2018-05-23 16:20:44.664 | I | -[DigitalClockVC constructNextActionSchedulesAndQuestionnairesIfPossible] | [line:806] | [MESS2018-05-23 16:20:44.664 | I | -[DigitalClockVC constructNextA2018-05-23 16:20:44.704 | I | -[DigitalClockVC showScreenBasedOnStatus] | [line:358] | [MESSAGE] show screen based on status22018-05-23 16:20:44.704 | I | -[DigitalClockVC displayReminderView] | [line:515] | [MESSAGE] displayReminderView
2018-05-23 16:20:44.704 | I | -[DigitalClockVC showDigitalClockNormal] | [line:580] | [MESSAGE] showDigitalClockNormal
2018-05-23 16:20:44.767 | I | -[DigitalClockVC displayReminderView] | [line:515] | [MESSAGE] displayReminderView
2018-05-23 16:20:44.768 | I | -[DigitalClockVC showDigitalClockNormal] | [line:580] | [MESSAGE] showDigitalClockNormal
2018-05-23 16:20:44.800 | I | -[DigitalClockVC startPKVisitQuestionIfNecessary] | [line:721] | [MESSAGE] startPKVisitQuestionIfNecessary
2018-05-23 16:20:44.846 | I | -[DigitalClockVC showScreenBasedOnStatus] | [line:358] | [MESSAGE] show screen based on status22018-05-23 16:20:44.846 | I | -[DigitalClockVC displayReminderView] | [line:515] | [MESSAGE] displayReminderView
2018-05-23 16:20:44.846 | I | -[DigitalClockVC showDigitalClockNormal] | [line:580] | [MESSAGE] showDigitalClockNormal
2018-05-23 16:20:44.909 | I | -[DigitalClockVC displayReminderView] | [line:515] | [MESSAGE] displayReminderView
2018-05-23 16:20:44.909 | I | -[DigitalClockVC showDigitalClockNormal] | [line:580] | [MESSAGE] showDigitalClockNormal
2018-05-23 16:20:44.941 | I | -[DigitalClockVC startPKVisitQuestionIfNecessary] | [line:721] | [MESSAGE] startPKVisitQuestio2018-05-23 162018-05-23 16:20:46.163 | I | -[DigitalClockVC showQuestionnaire] | [line:788] | [MESSAGE] showQuestionnaire
2018-05-23 16:20:47.279 | I | -[QuestionPageVC viewDidLoad] | [line:250] | [MESSAGE] Question page view did load. title: AiCure, class: AIQuestionPageTextInstructionViewController, answering
2018-05-23 16:20:47.279 | I | -[QuestionPageVC viewDidLoad] | [line:258] | [MESSAGE] Background recording is on.
2018-05-23 16:20:47.281 | I | -[QuestionPageVC viewDidLoad] | [line:250] | [MESSAGE] Question page view did load. title: AiC2018-05-23 16:20:47.281 | I | -[QuestionPa2018-05-23 16:20:47.281 | I | -[QuestionPageVC viewDidLoad] | [line:283] | [MESSAGE] Background recording is off.
2018-05-23 16:20:47.308 | I | -[AIARViewController viewDidLoad] | [line:82] | [MESSAGE] AIARViewController viewDidLoad finis2018-2018-05-23 16:20:54.767 | I | -[QuestionPageVC audioPlayerDidFinishPlaying:successfully:] | [line:692] | [MESSAGE] Audio pla2018-05-23 16:20:54.767 | I | -[QuestionPageVC audioPlayerDidFinishPlaying:successfully:] | [line:692] | [MESSAGE] Audio pla2018-05-23 16:20:54.767 | I | -[QuestionPageVC audioPlayerDidFinishPlaying:successfully:] | [line:692018-05-23 16:20:54.768 | I | -[QuestionPageVC audioPlayerDidFinishPlaying:successfully:] | [line:692] | [MESSAGE] Audio pla2018-05-23 16:20:54.768 | I | -[QuestionPageVC audioPlayerDidFinishPlaying:successfully:] | [line:692] | [MESSAGE] Audio pla2018-05-23 16:20:54.768 | I | -[QuestionPageVC audioPlayerDidFinishPlaying:successfully:] | [line:692018-05-23 16:26:51.908 | I | -[AIARViewController cancelRecording] | [line:118] | [MESSAGE] ARSession recording cancelled.
2018-05-23 16:26:51.914 | I | -[AIARViewController finishRecording] | [line:256] | [MESSAGE] ARSession recording finished.
2018-05-23 16:26:51.922 | I | -[DigitalClockVC constructNextActionSchedulesAndQuestionnairesIfPossible] | [line:806] | [MESS2018-05-23 16:26:51.922 | I | -[DigitalClockVC constructNextA2018-05-23 16:26:51.969 | I | -[DigitalClockVC showScreenBasedOnStatus] | [line:358] | [MESSAGE] show screen based on status22018-05-23 16:26:51.969 | I | -[DigitalClockVC displayReminderView] | [line:515] | [MESSAGE] displayReminderView
2018-05-23 16:26:51.969 | I | -[DigitalClockVC showDigitalClockNormal] | [line:580] | [MESSAGE] showDigitalClockNormal
2018-05-23 16:26:52.031 | I | -[DigitalClockVC displayReminderView] | [line:515] | [MESSAGE] displayReminderView
2018-05-23 16:26:52.031 | I | -[DigitalClockVC showDigitalClockNormal] | [line:580] | [MESSAGE] showDigitalClockNormal
2018-05-23 16:26:52.065 | I | -[DigitalClockVC startPKVisitQuestionIfNecessary] | [line:721] | [MESSAGE] startPKVisitQuestionIfNecessary
2018-05-23 16:26:52.111 | I | -[DigitalClockVC showScreenBasedOnStatus] | [line:358] | [MESSAGE] show screen based on status22018-05-23 16:26:52.111 | I | -[DigitalClockVC displayReminderView] | [line:515] | [MESSAGE] displayReminderView
2018-05-23 16:26:52.112 | I | -[DigitalClockVC showDigitalClockNormal] | [line:580] | [MESSAGE] showDigitalClockNormal
2018-05-23 16:26:52.172 | I | -[DigitalClockVC displayReminderView] | [line:515] | [MESSAGE] displayReminderView
2018-05-23 16:26:52.172 | I | -[DigitalClockVC showDigitalClockNormal] | [line:580] | [MESSAGE] showDigitalClockNormal
2018-05-23 16:26:52.205 | I | -[DigitalClockVC startPKVisitQuestionIfNecessary] | [line:721] | [MESSAGE] startPKVisitQuestio2018-05-23 162018-05-23 16:26:52.721 | I | -[DigitalClockVC showQuestionnaire] | [line:788] | [MESSAGE] showQuestionnaire
2018-05-23 16:26:53.837 | I | -[QuestionPageVC viewDidLoad] | [line:250] | [MESSAGE] Question page view did load. title: AiC2018-05-23 16:26:53.837 | I | -[QuestionPageVC viewDidLoad] | [line2018-05-23 16:26:53.837 | I | -[QuestionPageVC viewDidLoad] | [line:258] | [MESSAGE] Background recording is on.
2018-05-23 16:26:53.838 | I | -[QuestionPageVC viewDidLoad] | [line:250] | [MESSAGE] Question page view did load. title: AiCure, class: AIARViewController, reviewing
2018-05-23 16:26:53.838 | I | -[QuestionPageVC viewDidLoad] | [line:283] | [MESSAGE] Background recording is off.
2018-05-23 16:26:53.855 | I | -[AIARViewController viewDidLoad] | [line:82] | [MESSAGE] AIARViewController viewDidLoad finis2018-2018-05-23 16:27:01.322 | I | -[QuestionPageVC audioPlayerDidFinishPlaying:successfully:] | [line:692] | [MESSAGE] Audio pla2018-05-23 16:27:01.322 | I | -[QuestionPageVC audioPlayerDidFinishPlaying:successfully:] | [line:692] | [MESSAGE] Audio pla2018-05-23 16:27:01.322 | I | -[QuestionPageVC audioPlayerDidFinishPlaying:successfully:] | [line:692018-05-23 16:27:01.323 | I | -[QuestionPageVC audioPlayerDidFinishPlaying:successfully:] | [line:692] | [MESSAGE] Audio playback finished. Played URL file:///var/mobile/Containers/Data/Application/060EAE0E-3932-4E5D-9369-4B5D9DD74D33/Library/Appli2018-05-23 16:27:01.323 | I | -[QuestionPageVC audioPlayerDidFinishPlaying:successfully:] | [line:692018-05-23 16:30:58.525 | I | -[AppDelegate applicationWillResignActive:] | [line:201] | [MESSAGE] application Will Resign Active
2018-05-23 16:30:58.733 | I | -[AIARViewController cancelRecording] | [line:118] | [MESSAGE] ARSession recording cancelled.
2018-05-23 16:30:59.450 | I | -[AppDelegate cleanAlertDialog] | [line:369] | [MESSAGE] clean Alert Dialog
2018-05-23 16:31:01.360 | I | -[AppDelegate applicationWillEnterForeground:] | [line:227] | [MESSAGE] application will enter2018-05-23 12018-05-23 16:31:01.360 | I | -[AppDelegate logMataData] | [line:164] | [MESSAGE] trial ID client100prod_1525443315
2018-05-23 16:31:01.360 | I | -[AppDelegate logMataData] | [line:165] | [MESSAGE] trial name 100prod
2018-05-23 16:31:01.360 | I | -[UIDeviceHardware platformString] | [line:30] | [MESSAGE] apple device internal version code 2018-05-23 2018-05-23 16:31:01.360 | I | -[AppDelegate logMataData] | [line:166] | [MESSAGE] Device Hardware iPhone X
2018-05-23 16:31:01.360 | I | -[AppDelegate logMataData] | [line:167] | [MESSAGE] OS Version 11.3
2018-05-23 16:31:01.360 | I | -[AppDelegate logMataData] | [line:168] | [MESSAGE] AiView build version 2018.3
2018-05-23 16:31:01.361 | I | -[AppDelegate logMataData] | [line:169] | [MESSAGE] device language en-US
2018-05-23 16:31:01.361 | I | -[AppDelegate logMataData] | [line:170] | [MESSAGE] device UUID B3F161E3-860A-47E8-B232-4C4EB92018-052018-05-23 16:31:01.362 | I | -[AppDelegate logMataData] | [line:173] | [MESSAGE] Patient ID 000001RSB1
2018-05-23 16:31:01.362 | I | +[AIUtil hasInternetConnection] | [line:683] | [MESSAGE] has internet connnection = 1
2018-05-23 16:31:01.963 | D | -[AiViewSwitch startApp] | [line:156] | [MESSAGE] StartApp in AiViewSwitch
2018-05-23 16:31:01.964 | I | +[AIUtil checkPermission] | [line:1132] | [MESSAGE] camera access / mic access Authorized
2018-05-23 16:31:02.031 | I | -[AiView viewDidLoad] | [line:68] | [MESSAGE] AiView view did load
2018-05-23 16:31:02.684 | E | -[Transmission update:task_name:] | [line:239] | [MESSAGE] Task Dose_miss_time_report failed
2018-05-23 16:31:03.186 | I | -[MedProtocolController getNexMedFromUser:dateTime:loadData:context:] | [line:144] | [MESSAGE]2018-05-23 16:31:03.2018-05-23 16:31:03.186 | I | -[AiView defineProcess:currentTime:context:] | [line:157] | [MESSAGE] allMedsWithinDoseNotFinished 0
2018-05-23 16:31:03.240 | I | -[MedicationConfirmVC viewDidLoad] | [line:45] | [MESSAGE] MedicationConfirmVC view did load
2018-05-23 16:31:03.851 | I | -[AINeuralNetworkConfigManager fileDownloadedWithUrl:succeeded:] | [line:261] | [MESSAGE] [DNN2018-05-23 16:31:03.851 | I | -[AINeuralNetwork2018-05-23 16:31:03.861 | E | sendUnsentQuestionnaires() | [line:485] | [MESSAGE] [Questionnaire] Send unsent questionnaire failed. Error Domain=NSCocoaErrorDomain Code=260 "The file “event” couldn’t be opened because there is no such file." 2018-05-23 16:31:03.861 | E | sendUnsentQuestionnaires() | [line:485] | [MESSAGE] [Questionnaire] Send unsent questionnaire failed. Error Domain=NSCocoaErrorDomain Code=260 "The file “event” couldn’t be opened because there is no such file." UserInfo={NSURL=file:///var/mobile/Containers/Data/Application/060EAE0E-3932-4E5D-9369-4B5D9DD74D33/Documents/event, NSFilePath=/var/mobile/Containers/Data/Application/060EAE0E-3932-4E5D-9369-4B5D9DD74D33/Documents/event, NSUnderlyingError=0x1d4842370 {Error Domain=NSPOSIXErrorDomain Code=2 "No such file or directory"}}
