2018-05-23 16:31:04.489 | I | getQuestionnaire(questionnaireID:) | [line:128] | [MESSAGE] [API Gateway] Getting questionnaire succeeded. Questionnaire ID: client100prod_1525443315-1526514832783-06c07c52-5618-4585-9249-b783ddb6f88b. Name: Facial Expression Exercise.
2018-05-23 16:31:04.495 | I | saveQuestionnaireToFile(questionnaire:) | [line:234] | [MESSAGE] [Questionnaire] Save questionnaire succeeded. Filename: client100prod_1525443315-1526514832783-06c07c52-5618-4585-9249-b783ddb6f88b.
2018-05-23 16:31:04.524 | I | getQuestionnaire(questionnaireID:) | [line:128] | [MESSAGE] [API Gateway] Getting questionnaire succeeded. Questionnaire ID: client100prod_1525443315-1525899697730-48b05138-e9c5-4e0f-9e9e-6ffdfe32d197. Name: VST Day 7.
2018-05-23 16:31:04.532 | I | saveQuestionnaireToFile(questionnaire:) | [line:234] | [MESSAGE] [Questionnaire] Save questionnaire succeeded. Filename: client100prod_1525443315-1525899697730-48b05138-e9c5-4e0f-9e9e-6ffdfe32d197.
2018-05-23 16:31:04.638 | I | getQuestionnaire(questionnaireID:) | [line:128] | [MESSAGE] [API Gateway] Getting questionnaire succeeded. Questionnaire ID: client100prod_1525443315-1526411416794-c045df71-1d1b-4346-a3c5-4d3ff4b356f3. Name: VST and ANSA Day 14.
2018-05-23 16:31:04.663 | I | saveQuestionnaireToFile(questionnaire:) | [line:234] | [MESSAGE] [Questionnaire] Save questionnaire succeeded. Filename: client100prod_1525443315-1526411416794-c045df71-1d1b-4346-a3c5-4d3ff4b356f3.
2018-05-23 16:31:04.668 | I | getQuestionnaire(questionnaireID:) | [line:128] | [MESSAGE] [API Gateway] Getting questionnaire succeeded. Questionnaire ID: client100prod_1525443315-1526575714597-97bea7fb-5305-4d13-b0b0-33f16c3349bf. Name: CDX Training Set.
2018-05-23 16:31:04.674 | I | saveQuestionnaireToFile(questionnaire:) | [line:234] | [MESSAGE] [Questionnaire] Save questionnaire succeeded. Filename: client100prod_1525443315-1526575714597-97bea7fb-5305-4d13-b0b0-33f16c3349bf.
2018-05-23 16:31:04.674 | I | getQuestionnaire(questionnaireID:) | [line:128] | [MESSAGE] [API Gateway] Getting questionnaire succeeded. Questionnaire ID: client100prod_1525443315-1526871500579-38d51912-358c-4c7a-a28e-f729a9af3ede. Name: delete.
2018-05-23 16:31:04.674 | I | getQuestionnaire(questionnaireID:) | [line:136] | [MESSAGE] [API Gateway] Questionnaire is neither active nor daily_dose mode. Skip it. Questionnaire ID: Questionnaire ID: client100prod_1525443315-1526871500579-38d51912-358c-4c7a-a28e-f729a9af3ede. Name: delete
2018-05-23 16:31:04.677 | I | getQuestionnaire(questionnaireID:) | [line:128] | [MESSAGE] [API Gateway] Getting questionnaire succeeded. Questionnaire ID: client100prod_1525443315-1526512173040-60e1a64f-6305-4a01-86bc-44fe58931ac6. Name: Ecological Momentary Assessment.
2018-05-23 16:31:04.680 | I | saveQuestionnaireToFile(questionnaire:) | [line:234] | [MESSAGE] [Questionnaire] Save questionnaire succeeded. Filename: client100prod_1525443315-1526512173040-60e1a64f-6305-4a01-86bc-44fe58931ac6.
2018-05-23 16:31:04.780 | I | getQuestionnaire(questionnaireID:) | [line:128] | [MESSAGE] [API Gateway] Getting questionnaire succeeded. Questionnaire ID: client100prod_1525443315-1525890381362-df4f967d-1af6-4b6d-b7e0-9514bd4e58d4. Name: VST and ANSA Day 1.
2018-05-23 16:31:04.804 | I | saveQuestionnaireToFile(questionnaire:) | [line:234] | [MESSAGE] [Questionnaire] Save questionnaire succeeded. Filename: client100prod_1525443315-1525890381362-df4f967d-1af6-4b6d-b7e0-9514bd4e58d4.
2018-05-23 16:31:08.834 | I | -[DigitalClockVC viewDidLoad] | [line:138] | [MESSAGE] DigitalClockVC view did load
2018-05-23 16:31:08.865 | I | -[Transmission sendAll] | [line:80] | [MESSAGE] Transmission send all
2018-05-23 16:31:08.866 | I | -[Transmission sendAll] | [line:115] | [MESSAGE] Encrypting files
2018-05-23 16:31:08.909 | I | -[DigitalClockVC constructNextActionSchedulesAndQuestionnairesIfPossible] | [line:806] | [MESSAGE] constructNextActionSchedulesAndQuestionnairesIfPossible
2018-05-23 16:31:08.943 | I | -[DigitalClockVC showScreenBasedOnStatus] | [line:358] | [MESSAGE] show screen based on status
2018-05-23 16:31:08.943 | I | -[DigitalClockVC displayReminderView] | [line:515] | [MESSAGE] displayReminderView
2018-05-23 16:31:08.943 | I | -[DigitalClockVC showDigitalClockNormal] | [line:580] | [MESSAGE] showDigitalClockNormal
2018-05-23 16:31:09.007 | I | -[DigitalClockVC displayReminderView] | [line:515] | [MESSAGE] displayReminderView
2018-05-23 16:31:09.007 | I | -[DigitalClockVC showDigitalClockNormal] | [line:580] | [MESSAGE] showDigitalClockNormal
2018-05-23 16:31:09.041 | I | -[DigitalClockVC startPKVisitQuestionIfNecessary] | [line:721] | [MESSAGE] startPKVisitQuestionIfNecessary
2018-05-23 16:31:09.127 | I | -[DigitalClockVC showScreenBasedOnStatus] | [line:358] | [MESSAGE] show screen based on status
2018-05-23 16:31:09.127 | I | -[DigitalClockVC displayReminderView] | [line:515] | [MESSAGE] displayReminderView
2018-05-23 16:31:09.128 | I | -[DigitalClockVC showDigitalClockNormal] | [line:580] | [MESSAGE] showDigitalClockNormal
2018-05-23 16:31:09.191 | I | -[DigitalClockVC displayReminderView] | [line:515] | [MESSAGE] displayReminderView
2018-05-23 16:31:09.191 | I | -[DigitalClockVC showDigitalClockNormal] | [line:580] | [MESSAGE] showDigitalClockNormal
2018-05-23 16:31:09.222 | I | -[DigitalClockVC startPKVisitQuestionIfNecessary] | [line:721] | [MESSAGE] startPKVisitQuestionIfNecessary
2018-05-23 16:31:09.309 | I | -[Transmission update:task_name:] | [line:246] | [MESSAGE] Task id done: 1
2018-05-23 16:31:09.470 | I | -[Transmission update:task_name:] | [line:246] | [MESSAGE] Task id done: 2
2018-05-23 16:31:09.657 | I | -[Transmission update:task_name:] | [line:246] | [MESSAGE] Task id done: 3
2018-05-23 16:31:09.849 | I | -[Transmission update:task_name:] | [line:246] | [MESSAGE] Task id done: 4
2018-05-23 16:31:10.082 | I | -[Transmission update:task_name:] | [line:246] | [MESSAGE] Task id done: 5
2018-05-23 16:31:10.259 | I | -[Transmission update:task_name:] | [line:246] | [MESSAGE] Task id done: 6
2018-05-23 16:31:10.456 | E | -[Transmission update:task_name:] | [line:239] | [MESSAGE] Task Dose_miss_time_report failed
2018-05-23 16:31:11.225 | I | -[AINeuralNetworkConfigManager fileDownloadedWithUrl:succeeded:] | [line:261] | [MESSAGE] [DNN] Downloading neural network config succeeded.
2018-05-23 16:31:11.236 | E | sendUnsentQuestionnaires() | [line:485] | [MESSAGE] [Questionnaire] Send unsent questionnaire failed. Error Domain=NSCocoaErrorDomain Code=260 "The file “event” couldn’t be opened because there is no such file." UserInfo={NSURL=file:///var/mobile/Containers/Data/Application/060EAE0E-3932-4E5D-9369-4B5D9DD74D33/Documents/event, NSFilePath=/var/mobile/Containers/Data/Application/060EAE0E-3932-4E5D-9369-4B5D9DD74D33/Documents/event, NSUnderlyingError=0x1c024b280 {Error Domain=NSPOSIXErrorDomain Code=2 "No such file or directory"}}
2018-05-23 16:31:11.416 | I | saveQuestionnaireIDsToFile(trialID:) | [line:193] | [MESSAGE] [Questionnaire] Save questionnaire IDs succeeded. Filename: questionnaireIDs_client100prod_1525443315.
2018-05-23 16:31:11.417 | I | getQuestionnaireIDs(trialID:) | [line:88] | [MESSAGE] [API Gateway] Getting questionnaire IDs succeeded. TrialID: client100prod_1525443315. Questionnaire IDs: ["client100prod_1525443315-1526514832783-06c07c52-5618-4585-9249-b783ddb6f88b", "client100prod_1525443315-1525899697730-48b05138-e9c5-4e0f-9e9e-6ffdfe32d197", "client100prod_1525443315-1526411416794-c045df71-1d1b-4346-a3c5-4d3ff4b356f3", "client100prod_1525443315-1525890381362-df4f967d-1af6-4b6d-b7e0-9514bd4e58d4", "client100prod_1525443315-1526512173040-60e1a64f-6305-4a01-86bc-44fe58931ac6", "client100prod_1525443315-1526575714597-97bea7fb-5305-4d13-b0b0-33f16c3349bf", "client100prod_1525443315-1526871500579-38d51912-358c-4c7a-a28e-f729a9af3ede"]
2018-05-23 16:31:11.582 | I | getQuestionnaire(questionnaireID:) | [line:128] | [MESSAGE] [API Gateway] Getting questionnaire succeeded. Questionnaire ID: client100prod_1525443315-1526512173040-60e1a64f-6305-4a01-86bc-44fe58931ac6. Name: Ecological Momentary Assessment.
2018-05-23 16:31:11.587 | I | saveQuestionnaireToFile(questionnaire:) | [line:234] | [MESSAGE] [Questionnaire] Save questionnaire succeeded. Filename: client100prod_1525443315-1526512173040-60e1a64f-6305-4a01-86bc-44fe58931ac6.
2018-05-23 16:31:11.618 | I | getQuestionnaire(questionnaireID:) | [line:128] | [MESSAGE] [API Gateway] Getting questionnaire succeeded. Questionnaire ID: client100prod_1525443315-1526575714597-97bea7fb-5305-4d13-b0b0-33f16c3349bf. Name: CDX Training Set.
2018-05-23 16:31:11.630 | I | saveQuestionnaireToFile(questionnaire:) | [line:234] | [MESSAGE] [Questionnaire] Save questionnaire succeeded. Filename: client100prod_1525443315-1526575714597-97bea7fb-5305-4d13-b0b0-33f16c3349bf.
2018-05-23 16:31:11.631 | I | getQuestionnaire(questionnaireID:) | [line:128] | [MESSAGE] [API Gateway] Getting questionnaire succeeded. Questionnaire ID: client100prod_1525443315-1526871500579-38d51912-358c-4c7a-a28e-f729a9af3ede. Name: delete.
2018-05-23 16:31:11.631 | I | getQuestionnaire(questionnaireID:) | [line:136] | [MESSAGE] [API Gateway] Questionnaire is neither active nor daily_dose mode. Skip it. Questionnaire ID: Questionnaire ID: client100prod_1525443315-1526871500579-38d51912-358c-4c7a-a28e-f729a9af3ede. Name: delete
2018-05-23 16:31:11.678 | I | getQuestionnaire(questionnaireID:) | [line:128] | [MESSAGE] [API Gateway] Getting questionnaire succeeded. Questionnaire ID: client100prod_1525443315-1525899697730-48b05138-e9c5-4e0f-9e9e-6ffdfe32d197. Name: VST Day 7.
2018-05-23 16:31:11.686 | I | saveQuestionnaireToFile(questionnaire:) | [line:234] | [MESSAGE] [Questionnaire] Save questionnaire succeeded. Filename: client100prod_1525443315-1525899697730-48b05138-e9c5-4e0f-9e9e-6ffdfe32d197.
2018-05-23 16:31:11.705 | I | getQuestionnaire(questionnaireID:) | [line:128] | [MESSAGE] [API Gateway] Getting questionnaire succeeded. Questionnaire ID: client100prod_1525443315-1526514832783-06c07c52-5618-4585-9249-b783ddb6f88b. Name: Facial Expression Exercise.
2018-05-23 16:31:11.713 | I | saveQuestionnaireToFile(questionnaire:) | [line:234] | [MESSAGE] [Questionnaire] Save questionnaire succeeded. Filename: client100prod_1525443315-1526514832783-06c07c52-5618-4585-9249-b783ddb6f88b.
2018-05-23 16:31:11.868 | I | getQuestionnaire(questionnaireID:) | [line:128] | [MESSAGE] [API Gateway] Getting questionnaire succeeded. Questionnaire ID: client100prod_1525443315-1526411416794-c045df71-1d1b-4346-a3c5-4d3ff4b356f3. Name: VST and ANSA Day 14.
2018-05-23 16:31:11.898 | I | saveQuestionnaireToFile(questionnaire:) | [line:234] | [MESSAGE] [Questionnaire] Save questionnaire succeeded. Filename: client100prod_1525443315-1526411416794-c045df71-1d1b-4346-a3c5-4d3ff4b356f3.
2018-05-23 16:31:11.901 | I | getPatientSchdule() | [line:54] | [MESSAGE] [API Gateway] Getting action schedules success.
2018-05-23 16:31:11.901 | I | -[DigitalClockVC constructNextActionSchedulesAndQuestionnairesIfPossible] | [line:806] | [MESSAGE] constructNextActionSchedulesAndQuestionnairesIfPossible
2018-05-23 16:31:11.938 | I | -[DigitalClockVC showScreenBasedOnStatus] | [line:358] | [MESSAGE] show screen based on status
2018-05-23 16:31:11.938 | I | -[DigitalClockVC displayReminderView] | [line:515] | [MESSAGE] displayReminderView
2018-05-23 16:31:11.938 | I | -[DigitalClockVC showDigitalClockNormal] | [line:580] | [MESSAGE] showDigitalClockNormal
2018-05-23 16:31:11.955 | I | saveActionSchedulesToFile(actionSchedules:) | [line:98] | [MESSAGE] [Action Schedules] Saving action schedules succeeded. Filename: action_schedules.
2018-05-23 16:31:12.015 | I | -[DigitalClockVC displayReminderView] | [line:515] | [MESSAGE] displayReminderView
2018-05-23 16:31:12.015 | I | -[DigitalClockVC showDigitalClockNormal] | [line:580] | [MESSAGE] showDigitalClockNormal
2018-05-23 16:31:12.051 | I | -[DigitalClockVC startPKVisitQuestionIfNecessary] | [line:721] | [MESSAGE] startPKVisitQuestionIfNecessary
2018-05-23 16:31:12.068 | I | getQuestionnaire(questionnaireID:) | [line:128] | [MESSAGE] [API Gateway] Getting questionnaire succeeded. Questionnaire ID: client100prod_1525443315-1525890381362-df4f967d-1af6-4b6d-b7e0-9514bd4e58d4. Name: VST and ANSA Day 1.
2018-05-23 16:31:12.094 | I | saveQuestionnaireToFile(questionnaire:) | [line:234] | [MESSAGE] [Questionnaire] Save questionnaire succeeded. Filename: client100prod_1525443315-1525890381362-df4f967d-1af6-4b6d-b7e0-9514bd4e58d4.
2018-05-23 16:31:12.094 | I | -[DigitalClockVC constructNextActionSchedulesAndQuestionnairesIfPossible] | [line:806] | [MESSAGE] constructNextActionSchedulesAndQuestionnairesIfPossible
2018-05-23 16:31:12.133 | I | -[DigitalClockVC showScreenBasedOnStatus] | [line:358] | [MESSAGE] show screen based on status
2018-05-23 16:31:12.133 | I | -[DigitalClockVC displayReminderView] | [line:515] | [MESSAGE] displayReminderView
2018-05-23 16:31:12.133 | I | -[DigitalClockVC showDigitalClockNormal] | [line:580] | [MESSAGE] showDigitalClockNormal
2018-05-23 16:31:12.192 | I | -[DigitalClockVC displayReminderView] | [line:515] | [MESSAGE] displayReminderView
2018-05-23 16:31:12.192 | I | -[DigitalClockVC showDigitalClockNormal] | [line:580] | [MESSAGE] showDigitalClockNormal
2018-05-23 16:31:12.226 | I | -[DigitalClockVC startPKVisitQuestionIfNecessary] | [line:721] | [MESSAGE] startPKVisitQuestionIfNecessary
2018-05-23 16:31:53.688 | I | -[DigitalClockVC showQuestionnaire] | [line:788] | [MESSAGE] showQuestionnaire
2018-05-23 16:31:54.804 | I | -[QuestionPageVC viewDidLoad] | [line:250] | [MESSAGE] Question page view did load. title: AiCure, class: AIQuestionPageTextInstructionViewController, answering
2018-05-23 16:31:54.804 | I | -[QuestionPageVC viewDidLoad] | [line:258] | [MESSAGE] Background recording is on.
2018-05-23 16:31:54.807 | I | -[QuestionPageVC viewDidLoad] | [line:250] | [MESSAGE] Question page view did load. title: AiCure, class: AIARViewController, reviewing
2018-05-23 16:31:54.807 | I | -[QuestionPageVC viewDidLoad] | [line:283] | [MESSAGE] Background recording is off.
2018-05-23 16:31:54.829 | I | -[AIARViewController viewDidLoad] | [line:82] | [MESSAGE] AIARViewController viewDidLoad finished.
2018-05-23 16:32:02.405 | I | -[QuestionPageVC audioPlayerDidFinishPlaying:successfully:] | [line:692] | [MESSAGE] Audio playback finished. Played URL file:///var/mobile/Containers/Data/Application/060EAE0E-3932-4E5D-9369-4B5D9DD74D33/Library/Application%20Support/questionnaire/assets/6169607e-0269-4db7-b7b3-29b0d2977162_227.mp3. Successfully? 1
2018-05-23 16:32:02.406 | I | -[QuestionPageVC audioPlayerDidFinishPlaying:successfully:] | [line:692] | [MESSAGE] Audio playback finished. Played URL file:///var/mobile/Containers/Data/Application/060EAE0E-3932-4E5D-9369-4B5D9DD74D33/Library/Application%20Support/questionnaire/assets/6169607e-0269-4db7-b7b3-29b0d2977162_227.mp3. Successfully? 1
2018-05-23 16:35:12.420 | I | -[AppDelegate applicationWillResignActive:] | [line:201] | [MESSAGE] application Will Resign Active
