2018-05-23 16:11:58.477 | I | saveQuestionnaireIDsToFile(trialID:) | [line:193] | [MESSAGE] [Questionnaire] Save questionnaire IDs succeeded. Filename: questionnaireIDs_client100prod_1525443315.
2018-05-23 16:11:58.478 | I | getQuestionnaireIDs(trialID:) | [line:88] | [MESSAGE] [API Gateway] Getting questionnaire IDs succeeded. TrialID: client100prod_1525443315. Questionnaire IDs: ["client100prod_1525443315-1526514832783-06c07c52-5618-4585-9249-b783ddb6f88b", "client100prod_1525443315-1525899697730-48b05138-e9c5-4e0f-9e9e-6ffdfe32d197", "client100prod_1525443315-1526411416794-c045df71-1d1b-4346-a3c5-4d3ff4b356f3", "client100prod_1525443315-1525890381362-df4f967d-1af6-4b6d-b7e0-9514bd4e58d4", "client100prod_1525443315-1526512173040-60e1a64f-6305-4a01-86bc-44fe58931ac6", "client100prod_1525443315-1526575714597-97bea7fb-5305-4d13-b0b0-33f16c3349bf", "client100prod_1525443315-1526871500579-38d51912-358c-4c7a-a28e-f729a9af3ede"]
2018-05-23 16:11:58.561 | I | -[Transmission sendAll] | [line:80] | [MESSAGE] Transmission send all
2018-05-23 16:11:58.563 | I | -[Transmission sendAll] | [line:90] | [MESSAGE] Task added: FR
2018-05-23 16:11:58.600 | I | -[Transmission sendAll] | [line:110] | [MESSAGE] Add data for transmission 1
2018-05-23 16:11:58.637 | I | -[Transmission sendAll] | [line:115] | [MESSAGE] Encrypting files
2018-05-23 16:11:59.135 | I | getQuestionnaire(questionnaireID:) | [line:128] | [MESSAGE] [API Gateway] Getting questionnaire succeeded. Questionnaire ID: client100prod_1525443315-1526514832783-06c07c52-5618-4585-9249-b783ddb6f88b. Name: Facial Expression Exercise.
2018-05-23 16:11:59.150 | I | saveQuestionnaireToFile(questionnaire:) | [line:234] | [MESSAGE] [Questionnaire] Save questionnaire succeeded. Filename: client100prod_1525443315-1526514832783-06c07c52-5618-4585-9249-b783ddb6f88b.
2018-05-23 16:11:59.170 | I | getQuestionnaire(questionnaireID:) | [line:128] | [MESSAGE] [API Gateway] Getting questionnaire succeeded. Questionnaire ID: client100prod_1525443315-1525899697730-48b05138-e9c5-4e0f-9e9e-6ffdfe32d197. Name: VST Day 7.
2018-05-23 16:11:59.181 | I | saveQuestionnaireToFile(questionnaire:) | [line:234] | [MESSAGE] [Questionnaire] Save questionnaire succeeded. Filename: client100prod_1525443315-1525899697730-48b05138-e9c5-4e0f-9e9e-6ffdfe32d197.
2018-05-23 16:11:59.222 | I | getQuestionnaire(questionnaireID:) | [line:128] | [MESSAGE] [API Gateway] Getting questionnaire succeeded. Questionnaire ID: client100prod_1525443315-1526512173040-60e1a64f-6305-4a01-86bc-44fe58931ac6. Name: Ecological Momentary Assessment.
2018-05-23 16:11:59.227 | I | saveQuestionnaireToFile(questionnaire:) | [line:234] | [MESSAGE] [Questionnaire] Save questionnaire succeeded. Filename: client100prod_1525443315-1526512173040-60e1a2018-05-23 16:11:59.227 | I | sav2018-05-23 16:11:59.508 | I | getQuestionnaire(questionnaireID:) | [line:128] | [MESSAGE] [API Gateway] Getting questionnaire succeeded. Questionnaire ID: client100prod_1525443315-1525890381362-df4f967d-1af6-4b6d-b7e0-9514bd4e58d4. Name: VST and ANSA Day 1.
2018-05-23 16:11:59.540 | I | saveQuestionnaireToFile(questionnaire:) | [line:234] | [MESSAGE] [Questionnaire] Save questionnaire succeeded. Filename: client100prod_1525443315-1525890381362-df4f92018-05-23 16:11:59.540 | I | sav2018-05-23 16:11:59.570 | I | getQuestionnaire(questionnaireID:) | [line:128] | [MESSAGE] [API Gateway] Getting questionnaire succeeded. Questionnaire ID: client100prod_1525443315-1526411416794-c045df71-1d1b-4346-a3c5-4d3ff4b356f3. Name: VST and ANSA Day 14.
2018-05-23 16:11:59.593 | I | saveQuestionnaireToFile(questionnaire:) | [line:234] | [MESSAGE] [Questionnaire] Save questionnaire succeeded. Filename: client100prod_1525443315-1526411416794-c045df71-1d1b-4346-a3c5-4d3ff4b356f3.
2018-05-23 16:11:59.598 | I | getQuestionnaire(questionnaireID:) | [line:128] | [MESSAGE] [API Gateway] Getting questionnaire succeeded. Questionnaire ID: client100prod_1525443315-1526575714597-97bea7fb-5305-4d13-b0b0-33f16c3349bf. Name: CDX Training Set.
2018-05-23 16:11:59.604 | I | saveQuestionnaireToFile(questionnaire:) | [line:234] | [MESSAGE] [Questionnaire] Save questionnaire succeeded. Filename: client100prod_1525443315-1526575714597-97bea7fb-5305-4d13-b0b0-33f16c3349bf.
2018-05-23 16:11:59.605 | I | getQuestionnaire(questionnaireID:) | [line:128] | [MESSAGE] [API Gateway] Getting questionnaire succeeded. Questionnaire ID: client100prod_1525443315-1526871500579-38d51912-358c-4c7a-a28e-f729a9af3ede. Name: delete.
2018-05-23 16:11:59.605 | I | getQuestionnaire(questionnaireID:) | [line:136] | [MESSAGE] [API Gateway] Questionnaire is neither active nor daily_dose mode. Skip it. Questionnaire ID: Questionnai2018-05-23 16:11:59.605 | I | getQuestionnaire(questionnaireID:) | [line:136] | [MESSAGE] [API Ga2018-05-23 16:12:32.598 | I | -[Transmission update:task_name:] | [line:230] | [MESSAGE] File transmitted /var/mobile/Containers/Data/Application/060EAE0E-3932-4E5D-9369-4B5D9DD74D33/Library/transmission/face_recognition.mp4
2018-05-23 16:12:32.598 | I | -[Transmission update:task_name:] | [line:246] | [MESSAGE] Task id done: 1
2018-05-23 16:12:37.754 | I | -[Transmission update:task_name:] | [line:219] | [MESSAGE] Transmitted successfully on user:B3F161E3-860A-47E8-B232-4C4EB96B7D7C pill:smarties-white date:2018-05-23 04:00:00 +0000 doseID:0
2018-05-23 16:12:37.754 | I | -[Transmission update:task_name:] | [line:246] | [MESSAGE] Task id done: 2
2018-05-23 16:13:56.923 | I | -[Transmission update:task_name:] | [line:230] | [MESSAGE] File transmitted /var/mobile/Containers/Data/Application/060EAE0E-3932-4E5D-9369-4B5D9DD74D33/Library/transmission/0_smarties-white_0_2018-05-23.mp4
2018-05-23 16:13:56.924 | I | -[Transmission update:task_name:] | [line:246] | [MESSAGE] Task id done: 3
2018-05-23 16:13:57.871 | I | -[Transmission update:task_name:] | [line:246] | [MESSAGE] Task id done: 4
2018-05-23 16:13:58.563 | I | -[Transmission update:task_name:] | [line:246] | [MESSAGE] Task id done: 5
2018-05-23 16:13:58.714 | I | -[Transmission update:task_name:] | [line:246] | [MESSAGE] Task id done: 6
2018-05-23 16:13:58.890 | I | -[Transmission update:task_name:] | [line:246] | [MESSAGE] Task id done: 7
2018-05-23 16:13:59.074 | I | -[Transmission update:task_name:] | [line:246] | [MESSAGE] Task id done: 8
2018-05-23 16:13:59.266 | I | -[Transmission update:task_name:] | [line:246] | [MESSAGE] Task id done: 9
2018-05-23 16:14:00.945 | I | -[AINeuralNetworkConfigManager fileDownloadedWithUrl:succeeded:] | [line:261] | [MESSAGE] [DNN] Downloading neural network config succeeded.
2018-05-23 16:14:00.955 | E | sendUnsentQuestionnaires() | [line:485] | [MESSAGE] [Questionnaire] Send unsent questionnaire failed. Error Domain=NSCocoaErrorDomain Code=260 "The file “event” couldn’t be opened because there is no such file." UserInfo={NSURL=file:///var/mobile/Containers/Data/Application/060EAE0E-3932-4E5D-9369-4B5D9DD74D33/Documents/event, NSFilePath=/var/mobile/Containers/Data/Application/060EAE0E-3932-4E5D-9369-4B5D9DD74D33/Documents/event, NSUnderlyingError=0x1d4e4af80 {Error Domain=NSPOSIXErrorDomain Code=2 "No such file or directory"}}
2018-05-23 16:14:01.250 | I | getPatientSchdule() | [line:54] | [MESSAGE] [API Gateway] Getting action schedules success.
80 {Error Domain=NSPOSIXErrorDomain Code=2 "No such file or directory"}}
2018-05-23 16:14:01.250 | I | getPatientSchdule() | [line:54] | [MESSAGE] [API Gateway] Getting action schedules success.
