2018-05-23 17:18:06.531 | I | -[AppDelegate cleanAlertDialog] | [line:369] | [MESSAGE] clean Alert Dialog
2018-05-23 17:25:48.525 | I | -[AppDelegate applicationWillEnterForeground:] | [line:227] | [MESSAGE] application will enter foreground
2018-05-23 17:25:48.526 | I | -[AppDelegate logMataData] | [line:164] | [MESSAGE] trial ID client100prod_1525443315
2018-05-23 17:25:48.526 | I | -[AppDelegate logMataData] | [line:165] | [MESSAGE] trial name 100prod
2018-05-23 17:25:48.526 | I | -[UIDeviceHardware platformString] | [line:30] | [MESSAGE] apple device internal version code iPhone10,3
2018-05-23 17:25:48.526 | I | -[AppDelegate logMataData] | [line:166] | [MESSAGE] Device Hardware iPhone X
2018-05-23 17:25:48.526 | I | -[AppDelegate logMataData] | [line:167] | [MESSAGE] OS Version 11.3
2018-05-23 17:25:48.526 | I | -[AppDelegate logMataData] | [line:168] | [MESSAGE] AiView build version 2018.3
2018-05-23 17:25:48.526 | I | -[AppDelegate logMataData] | [line:169] | [MESSAGE] device language en-US
2018-05-23 17:25:48.527 | I | -[AppDelegate logMataData] | [line:170] | [MESSAGE] device UUID B3F161E3-860A-47E8-B232-4C4EB96B7D7C
2018-05-23 17:25:48.527 | I | -[AppDelegate logMataData] | [line:173] | [MESSAGE] Patient ID 000001RSB1
2018-05-23 17:25:48.528 | I | +[AIUtil hasInternetConnection] | [line:683] | [MESSAGE] has internet connnection = 1
2018-05-23 17:25:49.084 | D | -[AiViewSwitch startApp] | [line:156] | [MESSAGE] StartApp in AiViewSwitch
2018-05-23 17:25:49.086 | I | +[AIUtil checkPermission] | [line:1132] | [MESSAGE] camera access / mic access Authorized
2018-05-23 17:25:49.128 | I | -[AiView viewDidLoad] | [line:68] | [MESSAGE] AiView view did load
2018-05-23 17:25:50.262 | I | -[MedProtocolController getNexMedFromUser:dateTime:loadData:context:] | [line:144] | [MESSAGE] currentDoseDone: 0
2018-05-23 17:25:50.262 | I | -[AiView defineProcess:currentTime:context:] | [line:157] | [MESSAGE] allMedsWithinDoseNotFinished 0
2018-05-23 17:25:50.283 | I | -[MedicationConfirmVC viewDidLoad] | [line:45] | [MESSAGE] MedicationConfirmVC view did load
2018-05-23 17:25:50.959 | I | -[FlexibleAudioPlayerController playAudioWithName:] | [line:80] | [MESSAGE] playAudioWithName conclusion_11
2018-05-23 17:25:50.959 | I | -[AudioPlayer playAudioName:] | [line:38] | [MESSAGE] play audio name conclusion_11
2018-05-23 17:25:52.381 | E | -[Transmission update:task_name:] | [line:239] | [MESSAGE] Task Dose_miss_time_report failed
2018-05-23 17:25:55.880 | I | -[DigitalClockVC viewDidLoad] | [line:138] | [MESSAGE] DigitalClockVC view did load
2018-05-23 17:25:55.910 | I | -[Transmission sendAll] | [line:80] | [MESSAGE] Transmission send all
2018-05-23 17:25:55.910 | I | -[Transmission sendAll] | [line:115] | [MESSAGE] Encrypting files
2018-05-23 17:25:55.930 | I | -[DigitalClockVC constructNextActionSchedulesAndQuestionnairesIfPossible] | [line:806] | [MESSAGE] constructNextActionSchedulesAndQuestionnairesIfPossible
2018-05-23 17:25:55.950 | I | -[DigitalClockVC showScreenBasedOnStatus] | [line:358] | [MESSAGE] show screen based on status
2018-05-23 17:25:55.950 | I | -[DigitalClockVC displayReminderView] | [line:515] | [MESSAGE] displayReminderView
2018-05-23 17:25:55.950 | I | -[DigitalClockVC showDigitalClockNormal] | [line:580] | [MESSAGE] showDigitalClockNormal
2018-05-23 17:25:55.969 | I | -[DigitalClockVC displayReminderView] | [line:515] | [MESSAGE] displayReminderView
2018-05-23 17:25:55.969 | I | -[DigitalClockVC showDigitalClockNormal] | [line:580] | [MESSAGE] showDigitalClockNormal
2018-05-23 17:25:55.975 | I | -[DigitalClockVC startPKVisitQuestionIfNecessary] | [line:721] | [MESSAGE] startPKVisitQuestionIfNecessary
2018-05-23 17:25:56.023 | I | -[DigitalClockVC showScreenBasedOnStatus] | [line:358] | [MESSAGE] show screen based on status
2018-05-23 17:25:56.023 | I | -[DigitalClockVC displayReminderView] | [line:515] | [MESSAGE] displayReminderView
2018-05-23 17:25:56.023 | I | -[DigitalClockVC showDigitalClockNormal] | [line:580] | [MESSAGE] showDigitalClockNormal
2018-05-23 17:25:56.042 | I | -[DigitalClockVC displayReminderView] | [line:515] | [MESSAGE] displayReminderView
2018-05-23 17:25:56.042 | I | -[DigitalClockVC showDigitalClockNormal] | [line:580] | [MESSAGE] showDigitalClockNormal
2018-05-23 17:25:56.048 | I | -[DigitalClockVC startPKVisitQuestionIfNecessary] | [line:721] | [MESSAGE] startPKVisitQuestionIfNecessary
2018-05-23 17:25:58.839 | I | -[AINeuralNetworkConfigManager fileDownloadedWithUrl:succeeded:] | [line:261] | [MESSAGE] [DNN] Downloading neural network config succeeded.
2018-05-23 17:25:58.841 | I | sendUnsentQuestionnaires() | [line:478] | [MESSAGE] [Questionnaire] Delete unsent questionnaire succeeded.
2018-05-23 17:25:58.841 | I | sendUnsentQuestionnaires() | [line:483] | [MESSAGE] [Questionnaire] Send unsent questionnaire succeeded.
