2018-05-23 16:30:59.450 | I | -[AppDelegate cleanAlertDialog] | [line:369] | [MESSAGE] clean Alert Dialog
2018-05-23 16:31:01.360 | I | -[AppDelegate applicationWillEnterForeground:] | [line:227] | [MESSAGE] application will enter foreground
2018-05-23 16:31:01.360 | I | -[AppDelegate logMataData] | [line:164] | [MESSAGE] trial ID client100prod_1525443315
2018-05-23 16:31:01.360 | I | -[AppDelegate logMataData] | [line:165] | [MESSAGE] trial name 100prod
2018-05-23 16:31:01.360 | I | -[UIDeviceHardware platformString] | [line:30] | [MESSAGE] apple device internal version code iPhone10,3
2018-05-23 16:31:01.360 | I | -[AppDelegate logMataData] | [line:166] | [MESSAGE] Device Hardware iPhone X
2018-05-23 16:31:01.360 | I | -[AppDelegate logMataData] | [line:167] | [MESSAGE] OS Version 11.3
2018-05-23 16:31:01.360 | I | -[AppDelegate logMataData] | [line:168] | [MESSAGE] AiView build version 2018.3
2018-05-23 16:31:01.361 | I | -[AppDelegate logMataData] | [line:169] | [MESSAGE] device language en-US
2018-05-23 16:31:01.361 | I | -[AppDelegate logMataData] | [line:170] | [MESSAGE] device UUID B3F161E3-860A-47E8-B232-4C4EB96B7D7C
2018-05-23 16:31:01.362 | I | -[AppDelegate logMataData] | [line:173] | [MESSAGE] Patient ID 000001RSB1
2018-05-23 16:31:01.362 | I | +[AIUtil hasInternetConnection] | [line:683] | [MESSAGE] has internet connnection = 1
2018-05-23 16:31:01.963 | D | -[AiViewSwitch startApp] | [line:156] | [MESSAGE] StartApp in AiViewSwitch
2018-05-23 16:31:01.964 | I | +[AIUtil checkPermission] | [line:1132] | [MESSAGE] camera access / mic access Authorized
2018-05-23 16:31:02.031 | I | -[AiView viewDidLoad] | [line:68] | [MESSAGE] AiView view did load
2018-05-23 16:31:02.684 | E | -[Transmission update:task_name:] | [line:239] | [MESSAGE] Task Dose_miss_time_report failed
2018-05-23 16:31:03.186 | I | -[MedProtocolController getNexMedFromUser:dateTime:loadData:context:] | [line:144] | [MESSAGE] currentDoseDone: 0
2018-05-23 16:31:03.186 | I | -[AiView defineProcess:currentTime:context:] | [line:157] | [MESSAGE] allMedsWithinDoseNotFinished 0
2018-05-23 16:31:03.240 | I | -[MedicationConfirmVC viewDidLoad] | [line:45] | [MESSAGE] MedicationConfirmVC view did load
2018-05-23 16:31:03.851 | I | -[AINeuralNetworkConfigManager fileDownloadedWithUrl:succeeded:] | [line:261] | [MESSAGE] [DNN] Downloading neural network config succeeded.
2018-05-23 16:31:03.861 | E | sendUnsentQuestionnaires() | [line:485] | [MESSAGE] [Questionnaire] Send unsent questionnaire failed. Error Domain=NSCocoaErrorDomain Code=260 "The file “event” couldn’t be opened because there is no such file." UserInfo={NSURL=file:///var/mobile/Containers/Data/Application/060EAE0E-3932-4E5D-9369-4B5D9DD74D33/Documents/event, NSFilePath=/var/mobile/Containers/Data/Application/060EAE0E-3932-4E5D-9369-4B5D9DD74D33/Documents/event, NSUnderlyingError=0x1d4842370 {Error Domain=NSPOSIXErrorDomain Code=2 "No such file or directory"}}
