2018-05-19 15:31:49.674 | I | -[AppDelegate application:didFinishLaunchingWithOptions:] | [line:186] | [MESSAGE] application Did Finish Launching
2018-05-19 15:31:49.695 | I | -[AppDelegate logMataData] | [line:164] | [MESSAGE] trial ID (null)
2018-05-19 15:31:49.695 | I | -[AppDelegate logMataData] | [line:165] | [MESSAGE] trial name pro
2018-05-19 15:31:49.697 | I | -[UIDeviceHardware platformString] | [line:30] | [MESSAGE] apple device internal version code iPhone7,1
2018-05-19 15:31:49.697 | I | -[AppDelegate logMataData] | [line:166] | [MESSAGE] Device Hardware iPhone 6 PLUS
2018-05-19 15:31:49.697 | I | -[AppDelegate logMataData] | [line:167] | [MESSAGE] OS Version 11.3.1
2018-05-19 15:31:49.697 | I | -[AppDelegate logMataData] | [line:168] | [MESSAGE] AiView build version 2018.3
2018-05-19 15:31:49.697 | I | -[AppDelegate logMataData] | [line:169] | [MESSAGE] device language zh-Hans-US
2018-05-19 15:31:49.707 | I | -[AppDelegate logMataData] | [line:170] | [MESSAGE] device UUID FF259990-6104-4966-B64B-F2ABFD5E60A5
2018-05-19 15:31:49.708 | I | -[AppDelegate logMataData] | [line:173] | [MESSAGE] Patient ID (null)
2018-05-19 15:31:49.711 | I | +[AIUtil hasInternetConnection] | [line:683] | [MESSAGE] has internet connnection = 1
2018-05-19 15:31:50.240 | I | -[AppDelegate applicationWillResignActive:] | [line:201] | [MESSAGE] application Will Resign Active
2018-05-19 15:31:50.551 | D | -[AiViewSwitch startApp] | [line:156] | [MESSAGE] StartApp in AiViewSwitch
2018-05-19 15:31:50.701 | I | +[AIUtil checkPermission] | [line:1129] | [MESSAGE] camera access / mic access Not Determined
2018-05-19 15:31:50.836 | I | -[LoginVC viewDidLoad] | [line:72] | [MESSAGE] LoginVC view did load
2018-05-19 15:31:50.838 | I | +[AIUtil checkWifiConnection] | [line:705] | [MESSAGE] check wifi connection = CONNECT_WIFI
2018-05-19 15:31:52.839 | I | -[AppDelegate applicationWillResignActive:] | [line:201] | [MESSAGE] application Will Resign Active
2018-05-19 15:31:53.355 | I | -[AppDelegate applicationWillResignActive:] | [line:201] | [MESSAGE] application Will Resign Active
2018-05-19 15:31:54.951 | I | -[AppDelegate applicationWillResignActive:] | [line:201] | [MESSAGE] application Will Resign Active
2018-05-19 15:31:56.199 | I | -[AppDelegate application:didRegisterForRemoteNotificationsWithDeviceToken:] | [line:437] | [MESSAGE] Succeded to get APNS token data: <5c966fed 61f03cba 59dc7059 427135d9 8ebb668d 7e0f8425 91616cf8 e136f4b8>
2018-05-19 15:31:56.199 | I | -[AppDelegate application:didRegisterForRemoteNotificationsWithDeviceToken:] | [line:443] | [MESSAGE] deviceToken:  5c966fed61f03cba59dc7059427135d98ebb668d7e0f842591616cf8e136f4b8
2018-05-19 15:38:20.967 | I | -[LoginAction loginWithUsername:password:onView:] | [line:61] | [MESSAGE] login with username password
2018-05-19 15:38:20.972 | I | -[LoginAction getURLTaskWithUsername:password:] | [line:94] | [MESSAGE] [self.urlGetter routingUrl] https://routing.aicure.com/backend/get_url_trial
2018-05-19 15:38:22.611 | I | -[LoginAction update:task_name:] | [line:131] | [MESSAGE] login transmission task_name routing, result 5004
2018-05-19 15:38:22.612 | I | -[LoginVC handleError] | [line:320] | [MESSAGE] handleError
2018-05-19 15:38:22.614 | I | +[AIUtil hasInternetConnection] | [line:683] | [MESSAGE] has internet connnection = 1
2018-05-19 15:38:43.690 | I | -[LoginAction loginWithUsername:password:onView:] | [line:61] | [MESSAGE] login with username password
2018-05-19 15:38:43.691 | I | -[LoginAction getURLTaskWithUsername:password:] | [line:94] | [MESSAGE] [self.urlGetter routingUrl] https://routing.aicure.com/backend/get_url_trial
2018-05-19 15:38:43.876 | I | -[LoginAction update:task_name:] | [line:131] | [MESSAGE] login transmission task_name routing, result 5004
2018-05-19 15:38:43.876 | I | -[LoginVC handleError] | [line:320] | [MESSAGE] handleError
2018-05-19 15:38:43.878 | I | +[AIUtil hasInternetConnection] | [line:683] | [MESSAGE] has internet connnection = 1
2018-05-19 15:38:54.559 | I | -[LoginAction loginWithUsername:password:onView:] | [line:61] | [MESSAGE] login with username password
2018-05-19 15:38:54.559 | I | -[LoginAction getURLTaskWithUsername:password:] | [line:94] | [MESSAGE] [self.urlGetter routingUrl] https://routing.aicure.com/backend/get_url_trial
2018-05-19 15:38:54.729 | I | -[LoginAction update:task_name:] | [line:131] | [MESSAGE] login transmission task_name routing, result 5004
2018-05-19 15:38:54.730 | I | -[LoginVC handleError] | [line:320] | [MESSAGE] handleError
2018-05-19 15:38:54.730 | I | +[AIUtil hasInternetConnection] | [line:683] | [MESSAGE] has internet connnection = 1
2018-05-19 15:38:58.290 | I | -[LoginAction loginWithUsername:password:onView:] | [line:61] | [MESSAGE] login with username password
2018-05-19 15:38:58.290 | I | -[LoginAction getURLTaskWithUsername:password:] | [line:94] | [MESSAGE] [self.urlGetter routingUrl] https://routing.aicure.com/backend/get_url_trial
2018-05-19 15:38:58.553 | I | -[LoginAction update:task_name:] | [line:131] | [MESSAGE] login transmission task_name routing, result 5004
2018-05-19 15:38:58.554 | I | -[LoginVC handleError] | [line:320] | [MESSAGE] handleError
2018-05-19 15:38:58.556 | I | +[AIUtil hasInternetConnection] | [line:683] | [MESSAGE] has internet connnection = 1
2018-05-19 15:39:32.143 | I | -[LoginAction loginWithUsername:password:onView:] | [line:61] | [MESSAGE] login with username password
2018-05-19 15:39:32.143 | I | -[LoginAction getURLTaskWithUsername:password:] | [line:94] | [MESSAGE] [self.urlGetter routingUrl] https://routing.aicure.com/backend/get_url_trial
2018-05-19 15:39:32.524 | I | -[LoginAction update:task_name:] | [line:131] | [MESSAGE] login transmission task_name routing, result 5004
2018-05-19 15:39:32.525 | I | -[LoginVC handleError] | [line:320] | [MESSAGE] handleError
2018-05-19 15:39:32.526 | I | +[AIUtil hasInternetConnection] | [line:683] | [MESSAGE] has internet connnection = 1
2018-05-19 15:39:34.345 | I | -[AppDelegate applicationWillResignActive:] | [line:201] | [MESSAGE] application Will Resign Active
2018-05-19 15:39:35.006 | I | -[AppDelegate cleanAlertDialog] | [line:369] | [MESSAGE] clean Alert Dialog
