2018-05-21 16:08:07.126 | I | -[AppDelegate application:didFinishLaunchingWithOptions:] | [line:186] | [MESSAGE] application Did Finish Launching
2018-05-21 16:08:07.156 | I | -[AppDelegate logMataData] | [line:164] | [MESSAGE] trial ID client100prod_1525443315
2018-05-21 16:08:07.157 | I | -[AppDelegate logMataData] | [line:165] | [MESSAGE] trial name pro
2018-05-21 16:08:07.157 | I | -[UIDeviceHardware platformString] | [line:30] | [MESSAGE] apple device internal version code iPhone10,6
2018-05-21 16:08:07.157 | I | -[AppDelegate logMataData] | [line:166] | [MESSAGE] Device Hardware iPhone X
2018-05-21 16:08:07.157 | I | -[AppDelegate logMataData] | [line:167] | [MESSAGE] OS Version 11.3.1
2018-05-21 16:08:07.157 | I | -[AppDelegate logMataData] | [line:168] | [MESSAGE] AiView build version 2018.3
2018-05-21 16:08:07.157 | I | -[AppDelegate logMataData] | [line:169] | [MESSAGE] device language en-US
2018-05-21 16:08:07.160 | I | -[AppDelegate logMataData] | [line:170] | [MESSAGE] device UUID F3E3467D-02B2-4A35-A695-2825CA59EEAE
2018-05-21 16:08:07.160 | I | -[AppDelegate logMataData] | [line:173] | [MESSAGE] Patient ID (null)
2018-05-21 16:08:07.162 | I | +[AIUtil hasInternetConnection] | [line:682] | [MESSAGE] has internet connnection = 1
2018-05-21 16:08:07.289 | I | -[AppDelegate application:didRegisterForRemoteNotificationsWithDeviceToken:] | [line:437] | [MESSAGE] Succeded to get APNS token data: <35f8c027 3a95191a 1c7e4da3 c8a43a50 5abc7d31 c3356d6b d4aa4a33 a7716d27>
2018-05-21 16:08:07.289 | I | -[AppDelegate application:didRegisterForRemoteNotificationsWithDeviceToken:] | [line:443] | [MESSAGE] deviceToken:  35f8c0273a95191a1c7e4da3c8a43a505abc7d31c3356d6bd4aa4a33a7716d27
2018-05-21 16:08:07.785 | D | -[AiViewSwitch startApp] | [line:156] | [MESSAGE] StartApp in AiViewSwitch
2018-05-21 16:08:07.822 | I | +[AIUtil checkPermission] | [line:1131] | [MESSAGE] camera access / mic access Authorized
2018-05-21 16:08:07.870 | I | -[AiView viewDidLoad] | [line:68] | [MESSAGE] AiView view did load
2018-05-21 16:08:08.923 | I | -[MedProtocolController getNexMedFromUser:dateTime:loadData:context:] | [line:144] | [MESSAGE] currentDoseDone: 1
2018-05-21 16:08:08.933 | I | -[MedProtocolController getNexMedFromUser:dateTime:loadData:context:] | [line:165] | [MESSAGE] protocolID: 3, doseID: 0, numPillsInCurrentMed: 1, correctPillName: smarties-white, targetDate: 2018-05-21 04:00:00 +0000
2018-05-21 16:08:08.934 | I | -[AiView defineProcess:currentTime:context:] | [line:157] | [MESSAGE] allMedsWithinDoseNotFinished 1
2018-05-21 16:08:08.935 | I | -[InteruptionRecovery checkInteruptionAndProcessWithUser:inManagedObjectContext:] | [line:93] | [MESSAGE] no interruption found
2018-05-21 16:08:08.935 | I | -[AiView defineProcess:currentTime:context:] | [line:163] | [MESSAGE] ==== interuptionStatus ==== 10002
2018-05-21 16:08:08.935 | I | -[AiView defineProcess:currentTime:context:] | [line:165] | [MESSAGE] NO_INTERUPTION_FOUND
2018-05-21 16:08:08.935 | I | -[AiView defineProcess:currentTime:context:] | [line:167] | [MESSAGE] ==== go to start ====
2018-05-21 16:08:08.961 | I | -[StartPageViewController viewDidLoad] | [line:65] | [MESSAGE] view did load
2018-05-21 16:08:10.889 | I | -[AINeuralNetworkConfigManager fileDownloadedWithUrl:succeeded:] | [line:261] | [MESSAGE] Neural network config download succeeded.
2018-05-21 16:08:21.302 | I | -[StartPageViewController onStartButtonPressed:] | [line:138] | [MESSAGE] POP_QUESTION_BEFORE_DOSING == 0
2018-05-21 16:08:21.313 | I | -[AiViewDaily viewDidLoad] | [line:52] | [MESSAGE] AiViewDaily view did load
2018-05-21 16:08:21.314 | I | -[AiViewDaily viewDidLoad] | [line:70] | [MESSAGE] Current medication name smarties-white
2018-05-21 16:08:21.314 | I | -[AiViewDaily viewDidLoad] | [line:71] | [MESSAGE] Current dosing amount 0
2018-05-21 16:08:21.314 | I | -[AiViewDaily viewDidLoad] | [line:77] | [MESSAGE] Current dosing steps 0, 1, 2, 3, 9, 
2018-05-21 16:08:21.351 | I | +[AINeuralNetworkConfigManager setCurrentMedicationName:shape:color:] | [line:93] | [MESSAGE] Set current medication name: smarties-white, shape: round, color: white.
2018-05-21 16:08:21.480 | I | -[StepsController init:uiView:steps:viewController:recordVideo:] | [line:90] | [MESSAGE] should record video flag 0
2018-05-21 16:08:21.482 | I | +[AIUtil checkPermission] | [line:1131] | [MESSAGE] camera access / mic access Authorized
2018-05-21 16:08:21.482 | I | -[CameraEngine previewAndInitRecordVideo:recordAudio:videoName:CameraEngineScenario:] | [line:110] | [MESSAGE] Starting up server
2018-05-21 16:08:22.407 | I | -[StepsController goToCamera] | [line:531] | [MESSAGE] goToCamera
2018-05-21 16:08:22.408 | I | -[StepsController defineCurrentStep] | [line:281] | [MESSAGE] defineCurrentStep 0
2018-05-21 16:08:22.428 | I | -[PhasesController defineState] | [line:223] | [MESSAGE] PhasesController defineState 0
2018-05-21 16:08:22.428 | I | -[PhasesController defineState] | [line:223] | [MESSAGE] PhasesController defineState 12
2018-05-21 16:08:22.645 | I | -[CameraUIView displayPreInstruction:] | [line:185] | [MESSAGE] show pre instruction animation
2018-05-21 16:08:22.645 | I | -[CameraEngine startCapture] | [line:187] | [MESSAGE] starting capture
