2018-05-24 11:26:56.855 | I | -[AppDelegate applicationWillEnterForeground:] | [line:227] | [MESSAGE] application will enter foreground
2018-05-24 11:26:56.856 | I | -[AppDelegate logMataData] | [line:164] | [MESSAGE] trial ID (null)
2018-05-24 11:26:56.857 | I | -[AppDelegate logMataData] | [line:165] | [MESSAGE] trial name pro
2018-05-24 11:26:56.857 | I | -[UIDeviceHardware platformString] | [line:30] | [MESSAGE] apple device internal version code iPhone6,1
2018-05-24 11:26:56.857 | I | -[AppDelegate logMataData] | [line:166] | [MESSAGE] Device Hardware iPhone 5,5S
2018-05-24 11:26:56.857 | I | -[AppDelegate logMataData] | [line:167] | [MESSAGE] OS Version 10.3.3
2018-05-24 11:26:56.857 | I | -[AppDelegate logMataData] | [line:168] | [MESSAGE] AiView build version 2018.3
2018-05-24 11:26:56.857 | I | -[AppDelegate logMataData] | [line:169] | [MESSAGE] device language en-US
2018-05-24 11:26:56.862 | I | -[AppDelegate logMataData] | [line:170] | [MESSAGE] device UUID 3C8BF5D8-AA55-4296-9409-433170508990
2018-05-24 11:26:56.863 | I | -[AppDelegate logMataData] | [line:173] | [MESSAGE] Patient ID (null)
2018-05-24 11:26:56.864 | I | +[AIUtil hasInternetConnection] | [line:683] | [MESSAGE] has internet connnection = 1
2018-05-24 11:26:57.412 | D | -[AiViewSwitch startApp] | [line:156] | [MESSAGE] StartApp in AiViewSwitch
2018-05-24 11:26:57.415 | I | +[AIUtil checkPermission] | [line:1132] | [MESSAGE] camera access / mic access Authorized
2018-05-24 11:26:57.488 | I | -[LoginVC viewDidLoad] | [line:72] | [MESSAGE] LoginVC view did load
2018-05-24 11:26:57.489 | I | +[AIUtil checkWifiConnection] | [line:705] | [MESSAGE] check wifi connection = CONNECT_WIFI
2018-05-24 11:27:14.510 | I | -[RelinkAction relinkWithUsername:code:] | [line:92] | [MESSAGE] relinkWithUsername 3C8BF5D8-AA55-4296-9409-433170508990 url /backend/backend
2018-05-24 11:27:15.145 | I | -[RelinkAction update:task_name:] | [line:152] | [MESSAGE] relink transmission task_name routing, result 9999
2018-05-24 11:27:16.099 | I | -[RelinkAction update:task_name:] | [line:152] | [MESSAGE] relink transmission task_name Relink, result 9999
2018-05-24 11:27:16.416 | I | -[RelinkAction update:task_name:] | [line:152] | [MESSAGE] relink transmission task_name kiosk_dose_check, result 9999
2018-05-24 11:27:16.586 | I | -[TransmissionProtocol update:task_name:] | [line:65] | [MESSAGE] trial_setup 9999
2018-05-24 11:27:16.765 | I | -[TransmissionProtocol update:task_name:] | [line:65] | [MESSAGE] trial_setup_serialized 9999
2018-05-24 11:27:17.274 | I | -[TransmissionProtocol update:task_name:] | [line:65] | [MESSAGE] dose_protocol_sync 9999
2018-05-24 11:27:19.410 | E | loadUnsentQuestionnaires() | [line:475] | [MESSAGE] [Questionnaire] Loading saved questionnaire event(s) failed. Error Domain=NSCocoaErrorDomain Code=260 "The file “event” couldn’t be opened because there is no such file." UserInfo={NSURL=file:///var/mobile/Containers/Data/Application/F1825C20-7F12-4AE7-B740-E0FB6E034A85/Documents/event, NSFilePath=/var/mobile/Containers/Data/Application/F1825C20-7F12-4AE7-B740-E0FB6E034A85/Documents/event, NSUnderlyingError=0x170646360 {Error Domain=NSPOSIXErrorDomain Code=2 "No such file or directory"}}
2018-05-24 11:27:19.415 | I | sendUnsentQuestionnaires() | [line:485] | [MESSAGE] [Questionnaire] Posting saved questionnaire event(s).
2018-05-24 11:27:19.751 | I | getPatientSchdule() | [line:54] | [MESSAGE] [API Gateway] Getting action schedules success.
2018-05-24 11:27:19.786 | I | saveActionSchedulesToFile(actionSchedules:) | [line:98] | [MESSAGE] [Action Schedules] Saving action schedules succeeded. Filename: action_schedules.
2018-05-24 11:27:19.804 | I | saveQuestionnaireIDsToFile(trialID:) | [line:193] | [MESSAGE] [Questionnaire] Saving questionnaire IDs succeeded. Filename: questionnaireIDs_client100prod_1525443315.
2018-05-24 11:27:19.805 | I | getQuestionnaireIDs(trialID:) | [line:88] | [MESSAGE] [API Gateway] Getting questionnaire IDs succeeded. TrialID: client100prod_1525443315. Questionnaire IDs: ["client100prod_1525443315-1526514832783-06c07c52-5618-4585-9249-b783ddb6f88b", "client100prod_1525443315-1525899697730-48b05138-e9c5-4e0f-9e9e-6ffdfe32d197", "client100prod_1525443315-1526411416794-c045df71-1d1b-4346-a3c5-4d3ff4b356f3", "client100prod_1525443315-1525890381362-df4f967d-1af6-4b6d-b7e0-9514bd4e58d4", "client100prod_1525443315-1526512173040-60e1a64f-6305-4a01-86bc-44fe58931ac6", "client100prod_1525443315-1526575714597-97bea7fb-5305-4d13-b0b0-33f16c3349bf", "client100prod_1525443315-1526871500579-38d51912-358c-4c7a-a28e-f729a9af3ede"]
2018-05-24 11:27:19.929 | I | getQuestionnaire(questionnaireID:) | [line:128] | [MESSAGE] [API Gateway] Getting questionnaire succeeded. Questionnaire ID: client100prod_1525443315-1526514832783-06c07c52-5618-4585-9249-b783ddb6f88b. Name: Facial Expression Exercise.
2018-05-24 11:27:19.956 | I | saveQuestionnaireToFile(questionnaire:) | [line:234] | [MESSAGE] [Questionnaire] Saving questionnaire succeeded. Filename: client100prod_1525443315-1526514832783-06c07c52-5618-4585-9249-b783ddb6f88b.
2018-05-24 11:27:19.966 | I | getQuestionnaire(questionnaireID:) | [line:128] | [MESSAGE] [API Gateway] Getting questionnaire succeeded. Questionnaire ID: client100prod_1525443315-1526512173040-60e1a64f-6305-4a01-86bc-44fe58931ac6. Name: Ecological Momentary Assessment.
2018-05-24 11:27:19.983 | I | saveQuestionnaireToFile(questionnaire:) | [line:234] | [MESSAGE] [Questionnaire] Saving questionnaire succeeded. Filename: client100prod_1525443315-1526512173040-60e1a64f-6305-4a01-86bc-44fe58931ac6.
2018-05-24 11:27:19.985 | I | getQuestionnaire(questionnaireID:) | [line:128] | [MESSAGE] [API Gateway] Getting questionnaire succeeded. Questionnaire ID: client100prod_1525443315-1526871500579-38d51912-358c-4c7a-a28e-f729a9af3ede. Name: delete.
2018-05-24 11:27:19.985 | I | getQuestionnaire(questionnaireID:) | [line:136] | [MESSAGE] [API Gateway] Questionnaire is neither active nor daily_dose mode. Skip it. Questionnaire ID: Questionnaire ID: client100prod_1525443315-1526871500579-38d51912-358c-4c7a-a28e-f729a9af3ede. Name: delete
2018-05-24 11:27:20.004 | I | getQuestionnaire(questionnaireID:) | [line:128] | [MESSAGE] [API Gateway] Getting questionnaire succeeded. Questionnaire ID: client100prod_1525443315-1525899697730-48b05138-e9c5-4e0f-9e9e-6ffdfe32d197. Name: VST Day 7.
2018-05-24 11:27:20.036 | I | saveQuestionnaireToFile(questionnaire:) | [line:234] | [MESSAGE] [Questionnaire] Saving questionnaire succeeded. Filename: client100prod_1525443315-1525899697730-48b05138-e9c5-4e0f-9e9e-6ffdfe32d197.
2018-05-24 11:27:20.071 | I | getQuestionnaire(questionnaireID:) | [line:128] | [MESSAGE] [API Gateway] Getting questionnaire succeeded. Questionnaire ID: client100prod_1525443315-1526575714597-97bea7fb-5305-4d13-b0b0-33f16c3349bf. Name: CDX Training Set.
2018-05-24 11:27:20.097 | I | saveQuestionnaireToFile(questionnaire:) | [line:234] | [MESSAGE] [Questionnaire] Saving questionnaire succeeded. Filename: client100prod_1525443315-1526575714597-97bea7fb-5305-4d13-b0b0-33f16c3349bf.
2018-05-24 11:27:26.384 | I | -[AINeuralNetworkConfigManager fileDownloadedWithUrl:succeeded:] | [line:261] | [MESSAGE] [DNN] Downloading neural network config succeeded.
2018-05-24 11:27:29.129 | I | getQuestionnaire(questionnaireID:) | [line:128] | [MESSAGE] [API Gateway] Getting questionnaire succeeded. Questionnaire ID: client100prod_1525443315-1525890381362-df4f967d-1af6-4b6d-b7e0-9514bd4e58d4. Name: VST and ANSA Day 1.
2018-05-24 11:27:29.238 | I | saveQuestionnaireToFile(questionnaire:) | [line:234] | [MESSAGE] [Questionnaire] Saving questionnaire succeeded. Filename: client100prod_1525443315-1525890381362-df4f967d-1af6-4b6d-b7e0-9514bd4e58d4.
2018-05-24 11:27:29.322 | I | getQuestionnaire(questionnaireID:) | [line:128] | [MESSAGE] [API Gateway] Getting questionnaire succeeded. Questionnaire ID: client100prod_1525443315-1526411416794-c045df71-1d1b-4346-a3c5-4d3ff4b356f3. Name: VST and ANSA Day 14.
2018-05-24 11:27:29.423 | I | saveQuestionnaireToFile(questionnaire:) | [line:234] | [MESSAGE] [Questionnaire] Saving questionnaire succeeded. Filename: client100prod_1525443315-1526411416794-c045df71-1d1b-4346-a3c5-4d3ff4b356f3.
2018-05-24 11:27:31.352 | I | -[AINeuralNetworkConfigManager fileDownloadedWithUrl:succeeded:] | [line:266] | [MESSAGE] [DNN] Downloading neural network model succeeded. Filename: pih-generic-20180508.mlmodel.
2018-05-24 11:27:33.260 | I | -[AINeuralNetworkConfigManager fileDownloadedWithUrl:succeeded:] | [line:266] | [MESSAGE] [DNN] Downloading neural network model succeeded. Filename: MC_MN05_resplit.mlmodel.
2018-05-24 11:27:33.271 | I | -[AINeuralNetworkConfigManager fileDownloadedWithUrl:succeeded:] | [line:272] | [MESSAGE] [DNN] Model is updated on 2018-05-24 11:27:33
2018-05-24 11:27:33.283 | I | -[LoginVC handleRelinkSuccess] | [line:334] | [MESSAGE] relink success
2018-05-24 11:27:33.469 | I | -[TransmissionProtocol update:task_name:] | [line:65] | [MESSAGE] push_token_registration 9999
2018-05-24 11:27:35.398 | D | -[AiViewSwitch startApp] | [line:156] | [MESSAGE] StartApp in AiViewSwitch
2018-05-24 11:27:35.400 | I | +[AIUtil checkPermission] | [line:1132] | [MESSAGE] camera access / mic access Authorized
2018-05-24 11:27:35.621 | I | -[AiView viewDidLoad] | [line:68] | [MESSAGE] AiView view did load
