2018-05-22 11:13:41.891 | I | -[AppDelegate applicationWillEnterForeground:] | [line:227] | [MESSAGE] application will enter foreground
2018-05-22 11:13:41.946 | I | -[AppDelegate logMataData] | [line:164] | [MESSAGE] trial ID client100prod_1525443315
2018-05-22 11:13:41.957 | I | -[AppDelegate logMataData] | [line:165] | [MESSAGE] trial name 100prod
2018-05-22 11:13:41.959 | I | -[UIDeviceHardware platformString] | [line:30] | [MESSAGE] apple device internal version code iPhone7,1
2018-05-22 11:13:41.959 | I | -[AppDelegate logMataData] | [line:166] | [MESSAGE] Device Hardware iPhone 6 PLUS
2018-05-22 11:13:41.960 | I | -[AppDelegate logMataData] | [line:167] | [MESSAGE] OS Version 11.3.1
2018-05-22 11:13:41.960 | I | -[AppDelegate logMataData] | [line:168] | [MESSAGE] AiView build version 2018.3
2018-05-22 11:13:41.960 | I | -[AppDelegate logMataData] | [line:169] | [MESSAGE] device language zh-Hans-US
2018-05-22 11:13:41.967 | I | -[AppDelegate logMataData] | [line:170] | [MESSAGE] device UUID 529B4B2C-9353-4CA6-9D7E-E8809F72FDA5
2018-05-22 11:13:41.970 | I | -[AppDelegate logMataData] | [line:173] | [MESSAGE] Patient ID 000000z001
2018-05-22 11:13:41.973 | I | +[AIUtil hasInternetConnection] | [line:683] | [MESSAGE] has internet connnection = 1
2018-05-22 11:13:42.857 | D | -[AiViewSwitch startApp] | [line:156] | [MESSAGE] StartApp in AiViewSwitch
2018-05-22 11:13:42.869 | I | +[AIUtil checkPermission] | [line:1132] | [MESSAGE] camera access / mic access Authorized
2018-05-22 11:13:43.048 | I | -[AiView viewDidLoad] | [line:68] | [MESSAGE] AiView view did load
2018-05-22 11:13:44.214 | I | -[MedProtocolController getNexMedFromUser:dateTime:loadData:context:] | [line:144] | [MESSAGE] currentDoseDone: 0
2018-05-22 11:13:44.214 | I | -[AiView defineProcess:currentTime:context:] | [line:157] | [MESSAGE] allMedsWithinDoseNotFinished 0
2018-05-22 11:13:44.426 | I | -[MedicationConfirmVC viewDidLoad] | [line:45] | [MESSAGE] MedicationConfirmVC view did load
2018-05-22 11:13:45.293 | I | -[FlexibleAudioPlayerController playAudioWithName:] | [line:80] | [MESSAGE] playAudioWithName conclusion_11
2018-05-22 11:13:45.293 | I | -[AudioPlayer playAudioName:] | [line:38] | [MESSAGE] play audio name conclusion_11
2018-05-22 11:13:47.676 | I | -[AINeuralNetworkConfigManager fileDownloadedWithUrl:succeeded:] | [line:256] | [MESSAGE] Neural network config download succeeded.
2018-05-22 11:13:50.176 | I | -[DigitalClockVC viewDidLoad] | [line:138] | [MESSAGE] DigitalClockVC view did load
2018-05-22 11:13:50.246 | I | -[Transmission sendAll] | [line:80] | [MESSAGE] Transmission send all
2018-05-22 11:13:50.251 | I | -[Transmission sendAll] | [line:115] | [MESSAGE] Encrypting files
2018-05-22 11:13:50.457 | I | -[DigitalClockVC constructNextActionSchedulesAndQuestionnairesIfPossible] | [line:806] | [MESSAGE] constructNextActionSchedulesAndQuestionnairesIfPossible
2018-05-22 11:13:50.773 | I | -[DigitalClockVC constructNextActionSchedulesAndQuestionnairesIfPossible] | [line:836] | [MESSAGE] Questionnaire ID [client100prod_1525443315-1526302685591-aedaa579-2f3e-4474-82e1-81e132adf92c] not found in active schedule ID [client100prod_1525443315_3-1526411430640-05d120b5-6a65-4851-8536-f9a125ee3bad]
2018-05-22 11:13:50.783 | I | -[DigitalClockVC constructNextActionSchedulesAndQuestionnairesIfPossible] | [line:836] | [MESSAGE] Questionnaire ID [client100prod_1525443315-1526322583899-20e945c4-c614-4eb1-b960-8f8eb49a55c3] not found in active schedule ID [client100prod_1525443315_3-1526411431122-568f4589-0ae1-44a0-be41-ca03de5deb12]
2018-05-22 11:13:50.783 | I | -[DigitalClockVC showScreenBasedOnStatus] | [line:358] | [MESSAGE] show screen based on status
2018-05-22 11:13:50.784 | I | -[DigitalClockVC displayReminderView] | [line:515] | [MESSAGE] displayReminderView
2018-05-22 11:13:50.784 | I | -[DigitalClockVC showDigitalClockNormal] | [line:580] | [MESSAGE] showDigitalClockNormal
2018-05-22 11:13:50.950 | I | -[DigitalClockVC displayReminderView] | [line:515] | [MESSAGE] displayReminderView
2018-05-22 11:13:50.952 | I | -[DigitalClockVC showDigitalClockNormal] | [line:580] | [MESSAGE] showDigitalClockNormal
2018-05-22 11:13:50.995 | I | -[DigitalClockVC startPKVisitQuestionIfNecessary] | [line:721] | [MESSAGE] startPKVisitQuestionIfNecessary
2018-05-22 11:13:51.228 | I | -[Transmission update:task_name:] | [line:246] | [MESSAGE] Task id done: 1
2018-05-22 11:13:51.232 | I | -[DigitalClockVC showScreenBasedOnStatus] | [line:358] | [MESSAGE] show screen based on status
2018-05-22 11:13:51.232 | I | -[DigitalClockVC displayReminderView] | [line:515] | [MESSAGE] displayReminderView
2018-05-22 11:13:51.232 | I | -[DigitalClockVC showDigitalClockNormal] | [line:580] | [MESSAGE] showDigitalClockNormal
2018-05-22 11:13:51.388 | I | -[DigitalClockVC displayReminderView] | [line:515] | [MESSAGE] displayReminderView
2018-05-22 11:13:51.388 | I | -[DigitalClockVC showDigitalClockNormal] | [line:580] | [MESSAGE] showDigitalClockNormal
2018-05-22 11:13:51.429 | I | -[DigitalClockVC startPKVisitQuestionIfNecessary] | [line:721] | [MESSAGE] startPKVisitQuestionIfNecessary
2018-05-22 11:13:51.454 | I | -[Transmission update:task_name:] | [line:246] | [MESSAGE] Task id done: 2
2018-05-22 11:13:51.569 | I | -[Transmission update:task_name:] | [line:246] | [MESSAGE] Task id done: 3
2018-05-22 11:13:51.720 | I | -[Transmission update:task_name:] | [line:246] | [MESSAGE] Task id done: 4
2018-05-22 11:13:51.855 | I | -[Transmission update:task_name:] | [line:246] | [MESSAGE] Task id done: 5
2018-05-22 11:13:51.995 | I | -[Transmission update:task_name:] | [line:246] | [MESSAGE] Task id done: 6
