2018-05-21 20:32:48.040 | I | -[AppDelegate application:didFinishLaunchingWithOptions:] | [line:186] | [MESSAGE] application Did Finish Launching
2018-05-21 20:32:48.044 | I | -[AppDelegate logMataData] | [line:164] | [MESSAGE] trial ID client100prod_1525443315
2018-05-21 20:32:48.044 | I | -[AppDelegate logMataData] | [line:165] | [MESSAGE] trial name pro
2018-05-21 20:32:48.044 | I | -[UIDeviceHardware platformString] | [line:30] | [MESSAGE] apple device internal version code iPhone10,6
2018-05-21 20:32:48.044 | I | -[AppDelegate logMataData] | [line:166] | [MESSAGE] Device Hardware iPhone X
2018-05-21 20:32:48.044 | I | -[AppDelegate logMataData] | [line:167] | [MESSAGE] OS Version 11.3.1
2018-05-21 20:32:48.044 | I | -[AppDelegate logMataData] | [line:168] | [MESSAGE] AiView build version 2018.3
2018-05-21 20:32:48.044 | I | -[AppDelegate logMataData] | [line:169] | [MESSAGE] device language en-US
2018-05-21 20:32:48.045 | I | -[AppDelegate logMataData] | [line:170] | [MESSAGE] device UUID AB9C45CA-0FA0-4EB1-A72B-EA3724BD1329
2018-05-21 20:32:48.045 | I | -[AppDelegate logMataData] | [line:173] | [MESSAGE] Patient ID (null)
2018-05-21 20:32:48.046 | I | +[AIUtil hasInternetConnection] | [line:683] | [MESSAGE] has internet connnection = 1
2018-05-21 20:32:48.071 | I | -[AppDelegate application:didRegisterForRemoteNotificationsWithDeviceToken:] | [line:437] | [MESSAGE] Succeded to get APNS token data: <e0fbe0c1 85c85989 42b9a2e8 c64020c9 5b24b722 42c5989e aad1b03b 4d7ad70a>
2018-05-21 20:32:48.071 | I | -[AppDelegate application:didRegisterForRemoteNotificationsWithDeviceToken:] | [line:443] | [MESSAGE] deviceToken:  e0fbe0c185c8598942b9a2e8c64020c95b24b72242c5989eaad1b03b4d7ad70a
2018-05-21 20:32:48.660 | D | -[AiViewSwitch startApp] | [line:156] | [MESSAGE] StartApp in AiViewSwitch
2018-05-21 20:32:48.708 | I | +[AIUtil checkPermission] | [line:1132] | [MESSAGE] camera access / mic access Authorized
2018-05-21 20:32:48.924 | I | -[AiView viewDidLoad] | [line:68] | [MESSAGE] AiView view did load
2018-05-21 20:32:49.102 | E | -[Transmission update:task_name:] | [line:239] | [MESSAGE] Task Dose_miss_time_report failed
2018-05-21 20:32:50.099 | I | -[MedProtocolController getNexMedFromUser:dateTime:loadData:context:] | [line:144] | [MESSAGE] currentDoseDone: 0
2018-05-21 20:32:50.099 | I | -[AiView defineProcess:currentTime:context:] | [line:157] | [MESSAGE] allMedsWithinDoseNotFinished 0
2018-05-21 20:32:50.190 | I | -[MedicationConfirmVC viewDidLoad] | [line:45] | [MESSAGE] MedicationConfirmVC view did load
2018-05-21 20:32:51.866 | I | -[FlexibleAudioPlayerController playAudioWithName:] | [line:80] | [MESSAGE] playAudioWithName conclusion_11
2018-05-21 20:32:51.867 | I | -[AudioPlayer playAudioName:] | [line:38] | [MESSAGE] play audio name conclusion_11
2018-05-21 20:32:52.192 | I | -[AINeuralNetworkConfigManager fileDownloadedWithUrl:succeeded:] | [line:256] | [MESSAGE] Neural network config download succeeded.
2018-05-21 20:32:56.218 | I | -[DigitalClockVC viewDidLoad] | [line:138] | [MESSAGE] DigitalClockVC view did load
2018-05-21 20:32:56.401 | I | -[Transmission sendAll] | [line:80] | [MESSAGE] Transmission send all
2018-05-21 20:32:56.405 | I | -[Transmission sendAll] | [line:115] | [MESSAGE] Encrypting files
2018-05-21 20:32:56.532 | I | -[DigitalClockVC constructNextActionSchedulesAndQuestionnairesIfPossible] | [line:806] | [MESSAGE] constructNextActionSchedulesAndQuestionnairesIfPossible
2018-05-21 20:32:56.810 | I | -[DigitalClockVC showScreenBasedOnStatus] | [line:358] | [MESSAGE] show screen based on status
2018-05-21 20:32:56.810 | I | -[DigitalClockVC displayReminderView] | [line:515] | [MESSAGE] displayReminderView
2018-05-21 20:32:56.810 | I | -[DigitalClockVC showDigitalClockNormal] | [line:580] | [MESSAGE] showDigitalClockNormal
2018-05-21 20:32:57.018 | I | -[DigitalClockVC displayReminderView] | [line:515] | [MESSAGE] displayReminderView
2018-05-21 20:32:57.018 | I | -[DigitalClockVC showDigitalClockNormal] | [line:580] | [MESSAGE] showDigitalClockNormal
2018-05-21 20:32:57.078 | I | -[DigitalClockVC startPKVisitQuestionIfNecessary] | [line:721] | [MESSAGE] startPKVisitQuestionIfNecessary
2018-05-21 20:32:57.505 | I | -[Transmission update:task_name:] | [line:246] | [MESSAGE] Task id done: 1
2018-05-21 20:32:57.507 | I | -[DigitalClockVC showScreenBasedOnStatus] | [line:358] | [MESSAGE] show screen based on status
2018-05-21 20:32:57.507 | I | -[DigitalClockVC displayReminderView] | [line:515] | [MESSAGE] displayReminderView
2018-05-21 20:32:57.507 | I | -[DigitalClockVC showDigitalClockNormal] | [line:580] | [MESSAGE] showDigitalClockNormal
2018-05-21 20:32:57.713 | I | -[DigitalClockVC displayReminderView] | [line:515] | [MESSAGE] displayReminderView
2018-05-21 20:32:57.713 | I | -[DigitalClockVC showDigitalClockNormal] | [line:580] | [MESSAGE] showDigitalClockNormal
2018-05-21 20:32:57.772 | I | -[DigitalClockVC startPKVisitQuestionIfNecessary] | [line:721] | [MESSAGE] startPKVisitQuestionIfNecessary
2018-05-21 20:32:57.811 | I | -[Transmission update:task_name:] | [line:246] | [MESSAGE] Task id done: 2
2018-05-21 20:32:57.915 | I | -[Transmission update:task_name:] | [line:246] | [MESSAGE] Task id done: 3
2018-05-21 20:32:58.065 | I | -[Transmission update:task_name:] | [line:246] | [MESSAGE] Task id done: 4
2018-05-21 20:32:58.193 | I | -[Transmission update:task_name:] | [line:246] | [MESSAGE] Task id done: 5
2018-05-21 20:32:58.326 | I | -[Transmission update:task_name:] | [line:246] | [MESSAGE] Task id done: 6
2018-05-21 20:32:58.460 | E | -[Transmission update:task_name:] | [line:239] | [MESSAGE] Task Dose_miss_time_report failed
2018-05-21 20:32:59.941 | I | -[AINeuralNetworkConfigManager fileDownloadedWithUrl:succeeded:] | [line:256] | [MESSAGE] Neural network config download succeeded.
2018-05-21 20:33:00.191 | I | -[DigitalClockVC constructNextActionSchedulesAndQuestionnairesIfPossible] | [line:806] | [MESSAGE] constructNextActionSchedulesAndQuestionnairesIfPossible
2018-05-21 20:33:00.458 | I | -[DigitalClockVC showScreenBasedOnStatus] | [line:358] | [MESSAGE] show screen based on status
2018-05-21 20:33:00.459 | I | -[DigitalClockVC displayReminderView] | [line:515] | [MESSAGE] displayReminderView
2018-05-21 20:33:00.459 | I | -[DigitalClockVC showDigitalClockNormal] | [line:580] | [MESSAGE] showDigitalClockNormal
2018-05-21 20:33:00.670 | I | -[DigitalClockVC displayReminderView] | [line:515] | [MESSAGE] displayReminderView
2018-05-21 20:33:00.671 | I | -[DigitalClockVC showDigitalClockNormal] | [line:580] | [MESSAGE] showDigitalClockNormal
2018-05-21 20:33:00.732 | I | -[DigitalClockVC startPKVisitQuestionIfNecessary] | [line:721] | [MESSAGE] startPKVisitQuestionIfNecessary
2018-05-21 20:33:01.542 | I | -[DigitalClockVC constructNextActionSchedulesAndQuestionnairesIfPossible] | [line:806] | [MESSAGE] constructNextActionSchedulesAndQuestionnairesIfPossible
2018-05-21 20:33:01.814 | I | -[DigitalClockVC showScreenBasedOnStatus] | [line:358] | [MESSAGE] show screen based on status
2018-05-21 20:33:01.814 | I | -[DigitalClockVC displayReminderView] | [line:515] | [MESSAGE] displayReminderView
2018-05-21 20:33:01.815 | I | -[DigitalClockVC showDigitalClockNormal] | [line:580] | [MESSAGE] showDigitalClockNormal
2018-05-21 20:33:02.019 | I | -[DigitalClockVC displayReminderView] | [line:515] | [MESSAGE] displayReminderView
2018-05-21 20:33:02.019 | I | -[DigitalClockVC showDigitalClockNormal] | [line:580] | [MESSAGE] showDigitalClockNormal
2018-05-21 20:33:02.077 | I | -[DigitalClockVC startPKVisitQuestionIfNecessary] | [line:721] | [MESSAGE] startPKVisitQuestionIfNecessary
