2018-05-20 20:15:28.195 | I | -[DigitalClockVC constructNextActionSchedulesAndQuestionnairesIfPossible] | [line:806] | [MESSAGE] constructNextActionSchedulesAndQuestionnairesIfPossible
2018-05-20 20:15:28.230 | I | -[DigitalClockVC showScreenBasedOnStatus] | [line:358] | [MESSAGE] show screen based on status
2018-05-20 20:15:28.230 | I | -[DigitalClockVC displayReminderView] | [line:515] | [MESSAGE] displayReminderView
2018-05-20 20:15:28.230 | I | -[DigitalClockVC showDigitalClockNormal] | [line:580] | [MESSAGE] showDigitalClockNormal
2018-05-20 20:15:28.266 | I | -[DigitalClockVC displayReminderView] | [line:515] | [MESSAGE] displayReminderView
2018-05-20 20:15:28.266 | I | -[DigitalClockVC showDigitalClockNormal] | [line:580] | [MESSAGE] showDigitalClockNormal
2018-05-20 20:15:28.275 | I | -[DigitalClockVC startPKVisitQuestionIfNecessary] | [line:721] | [MESSAGE] startPKVisitQuestionIfNecessary
2018-05-20 20:15:28.642 | I | -[DigitalClockVC constructNextActionSchedulesAndQuestionnairesIfPossible] | [line:806] | [MESSAGE] constructNextActionSchedulesAndQuestionnairesIfPossible
2018-05-20 20:15:28.670 | I | -[DigitalClockVC showScreenBasedOnStatus] | [line:358] | [MESSAGE] show screen based on status
2018-05-20 20:15:28.670 | I | -[DigitalClockVC displayReminderView] | [line:515] | [MESSAGE] displayReminderView
2018-05-20 20:15:28.670 | I | -[DigitalClockVC showDigitalClockNormal] | [line:580] | [MESSAGE] showDigitalClockNormal
2018-05-20 20:15:28.702 | I | -[DigitalClockVC displayReminderView] | [line:515] | [MESSAGE] displayReminderView
2018-05-20 20:15:28.702 | I | -[DigitalClockVC showDigitalClockNormal] | [line:580] | [MESSAGE] showDigitalClockNormal
2018-05-20 20:15:28.710 | I | -[DigitalClockVC startPKVisitQuestionIfNecessary] | [line:721] | [MESSAGE] startPKVisitQuestionIfNecessary
2018-05-20 20:15:30.083 | I | -[QuestionPageVC viewDidLoad] | [line:250] | [MESSAGE] Question page view did load. title: AiCure, class: AIQuestionPageTextInstructionViewController, answ2018-02018-05-20 20:15:30.083 | I | -[QuestionPageVC viewDidLoad] | [line:258] | [MESSAGE] Background recording is on.
2018-05-20 20:15:30.084 | I | -[QuestionPageVC viewDidLoad] | [line:250] | [MESSAGE] Question page view did load. title: AiCure, class: AIARViewController, reviewing
2018-05-20 20:15:30.084 | I | -[QuestionPageVC viewDidLoad] | [line:283] | [MESSAGE] Background recording is off.
2018-05-20 20:15:38.204 | I | -[QuestionPageVC viewDidLoad] | [line:250] | [MESSAGE] Question page view did load. title: AiCure, class: AIQuestionPageTextInstructionViewController, answ2018-02018-05-20 20:15:38.205 | I | -[QuestionPageVC viewDidLoad] | [line:258] | [MESSAGE] Background recording is on.
2018-05-20 20:15:38.206 | I | -[QuestionPageVC viewDidLoad] | [line:250] | [MESSAGE] Question page view did load. title: AiCure, class: AIARViewController, reviewing
2018-05-20 20:15:38.206 | I | -[QuestionPageVC viewDidLoad] | [line:283] | [MESSAGE] Background recording is off.
2018-05-20 20:15:55.385 | I | -[QuestionPageVC viewDidLoad] | [line:250] | [MESSAGE] Question page view did load. title: AiCure, class: AIQuestionPageTextInstructionViewController, answ2018-02018-05-20 20:15:55.385 | I | -[QuestionPageVC viewDidLoad] | [line:258] | [MESSAGE] Background recording is on.
2018-05-20 20:15:55.387 | I | -[QuestionPageVC viewDidLoad] | [line:250] | [MESSAGE] Question page view did load. title: AiCure, class: AIARViewController, reviewing
2018-05-20 20:15:55.387 | I | -[QuestionPageVC viewDidLoad] | [line:283] | [MESSAGE] Background recording is off.
2018-05-20 20:16:00.717 | I | -[QuestionPageVC viewDidLoad] | [line:250] | [MESSAGE] Question page view did load. title: AiCure, class: AIQuestionPageTextInstructionViewController, answ2018-02018-05-20 20:16:00.717 | I | -[QuestionPageVC viewDidLoad] | [line:258] | [MESSAGE] Background recording is on.
2018-05-20 20:16:00.718 | I | -[QuestionPageVC viewDidLoad] | [line:250] | [MESSAGE] Question page view did load. title: AiCure, class: AIARViewController, reviewing
2018-05-20 20:16:00.718 | I | -[QuestionPageVC viewDidLoad] | [line:283] | [MESSAGE] Background recording is off.
2018-05-20 20:16:06.290 | I | -[QuestionPageVC viewDidLoad] | [line:250] | [MESSAGE] Question page view did load. title: AiCure, class: AIQuestionPageTextInstructionViewController, answ2018-02018-05-20 20:16:06.290 | I | -[QuestionPageVC viewDidLoad] | [line:258] | [MESSAGE] Background recording is on.
2018-05-20 20:16:06.292 | I | -[QuestionPageVC viewDidLoad] | [line:250] | [MESSAGE] Question page view did load. title: AiCure, class: AIARViewController, reviewing
2018-05-20 20:16:06.292 | I | -[QuestionPageVC viewDidLoad] | [line:283] | [MESSAGE] Background recording is off.
2018-05-20 20:16:16.138 | I | -[QuestionPageVC viewDidLoad] | [line:250] | [MESSAGE] Question page view did load. title: AiCure, class: AIQuestionPageTextInstructionViewController, answ2018-02018-05-20 20:16:16.138 | I | -[QuestionPageVC viewDidLoad] | [line:258] | [MESSAGE] Background recording is on.
2018-05-20 20:16:16.140 | I | -[QuestionPageVC viewDidLoad] | [line:250] | [MESSAGE] Question page view did load. title: AiCure, class: AIARViewController, reviewing
2018-05-20 20:16:16.140 | I | -[QuestionPageVC viewDidLoad] | [line:283] | [MESSAGE] Background recording is off.
2018-05-20 20:16:18.767 | I | -[AIARViewController session:didFailWithError:] | [line:145] | [MESSAGE] ARKit session error. Required sensor failed.
2018-05-20 20:16:26.476 | I | -[QuestionPageVC viewDidLoad] | [line:250] | [MESSAGE] Question page view did load. title: AiCure, class: AIQuestionPageTextInstructionViewController, answ2018-02018-05-20 20:16:26.476 | I | -[QuestionPageVC viewDidLoad] | [line:258] | [MESSAGE] Background recording is on.
2018-05-20 20:16:26.478 | I | -[QuestionPageVC viewDidLoad] | [line:250] | [MESSAGE] Question page view did load. title: AiCure, class: AIARViewController, reviewing
2018-05-20 20:16:26.478 | I | -[QuestionPageVC viewDidLoad] | [line:283] | [MESSAGE] Background recording is off.
2018-05-20 20:16:35.364 | I | -[QuestionPageVC viewDidLoad] | [line:250] | [MESSAGE] Question page view did load. title: AiCure, class: AIQuestionPageTextInstructionViewController, answ2018-02018-05-20 20:16:35.364 | I | -[QuestionPageVC viewDidLoad] | [line:258] | [MESSAGE] Background recording is on.
2018-05-20 20:16:35.366 | I | -[QuestionPageVC viewDidLoad] | [line:250] | [MESSAGE] Question page view did load. title: AiCure, class: AIARViewController, reviewing
2018-05-20 20:16:35.366 | I | -[QuestionPageVC viewDidLoad] | [line:283] | [MESSAGE] Background recording is off.
2018-05-20 20:16:44.830 | I | -[QuestionPageVC viewDidLoad] | [line:250] | [MESSAGE] Question page view did load. title: AiCure, class: QuestionPageVideoVC, answering
2018-05-20 20:16:44.830 | I | -[QuestionPageVC viewDidLoad] | [line:258] | [MESSAGE] Background recording is on.
2018-05-20 20:16:44.832 | I | -[QuestionPageVC viewDidLoad] | [line:250] | [MESSAGE] Question page view did load. title: AiCure, class: AIARViewController, reviewing
2018-05-20 20:16:44.832 | I | -[QuestionPageVC viewDidLoad] | [line:283] | [MESSAGE] Background recording is off.
2018-05-20 20:16:48.939 | I | -[SpeechDetector activateDetection] | [line:68] | [MESSAGE] Speech Detector activate
2018-05-20 20:16:49.324 | I | -[SpeechDetector pocketsphinxDidDetectSpeech] | [line:148] | [MESSAGE] Speech Detector checkOverallBegin
2018-05-20 20:16:53.629 | I | -[AppDelegate applicationWillResignActive:] | [line:201] | [MESSAGE] application Will Resign Active
ine:148] | [MESSAGE] Speech Detector checkOverallBegin
2018-05-20 20:16:53.629 | I | -[AppDelegate applicationWillResignActive:] | [line:201] | [MESSAGE] application Will Resign Active
