2018-05-20 21:04:25.136 | I | -[DigitalClockVC viewDidLoad] | [line:138] | [MESSAGE] DigitalClockVC view did load
2018-05-20 21:04:25.168 | I | -[Transmission sendAll] | [line:80] | [MESSAGE] Transmission send all
2018-05-20 21:04:25.168 | I | -[Transmission sendAll] | [line:115] | [MESSAGE] Encrypting files
2018-05-20 21:04:25.198 | I | -[DigitalClockVC constructNextActionSchedulesAndQuestionnairesIfPossible] | [line:802018-05-20 21:04:25.198 | I | -[DigitalClockVC constructNextActionSched2018-05-20 21:04:25.223 | I | -[DigitalClockVC showScreenBasedOnStatus] | [line:358] | [MESSAGE] show screen based on status
2018-05-20 21:04:25.223 | I | -[DigitalClockVC displayReminderView] | [line:515] | [MESSAGE] displayReminderView
2018-05-20 21:04:25.223 | I | -[DigitalClockVC showDigitalClockNormal] | [line:580] | [MESSAGE] showDigitalClockNo2018-2018-05-20 21:04:25.255 | I | -[DigitalClockVC displayReminderView] | [line:515] | [MESSAGE] displayReminderView
2018-05-20 21:04:25.255 | I | -[DigitalClockVC showDigitalClockNormal] | [line:580] | [MESSAGE] showDigitalClockNormal
2018-05-20 21:04:25.265 | I | -[DigitalClockVC startPKVisitQuestionIfNecessary] | [line:721] | [MESSAGE] startPKVisitQuestionIfNecessary
2018-05-20 21:04:25.321 | I | -[DigitalClockVC showScreenBasedOnStatus] | [line:358] | [MESSAGE] show screen based2018-05-20 2018-05-20 21:04:25.321 | I | -[DigitalClockVC displayReminderView] | [line:515] | [MESSAGE] displayReminderView
2018-05-20 21:04:25.321 | I | -[DigitalClockVC showDigitalClockNormal] | [line:580] | [MESSAGE] showDigitalClockNormal
2018-05-20 21:04:25.348 | I | -[DigitalClockVC displayReminderView] | [line:515] | [MESSAGE] displayReminderView
2018-05-20 21:04:25.348 | I | -[DigitalClockVC showDigitalClockNormal] | [line:580] | [MESSAGE] showDigitalClockNo2018-2018-05-20 21:04:25.356 | I | -[DigitalClockVC startPKVisitQuestionIfNecessary] | [line:721] | [MESSAGE] startPKVisitQuestionIfNecessary
2018-05-20 21:04:25.363 | I | -[Transmission update:task_name:] | [line:246] | [MESSAGE] Task id done: 1
2018-05-20 21:04:25.503 | I | -[Transmission update:task_name:] | [line:246] | [MESSAGE] Task id done: 2
2018-05-20 21:04:25.634 | I | -[Transmission update:task_name:] | [line:246] | [MESSAGE] Task id done: 3
2018-05-20 21:04:25.764 | I | -[Transmission update:task_name:] | [line:246] | [MESSAGE] Task id done: 4
2018-05-20 21:04:25.913 | I | -[Transmission update:task_name:] | [line:246] | [MESSAGE] Task id done: 5
2018-05-20 21:04:26.061 | I | -[Transmission update:task_name:] | [line:246] | [MESSAGE] Task id done: 6
2018-05-20 21:04:26.197 | E | -[Transmission update:task_name:] | [line:239] | [MESSAGE] Task Dose_miss_time_repor2018-05-22018-05-20 21:04:26.815 | I | -[AINeuralNetworkConfigManager fileDownloadedWithUrl:succeeded:] | [line:249] | [MES2018-05-20 21:04:26.815 | I | -[AINeuralNetworkC2018-05-20 21:04:27.066 | I | -[DigitalClockVC constructNextActionSchedulesAndQuestionnairesIfPossible] | [line:806] | [MESSAGE] constructNextActionSchedulesAndQuestionnairesIfPossible
2018-05-20 21:04:27.110 | I | -[DigitalClockVC showScreenBasedOnStatus] | [line:358] | [MESSAGE] show screen based2018-05-20 2018-05-20 21:04:27.110 | I | -[DigitalClockVC displayReminderView] | [line:515] | [MESSAGE] displayReminderView
2018-05-20 21:04:27.110 | I | -[DigitalClockVC showDigitalClockNormal] | [line:580] | [MESSAGE] showDigitalClockNo2018-2018-05-20 21:04:27.139 | I | -[DigitalClockVC displayReminderView] | [line:515] | [MESSAGE] displayReminderView
2018-05-20 21:04:27.139 | I | -[DigitalClockVC showDigitalClockNormal] | [line:580] | [MESSAGE] showDigitalClockNo2018-2018-05-20 21:04:27.150 | I | -[DigitalClockVC startPKVisitQuestionIfNecessary] | [line:721] | [MESSAGE] startPKVi2018-05-20 21:04:27.1502018-05-20 21:04:27.424 | I | -[DigitalClockVC constructNextActionSchedulesAndQuestionnairesIfPossible] | [line:802018-05-20 21:04:27.424 | I | -[DigitalClockVC constructNextActionSched2018-05-20 21:04:27.453 | I | -[DigitalClockVC showScreenBasedOnStatus] | [line:358] | [MESSAGE] show screen based2018-05-20 2018-05-20 21:04:27.453 | I | -[DigitalClockVC displayReminderView] | [line:515] | [MESSAGE] displayReminderView
2018-05-20 21:04:27.453 | I | -[DigitalClockVC showDigitalClockNormal] | [line:580] | [MESSAGE] showDigitalClockNo2018-2018-05-20 21:04:27.486 | I | -[DigitalClockVC displayReminderView] | [line:515] | [MESSAGE] displayReminderView
2018-05-20 21:04:27.486 | I | -[DigitalClockVC showDigitalClockNormal] | [line:580] | [MESSAGE] showDigitalClockNormal
2018-05-20 21:04:27.497 | I | -[DigitalClockVC startPKVisitQuestionIfNecessary] | [line:721] | [MESSAGE] startPKVisitQuestionIfNecessary
2018-05-20 21:04:43.990 | I | -[AppDelegate applicationWillResignActive:] | [line:201] | [MESSAGE] application Wil2018-05-20 21:04:43.990 | I | -[AppDelegate applicationWillResignActive:] | [line:201] | [MESSAGE] application Wil2018-05-20 21:04:43.990 | I | -[AppDelegate applicationWillResignActive:] | [line:201] | [MESSAGE] application Will Resign Active
